# Time-averaged data for fix mscdwrite
# TimeStep Number-of-rows
# Row c_mscd
10 4
1 0.000853796
2 0.000793403
3 0.00073692
4 0.00238412
20 4
1 0.00819653
2 0.00760693
3 0.00713483
4 0.0229383
30 4
1 0.0173808
2 0.0174733
3 0.0167652
4 0.0516194
40 4
1 0.0248634
2 0.026058
3 0.0261858
4 0.0771072
50 4
1 0.0311597
2 0.0324388
3 0.0343643
4 0.0979628
60 4
1 0.0360342
2 0.0384174
3 0.0402612
4 0.114713
70 4
1 0.0403604
2 0.045797
3 0.0450997
4 0.131257
80 4
1 0.0441543
2 0.0520375
3 0.0500339
4 0.146226
90 4
1 0.0471525
2 0.0550637
3 0.0552573
4 0.157474
100 4
1 0.0491919
2 0.0559782
3 0.0575791
4 0.162749
110 4
1 0.0516822
2 0.0556456
3 0.0566203
4 0.163948
120 4
1 0.05456
2 0.0572609
3 0.0565388
4 0.16836
130 4
1 0.0585687
2 0.0593618
3 0.0580586
4 0.175989
140 4
1 0.0637995
2 0.0605368
3 0.0599525
4 0.184289
150 4
1 0.0683826
2 0.0618199
3 0.0622758
4 0.192478
160 4
1 0.0728317
2 0.0648856
3 0.0653689
4 0.203086
170 4
1 0.0765549
2 0.0676591
3 0.0685824
4 0.212796
180 4
1 0.0797614
2 0.0669093
3 0.071547
4 0.218218
190 4
1 0.0818729
2 0.0643369
3 0.0737654
4 0.219975
200 4
1 0.0817153
2 0.0629535
3 0.0746498
4 0.219319
210 4
1 0.0805058
2 0.0630882
3 0.0761009
4 0.219695
220 4
1 0.077977
2 0.0643985
3 0.0772502
4 0.219626
230 4
1 0.0749818
2 0.0675197
3 0.0777144
4 0.220216
240 4
1 0.0718238
2 0.0708381
3 0.077611
4 0.220273
250 4
1 0.0687815
2 0.0724047
3 0.0778453
4 0.219031
260 4
1 0.0691588
2 0.0724352
3 0.0787747
4 0.220369
270 4
1 0.0723315
2 0.0723772
3 0.0798451
4 0.224554
280 4
1 0.0751231
2 0.0723272
3 0.0804899
4 0.22794
290 4
1 0.0748386
2 0.0722463
3 0.0816941
4 0.228779
300 4
1 0.0726623
2 0.0727088
3 0.0834331
4 0.228804
310 4
1 0.071107
2 0.0729777
3 0.0836414
4 0.227726
320 4
1 0.0729761
2 0.073484
3 0.0818701
4 0.22833
330 4
1 0.0743315
2 0.0734776
3 0.0797156
4 0.227525
340 4
1 0.0736544
2 0.0736335
3 0.0783096
4 0.225598
350 4
1 0.0734137
2 0.0743984
3 0.0767427
4 0.224555
360 4
1 0.0745118
2 0.0748194
3 0.0762957
4 0.225627
370 4
1 0.0748447
2 0.0762224
3 0.077747
4 0.228814
380 4
1 0.0730992
2 0.078188
3 0.0784318
4 0.229719
390 4
1 0.0719268
2 0.0800876
3 0.0763625
4 0.228377
400 4
1 0.0719225
2 0.0810501
3 0.0753912
4 0.228364
410 4
1 0.0731063
2 0.0809183
3 0.0773172
4 0.231342
420 4
1 0.0756964
2 0.0828133
3 0.0792107
4 0.23772
430 4
1 0.0791775
2 0.0855525
3 0.0799156
4 0.244646
440 4
1 0.0840904
2 0.0863481
3 0.080086
4 0.250524
450 4
1 0.0887033
2 0.086405
3 0.0800796
4 0.255188
460 4
1 0.0901623
2 0.0877288
3 0.0804265
4 0.258318
470 4
1 0.0883695
2 0.0891553
3 0.081342
4 0.258867
480 4
1 0.0853835
2 0.0911925
3 0.0819523
4 0.258528
490 4
1 0.0827461
2 0.0951576
3 0.081664
4 0.259568
500 4
1 0.0809732
2 0.0971893
3 0.0812745
4 0.259437
510 4
1 0.0803024
2 0.0965773
3 0.0824582
4 0.259338
520 4
1 0.081045
2 0.0956298
3 0.0826923
4 0.259367
530 4
1 0.0821456
2 0.0953271
3 0.0815378
4 0.259011
540 4
1 0.0827001
2 0.094249
3 0.0820257
4 0.258975
550 4
1 0.0820748
2 0.0907734
3 0.0841081
4 0.256956
560 4
1 0.0795993
2 0.0872356
3 0.0874473
4 0.254282
570 4
1 0.0768151
2 0.0861953
3 0.0906587
4 0.253669
580 4
1 0.0754003
2 0.0871322
3 0.0912518
4 0.253784
590 4
1 0.0759971
2 0.0884029
3 0.0898227
4 0.254223
600 4
1 0.0776065
2 0.0883656
3 0.0905357
4 0.256508
610 4
1 0.0799178
2 0.0875444
3 0.0930303
4 0.260493
620 4
1 0.0826396
2 0.0860317
3 0.0938207
4 0.262492
630 4
1 0.0856746
2 0.0852952
3 0.0939367
4 0.264907
640 4
1 0.0871142
2 0.0855669
3 0.0941302
4 0.266811
650 4
1 0.0879362
2 0.086602
3 0.0955417
4 0.27008
660 4
1 0.0888167
2 0.0897684
3 0.0984654
4 0.27705
670 4
1 0.090049
2 0.094947
3 0.101882
4 0.286878
680 4
1 0.0921742
2 0.0982064
3 0.106103
4 0.296483
690 4
1 0.0952191
2 0.0973409
3 0.108611
4 0.301171
700 4
1 0.0993279
2 0.0945482
3 0.108486
4 0.302362
710 4
1 0.102035
2 0.0925892
3 0.107957
4 0.302581
720 4
1 0.101594
2 0.0920152
3 0.107112
4 0.300721
730 4
1 0.100531
2 0.094441
3 0.106228
4 0.3012
740 4
1 0.102266
2 0.0994853
3 0.105855
4 0.307606
750 4
1 0.107171
2 0.104473
3 0.104412
4 0.316055
760 4
1 0.112185
2 0.107947
3 0.10258
4 0.322712
770 4
1 0.112675
2 0.10982
3 0.101345
4 0.32384
780 4
1 0.108144
2 0.111679
3 0.100704
4 0.320527
790 4
1 0.104467
2 0.112292
3 0.100222
4 0.316981
800 4
1 0.103252
2 0.110604
3 0.098835
4 0.312691
810 4
1 0.103067
2 0.107609
3 0.0959236
4 0.3066
820 4
1 0.101732
2 0.104744
3 0.0940496
4 0.300525
830 4
1 0.100354
2 0.103215
3 0.0954261
4 0.298995
840 4
1 0.0998404
2 0.10303
3 0.0963387
4 0.299209
850 4
1 0.0979319
2 0.101435
3 0.095516
4 0.294882
860 4
1 0.0940668
2 0.0996187
3 0.096009
4 0.289694
870 4
1 0.0897588
2 0.0987537
3 0.096263
4 0.284775
880 4
1 0.0866112
2 0.0984961
3 0.0956567
4 0.280764
890 4
1 0.0843032
2 0.0983211
3 0.0953212
4 0.277945
900 4
1 0.0825546
2 0.097599
3 0.0971
4 0.277254
910 4
1 0.0827218
2 0.0973161
3 0.100862
4 0.2809
920 4
1 0.085781
2 0.0980377
3 0.103531
4 0.287349
930 4
1 0.0911042
2 0.0986254
3 0.105187
4 0.294917
940 4
1 0.096462
2 0.098973
3 0.106246
4 0.301681
950 4
1 0.0998551
2 0.0992728
3 0.107127
4 0.306255
960 4
1 0.10063
2 0.0985678
3 0.108962
4 0.308159
970 4
1 0.0998069
2 0.0981696
3 0.111605
4 0.309582
980 4
1 0.0975059
2 0.0991343
3 0.11319
4 0.30983
990 4
1 0.0947276
2 0.100244
3 0.111762
4 0.306733
1000 4
1 0.0949045
2 0.100946
3 0.10648
4 0.302331
1010 4
1 0.0959511
2 0.100651
3 0.101569
4 0.298172
1020 4
1 0.0948416
2 0.0994384
3 0.0987032
4 0.292983
1030 4
1 0.0910174
2 0.0969754
3 0.0967336
4 0.284726
1040 4
1 0.0878804
2 0.0947039
3 0.0948378
4 0.277422
1050 4
1 0.0863622
2 0.093494
3 0.092912
4 0.272768
1060 4
1 0.08439
2 0.0934867
3 0.0911531
4 0.26903
1070 4
1 0.0814755
2 0.0931771
3 0.0900524
4 0.264705
1080 4
1 0.0789917
2 0.0920112
3 0.0894745
4 0.260477
1090 4
1 0.0760084
2 0.0900741
3 0.0868744
4 0.252957
1100 4
1 0.0736042
2 0.0890799
3 0.0844898
4 0.247174
1110 4
1 0.0733684
2 0.0890824
3 0.0838386
4 0.246289
1120 4
1 0.0750653
2 0.0894799
3 0.0837473
4 0.248293
1130 4
1 0.0784128
2 0.0899239
3 0.0845597
4 0.252896
1140 4
1 0.0825721
2 0.091218
3 0.0860681
4 0.259858
1150 4
1 0.086558
2 0.0929702
3 0.0872915
4 0.26682
1160 4
1 0.0885675
2 0.0949724
3 0.0872306
4 0.27077
1170 4
1 0.0882391
2 0.0971455
3 0.0870271
4 0.272412
1180 4
1 0.086774
2 0.0970668
3 0.0877748
4 0.271616
1190 4
1 0.0849028
2 0.0945844
3 0.0892909
4 0.268778
1200 4
1 0.0831019
2 0.0927571
3 0.0894349
4 0.265294
1210 4
1 0.0811743
2 0.0909253
3 0.0885442
4 0.260644
1220 4
1 0.0794963
2 0.0896688
3 0.0885341
4 0.257699
1230 4
1 0.0784806
2 0.0906845
3 0.0888482
4 0.258013
1240 4
1 0.077975
2 0.0917356
3 0.0874951
4 0.257206
1250 4
1 0.0771444
2 0.0908555
3 0.0862205
4 0.25422
1260 4
1 0.0764479
2 0.0896119
3 0.0854142
4 0.251474
1270 4
1 0.0760053
2 0.0893934
3 0.0825311
4 0.24793
1280 4
1 0.0748626
2 0.0905756
3 0.0799627
4 0.245401
1290 4
1 0.0751151
2 0.0901692
3 0.0799961
4 0.24528
1300 4
1 0.0769501
2 0.0873912
3 0.0807645
4 0.245106
1310 4
1 0.0773496
2 0.085455
3 0.0813181
4 0.244123
1320 4
1 0.0758102
2 0.086057
3 0.0815863
4 0.243453
1330 4
1 0.0750126
2 0.0861907
3 0.0819016
4 0.243105
1340 4
1 0.0758402
2 0.0854525
3 0.0822158
4 0.243509
1350 4
1 0.0761184
2 0.085595
3 0.0815496
4 0.243263
1360 4
1 0.0751881
2 0.0879712
3 0.080109
4 0.243268
1370 4
1 0.074031
2 0.09141
3 0.0793639
4 0.244805
1380 4
1 0.0733962
2 0.093257
3 0.0795751
4 0.246228
1390 4
1 0.0735353
2 0.0933018
3 0.0805082
4 0.247345
1400 4
1 0.0745949
2 0.0922033
3 0.0817754
4 0.248574
1410 4
1 0.0768097
2 0.0898385
3 0.0819064
4 0.248555
1420 4
1 0.0794942
2 0.0881014
3 0.0810993
4 0.248695
1430 4
1 0.0807458
2 0.0873953
3 0.0804692
4 0.24861
1440 4
1 0.0804461
2 0.086143
3 0.0811422
4 0.247731
1450 4
1 0.0796011
2 0.0847008
3 0.0816849
4 0.245987
1460 4
1 0.0781136
2 0.0843044
3 0.0813064
4 0.243724
1470 4
1 0.0773228
2 0.0855795
3 0.0813311
4 0.244233
1480 4
1 0.0772246
2 0.0872499
3 0.0822168
4 0.246691
1490 4
1 0.0769877
2 0.0877206
3 0.0837615
4 0.24847
1500 4
1 0.0767647
2 0.0864367
3 0.0848074
4 0.248009
1510 4
1 0.0766845
2 0.0847843
3 0.0848262
4 0.246295
1520 4
1 0.0761406
2 0.0838733
3 0.0834062
4 0.24342
1530 4
1 0.0747868
2 0.0834193
3 0.0821747
4 0.240381
1540 4
1 0.0729806
2 0.0829773
3 0.0824804
4 0.238438
1550 4
1 0.0724367
2 0.0828909
3 0.0828806
4 0.238208
1560 4
1 0.0725631
2 0.0821929
3 0.0821167
4 0.236873
1570 4
1 0.0725294
2 0.0800363
3 0.0810076
4 0.233573
1580 4
1 0.0727503
2 0.0779971
3 0.0813132
4 0.232061
1590 4
1 0.0729337
2 0.0781719
3 0.0815534
4 0.232659
1600 4
1 0.0725515
2 0.079545
3 0.0810118
4 0.233108
1610 4
1 0.0715173
2 0.0810909
3 0.0807484
4 0.233357
1620 4
1 0.0714039
2 0.0817807
3 0.080849
4 0.234034
1630 4
1 0.0711814
2 0.0807084
3 0.0803838
4 0.232274
1640 4
1 0.070266
2 0.0795101
3 0.0796165
4 0.229393
1650 4
1 0.069725
2 0.0792881
3 0.0781889
4 0.227202
1660 4
1 0.070688
2 0.0799793
3 0.0759015
4 0.226569
1670 4
1 0.0720061
2 0.0807243
3 0.0740966
4 0.226827
1680 4
1 0.0736027
2 0.0812169
3 0.0735952
4 0.228415
1690 4
1 0.0755512
2 0.082627
3 0.0741341
4 0.232312
1700 4
1 0.075318
2 0.0846055
3 0.0763425
4 0.236266
1710 4
1 0.0733978
2 0.0849567
3 0.0794385
4 0.237793
1720 4
1 0.0725827
2 0.0847098
3 0.0816802
4 0.238973
1730 4
1 0.0731496
2 0.085384
3 0.0831148
4 0.241648
1740 4
1 0.0737573
2 0.0871367
3 0.0845285
4 0.245423
1750 4
1 0.0737457
2 0.0887519
3 0.0860791
4 0.248577
1760 4
1 0.0729426
2 0.0898312
3 0.0864857
4 0.249259
1770 4
1 0.0722269
2 0.0909161
3 0.0854311
4 0.248574
1780 4
1 0.0728713
2 0.0909556
3 0.0838803
4 0.247707
1790 4
1 0.0741081
2 0.0908089
3 0.0826202
4 0.247537
1800 4
1 0.0745018
2 0.0907068
3 0.0830896
4 0.248298
1810 4
1 0.0738035
2 0.0902307
3 0.084977
4 0.249011
1820 4
1 0.0735039
2 0.0902175
3 0.0859123
4 0.249634
1830 4
1 0.073975
2 0.0900465
3 0.0848793
4 0.248901
1840 4
1 0.0747421
2 0.0906403
3 0.0828512
4 0.248234
1850 4
1 0.0753157
2 0.0939551
3 0.0805529
4 0.249824
1860 4
1 0.0748633
2 0.0977323
3 0.078138
4 0.250734
1870 4
1 0.0738342
2 0.0995619
3 0.0775483
4 0.250944
1880 4
1 0.0730594
2 0.0995485
3 0.0782439
4 0.250852
1890 4
1 0.0723155
2 0.0993443
3 0.0789025
4 0.250562
1900 4
1 0.0719953
2 0.0993781
3 0.07912
4 0.250493
1910 4
1 0.072518
2 0.0988554
3 0.0791291
4 0.250502
1920 4
1 0.0739825
2 0.0978424
3 0.0790439
4 0.250869
1930 4
1 0.0742079
2 0.0973765
3 0.0799821
4 0.251567
1940 4
1 0.0730985
2 0.0981652
3 0.0824249
4 0.253689
1950 4
1 0.0721605
2 0.100485
3 0.0846446
4 0.25729
1960 4
1 0.0729284
2 0.102481
3 0.0861901
4 0.261599
1970 4
1 0.0755493
2 0.102246
3 0.0870719
4 0.264867
1980 4
1 0.0785108
2 0.0999695
3 0.0880091
4 0.26649
1990 4
1 0.0807601
2 0.0979261
3 0.0900543
4 0.26874
2000 4
1 0.0820358
2 0.0980999
3 0.0922197
4 0.272355
2010 4
1 0.0820242
2 0.0998325
3 0.0928208
4 0.274678
2020 4
1 0.0816839
2 0.100778
3 0.0915097
4 0.273972
2030 4
1 0.0823612
2 0.100457
3 0.0899963
4 0.272815
2040 4
1 0.0831215
2 0.099299
3 0.0893726
4 0.271793
2050 4
1 0.0828332
2 0.098648
3 0.0890327
4 0.270514
2060 4
1 0.0820904
2 0.0988698
3 0.0883436
4 0.269304
2070 4
1 0.0817694
2 0.0984397
3 0.0867133
4 0.266922
2080 4
1 0.0825111
2 0.0969172
3 0.0844535
4 0.263882
2090 4
1 0.0829149
2 0.0951656
3 0.0820512
4 0.260132
2100 4
1 0.0820041
2 0.0944199
3 0.0799268
4 0.256351
2110 4
1 0.0799258
2 0.0938638
3 0.0794401
4 0.25323
2120 4
1 0.0767793
2 0.0928656
3 0.081747
4 0.251392
2130 4
1 0.074496
2 0.0914525
3 0.0854399
4 0.251388
2140 4
1 0.0740652
2 0.0894324
3 0.0886781
4 0.252176
2150 4
1 0.0741507
2 0.0874595
3 0.0895051
4 0.251115
2160 4
1 0.0732213
2 0.087728
3 0.0884538
4 0.249403
2170 4
1 0.0715408
2 0.0899935
3 0.0880894
4 0.249624
2180 4
1 0.070538
2 0.0920007
3 0.0885844
4 0.251123
2190 4
1 0.0713642
2 0.0921268
3 0.0885771
4 0.252068
2200 4
1 0.0732577
2 0.0904984
3 0.0881553
4 0.251911
2210 4
1 0.0745963
2 0.0892948
3 0.0880871
4 0.251978
2220 4
1 0.0757331
2 0.0903675
3 0.0878095
4 0.25391
2230 4
1 0.0783112
2 0.0921516
3 0.0867623
4 0.257225
2240 4
1 0.0814845
2 0.0921662
3 0.0860725
4 0.259723
2250 4
1 0.0839706
2 0.0904062
3 0.0860686
4 0.260445
2260 4
1 0.0850285
2 0.0879731
3 0.0866192
4 0.259621
2270 4
1 0.0844874
2 0.0852699
3 0.0877936
4 0.257551
2280 4
1 0.0837446
2 0.0828592
3 0.0883203
4 0.254924
2290 4
1 0.0825245
2 0.0808509
3 0.0876657
4 0.251041
2300 4
1 0.0806605
2 0.0792019
3 0.0865481
4 0.246411
2310 4
1 0.0786759
2 0.0780552
3 0.0855033
4 0.242234
2320 4
1 0.0766301
2 0.077846
3 0.0847693
4 0.239245
2330 4
1 0.0752596
2 0.0776004
3 0.0842333
4 0.237093
2340 4
1 0.073905
2 0.0775017
3 0.0836218
4 0.235029
2350 4
1 0.0717611
2 0.0778779
3 0.0827255
4 0.232364
2360 4
1 0.0698831
2 0.0780094
3 0.0832477
4 0.23114
2370 4
1 0.0694421
2 0.0776853
3 0.0850799
4 0.232207
2380 4
1 0.0694779
2 0.0779052
3 0.0868363
4 0.234219
2390 4
1 0.068804
2 0.0797208
3 0.0871976
4 0.235722
2400 4
1 0.0680964
2 0.0824927
3 0.0858347
4 0.236424
2410 4
1 0.0684099
2 0.0840578
3 0.0844397
4 0.236907
2420 4
1 0.0689196
2 0.0839924
3 0.0837552
4 0.236667
2430 4
1 0.0693371
2 0.0825047
3 0.0839091
4 0.235751
2440 4
1 0.0703816
2 0.0799415
3 0.0846286
4 0.234952
2450 4
1 0.0720215
2 0.0779208
3 0.085042
4 0.234984
2460 4
1 0.0740602
2 0.0769357
3 0.0842369
4 0.235233
2470 4
1 0.0754809
2 0.0771643
3 0.082613
4 0.235258
2480 4
1 0.0754824
2 0.0782923
3 0.0815882
4 0.235363
2490 4
1 0.0755122
2 0.0788182
3 0.0821692
4 0.2365
2500 4
1 0.0763558
2 0.0781009
3 0.0830836
4 0.23754
2510 4
1 0.0776929
2 0.0772592
3 0.0838182
4 0.23877
2520 4
1 0.078857
2 0.0780301
3 0.0854117
4 0.242299
2530 4
1 0.080077
2 0.0801161
3 0.0865085
4 0.246702
2540 4
1 0.0811231
2 0.0814649
3 0.0867797
4 0.249368
2550 4
1 0.0807882
2 0.0807207
3 0.0877753
4 0.249284
2560 4
1 0.0806894
2 0.0795055
3 0.0892739
4 0.249469
2570 4
1 0.0822327
2 0.0795782
3 0.0891204
4 0.250931
2580 4
1 0.0834679
2 0.0808036
3 0.086598
4 0.25087
2590 4
1 0.0823488
2 0.0821078
3 0.0837533
4 0.24821
2600 4
1 0.0800515
2 0.0838112
3 0.0829778
4 0.24684
2610 4
1 0.0789341
2 0.0862415
3 0.0847039
4 0.249879
2620 4
1 0.0795688
2 0.088178
3 0.0872855
4 0.255032
2630 4
1 0.0820024
2 0.0887661
3 0.0893191
4 0.260088
2640 4
1 0.0849927
2 0.0887112
3 0.0904057
4 0.26411
2650 4
1 0.0867083
2 0.0890119
3 0.0902637
4 0.265984
2660 4
1 0.0877332
2 0.0896481
3 0.0888635
4 0.266245
2670 4
1 0.0885849
2 0.0894718
3 0.0874904
4 0.265547
2680 4
1 0.087825
2 0.0891789
3 0.0879402
4 0.264944
2690 4
1 0.0851055
2 0.0892531
3 0.0895876
4 0.263946
2700 4
1 0.0827745
2 0.089239
3 0.0902878
4 0.262301
2710 4
1 0.0816571
2 0.088195
3 0.0885381
4 0.25839
2720 4
1 0.0813943
2 0.0867614
3 0.0868413
4 0.254997
2730 4
1 0.0803937
2 0.0859412
3 0.0875071
4 0.253842
2740 4
1 0.0789019
2 0.0862537
3 0.0890179
4 0.254174
2750 4
1 0.0793266
2 0.0873348
3 0.0903417
4 0.257003
2760 4
1 0.0824989
2 0.0892338
3 0.0908279
4 0.262561
2770 4
1 0.0863236
2 0.0914892
3 0.0914056
4 0.269218
2780 4
1 0.088494
2 0.0923009
3 0.0929213
4 0.273716
2790 4
1 0.0891906
2 0.0925507
3 0.094613
4 0.276354
2800 4
1 0.0899505
2 0.0934243
3 0.0954889
4 0.278864
2810 4
1 0.0909901
2 0.0944968
3 0.0968533
4 0.28234
2820 4
1 0.0910106
2 0.0952983
3 0.100559
4 0.286868
2830 4
1 0.0903508
2 0.0962934
3 0.10498
4 0.291625
2840 4
1 0.0907402
2 0.0971361
3 0.107092
4 0.294968
2850 4
1 0.0927633
2 0.0969342
3 0.107522
4 0.29722
2860 4
1 0.0958044
2 0.0951423
3 0.107844
4 0.298791
2870 4
1 0.0979984
2 0.0936022
3 0.107979
4 0.299579
2880 4
1 0.0971182
2 0.0938667
3 0.107828
4 0.298813
2890 4
1 0.0947196
2 0.0951486
3 0.108109
4 0.297977
2900 4
1 0.0925981
2 0.0967213
3 0.108506
4 0.297826
2910 4
1 0.0910764
2 0.0979412
3 0.107176
4 0.296193
2920 4
1 0.0908153
2 0.0990853
3 0.104283
4 0.294184
2930 4
1 0.0919343
2 0.100344
3 0.101275
4 0.293553
2940 4
1 0.0934256
2 0.101249
3 0.098276
4 0.292951
2950 4
1 0.0942754
2 0.101768
3 0.0962752
4 0.292319
2960 4
1 0.0936487
2 0.101245
3 0.0948487
4 0.289742
2970 4
1 0.0918062
2 0.0995665
3 0.0933353
4 0.284708
2980 4
1 0.0893736
2 0.0983674
3 0.0923289
4 0.28007
2990 4
1 0.087231
2 0.0989401
3 0.0916187
4 0.27779
3000 4
1 0.0862708
2 0.0993748
3 0.0915054
4 0.277151
3010 4
1 0.0872824
2 0.0980049
3 0.0916178
4 0.276905
3020 4
1 0.0883723
2 0.0948995
3 0.0921919
4 0.275464
3030 4
1 0.0873947
2 0.0917975
3 0.0941998
4 0.273392
3040 4
1 0.0851245
2 0.091005
3 0.0961529
4 0.272282
3050 4
1 0.0830972
2 0.0930717
3 0.0967234
4 0.272892
3060 4
1 0.0823637
2 0.0966945
3 0.0964368
4 0.275495
3070 4
1 0.0824539
2 0.100371
3 0.0953262
4 0.278151
3080 4
1 0.082128
2 0.102495
3 0.0929139
4 0.277536
3090 4
1 0.0814271
2 0.10336
3 0.0896983
4 0.274485
3100 4
1 0.0816098
2 0.10356
3 0.087883
4 0.273053
3110 4
1 0.0827727
2 0.103178
3 0.0881449
4 0.274096
3120 4
1 0.0829036
2 0.103132
3 0.0895023
4 0.275538
3130 4
1 0.0826393
2 0.103718
3 0.0903963
4 0.276753
3140 4
1 0.0836129
2 0.104479
3 0.0908721
4 0.278964
3150 4
1 0.0849417
2 0.104402
3 0.0909325
4 0.280276
3160 4
1 0.0864257
2 0.10354
3 0.0905846
4 0.28055
3170 4
1 0.0877867
2 0.10237
3 0.0902334
4 0.28039
3180 4
1 0.0886071
2 0.101589
3 0.0903787
4 0.280574
3190 4
1 0.088817
2 0.101795
3 0.0910988
4 0.281711
3200 4
1 0.0888155
2 0.102549
3 0.0919132
4 0.283278
3210 4
1 0.0888292
2 0.10311
3 0.0925544
4 0.284493
3220 4
1 0.0884715
2 0.103165
3 0.0925841
4 0.28422
3230 4
1 0.0883878
2 0.101738
3 0.0913574
4 0.281483
3240 4
1 0.0891535
2 0.0991727
3 0.0902146
4 0.278541
3250 4
1 0.0900359
2 0.0975019
3 0.0897168
4 0.277255
3260 4
1 0.0899536
2 0.097779
3 0.0891572
4 0.27689
3270 4
1 0.088722
2 0.0987702
3 0.0890268
4 0.276519
3280 4
1 0.08736
2 0.0988933
3 0.0897853
4 0.276039
3290 4
1 0.0868642
2 0.0985252
3 0.0905658
4 0.275955
3300 4
1 0.0862777
2 0.0986064
3 0.0909825
4 0.275867
3310 4
1 0.0860743
2 0.099434
3 0.0909365
4 0.276445
3320 4
1 0.0867001
2 0.100044
3 0.0905243
4 0.277268
3330 4
1 0.0873179
2 0.0988471
3 0.0903851
4 0.27655
3340 4
1 0.088371
2 0.0960682
3 0.0900875
4 0.274527
3350 4
1 0.088972
2 0.0932229
3 0.0882933
4 0.270488
3360 4
1 0.088261
2 0.0908408
3 0.0857017
4 0.264804
3370 4
1 0.0868747
2 0.0885582
3 0.083937
4 0.25937
3380 4
1 0.0848296
2 0.0867125
3 0.0838859
4 0.255428
3390 4
1 0.0819487
2 0.0853711
3 0.0851994
4 0.252519
3400 4
1 0.079433
2 0.084545
3 0.0859694
4 0.249947
3410 4
1 0.077442
2 0.0854615
3 0.0861186
4 0.249022
3420 4
1 0.0760825
2 0.0878389
3 0.086487
4 0.250408
3430 4
1 0.0762802
2 0.090855
3 0.0876988
4 0.254834
3440 4
1 0.0774543
2 0.0940038
3 0.0892077
4 0.260666
3450 4
1 0.0790585
2 0.0961122
3 0.0905055
4 0.265676
3460 4
1 0.0812116
2 0.0967068
3 0.0913219
4 0.26924
3470 4
1 0.0829351
2 0.0966205
3 0.0908869
4 0.270443
3480 4
1 0.083728
2 0.0964379
3 0.089295
4 0.269461
3490 4
1 0.0840111
2 0.0953682
3 0.0874583
4 0.266838
3500 4
1 0.0842178
2 0.0919123
3 0.0853812
4 0.261511
3510 4
1 0.0822897
2 0.0880902
3 0.0836354
4 0.254015
3520 4
1 0.0786549
2 0.0875271
3 0.0835269
4 0.249709
3530 4
1 0.0763504
2 0.0890836
3 0.085386
4 0.25082
3540 4
1 0.0763619
2 0.0890338
3 0.0874429
4 0.252839
3550 4
1 0.0782862
2 0.0878253
3 0.0882793
4 0.254391
3560 4
1 0.081091
2 0.0872413
3 0.0881941
4 0.256526
3570 4
1 0.082746
2 0.0870657
3 0.0875074
4 0.257319
3580 4
1 0.0822145
2 0.0879939
3 0.0862518
4 0.25646
3590 4
1 0.0796182
2 0.0897225
3 0.0855859
4 0.254927
3600 4
1 0.0763895
2 0.0908352
3 0.0858736
4 0.253098
3610 4
1 0.0747747
2 0.0912372
3 0.086161
4 0.252173
3620 4
1 0.0757708
2 0.0912551
3 0.0866942
4 0.25372
3630 4
1 0.0781932
2 0.0904473
3 0.0876061
4 0.256247
3640 4
1 0.0802214
2 0.0891916
3 0.0872148
4 0.256628
3650 4
1 0.0807506
2 0.0886828
3 0.085298
4 0.254731
3660 4
1 0.0804016
2 0.0888815
3 0.0830027
4 0.252286
3670 4
1 0.0806773
2 0.0890383
3 0.081838
4 0.251554
3680 4
1 0.0813233
2 0.0879233
3 0.0816802
4 0.250927
3690 4
1 0.0810259
2 0.0863506
3 0.0816129
4 0.248989
3700 4
1 0.0791076
2 0.0860161
3 0.0812875
4 0.246411
3710 4
1 0.0758208
2 0.0859784
3 0.0808848
4 0.242684
3720 4
1 0.0735342
2 0.0851875
3 0.0791149
4 0.237837
3730 4
1 0.0734254
2 0.0843124
3 0.0760918
4 0.23383
3740 4
1 0.0733996
2 0.0846678
3 0.0739636
4 0.232031
3750 4
1 0.0730055
2 0.0860809
3 0.0735132
4 0.2326
3760 4
1 0.0733991
2 0.0870318
3 0.0746859
4 0.235117
3770 4
1 0.0743286
2 0.087917
3 0.0763705
4 0.238616
3780 4
1 0.0754082
2 0.0898977
3 0.0783417
4 0.243648
3790 4
1 0.0773642
2 0.0926874
3 0.0790557
4 0.249107
3800 4
1 0.0796028
2 0.0945403
3 0.0784937
4 0.252637
3810 4
1 0.0807302
2 0.0946865
3 0.0780975
4 0.253514
3820 4
1 0.0810878
2 0.0941832
3 0.0778286
4 0.2531
3830 4
1 0.0805536
2 0.0935387
3 0.0789985
4 0.253091
3840 4
1 0.0794702
2 0.092084
3 0.0809081
4 0.252462
3850 4
1 0.0799066
2 0.0910585
3 0.0808868
4 0.251852
3860 4
1 0.0818038
2 0.0910576
3 0.0787288
4 0.25159
3870 4
1 0.0829145
2 0.0911544
3 0.0769188
4 0.250988
3880 4
1 0.0823084
2 0.0913123
3 0.0768769
4 0.250498
3890 4
1 0.0812467
2 0.0919831
3 0.0774231
4 0.250653
3900 4
1 0.0814748
2 0.0923304
3 0.0781779
4 0.251983
3910 4
1 0.082204
2 0.0923766
3 0.0789299
4 0.253511
3920 4
1 0.0820139
2 0.0929685
3 0.0789923
4 0.253975
3930 4
1 0.0811592
2 0.0926344
3 0.0796684
4 0.253462
3940 4
1 0.0801205
2 0.0914686
3 0.0817689
4 0.253358
3950 4
1 0.0791952
2 0.0906818
3 0.0842709
4 0.254148
3960 4
1 0.0786033
2 0.0902065
3 0.0855202
4 0.25433
3970 4
1 0.0783917
2 0.089494
3 0.0855569
4 0.253443
3980 4
1 0.0777347
2 0.0897904
3 0.0858364
4 0.253362
3990 4
1 0.0763442
2 0.0912288
3 0.0862744
4 0.253847
4000 4
1 0.0752748
2 0.0918222
3 0.0865719
4 0.253669
4010 4
1 0.074302
2 0.0904816
3 0.0858082
4 0.250592
4020 4
1 0.0725884
2 0.0885045
3 0.0834962
4 0.244589
4030 4
1 0.0707461
2 0.0873303
3 0.0811634
4 0.23924
4040 4
1 0.0701009
2 0.0874235
3 0.0801421
4 0.237667
4050 4
1 0.0700667
2 0.0884585
3 0.0809339
4 0.239459
4060 4
1 0.0691078
2 0.0905146
3 0.0837446
4 0.243367
4070 4
1 0.0677862
2 0.0923149
3 0.0872389
4 0.24734
4080 4
1 0.0675563
2 0.093217
3 0.0877183
4 0.248492
4090 4
1 0.0676233
2 0.0934816
3 0.0846652
4 0.24577
4100 4
1 0.0667297
2 0.0932705
3 0.0814492
4 0.241449
4110 4
1 0.0663676
2 0.0925741
3 0.0803053
4 0.239247
4120 4
1 0.0663137
2 0.0913004
3 0.0809113
4 0.238525
4130 4
1 0.0652266
2 0.090588
3 0.0821733
4 0.237988
4140 4
1 0.0644361
2 0.0909213
3 0.082224
4 0.237581
4150 4
1 0.0658335
2 0.0906606
3 0.0806882
4 0.237182
4160 4
1 0.068983
2 0.089608
3 0.0793222
4 0.237913
4170 4
1 0.0718236
2 0.0882831
3 0.0792074
4 0.239314
4180 4
1 0.0727506
2 0.0872116
3 0.0796856
4 0.239648
4190 4
1 0.0722456
2 0.0855748
3 0.0799918
4 0.237812
4200 4
1 0.0717909
2 0.0834754
3 0.0796594
4 0.234926
4210 4
1 0.0716138
2 0.0828354
3 0.0789368
4 0.233386
4220 4
1 0.0713322
2 0.0841598
3 0.078639
4 0.234131
4230 4
1 0.0717514
2 0.0865523
3 0.0786067
4 0.23691
4240 4
1 0.0732502
2 0.0889904
3 0.0786567
4 0.240897
4250 4
1 0.0759874
2 0.0913151
3 0.0790183
4 0.246321
4260 4
1 0.078719
2 0.0926988
3 0.0804077
4 0.251826
4270 4
1 0.0786564
2 0.0923725
3 0.0822909
4 0.25332
4280 4
1 0.0765502
2 0.091232
3 0.0826566
4 0.250439
4290 4
1 0.0740133
2 0.0902922
3 0.0811556
4 0.245461
4300 4
1 0.0709652
2 0.0894792
3 0.0785113
4 0.238956
4310 4
1 0.0684491
2 0.0893282
3 0.0766893
4 0.234467
4320 4
1 0.0672693
2 0.0893807
3 0.0765437
4 0.233194
4330 4
1 0.0664891
2 0.0896982
3 0.0772589
4 0.233446
4340 4
1 0.0660184
2 0.0906604
3 0.0774323
4 0.234111
4350 4
1 0.0670526
2 0.091999
3 0.0778709
4 0.236922
4360 4
1 0.0691309
2 0.0934916
3 0.0787282
4 0.241351
4370 4
1 0.0700563
2 0.0943045
3 0.0793211
4 0.243682
4380 4
1 0.0687542
2 0.0932906
3 0.079094
4 0.241139
4390 4
1 0.0671263
2 0.0912774
3 0.0781245
4 0.236528
4400 4
1 0.066342
2 0.0899511
3 0.077351
4 0.233644
4410 4
1 0.0652291
2 0.0891289
3 0.0761115
4 0.230469
4420 4
1 0.063389
2 0.0872761
3 0.073969
4 0.224634
4430 4
1 0.0619565
2 0.0850299
3 0.0725506
4 0.219537
4440 4
1 0.0618913
2 0.0849104
3 0.0723515
4 0.219153
4450 4
1 0.0631389
2 0.0869534
3 0.0721897
4 0.222282
4460 4
1 0.0650072
2 0.088949
3 0.0720211
4 0.225977
4470 4
1 0.0663252
2 0.0893344
3 0.0720258
4 0.227685
4480 4
1 0.0671574
2 0.0882232
3 0.0718529
4 0.227234
4490 4
1 0.0674323
2 0.0871889
3 0.0716272
4 0.226248
4500 4
1 0.0676863
2 0.0860044
3 0.0717087
4 0.225399
4510 4
1 0.0677477
2 0.0851576
3 0.0716619
4 0.224567
4520 4
1 0.0676395
2 0.0851831
3 0.0711785
4 0.224001
4530 4
1 0.0687203
2 0.0856852
3 0.0699276
4 0.224333
4540 4
1 0.0706971
2 0.087369
3 0.0693125
4 0.227379
4550 4
1 0.0718873
2 0.0896793
3 0.0703191
4 0.231886
4560 4
1 0.0716151
2 0.091351
3 0.0722818
4 0.235248
4570 4
1 0.070658
2 0.0918321
3 0.074123
4 0.236613
4580 4
1 0.0695509
2 0.0913959
3 0.0753945
4 0.236341
4590 4
1 0.0699434
2 0.0900661
3 0.0770944
4 0.237104
4600 4
1 0.0713433
2 0.0881469
3 0.0794421
4 0.238932
4610 4
1 0.0727269
2 0.0866718
3 0.0820598
4 0.241459
4620 4
1 0.0732323
2 0.0858574
3 0.0839998
4 0.243089
4630 4
1 0.07233
2 0.0843277
3 0.0845742
4 0.241232
4640 4
1 0.0710738
2 0.0827001
3 0.084884
4 0.238658
4650 4
1 0.0688389
2 0.0812723
3 0.0855496
4 0.235661
4660 4
1 0.0661533
2 0.0790597
3 0.0855699
4 0.230783
4670 4
1 0.0648118
2 0.0766208
3 0.0837983
4 0.225231
4680 4
1 0.0649493
2 0.075061
3 0.0808724
4 0.220883
4690 4
1 0.064481
2 0.0742288
3 0.0787451
4 0.217455
4700 4
1 0.063342
2 0.074834
3 0.0779499
4 0.216126
4710 4
1 0.0628356
2 0.0774522
3 0.0764592
4 0.216747
4720 4
1 0.0632591
2 0.080443
3 0.074507
4 0.218209
4730 4
1 0.0642627
2 0.0817774
3 0.0728042
4 0.218844
4740 4
1 0.0650478
2 0.0819827
3 0.071868
4 0.218899
4750 4
1 0.0654315
2 0.0811107
3 0.0722686
4 0.218811
4760 4
1 0.0656156
2 0.0787089
3 0.0727357
4 0.21706
4770 4
1 0.0659528
2 0.0761031
3 0.0736229
4 0.215679
4780 4
1 0.065484
2 0.0748601
3 0.0746851
4 0.215029
4790 4
1 0.0641966
2 0.0745853
3 0.0743117
4 0.213094
4800 4
1 0.0634473
2 0.0747439
3 0.0725403
4 0.210732
4810 4
1 0.064746
2 0.0754731
3 0.0704497
4 0.210669
4820 4
1 0.0667956
2 0.0758727
3 0.0693951
4 0.212063
4830 4
1 0.0676175
2 0.0763118
3 0.0697411
4 0.21367
4840 4
1 0.0680992
2 0.0775205
3 0.0703666
4 0.215986
4850 4
1 0.0693684
2 0.0786197
3 0.0706252
4 0.218613
4860 4
1 0.0707865
2 0.0790607
3 0.0710092
4 0.220856
4870 4
1 0.0712881
2 0.0791492
3 0.0718634
4 0.222301
4880 4
1 0.0700717
2 0.078018
3 0.0726863
4 0.220776
4890 4
1 0.0680422
2 0.0760475
3 0.073482
4 0.217572
4900 4
1 0.0671511
2 0.0745762
3 0.0740523
4 0.21578
4910 4
1 0.0681883
2 0.0745681
3 0.074426
4 0.217182
4920 4
1 0.0695224
2 0.0753331
3 0.0750359
4 0.219891
4930 4
1 0.0704097
2 0.0762168
3 0.0763157
4 0.222942
4940 4
1 0.0706778
2 0.0775265
3 0.0783317
4 0.226536
4950 4
1 0.0705103
2 0.0785925
3 0.0802536
4 0.229356
4960 4
1 0.0708334
2 0.0784867
3 0.0815854
4 0.230906
4970 4
1 0.0712631
2 0.0779054
3 0.0810467
4 0.230215
4980 4
1 0.0711148
2 0.0776836
3 0.0783621
4 0.22716
4990 4
1 0.0705732
2 0.078144
3 0.0755754
4 0.224293
5000 4
1 0.0694439
2 0.0784005
3 0.0751941
4 0.223039
5010 4
1 0.0684522
2 0.0779632
3 0.0774642
4 0.22388
5020 4
1 0.0683182
2 0.0778082
3 0.0801686
4 0.226295
5030 4
1 0.0686829
2 0.0774353
3 0.0821338
4 0.228252
5040 4
1 0.0687001
2 0.0773479
3 0.0825816
4 0.22863
5050 4
1 0.06843
2 0.077971
3 0.0820631
4 0.228464
5060 4
1 0.0683605
2 0.0779505
3 0.0820612
4 0.228372
5070 4
1 0.0690139
2 0.0774594
3 0.0828419
4 0.229315
5080 4
1 0.0693678
2 0.0765684
3 0.0838752
4 0.229811
5090 4
1 0.0684579
2 0.0754291
3 0.0850941
4 0.228981
5100 4
1 0.0676923
2 0.0740608
3 0.0859788
4 0.227732
5110 4
1 0.0677411
2 0.0724114
3 0.0849137
4 0.225066
5120 4
1 0.0681416
2 0.0708004
3 0.0825905
4 0.221533
5130 4
1 0.0687779
2 0.069583
3 0.0799844
4 0.218345
5140 4
1 0.0693712
2 0.0693216
3 0.0776017
4 0.216294
5150 4
1 0.070458
2 0.069816
3 0.076311
4 0.216585
5160 4
1 0.0706956
2 0.0702938
3 0.0763546
4 0.217344
5170 4
1 0.0700623
2 0.0696578
3 0.0777256
4 0.217446
5180 4
1 0.0692047
2 0.069014
3 0.0794665
4 0.217685
5190 4
1 0.0683734
2 0.0705102
3 0.0794454
4 0.218329
5200 4
1 0.0681928
2 0.0713562
3 0.0780431
4 0.217592
5210 4
1 0.0692576
2 0.0703143
3 0.0771799
4 0.216752
5220 4
1 0.069546
2 0.0704798
3 0.0768086
4 0.216834
5230 4
1 0.0688622
2 0.0723015
3 0.0763619
4 0.217526
5240 4
1 0.0687745
2 0.0744395
3 0.0767716
4 0.219986
5250 4
1 0.0688243
2 0.0753938
3 0.0778528
4 0.222071
5260 4
1 0.0690057
2 0.0742443
3 0.0784382
4 0.221688
5270 4
1 0.0695334
2 0.0726678
3 0.0768744
4 0.219076
5280 4
1 0.0699772
2 0.072441
3 0.0744915
4 0.21691
5290 4
1 0.0693557
2 0.0748219
3 0.0735058
4 0.217683
5300 4
1 0.0681543
2 0.0784219
3 0.0741986
4 0.220775
5310 4
1 0.0680609
2 0.0813261
3 0.0758244
4 0.225212
5320 4
1 0.0693353
2 0.0837067
3 0.0772702
4 0.230312
5330 4
1 0.0702454
2 0.0860497
3 0.078073
4 0.234368
5340 4
1 0.070433
2 0.0875169
3 0.0791155
4 0.237065
5350 4
1 0.071542
2 0.0873277
3 0.0809213
4 0.239791
5360 4
1 0.0733829
2 0.0864415
3 0.0833633
4 0.243188
5370 4
1 0.0744976
2 0.0858651
3 0.0856149
4 0.245978
5380 4
1 0.0741137
2 0.0855995
3 0.0873462
4 0.247059
5390 4
1 0.0732804
2 0.0858657
3 0.0872051
4 0.246351
5400 4
1 0.0728815
2 0.0863732
3 0.0858135
4 0.245068
5410 4
1 0.071776
2 0.0864348
3 0.0851974
4 0.243408
5420 4
1 0.0706787
2 0.0853638
3 0.0857235
4 0.241766
5430 4
1 0.0719739
2 0.083438
3 0.0859174
4 0.241329
5440 4
1 0.0748328
2 0.0817399
3 0.0843083
4 0.240881
5450 4
1 0.0767955
2 0.0813878
3 0.081912
4 0.240095
5460 4
1 0.0770514
2 0.0814446
3 0.0811416
4 0.239638
5470 4
1 0.0764473
2 0.0803151
3 0.0819135
4 0.238676
5480 4
1 0.0752758
2 0.0790448
3 0.0826523
4 0.236973
5490 4
1 0.0746247
2 0.07829
3 0.0837849
4 0.2367
5500 4
1 0.0754161
2 0.0780737
3 0.0863617
4 0.239852
5510 4
1 0.0773658
2 0.0788869
3 0.0893518
4 0.245605
5520 4
1 0.0793195
2 0.0800388
3 0.0921737
4 0.251532
5530 4
1 0.080098
2 0.0814828
3 0.0944115
4 0.255992
5540 4
1 0.079707
2 0.0826676
3 0.0964095
4 0.258784
5550 4
1 0.0793312
2 0.0837507
3 0.0978667
4 0.260949
5560 4
1 0.0785297
2 0.0855418
3 0.0977596
4 0.261831
5570 4
1 0.077485
2 0.087589
3 0.0969036
4 0.261978
5580 4
1 0.0772933
2 0.0891312
3 0.0960823
4 0.262507
5590 4
1 0.0767356
2 0.0897784
3 0.0951932
4 0.261707
5600 4
1 0.0759858
2 0.0897668
3 0.0935669
4 0.259319
5610 4
1 0.0768803
2 0.0884214
3 0.0924807
4 0.257782
5620 4
1 0.0790732
2 0.0867867
3 0.0930221
4 0.258882
5630 4
1 0.0811589
2 0.0868147
3 0.0942325
4 0.262206
5640 4
1 0.0823637
2 0.0879409
3 0.0955825
4 0.265887
5650 4
1 0.0818963
2 0.0879559
3 0.0981359
4 0.267988
5660 4
1 0.0808654
2 0.0862618
3 0.101083
4 0.26821
5670 4
1 0.0803257
2 0.0851516
3 0.101613
4 0.26709
5680 4
1 0.0806062
2 0.0849963
3 0.100692
4 0.266295
5690 4
1 0.0802737
2 0.084836
3 0.10123
4 0.266339
5700 4
1 0.07884
2 0.0849489
3 0.102421
4 0.26621
5710 4
1 0.0776364
2 0.0856179
3 0.102857
4 0.266111
5720 4
1 0.0776999
2 0.08683
3 0.102331
4 0.266861
5730 4
1 0.0792715
2 0.0885135
3 0.10062
4 0.268405
5740 4
1 0.0810188
2 0.0893912
3 0.0984614
4 0.268871
5750 4
1 0.0824104
2 0.0892096
3 0.0966199
4 0.26824
5760 4
1 0.0841437
2 0.0890242
3 0.0947969
4 0.267965
5770 4
1 0.0857168
2 0.0879157
3 0.0932592
4 0.266892
5780 4
1 0.0855761
2 0.0860513
3 0.0918395
4 0.263467
5790 4
1 0.0834186
2 0.0851815
3 0.0914429
4 0.260043
5800 4
1 0.0795912
2 0.0865458
3 0.092438
4 0.258575
5810 4
1 0.0767934
2 0.0901425
3 0.0920752
4 0.259011
5820 4
1 0.077596
2 0.0936696
3 0.0889637
4 0.260229
5830 4
1 0.079811
2 0.0953494
3 0.086552
4 0.261712
5840 4
1 0.0812336
2 0.0950553
3 0.0866898
4 0.262979
5850 4
1 0.0824398
2 0.0941675
3 0.0875437
4 0.264151
5860 4
1 0.083801
2 0.0943242
3 0.0886934
4 0.266819
5870 4
1 0.0842177
2 0.0939979
3 0.0910329
4 0.269248
5880 4
1 0.0837398
2 0.091512
3 0.0926402
4 0.267892
5890 4
1 0.0824898
2 0.0884757
3 0.0927482
4 0.263714
5900 4
1 0.0803808
2 0.0868313
3 0.091837
4 0.259049
5910 4
1 0.0780532
2 0.0879674
3 0.0913084
4 0.257329
5920 4
1 0.076188
2 0.091413
3 0.0937557
4 0.261357
5930 4
1 0.0762255
2 0.0950453
3 0.0987029
4 0.269974
5940 4
1 0.0776796
2 0.0976238
3 0.102861
4 0.278165
5950 4
1 0.0787624
2 0.0982427
3 0.104607
4 0.281612
5960 4
1 0.0795399
2 0.097606
3 0.103675
4 0.280821
5970 4
1 0.0802388
2 0.096676
3 0.101733
4 0.278648
5980 4
1 0.0806738
2 0.0954113
3 0.100045
4 0.27613
5990 4
1 0.0817076
2 0.0955845
3 0.0984051
4 0.275697
6000 4
1 0.0822804
2 0.0976822
3 0.0975689
4 0.277531
6010 4
1 0.0814423
2 0.0990821
3 0.0975419
4 0.278066
6020 4
1 0.0798735
2 0.0994212
3 0.0971268
4 0.276422
6030 4
1 0.0785533
2 0.098713
3 0.0957624
4 0.273029
6040 4
1 0.078049
2 0.0966587
3 0.0940327
4 0.26874
6050 4
1 0.0786913
2 0.0948026
3 0.0929558
4 0.26645
6060 4
1 0.0800904
2 0.0923756
3 0.0923435
4 0.26481
6070 4
1 0.0808485
2 0.0902187
3 0.0906988
4 0.261766
6080 4
1 0.079842
2 0.0898456
3 0.0883928
4 0.25808
6090 4
1 0.0770918
2 0.0904708
3 0.0860026
4 0.253565
6100 4
1 0.0746391
2 0.0905597
3 0.0836951
4 0.248894
6110 4
1 0.073965
2 0.0896874
3 0.0827391
4 0.246391
6120 4
1 0.0745744
2 0.0890312
3 0.0837881
4 0.247394
6130 4
1 0.0766709
2 0.0888748
3 0.0857118
4 0.251257
6140 4
1 0.0803293
2 0.0888362
3 0.0873533
4 0.256519
6150 4
1 0.08266
2 0.0880642
3 0.0886481
4 0.259372
6160 4
1 0.0814631
2 0.0864176
3 0.088905
4 0.256786
6170 4
1 0.0788658
2 0.0854871
3 0.088383
4 0.252736
6180 4
1 0.0781937
2 0.0851599
3 0.0884298
4 0.251783
6190 4
1 0.0785169
2 0.0851768
3 0.0895689
4 0.253263
6200 4
1 0.0782198
2 0.0860904
3 0.0905824
4 0.254893
6210 4
1 0.0779681
2 0.0873225
3 0.090631
4 0.255922
6220 4
1 0.0788949
2 0.0876091
3 0.0895627
4 0.256067
6230 4
1 0.0794956
2 0.0878429
3 0.0879174
4 0.255256
6240 4
1 0.0781215
2 0.089627
3 0.0860174
4 0.253766
6250 4
1 0.0764898
2 0.0914539
3 0.0839539
4 0.251898
6260 4
1 0.0766866
2 0.0921007
3 0.0823113
4 0.251099
6270 4
1 0.0774505
2 0.0912779
3 0.0809368
4 0.249665
6280 4
1 0.0771255
2 0.0900661
3 0.0804909
4 0.247682
6290 4
1 0.075318
2 0.0899946
3 0.0809442
4 0.246257
6300 4
1 0.0733467
2 0.0911609
3 0.0814744
4 0.245982
6310 4
1 0.0725216
2 0.0920245
3 0.0823369
4 0.246883
6320 4
1 0.0734251
2 0.0906949
3 0.0829006
4 0.247021
6330 4
1 0.0750423
2 0.0883826
3 0.0827039
4 0.246129
6340 4
1 0.0762145
2 0.0867583
3 0.0813732
4 0.244346
6350 4
1 0.0763983
2 0.0844558
3 0.0791871
4 0.240041
6360 4
1 0.0760206
2 0.0807251
3 0.0775821
4 0.234328
6370 4
1 0.0750795
2 0.0767095
3 0.0774421
4 0.229231
6380 4
1 0.07351
2 0.0741519
3 0.0783486
4 0.226011
6390 4
1 0.0719144
2 0.0739223
3 0.0786804
4 0.224517
6400 4
1 0.0701229
2 0.0761246
3 0.0785788
4 0.224826
6410 4
1 0.0690607
2 0.0799683
3 0.078511
4 0.22754
6420 4
1 0.0692413
2 0.0838055
3 0.0790708
4 0.232118
6430 4
1 0.06969
2 0.0862222
3 0.0793569
4 0.235269
6440 4
1 0.0697672
2 0.0871315
3 0.0792322
4 0.236131
6450 4
1 0.0690959
2 0.0864521
3 0.0807194
4 0.236267
6460 4
1 0.0674635
2 0.085137
3 0.0815477
4 0.234148
6470 4
1 0.0658042
2 0.0846474
3 0.0799521
4 0.230404
6480 4
1 0.0655823
2 0.0841099
3 0.078046
4 0.227738
6490 4
1 0.0661123
2 0.0823813
3 0.077649
4 0.226143
6500 4
1 0.0658449
2 0.0806608
3 0.0791926
4 0.225698
6510 4
1 0.0654918
2 0.0798728
3 0.0815463
4 0.226911
6520 4
1 0.066039
2 0.0797406
3 0.083484
4 0.229264
6530 4
1 0.0685506
2 0.0806001
3 0.0841436
4 0.233294
6540 4
1 0.0724043
2 0.0820206
3 0.0830915
4 0.237516
6550 4
1 0.075559
2 0.0827537
3 0.0816593
4 0.239972
6560 4
1 0.0772347
2 0.0821915
3 0.081168
4 0.240594
6570 4
1 0.0774012
2 0.0804755
3 0.0803533
4 0.23823
6580 4
1 0.0761079
2 0.0791509
3 0.0786615
4 0.23392
6590 4
1 0.0741126
2 0.0793019
3 0.0777006
4 0.231115
6600 4
1 0.0730833
2 0.0808459
3 0.0785064
4 0.232436
6610 4
1 0.0732177
2 0.0825292
3 0.0801687
4 0.235916
6620 4
1 0.0733887
2 0.083528
3 0.0812787
4 0.238195
6630 4
1 0.0740583
2 0.083437
3 0.0816452
4 0.239141
6640 4
1 0.074217
2 0.0830123
3 0.0819722
4 0.239202
6650 4
1 0.0732731
2 0.0826704
3 0.0825221
4 0.238466
6660 4
1 0.0722072
2 0.0827741
3 0.0827369
4 0.237718
6670 4
1 0.0719218
2 0.0832957
3 0.0817224
4 0.23694
6680 4
1 0.0726431
2 0.0839543
3 0.0813328
4 0.23793
6690 4
1 0.0736411
2 0.0853414
3 0.0822197
4 0.241202
6700 4
1 0.0744912
2 0.0885978
3 0.0832084
4 0.246297
6710 4
1 0.0750132
2 0.0912298
3 0.0838605
4 0.250104
6720 4
1 0.075546
2 0.0912204
3 0.0840737
4 0.25084
6730 4
1 0.0753145
2 0.0906488
3 0.0845526
4 0.250516
6740 4
1 0.07446
2 0.090357
3 0.0861052
4 0.250922
6750 4
1 0.0741819
2 0.0897105
3 0.0880526
4 0.251945
6760 4
1 0.074454
2 0.0895289
3 0.0904517
4 0.254435
6770 4
1 0.0750997
2 0.0895398
3 0.0921018
4 0.256741
6780 4
1 0.0755209
2 0.0885481
3 0.0925015
4 0.25657
6790 4
1 0.0753278
2 0.0879259
3 0.0924459
4 0.2557
6800 4
1 0.0753476
2 0.0876834
3 0.0919205
4 0.254952
6810 4
1 0.0763455
2 0.0871888
3 0.091155
4 0.254689
6820 4
1 0.0789969
2 0.0872611
3 0.0901001
4 0.256358
6830 4
1 0.0818585
2 0.0879294
3 0.0885615
4 0.258349
6840 4
1 0.0831212
2 0.0890746
3 0.087297
4 0.259493
6850 4
1 0.0828087
2 0.0905912
3 0.0864043
4 0.259804
6860 4
1 0.0830652
2 0.0926779
3 0.0861554
4 0.261899
6870 4
1 0.0840647
2 0.0943141
3 0.0873501
4 0.265729
6880 4
1 0.0844028
2 0.0948214
3 0.0896182
4 0.268842
6890 4
1 0.0843068
2 0.0957959
3 0.09234
4 0.272443
6900 4
1 0.083547
2 0.0971437
3 0.0944873
4 0.275178
6910 4
1 0.0826374
2 0.0974819
3 0.0959544
4 0.276074
6920 4
1 0.0823692
2 0.0962602
3 0.0977589
4 0.276388
6930 4
1 0.0826124
2 0.0953993
3 0.099049
4 0.277061
6940 4
1 0.0829183
2 0.0960227
3 0.0986584
4 0.277599
6950 4
1 0.0827984
2 0.0970165
3 0.0971891
4 0.277004
6960 4
1 0.0826149
2 0.09723
3 0.0954587
4 0.275304
6970 4
1 0.0822685
2 0.0956168
3 0.0942779
4 0.272163
6980 4
1 0.0817433
2 0.0928993
3 0.0923834
4 0.267026
6990 4
1 0.0812986
2 0.0906915
3 0.0892904
4 0.261281
7000 4
1 0.0805058
2 0.0898626
3 0.0873293
4 0.257698
7010 4
1 0.0790012
2 0.090333
3 0.0870647
4 0.256399
7020 4
1 0.0774322
2 0.0917272
3 0.0877894
4 0.256949
7030 4
1 0.0771539
2 0.0933823
3 0.0892028
4 0.259739
7040 4
1 0.0777482
2 0.0954387
3 0.0910308
4 0.264218
7050 4
1 0.0769369
2 0.0973441
3 0.0920483
4 0.266329
7060 4
1 0.0748367
2 0.0986998
3 0.0920521
4 0.265589
7070 4
1 0.0734243
2 0.0993988
3 0.0925252
4 0.265348
7080 4
1 0.0733377
2 0.0996068
3 0.0930647
4 0.266009
7090 4
1 0.0744278
2 0.100355
3 0.0924407
4 0.267223
7100 4
1 0.075065
2 0.101823
3 0.0917167
4 0.268605
7110 4
1 0.0746803
2 0.10278
3 0.0918761
4 0.269336
7120 4
1 0.0745438
2 0.102862
3 0.0925282
4 0.269934
7130 4
1 0.074554
2 0.103259
3 0.0929398
4 0.270752
7140 4
1 0.0747988
2 0.104009
3 0.0935213
4 0.272329
7150 4
1 0.0758219
2 0.10391
3 0.0940076
4 0.273739
7160 4
1 0.0769895
2 0.103389
3 0.0944506
4 0.274829
7170 4
1 0.0770484
2 0.102526
3 0.0950358
4 0.27461
7180 4
1 0.0769785
2 0.100587
3 0.0950456
4 0.272611
7190 4
1 0.0772414
2 0.0976249
3 0.0955132
4 0.27038
7200 4
1 0.0774866
2 0.0945476
3 0.0957768
4 0.267811
7210 4
1 0.077405
2 0.0935304
3 0.0957286
4 0.266664
7220 4
1 0.0762452
2 0.0941432
3 0.0962593
4 0.266648
7230 4
1 0.0751697
2 0.0948755
3 0.0970829
4 0.267128
7240 4
1 0.074851
2 0.0958577
3 0.0979385
4 0.268647
7250 4
1 0.0747027
2 0.0970214
3 0.0990261
4 0.27075
7260 4
1 0.0749352
2 0.0986954
3 0.100138
4 0.273769
7270 4
1 0.0746255
2 0.100585
3 0.100734
4 0.275945
7280 4
1 0.0740731
2 0.101907
3 0.100501
4 0.276481
7290 4
1 0.0742638
2 0.102102
3 0.100101
4 0.276466
7300 4
1 0.0765552
2 0.101451
3 0.100998
4 0.279005
7310 4
1 0.0788433
2 0.101329
3 0.103695
4 0.283868
7320 4
1 0.0782533
2 0.101415
3 0.105915
4 0.285583
7330 4
1 0.0760877
2 0.10011
3 0.104496
4 0.280694
7340 4
1 0.0753255
2 0.0976158
3 0.100182
4 0.273123
7350 4
1 0.0764106
2 0.0945101
3 0.0955302
4 0.266451
7360 4
1 0.0769399
2 0.0917343
3 0.0929263
4 0.261601
7370 4
1 0.0759676
2 0.089803
3 0.0914277
4 0.257198
7380 4
1 0.074332
2 0.0893073
3 0.0902427
4 0.253882
7390 4
1 0.0724607
2 0.0907045
3 0.0892238
4 0.252389
7400 4
1 0.0716224
2 0.0932265
3 0.0885425
4 0.253391
7410 4
1 0.0728769
2 0.0949741
3 0.0880066
4 0.255858
7420 4
1 0.0751796
2 0.0953222
3 0.0870563
4 0.257558
7430 4
1 0.0771298
2 0.0952863
3 0.0868381
4 0.259254
7440 4
1 0.0780205
2 0.0966624
3 0.0877696
4 0.262453
7450 4
1 0.0781404
2 0.100056
3 0.0897912
4 0.267988
7460 4
1 0.0782986
2 0.104139
3 0.0918918
4 0.27433
7470 4
1 0.077635
2 0.10693
3 0.0942378
4 0.278802
7480 4
1 0.075659
2 0.108109
3 0.0964359
4 0.280204
7490 4
1 0.0741096
2 0.107363
3 0.0973695
4 0.278842
7500 4
1 0.0745326
2 0.105225
3 0.0970644
4 0.276822
7510 4
1 0.0765759
2 0.102835
3 0.096566
4 0.275977
7520 4
1 0.0776131
2 0.101736
3 0.096072
4 0.275421
7530 4
1 0.0759389
2 0.102265
3 0.0955734
4 0.273777
7540 4
1 0.0728896
2 0.102686
3 0.0947603
4 0.270335
7550 4
1 0.070829
2 0.101622
3 0.0938974
4 0.266348
7560 4
1 0.0704751
2 0.0993146
3 0.0924057
4 0.262195
7570 4
1 0.0719038
2 0.0969488
3 0.0903839
4 0.259236
7580 4
1 0.0741326
2 0.0958493
3 0.0894663
4 0.259448
7590 4
1 0.076135
2 0.0957946
3 0.0894328
4 0.261362
7600 4
1 0.0779552
2 0.0953599
3 0.0893616
4 0.262677
7610 4
1 0.0793643
2 0.0951092
3 0.0893786
4 0.263852
7620 4
1 0.0808868
2 0.0959823
3 0.0890262
4 0.265895
7630 4
1 0.0818523
2 0.096536
3 0.0885397
4 0.266928
7640 4
1 0.0813792
2 0.0971549
3 0.0886962
4 0.26723
7650 4
1 0.0798211
2 0.0988204
3 0.089155
4 0.267797
7660 4
1 0.0783799
2 0.101622
3 0.0899534
4 0.269955
7670 4
1 0.0782949
2 0.104746
3 0.0914957
4 0.274537
7680 4
1 0.0791871
2 0.108394
3 0.0937922
4 0.281373
7690 4
1 0.0810829
2 0.11045
3 0.0978236
4 0.289357
7700 4
1 0.084018
2 0.109036
3 0.103347
4 0.296401
7710 4
1 0.0877067
2 0.105761
3 0.106835
4 0.300303
7720 4
1 0.0912312
2 0.103605
3 0.106363
4 0.301198
7730 4
1 0.0938718
2 0.102585
3 0.103938
4 0.300395
7740 4
1 0.0951966
2 0.102018
3 0.101903
4 0.299118
7750 4
1 0.0945537
2 0.101695
3 0.100714
4 0.296963
7760 4
1 0.0934016
2 0.101363
3 0.100856
4 0.29562
7770 4
1 0.0926409
2 0.100397
3 0.102269
4 0.295307
7780 4
1 0.0908083
2 0.0991899
3 0.104763
4 0.294761
7790 4
1 0.087267
2 0.0983421
3 0.1092
4 0.294809
7800 4
1 0.083969
2 0.0974898
3 0.112927
4 0.294386
7810 4
1 0.0830807
2 0.0975714
3 0.113866
4 0.294518
7820 4
1 0.0834909
2 0.0985332
3 0.113183
4 0.295207
7830 4
1 0.0840902
2 0.0989499
3 0.111576
4 0.294616
7840 4
1 0.0856888
2 0.0998071
3 0.109771
4 0.295267
7850 4
1 0.0879618
2 0.101934
3 0.107662
4 0.297558
7860 4
1 0.0891277
2 0.104256
3 0.106271
4 0.299654
7870 4
1 0.0884718
2 0.10607
3 0.106009
4 0.300551
7880 4
1 0.0875313
2 0.108161
3 0.105927
4 0.30162
7890 4
1 0.0866613
2 0.110055
3 0.104794
4 0.30151
7900 4
1 0.0859971
2 0.110533
3 0.103743
4 0.300273
7910 4
1 0.0861295
2 0.109563
3 0.104483
4 0.300175
7920 4
1 0.087486
2 0.107103
3 0.106166
4 0.300754
7930 4
1 0.0900457
2 0.103354
3 0.106645
4 0.300045
7940 4
1 0.0922794
2 0.100513
3 0.104984
4 0.297777
7950 4
1 0.0928864
2 0.0996679
3 0.101868
4 0.294423
7960 4
1 0.0922554
2 0.0993669
3 0.0996702
4 0.291292
7970 4
1 0.0901954
2 0.0981904
3 0.0996152
4 0.288001
7980 4
1 0.0878461
2 0.0969381
3 0.100661
4 0.285445
7990 4
1 0.0870976
2 0.0965272
3 0.100218
4 0.283843
8000 4
1 0.0872779
2 0.0962788
3 0.0986426
4 0.282199
8010 4
1 0.0870564
2 0.0955539
3 0.0984622
4 0.281073
8020 4
1 0.0858492
2 0.0944503
3 0.100067
4 0.280366
8030 4
1 0.0835827
2 0.0949986
3 0.102849
4 0.28143
8040 4
1 0.0821478
2 0.0971768
3 0.105218
4 0.284543
8050 4
1 0.0824326
2 0.0993936
3 0.105569
4 0.287395
8060 4
1 0.0826295
2 0.100022
3 0.105473
4 0.288124
8070 4
1 0.0828973
2 0.0986288
3 0.106439
4 0.287965
8080 4
1 0.0842199
2 0.0959435
3 0.106916
4 0.28708
8090 4
1 0.0861919
2 0.0950149
3 0.106192
4 0.287399
8100 4
1 0.0880668
2 0.098078
3 0.104977
4 0.291122
8110 4
1 0.0884461
2 0.102453
3 0.103566
4 0.294465
8120 4
1 0.0878767
2 0.105287
3 0.103339
4 0.296503
8130 4
1 0.0880572
2 0.106309
3 0.105018
4 0.299385
8140 4
1 0.0892365
2 0.105786
3 0.107387
4 0.302409
8150 4
1 0.0909609
2 0.105357
3 0.109848
4 0.306166
8160 4
1 0.0922053
2 0.105869
3 0.111496
4 0.309571
8170 4
1 0.0919712
2 0.105728
3 0.11189
4 0.309589
8180 4
1 0.09046
2 0.105582
3 0.111428
4 0.30747
8190 4
1 0.0890107
2 0.105931
3 0.110674
4 0.305616
8200 4
1 0.088592
2 0.107158
3 0.109925
4 0.305675
8210 4
1 0.0889207
2 0.109387
3 0.109445
4 0.307752
8220 4
1 0.0892664
2 0.110328
3 0.1098
4 0.309395
8230 4
1 0.0901388
2 0.110083
3 0.110238
4 0.31046
8240 4
1 0.0905737
2 0.110183
3 0.111516
4 0.312273
8250 4
1 0.0900308
2 0.10903
3 0.114792
4 0.313853
8260 4
1 0.0896199
2 0.107069
3 0.117449
4 0.314139
8270 4
1 0.0899235
2 0.105952
3 0.117107
4 0.312983
8280 4
1 0.0902003
2 0.105406
3 0.115329
4 0.310935
8290 4
1 0.0897597
2 0.104978
3 0.112702
4 0.307441
8300 4
1 0.0888411
2 0.105103
3 0.107955
4 0.3019
8310 4
1 0.088318
2 0.10589
3 0.102559
4 0.296768
8320 4
1 0.088563
2 0.106318
3 0.100469
4 0.29535
8330 4
1 0.0886534
2 0.105677
3 0.101793
4 0.296123
8340 4
1 0.088532
2 0.104222
3 0.103442
4 0.296195
8350 4
1 0.0886351
2 0.102417
3 0.104507
4 0.29556
8360 4
1 0.0890186
2 0.101463
3 0.105558
4 0.29604
8370 4
1 0.0891744
2 0.102475
3 0.106648
4 0.298298
8380 4
1 0.0878112
2 0.105003
3 0.107148
4 0.299962
8390 4
1 0.0847942
2 0.107162
3 0.108272
4 0.300228
8400 4
1 0.0823899
2 0.108492
3 0.109695
4 0.300577
8410 4
1 0.0822426
2 0.10873
3 0.110191
4 0.301163
8420 4
1 0.0841976
2 0.108123
3 0.110185
4 0.302505
8430 4
1 0.0869414
2 0.107152
3 0.110522
4 0.304615
8440 4
1 0.0890074
2 0.105759
3 0.11043
4 0.305196
8450 4
1 0.0893289
2 0.104855
3 0.109235
4 0.303419
8460 4
1 0.0874307
2 0.105462
3 0.108081
4 0.300973
8470 4
1 0.0843229
2 0.107923
3 0.107283
4 0.299528
8480 4
1 0.0820349
2 0.111028
3 0.106684
4 0.299747
8490 4
1 0.0820037
2 0.113919
3 0.106796
4 0.30272
8500 4
1 0.0833692
2 0.116326
3 0.108153
4 0.307848
8510 4
1 0.0844962
2 0.117443
3 0.110188
4 0.312127
8520 4
1 0.085141
2 0.118515
3 0.110984
4 0.314639
8530 4
1 0.085564
2 0.119749
3 0.109498
4 0.31481
8540 4
1 0.0869671
2 0.120531
3 0.108205
4 0.315703
8550 4
1 0.0900574
2 0.121159
3 0.110075
4 0.321292
8560 4
1 0.0931434
2 0.122584
3 0.113808
4 0.329535
8570 4
1 0.0952159
2 0.125084
3 0.116711
4 0.337011
8580 4
1 0.0966865
2 0.127711
3 0.118273
4 0.34267
8590 4
1 0.0977068
2 0.130346
3 0.119405
4 0.347458
8600 4
1 0.0982619
2 0.132536
3 0.121342
4 0.352139
8610 4
1 0.0991072
2 0.132075
3 0.123867
4 0.355049
8620 4
1 0.0999017
2 0.129318
3 0.124871
4 0.354091
8630 4
1 0.0997106
2 0.126301
3 0.123435
4 0.349447
8640 4
1 0.100014
2 0.124269
3 0.12234
4 0.346623
8650 4
1 0.101462
2 0.123119
3 0.12402
4 0.348601
8660 4
1 0.102093
2 0.122574
3 0.127135
4 0.351801
8670 4
1 0.100347
2 0.121606
3 0.128861
4 0.350815
8680 4
1 0.0988175
2 0.120345
3 0.12868
4 0.347843
8690 4
1 0.0998069
2 0.119829
3 0.12871
4 0.348345
8700 4
1 0.102537
2 0.119407
3 0.128827
4 0.350772
8710 4
1 0.10564
2 0.118576
3 0.1281
4 0.352317
8720 4
1 0.10784
2 0.1171
3 0.128534
4 0.353473
8730 4
1 0.108726
2 0.115542
3 0.130026
4 0.354294
8740 4
1 0.108975
2 0.114961
3 0.129518
4 0.353453
8750 4
1 0.109337
2 0.116021
3 0.127499
4 0.352856
8760 4
1 0.108455
2 0.118605
3 0.126285
4 0.353345
8770 4
1 0.106098
2 0.120487
3 0.126079
4 0.352664
8780 4
1 0.10374
2 0.120555
3 0.125659
4 0.349954
8790 4
1 0.102823
2 0.120512
3 0.124626
4 0.34796
8800 4
1 0.10276
2 0.120928
3 0.123483
4 0.347172
8810 4
1 0.10266
2 0.121585
3 0.123192
4 0.347436
8820 4
1 0.102073
2 0.122162
3 0.124341
4 0.348576
8830 4
1 0.100774
2 0.122503
3 0.12605
4 0.349326
8840 4
1 0.0998337
2 0.122382
3 0.127155
4 0.349371
8850 4
1 0.0998374
2 0.121916
3 0.128863
4 0.350616
8860 4
1 0.0997296
2 0.121926
3 0.131046
4 0.352701
8870 4
1 0.0986161
2 0.123649
3 0.13227
4 0.354534
8880 4
1 0.0971087
2 0.126358
3 0.132668
4 0.356134
8890 4
1 0.0962913
2 0.128024
3 0.132959
4 0.357274
8900 4
1 0.0960854
2 0.127987
3 0.134399
4 0.358471
8910 4
1 0.0961247
2 0.126379
3 0.136682
4 0.359185
8920 4
1 0.0957344
2 0.123623
3 0.1385
4 0.357857
8930 4
1 0.0955698
2 0.121332
3 0.137528
4 0.35443
8940 4
1 0.0966279
2 0.11948
3 0.133703
4 0.349811
8950 4
1 0.0976145
2 0.116915
3 0.129646
4 0.344176
8960 4
1 0.0979715
2 0.113687
3 0.126936
4 0.338595
8970 4
1 0.0978579
2 0.111034
3 0.125362
4 0.334254
8980 4
1 0.0966589
2 0.109688
3 0.124856
4 0.331203
8990 4
1 0.093721
2 0.109174
3 0.125388
4 0.328283
9000 4
1 0.0906973
2 0.108158
3 0.126054
4 0.324909
9010 4
1 0.0898852
2 0.106208
3 0.125907
4 0.322
9020 4
1 0.0906601
2 0.104638
3 0.124949
4 0.320247
9030 4
1 0.0917444
2 0.104197
3 0.124394
4 0.320335
9040 4
1 0.092154
2 0.1045
3 0.124586
4 0.321239
9050 4
1 0.0928278
2 0.105057
3 0.124672
4 0.322557
9060 4
1 0.0949528
2 0.10565
3 0.123872
4 0.324475
9070 4
1 0.0972039
2 0.105489
3 0.121453
4 0.324146
9080 4
1 0.0976525
2 0.104696
3 0.117655
4 0.320003
9090 4
1 0.0959779
2 0.10487
3 0.114657
4 0.315504
9100 4
1 0.0942545
2 0.105594
3 0.113226
4 0.313074
9110 4
1 0.0937304
2 0.106162
3 0.111916
4 0.311808
9120 4
1 0.0932998
2 0.107027
3 0.111025
4 0.311352
9130 4
1 0.0918594
2 0.108535
3 0.110169
4 0.310564
9140 4
1 0.0900107
2 0.109893
3 0.11013
4 0.310033
9150 4
1 0.088544
2 0.111192
3 0.111961
4 0.311697
9160 4
1 0.0880002
2 0.113233
3 0.115625
4 0.316858
9170 4
1 0.0886126
2 0.115689
3 0.119263
4 0.323564
9180 4
1 0.0904226
2 0.117573
3 0.120365
4 0.328361
9190 4
1 0.0929443
2 0.11907
3 0.120141
4 0.332155
9200 4
1 0.0950217
2 0.118891
3 0.120079
4 0.333992
9210 4
1 0.0956334
2 0.117213
3 0.119944
4 0.33279
9220 4
1 0.0951714
2 0.116977
3 0.11924
4 0.331388
9230 4
1 0.094147
2 0.117302
3 0.11752
4 0.328969
9240 4
1 0.0926199
2 0.116699
3 0.115582
4 0.3249
9250 4
1 0.0910422
2 0.11471
3 0.11429
4 0.320043
9260 4
1 0.0900855
2 0.11126
3 0.114615
4 0.315961
