# Time-averaged data for fix msdwrite
# TimeStep Number-of-rows
# Row c_msd
10 4
1 0.00335161
2 0.00320927
3 0.00295764
4 0.00951852
20 4
1 0.0276313
2 0.0257221
3 0.0239359
4 0.0772892
30 4
1 0.062595
2 0.0606886
3 0.0574051
4 0.180689
40 4
1 0.0888966
2 0.089611
3 0.0871097
4 0.265617
50 4
1 0.105172
2 0.107228
3 0.10981
4 0.32221
60 4
1 0.115117
2 0.119225
3 0.126895
4 0.361237
70 4
1 0.124181
2 0.134109
3 0.141454
4 0.399744
80 4
1 0.134935
2 0.151954
3 0.156372
4 0.443261
90 4
1 0.146157
2 0.167012
3 0.171552
4 0.48472
100 4
1 0.156357
2 0.1759
3 0.181945
4 0.514202
110 4
1 0.165737
2 0.180276
3 0.18593
4 0.531943
120 4
1 0.174658
2 0.185952
3 0.187613
4 0.548223
130 4
1 0.185396
2 0.19176
3 0.19007
4 0.567227
140 4
1 0.198429
2 0.196
3 0.194
4 0.588429
150 4
1 0.211283
2 0.199821
3 0.199879
4 0.610982
160 4
1 0.22404
2 0.204862
3 0.208187
4 0.637089
170 4
1 0.233053
2 0.208845
3 0.216711
4 0.658609
180 4
1 0.23746
2 0.210083
3 0.222327
4 0.66987
190 4
1 0.240795
2 0.211938
3 0.224414
4 0.677148
200 4
1 0.244094
2 0.216937
3 0.225072
4 0.686103
210 4
1 0.24809
2 0.223385
3 0.227694
4 0.699169
220 4
1 0.249788
2 0.229675
3 0.231349
4 0.710812
230 4
1 0.248918
2 0.236191
3 0.23533
4 0.720438
240 4
1 0.247379
2 0.240397
3 0.241001
4 0.728777
250 4
1 0.245918
2 0.240361
3 0.249432
4 0.735712
260 4
1 0.247877
2 0.237935
3 0.259474
4 0.745286
270 4
1 0.252424
2 0.236486
3 0.267828
4 0.756737
280 4
1 0.258104
2 0.237133
3 0.273126
4 0.768363
290 4
1 0.262499
2 0.23979
3 0.276824
4 0.779113
300 4
1 0.263755
2 0.245941
3 0.279932
4 0.789628
310 4
1 0.265028
2 0.253959
3 0.281155
4 0.800142
320 4
1 0.2707
2 0.260925
3 0.280564
4 0.812189
330 4
1 0.275454
2 0.264771
3 0.279619
4 0.819844
340 4
1 0.277472
2 0.266403
3 0.278399
4 0.822273
350 4
1 0.279716
2 0.266714
3 0.27631
4 0.82274
360 4
1 0.282165
2 0.265543
3 0.275028
4 0.822735
370 4
1 0.281783
2 0.265532
3 0.277367
4 0.824683
380 4
1 0.278663
2 0.26678
3 0.282495
4 0.827938
390 4
1 0.277341
2 0.268286
3 0.285848
4 0.831474
400 4
1 0.278586
2 0.269345
3 0.289295
4 0.837226
410 4
1 0.281471
2 0.272278
3 0.294714
4 0.848464
420 4
1 0.28688
2 0.281399
3 0.300107
4 0.868386
430 4
1 0.294556
2 0.292264
3 0.304688
4 0.891508
440 4
1 0.303713
2 0.297469
3 0.307835
4 0.909017
450 4
1 0.310845
2 0.297071
3 0.309088
4 0.917004
460 4
1 0.31421
2 0.295085
3 0.310436
4 0.919731
470 4
1 0.313936
2 0.293369
3 0.31367
4 0.920975
480 4
1 0.312096
2 0.296129
3 0.316684
4 0.924909
490 4
1 0.311339
2 0.305626
3 0.317566
4 0.934531
500 4
1 0.313216
2 0.316098
3 0.317016
4 0.946329
510 4
1 0.316735
2 0.32319
3 0.318853
4 0.958778
520 4
1 0.31921
2 0.326308
3 0.321154
4 0.966672
530 4
1 0.31807
2 0.327376
3 0.322862
4 0.968309
540 4
1 0.316327
2 0.325652
3 0.325858
4 0.967837
550 4
1 0.314815
2 0.319105
3 0.329547
4 0.963467
560 4
1 0.312033
2 0.312089
3 0.333365
4 0.957488
570 4
1 0.3089
2 0.310708
3 0.336742
4 0.95635
580 4
1 0.306342
2 0.31478
3 0.338472
4 0.959593
590 4
1 0.306427
2 0.319609
3 0.339115
4 0.965151
600 4
1 0.309209
2 0.321059
3 0.342855
4 0.973123
610 4
1 0.313697
2 0.320729
3 0.347134
4 0.98156
620 4
1 0.321017
2 0.319596
3 0.347832
4 0.988445
630 4
1 0.329903
2 0.320267
3 0.348231
4 0.998401
640 4
1 0.336772
2 0.324738
3 0.350447
4 1.01196
650 4
1 0.34252
2 0.332117
3 0.355762
4 1.0304
660 4
1 0.347946
2 0.341571
3 0.365159
4 1.05468
670 4
1 0.352504
2 0.352381
3 0.375863
4 1.08075
680 4
1 0.357401
2 0.360328
3 0.386064
4 1.10379
690 4
1 0.363097
2 0.363814
3 0.392519
4 1.11943
700 4
1 0.369963
2 0.365284
3 0.394073
4 1.12932
710 4
1 0.375721
2 0.366134
3 0.393095
4 1.13495
720 4
1 0.377359
2 0.367256
3 0.389479
4 1.13409
730 4
1 0.378245
2 0.372942
3 0.385547
4 1.13673
740 4
1 0.383991
2 0.384678
3 0.384764
4 1.15343
750 4
1 0.393065
2 0.398355
3 0.386607
4 1.17803
760 4
1 0.399884
2 0.408658
3 0.38899
4 1.19753
770 4
1 0.398264
2 0.415926
3 0.389274
4 1.20346
780 4
1 0.389163
2 0.423307
3 0.385028
4 1.1975
790 4
1 0.384061
2 0.426323
3 0.377777
4 1.18816
800 4
1 0.386818
2 0.421342
3 0.372515
4 1.18068
810 4
1 0.393362
2 0.411587
3 0.369356
4 1.17431
820 4
1 0.39674
2 0.402021
3 0.368795
4 1.16756
830 4
1 0.396639
2 0.396143
3 0.372717
4 1.1655
840 4
1 0.394379
2 0.394226
3 0.374169
4 1.16277
850 4
1 0.389502
2 0.392529
3 0.371952
4 1.15398
860 4
1 0.383561
2 0.391242
3 0.372886
4 1.14769
870 4
1 0.377156
2 0.391103
3 0.375741
4 1.144
880 4
1 0.37307
2 0.391914
3 0.377132
4 1.14212
890 4
1 0.37145
2 0.392916
3 0.378075
4 1.14244
900 4
1 0.370554
2 0.392907
3 0.381494
4 1.14496
910 4
1 0.372054
2 0.392063
3 0.38813
4 1.15225
920 4
1 0.378072
2 0.39207
3 0.394704
4 1.16485
930 4
1 0.388256
2 0.392119
3 0.400013
4 1.18039
940 4
1 0.398559
2 0.393788
3 0.404188
4 1.19654
950 4
1 0.403492
2 0.397754
3 0.408233
4 1.20948
960 4
1 0.403188
2 0.398483
3 0.413683
4 1.21535
970 4
1 0.401277
2 0.395792
3 0.420849
4 1.21792
980 4
1 0.398783
2 0.393145
3 0.426156
4 1.21808
990 4
1 0.39658
2 0.392132
3 0.426836
4 1.21555
1000 4
1 0.398645
2 0.3933
3 0.424217
4 1.21616
1010 4
1 0.402584
2 0.395488
3 0.423938
4 1.22201
1020 4
1 0.403819
2 0.398177
3 0.424919
4 1.22692
1030 4
1 0.400686
2 0.399884
3 0.424467
4 1.22504
1040 4
1 0.396888
2 0.399998
3 0.421959
4 1.21884
1050 4
1 0.394348
2 0.397779
3 0.418058
4 1.21019
1060 4
1 0.390145
2 0.395437
3 0.41492
4 1.2005
1070 4
1 0.384265
2 0.392506
3 0.412173
4 1.18894
1080 4
1 0.380662
2 0.388943
3 0.409332
4 1.17894
1090 4
1 0.378739
2 0.385693
3 0.403723
4 1.16816
1100 4
1 0.379338
2 0.385437
3 0.400047
4 1.16482
1110 4
1 0.383317
2 0.387095
3 0.402786
4 1.1732
1120 4
1 0.388809
2 0.389335
3 0.407987
4 1.18613
1130 4
1 0.395058
2 0.392824
3 0.411013
4 1.19889
1140 4
1 0.400829
2 0.397818
3 0.411703
4 1.21035
1150 4
1 0.406828
2 0.40333
3 0.410812
4 1.22097
1160 4
1 0.411478
2 0.409569
3 0.40895
4 1.23
1170 4
1 0.413199
2 0.414046
3 0.409303
4 1.23655
1180 4
1 0.412751
2 0.412723
3 0.412342
4 1.23782
1190 4
1 0.410863
2 0.408322
3 0.416017
4 1.2352
1200 4
1 0.409371
2 0.407705
3 0.417342
4 1.23442
1210 4
1 0.410258
2 0.40859
3 0.417025
4 1.23587
1220 4
1 0.412545
2 0.408856
3 0.416207
4 1.23761
1230 4
1 0.412899
2 0.409819
3 0.412696
4 1.23541
1240 4
1 0.411014
2 0.410417
3 0.406285
4 1.22772
1250 4
1 0.408444
2 0.410572
3 0.400712
4 1.21973
1260 4
1 0.405955
2 0.411518
3 0.397328
4 1.2148
1270 4
1 0.404501
2 0.412419
3 0.394313
4 1.21123
1280 4
1 0.403084
2 0.41194
3 0.393835
4 1.20886
1290 4
1 0.40481
2 0.407481
3 0.397778
4 1.21007
1300 4
1 0.4098
2 0.399316
3 0.403333
4 1.21245
1310 4
1 0.411941
2 0.39398
3 0.407342
4 1.21326
1320 4
1 0.409381
2 0.395402
3 0.410199
4 1.21498
1330 4
1 0.407153
2 0.398503
3 0.413009
4 1.21866
1340 4
1 0.407593
2 0.39991
3 0.412613
4 1.22012
1350 4
1 0.406457
2 0.40177
3 0.406914
4 1.21514
1360 4
1 0.401871
2 0.406116
3 0.400395
4 1.20838
1370 4
1 0.397778
2 0.411716
3 0.398704
4 1.2082
1380 4
1 0.395772
2 0.415727
3 0.402527
4 1.21403
1390 4
1 0.396722
2 0.417878
3 0.407658
4 1.22226
1400 4
1 0.401178
2 0.416967
3 0.41193
4 1.23007
1410 4
1 0.406318
2 0.411428
3 0.416065
4 1.23381
1420 4
1 0.409468
2 0.406178
3 0.418785
4 1.23443
1430 4
1 0.410302
2 0.406133
3 0.418738
4 1.23517
1440 4
1 0.410531
2 0.408815
3 0.417643
4 1.23699
1450 4
1 0.410853
2 0.411695
3 0.417074
4 1.23962
1460 4
1 0.409922
2 0.414379
3 0.418184
4 1.24249
1470 4
1 0.411196
2 0.41689
3 0.422839
4 1.25092
1480 4
1 0.414844
2 0.419224
3 0.431688
4 1.26576
1490 4
1 0.418075
2 0.419948
3 0.440986
4 1.27901
1500 4
1 0.418966
2 0.418113
3 0.445669
4 1.28275
1510 4
1 0.41869
2 0.416152
3 0.445612
4 1.28045
1520 4
1 0.417976
2 0.415147
3 0.441335
4 1.27446
1530 4
1 0.415457
2 0.414983
3 0.435144
4 1.26558
1540 4
1 0.411178
2 0.414669
3 0.430836
4 1.25668
1550 4
1 0.40889
2 0.412734
3 0.428702
4 1.25033
1560 4
1 0.409203
2 0.408215
3 0.426621
4 1.24404
1570 4
1 0.409058
2 0.4032
3 0.424418
4 1.23668
1580 4
1 0.407214
2 0.400281
3 0.423006
4 1.2305
1590 4
1 0.404274
2 0.400103
3 0.421323
4 1.2257
1600 4
1 0.402266
2 0.401169
3 0.420223
4 1.22366
1610 4
1 0.401068
2 0.403736
3 0.422497
4 1.2273
1620 4
1 0.401876
2 0.406023
3 0.426273
4 1.23417
1630 4
1 0.402761
2 0.404207
3 0.426913
4 1.23388
1640 4
1 0.401794
2 0.399795
3 0.424392
4 1.22598
1650 4
1 0.400667
2 0.398337
3 0.420697
4 1.2197
1660 4
1 0.401785
2 0.400639
3 0.419523
4 1.22195
1670 4
1 0.402827
2 0.403377
3 0.424081
4 1.23029
1680 4
1 0.403386
2 0.40582
3 0.432162
4 1.24137
1690 4
1 0.404801
2 0.409309
3 0.438677
4 1.25279
1700 4
1 0.405875
2 0.411565
3 0.442629
4 1.26007
1710 4
1 0.407757
2 0.408792
3 0.445686
4 1.26224
1720 4
1 0.409593
2 0.404199
3 0.447541
4 1.26133
1730 4
1 0.408355
2 0.402285
3 0.447829
4 1.25847
1740 4
1 0.405046
2 0.403827
3 0.447393
4 1.25627
1750 4
1 0.401485
2 0.4063
3 0.447241
4 1.25503
1760 4
1 0.398053
2 0.408674
3 0.44793
4 1.25466
1770 4
1 0.396458
2 0.41154
3 0.450387
4 1.25839
1780 4
1 0.398952
2 0.413066
3 0.453427
4 1.26545
1790 4
1 0.404313
2 0.413407
3 0.454673
4 1.27239
1800 4
1 0.410577
2 0.412158
3 0.455163
4 1.2779
1810 4
1 0.415804
2 0.40957
3 0.457683
4 1.28306
1820 4
1 0.417417
2 0.407448
3 0.461159
4 1.28602
1830 4
1 0.416458
2 0.404427
3 0.462581
4 1.28347
1840 4
1 0.417084
2 0.401559
3 0.460797
4 1.27944
1850 4
1 0.418402
2 0.403358
3 0.455287
4 1.27705
1860 4
1 0.417151
2 0.408077
3 0.447969
4 1.2732
1870 4
1 0.414015
2 0.411657
3 0.445202
4 1.27087
1880 4
1 0.409878
2 0.414463
3 0.446149
4 1.27049
1890 4
1 0.405176
2 0.417256
3 0.44627
4 1.2687
1900 4
1 0.40205
2 0.419687
3 0.445095
4 1.26683
1910 4
1 0.401372
2 0.420198
3 0.444763
4 1.26633
1920 4
1 0.404115
2 0.417303
3 0.445544
4 1.26696
1930 4
1 0.40792
2 0.412946
3 0.448024
4 1.26889
1940 4
1 0.411009
2 0.411281
3 0.452495
4 1.27478
1950 4
1 0.413126
2 0.415077
3 0.456617
4 1.28482
1960 4
1 0.414644
2 0.422497
3 0.460596
4 1.29774
1970 4
1 0.41442
2 0.42831
3 0.46415
4 1.30688
1980 4
1 0.412535
2 0.429846
3 0.467131
4 1.30951
1990 4
1 0.412423
2 0.429892
3 0.470999
4 1.31331
2000 4
1 0.416026
2 0.431235
3 0.473252
4 1.32051
2010 4
1 0.421148
2 0.43381
3 0.471249
4 1.32621
2020 4
1 0.424226
2 0.435733
3 0.466462
4 1.32642
2030 4
1 0.425566
2 0.43746
3 0.463822
4 1.32685
2040 4
1 0.427259
2 0.441025
3 0.465702
4 1.33399
2050 4
1 0.428891
2 0.447067
3 0.470809
4 1.34677
2060 4
1 0.430976
2 0.452492
3 0.476228
4 1.3597
2070 4
1 0.433142
2 0.454097
3 0.478079
4 1.36532
2080 4
1 0.435203
2 0.453615
3 0.475305
4 1.36412
2090 4
1 0.436908
2 0.453297
3 0.47149
4 1.36169
2100 4
1 0.436309
2 0.455002
3 0.469558
4 1.36087
2110 4
1 0.433723
2 0.456492
3 0.469301
4 1.35952
2120 4
1 0.430809
2 0.456429
3 0.470615
4 1.35785
2130 4
1 0.429714
2 0.453519
3 0.472989
4 1.35622
2140 4
1 0.430819
2 0.447629
3 0.476773
4 1.35522
2150 4
1 0.432055
2 0.441295
3 0.480498
4 1.35385
2160 4
1 0.430874
2 0.440291
3 0.482071
4 1.35324
2170 4
1 0.426903
2 0.444313
3 0.481912
4 1.35313
2180 4
1 0.422365
2 0.4485
3 0.481656
4 1.35252
2190 4
1 0.420747
2 0.450997
3 0.481711
4 1.35345
2200 4
1 0.422067
2 0.45221
3 0.482924
4 1.3572
2210 4
1 0.42486
2 0.453934
3 0.485485
4 1.36428
2220 4
1 0.430244
2 0.457749
3 0.486692
4 1.37469
2230 4
1 0.439503
2 0.462931
3 0.484804
4 1.38724
2240 4
1 0.448912
2 0.46774
3 0.482088
4 1.39874
2250 4
1 0.455156
2 0.470036
3 0.481021
4 1.40621
2260 4
1 0.458061
2 0.46776
3 0.483464
4 1.40929
2270 4
1 0.459021
2 0.463055
3 0.490225
4 1.4123
2280 4
1 0.459318
2 0.459892
3 0.498104
4 1.41732
2290 4
1 0.457246
2 0.458255
3 0.504073
4 1.41957
2300 4
1 0.452984
2 0.456031
3 0.506703
4 1.41572
2310 4
1 0.448856
2 0.452271
3 0.506204
4 1.40733
2320 4
1 0.445311
2 0.449291
3 0.505412
4 1.40001
2330 4
1 0.443127
2 0.446409
3 0.504431
4 1.39397
2340 4
1 0.440562
2 0.44438
3 0.502576
4 1.38752
2350 4
1 0.437557
2 0.443971
3 0.500584
4 1.38211
2360 4
1 0.436481
2 0.442381
3 0.501938
4 1.3808
2370 4
1 0.436346
2 0.439407
3 0.505759
4 1.38151
2380 4
1 0.434767
2 0.437536
3 0.508567
4 1.38087
2390 4
1 0.43109
2 0.438499
3 0.507872
4 1.37746
2400 4
1 0.428067
2 0.442406
3 0.504834
4 1.37531
2410 4
1 0.428668
2 0.446496
3 0.503275
4 1.37844
2420 4
1 0.431008
2 0.448535
3 0.503331
4 1.38287
2430 4
1 0.432046
2 0.448302
3 0.502897
4 1.38325
2440 4
1 0.431267
2 0.445578
3 0.500647
4 1.37749
2450 4
1 0.429962
2 0.442551
3 0.496282
4 1.3688
2460 4
1 0.431248
2 0.440677
3 0.491518
4 1.36344
2470 4
1 0.435793
2 0.440202
3 0.488707
4 1.3647
2480 4
1 0.44073
2 0.441887
3 0.489241
4 1.37186
2490 4
1 0.445503
2 0.44549
3 0.491547
4 1.38254
2500 4
1 0.448537
2 0.449162
3 0.492728
4 1.39043
2510 4
1 0.448611
2 0.451438
3 0.492316
4 1.39236
2520 4
1 0.446149
2 0.452759
3 0.491344
4 1.39025
2530 4
1 0.443022
2 0.453614
3 0.489979
4 1.38661
2540 4
1 0.441805
2 0.453725
3 0.488752
4 1.38428
2550 4
1 0.442723
2 0.451788
3 0.489103
4 1.38361
2560 4
1 0.447458
2 0.448583
3 0.49172
4 1.38776
2570 4
1 0.454922
2 0.447261
3 0.493753
4 1.39594
2580 4
1 0.458357
2 0.449554
3 0.492732
4 1.40064
2590 4
1 0.455097
2 0.454397
3 0.489611
4 1.3991
2600 4
1 0.44855
2 0.461149
3 0.487857
4 1.39756
2610 4
1 0.442846
2 0.4679
3 0.489748
4 1.40049
2620 4
1 0.440812
2 0.471154
3 0.494654
4 1.40662
2630 4
1 0.444281
2 0.469578
3 0.501356
4 1.41522
2640 4
1 0.451215
2 0.467093
3 0.505747
4 1.42405
2650 4
1 0.457998
2 0.467667
3 0.505332
4 1.431
2660 4
1 0.46302
2 0.469602
3 0.502566
4 1.43519
2670 4
1 0.465991
2 0.46923
3 0.499914
4 1.43514
2680 4
1 0.465621
2 0.468635
3 0.500432
4 1.43469
2690 4
1 0.46108
2 0.469795
3 0.504413
4 1.43529
2700 4
1 0.45534
2 0.47161
3 0.508531
4 1.43548
2710 4
1 0.451004
2 0.471518
3 0.508592
4 1.43111
2720 4
1 0.448715
2 0.46845
3 0.506055
4 1.42322
2730 4
1 0.446612
2 0.464467
3 0.504936
4 1.41601
2740 4
1 0.444293
2 0.462394
3 0.504861
4 1.41155
2750 4
1 0.444981
2 0.463732
3 0.505256
4 1.41397
2760 4
1 0.448906
2 0.468027
3 0.505275
4 1.42221
2770 4
1 0.451225
2 0.472606
3 0.504826
4 1.42866
2780 4
1 0.448724
2 0.474657
3 0.504789
4 1.42817
2790 4
1 0.443637
2 0.475942
3 0.505476
4 1.42505
2800 4
1 0.440056
2 0.477062
3 0.507172
4 1.42429
2810 4
1 0.440435
2 0.476445
3 0.511158
4 1.42804
2820 4
1 0.443753
2 0.475159
3 0.518022
4 1.43694
2830 4
1 0.448899
2 0.476102
3 0.524994
4 1.44999
2840 4
1 0.456183
2 0.478904
3 0.52758
4 1.46267
2850 4
1 0.46469
2 0.480548
3 0.527406
4 1.47264
2860 4
1 0.473194
2 0.477933
3 0.527898
4 1.47902
2870 4
1 0.479933
2 0.47268
3 0.52885
4 1.48146
2880 4
1 0.481669
2 0.469369
3 0.52949
4 1.48053
2890 4
1 0.478969
2 0.470356
3 0.531219
4 1.48054
2900 4
1 0.474081
2 0.475614
3 0.533467
4 1.48316
2910 4
1 0.468514
2 0.482747
3 0.531747
4 1.48301
2920 4
1 0.464414
2 0.490256
3 0.524401
4 1.47907
2930 4
1 0.46285
2 0.497817
3 0.515625
4 1.47629
2940 4
1 0.463818
2 0.502982
3 0.50855
4 1.47535
2950 4
1 0.466784
2 0.503334
3 0.505075
4 1.47519
2960 4
1 0.469769
2 0.498928
3 0.503491
4 1.47219
2970 4
1 0.470915
2 0.493012
3 0.50162
4 1.46555
2980 4
1 0.469927
2 0.490894
3 0.500716
4 1.46154
2990 4
1 0.467213
2 0.493827
3 0.500791
4 1.46183
3000 4
1 0.464307
2 0.497559
3 0.501318
4 1.46318
3010 4
1 0.464033
2 0.498908
3 0.502274
4 1.46521
3020 4
1 0.46513
2 0.496286
3 0.506462
4 1.46788
3030 4
1 0.463952
2 0.491568
3 0.514047
4 1.46957
3040 4
1 0.460323
2 0.490142
3 0.519658
4 1.47012
3050 4
1 0.456982
2 0.492063
3 0.520229
4 1.46927
3060 4
1 0.457318
2 0.495575
3 0.517553
4 1.47045
3070 4
1 0.459652
2 0.49975
3 0.514427
4 1.47383
3080 4
1 0.460483
2 0.500701
3 0.511566
4 1.47275
3090 4
1 0.459455
2 0.498396
3 0.508227
4 1.46608
3100 4
1 0.459556
2 0.497008
3 0.504267
4 1.46083
3110 4
1 0.46177
2 0.498521
3 0.502138
4 1.46243
3120 4
1 0.463781
2 0.503395
3 0.50372
4 1.4709
3130 4
1 0.466284
2 0.509236
3 0.506194
4 1.48171
3140 4
1 0.470373
2 0.512588
3 0.50922
4 1.49218
3150 4
1 0.472936
2 0.512255
3 0.512208
4 1.4974
3160 4
1 0.474333
2 0.509958
3 0.51346
4 1.49775
3170 4
1 0.475313
2 0.507598
3 0.513745
4 1.49665
3180 4
1 0.474291
2 0.50631
3 0.514594
4 1.4952
3190 4
1 0.471473
2 0.506384
3 0.515052
4 1.49291
3200 4
1 0.468854
2 0.507145
3 0.512923
4 1.48892
3210 4
1 0.467106
2 0.507189
3 0.509396
4 1.48369
3220 4
1 0.465136
2 0.505746
3 0.507464
4 1.47835
3230 4
1 0.465245
2 0.502331
3 0.5082
4 1.47578
3240 4
1 0.468607
2 0.498359
3 0.510347
4 1.47731
3250 4
1 0.47304
2 0.497161
3 0.510752
4 1.48095
3260 4
1 0.475759
2 0.500669
3 0.508975
4 1.4854
3270 4
1 0.476595
2 0.504803
3 0.507858
4 1.48926
3280 4
1 0.477103
2 0.505058
3 0.510635
4 1.4928
3290 4
1 0.476115
2 0.50369
3 0.51657
4 1.49638
3300 4
1 0.470353
2 0.503579
3 0.522233
4 1.49617
3310 4
1 0.462403
2 0.505345
3 0.525084
4 1.49283
3320 4
1 0.458547
2 0.508066
3 0.525383
4 1.492
3330 4
1 0.460437
2 0.509033
3 0.525558
4 1.49503
3340 4
1 0.467106
2 0.50696
3 0.525634
4 1.4997
3350 4
1 0.474965
2 0.503657
3 0.523083
4 1.50171
3360 4
1 0.479699
2 0.499518
3 0.517834
4 1.49705
3370 4
1 0.479135
2 0.493956
3 0.513733
4 1.48682
3380 4
1 0.474048
2 0.489974
3 0.514915
4 1.47894
3390 4
1 0.466503
2 0.489634
3 0.520034
4 1.47617
3400 4
1 0.459916
2 0.492756
3 0.523266
4 1.47594
3410 4
1 0.455644
2 0.498989
3 0.524388
4 1.47902
3420 4
1 0.454117
2 0.503806
3 0.526075
4 1.484
3430 4
1 0.456703
2 0.50576
3 0.528966
4 1.49143
3440 4
1 0.463585
2 0.508003
3 0.531827
4 1.50341
3450 4
1 0.473416
2 0.51024
3 0.532183
4 1.51584
3460 4
1 0.482254
2 0.510593
3 0.531055
4 1.5239
3470 4
1 0.485961
2 0.510481
3 0.531534
4 1.52798
3480 4
1 0.485204
2 0.511657
3 0.533686
4 1.53055
3490 4
1 0.484001
2 0.511171
3 0.535836
4 1.53101
3500 4
1 0.483841
2 0.504866
3 0.534103
4 1.52281
3510 4
1 0.480019
2 0.496348
3 0.527418
4 1.50379
3520 4
1 0.472585
2 0.494139
3 0.518931
4 1.48565
3530 4
1 0.467005
2 0.497932
3 0.51445
4 1.47939
3540 4
1 0.466397
2 0.500786
3 0.516151
4 1.48333
3550 4
1 0.469869
2 0.501582
3 0.521863
4 1.49331
3560 4
1 0.475167
2 0.503728
3 0.528752
4 1.50765
3570 4
1 0.478679
2 0.508488
3 0.530916
4 1.51808
3580 4
1 0.478557
2 0.51513
3 0.52618
4 1.51987
3590 4
1 0.474324
2 0.522599
3 0.5196
4 1.51652
3600 4
1 0.468429
2 0.529815
3 0.516523
4 1.51477
3610 4
1 0.465627
2 0.534375
3 0.517213
4 1.51722
3620 4
1 0.466965
2 0.535251
3 0.520183
4 1.5224
3630 4
1 0.469009
2 0.533223
3 0.523374
4 1.52561
3640 4
1 0.469817
2 0.529586
3 0.523688
4 1.52309
3650 4
1 0.471376
2 0.525919
3 0.520714
4 1.51801
3660 4
1 0.474691
2 0.521826
3 0.51726
4 1.51378
3670 4
1 0.479558
2 0.516948
3 0.516066
4 1.51257
3680 4
1 0.484801
2 0.511961
3 0.517222
4 1.51398
3690 4
1 0.48808
2 0.509004
3 0.519696
4 1.51678
3700 4
1 0.486522
2 0.510204
3 0.522189
4 1.51891
3710 4
1 0.48034
2 0.512247
3 0.524552
4 1.51714
3720 4
1 0.474565
2 0.510704
3 0.523561
4 1.50883
3730 4
1 0.472479
2 0.507037
3 0.519124
4 1.49864
3740 4
1 0.471797
2 0.505426
3 0.516297
4 1.49352
3750 4
1 0.47123
2 0.50641
3 0.518121
4 1.49576
3760 4
1 0.471558
2 0.507842
3 0.524467
4 1.50387
3770 4
1 0.471538
2 0.509287
3 0.531595
4 1.51242
3780 4
1 0.47178
2 0.510846
3 0.535292
4 1.51792
3790 4
1 0.474452
2 0.511559
3 0.532369
4 1.51838
3800 4
1 0.48001
2 0.510328
3 0.526143
4 1.51648
3810 4
1 0.485118
2 0.506258
3 0.522933
4 1.51431
3820 4
1 0.487954
2 0.501501
3 0.521949
4 1.5114
3830 4
1 0.486876
2 0.498772
3 0.521125
4 1.50677
3840 4
1 0.484513
2 0.497831
3 0.518875
4 1.50122
3850 4
1 0.486515
2 0.498962
3 0.514181
4 1.49966
3860 4
1 0.493012
2 0.502035
3 0.510586
4 1.50563
3870 4
1 0.498798
2 0.505266
3 0.511615
4 1.51568
3880 4
1 0.499607
2 0.508042
3 0.516999
4 1.52465
3890 4
1 0.497508
2 0.511636
3 0.522214
4 1.53136
3900 4
1 0.497318
2 0.516547
3 0.524472
4 1.53834
3910 4
1 0.497842
2 0.521281
3 0.52385
4 1.54297
3920 4
1 0.496489
2 0.523625
3 0.521429
4 1.54154
3930 4
1 0.493612
2 0.52025
3 0.519835
4 1.5337
3940 4
1 0.491104
2 0.514392
3 0.520825
4 1.52632
3950 4
1 0.49051
2 0.510789
3 0.524018
4 1.52532
3960 4
1 0.491658
2 0.512137
3 0.528293
4 1.53209
3970 4
1 0.492015
2 0.516744
3 0.532737
4 1.5415
3980 4
1 0.489838
2 0.520816
3 0.537691
4 1.54834
3990 4
1 0.485185
2 0.522179
3 0.542736
4 1.5501
4000 4
1 0.480695
2 0.519788
3 0.5461
4 1.54658
4010 4
1 0.476347
2 0.514184
3 0.546583
4 1.53711
4020 4
1 0.470397
2 0.50901
3 0.544781
4 1.52419
4030 4
1 0.464172
2 0.506735
3 0.542284
4 1.51319
4040 4
1 0.461412
2 0.508372
3 0.539817
4 1.5096
4050 4
1 0.461307
2 0.513681
3 0.539043
4 1.51403
4060 4
1 0.461964
2 0.520648
3 0.541108
4 1.52372
4070 4
1 0.464872
2 0.526405
3 0.545361
4 1.53664
4080 4
1 0.470623
2 0.531138
3 0.546887
4 1.54865
4090 4
1 0.47658
2 0.534838
3 0.543253
4 1.55467
4100 4
1 0.47959
2 0.536754
3 0.538471
4 1.55481
4110 4
1 0.479629
2 0.53656
3 0.536599
4 1.55279
4120 4
1 0.475899
2 0.535775
3 0.537588
4 1.54926
4130 4
1 0.469259
2 0.536081
3 0.538158
4 1.5435
4140 4
1 0.465578
2 0.535359
3 0.535133
4 1.53607
4150 4
1 0.467455
2 0.530577
3 0.5296
4 1.52763
4160 4
1 0.471947
2 0.524845
3 0.524411
4 1.5212
4170 4
1 0.476272
2 0.520156
3 0.522524
4 1.51895
4180 4
1 0.479564
2 0.516317
3 0.523764
4 1.51964
4190 4
1 0.48075
2 0.514088
3 0.525701
4 1.52054
4200 4
1 0.480094
2 0.514939
3 0.525766
4 1.5208
4210 4
1 0.477887
2 0.520315
3 0.525303
4 1.52351
4220 4
1 0.475236
2 0.527025
3 0.5259
4 1.52816
4230 4
1 0.475526
2 0.530488
3 0.527159
4 1.53317
4240 4
1 0.478535
2 0.530543
3 0.529025
4 1.5381
4250 4
1 0.482488
2 0.53074
3 0.531749
4 1.54498
4260 4
1 0.485502
2 0.531419
3 0.535291
4 1.55221
4270 4
1 0.484761
2 0.529888
3 0.538907
4 1.55355
4280 4
1 0.482615
2 0.526487
3 0.541426
4 1.55053
4290 4
1 0.481453
2 0.523863
3 0.542314
4 1.54763
4300 4
1 0.479775
2 0.52297
3 0.541048
4 1.54379
4310 4
1 0.477414
2 0.52505
3 0.540081
4 1.54255
4320 4
1 0.475395
2 0.528287
3 0.541861
4 1.54554
4330 4
1 0.475075
2 0.530517
3 0.546407
4 1.552
4340 4
1 0.476819
2 0.531406
3 0.551632
4 1.55986
4350 4
1 0.479749
2 0.531887
3 0.555658
4 1.56729
4360 4
1 0.482204
2 0.531743
3 0.557078
4 1.57102
4370 4
1 0.479988
2 0.529417
3 0.556029
4 1.56543
4380 4
1 0.47329
2 0.524898
3 0.553382
4 1.55157
4390 4
1 0.46823
2 0.521184
3 0.550008
4 1.53942
4400 4
1 0.466708
2 0.520442
3 0.546944
4 1.53409
4410 4
1 0.467398
2 0.522087
3 0.542278
4 1.53176
4420 4
1 0.467072
2 0.522174
3 0.535423
4 1.52467
4430 4
1 0.462976
2 0.521026
3 0.52912
4 1.51312
4440 4
1 0.457841
2 0.524492
3 0.523565
4 1.5059
4450 4
1 0.455947
2 0.533411
3 0.517872
4 1.50723
4460 4
1 0.457346
2 0.541902
3 0.513598
4 1.51285
4470 4
1 0.458824
2 0.54458
3 0.511901
4 1.5153
4480 4
1 0.458868
2 0.541062
3 0.51312
4 1.51305
4490 4
1 0.457061
2 0.535739
3 0.517454
4 1.51025
4500 4
1 0.456263
2 0.528943
3 0.523046
4 1.50825
4510 4
1 0.457167
2 0.521689
3 0.525307
4 1.50416
4520 4
1 0.458282
2 0.517899
3 0.522303
4 1.49848
4530 4
1 0.459555
2 0.519262
3 0.515681
4 1.4945
4540 4
1 0.460381
2 0.523276
3 0.511003
4 1.49466
4550 4
1 0.460113
2 0.527116
3 0.511786
4 1.49901
4560 4
1 0.457863
2 0.52933
3 0.515779
4 1.50297
4570 4
1 0.454813
2 0.528815
3 0.520852
4 1.50448
4580 4
1 0.452016
2 0.525534
3 0.52604
4 1.50359
4590 4
1 0.451722
2 0.520961
3 0.530421
4 1.5031
4600 4
1 0.453633
2 0.518449
3 0.533976
4 1.50606
4610 4
1 0.456101
2 0.517541
3 0.539217
4 1.51286
4620 4
1 0.457903
2 0.515849
3 0.545179
4 1.51893
4630 4
1 0.459344
2 0.511906
3 0.549277
4 1.52053
4640 4
1 0.462437
2 0.50962
3 0.551577
4 1.52363
4650 4
1 0.465141
2 0.509566
3 0.553089
4 1.5278
4660 4
1 0.465473
2 0.507643
3 0.554101
4 1.52722
4670 4
1 0.465499
2 0.503111
3 0.555161
4 1.52377
4680 4
1 0.466937
2 0.499716
3 0.555779
4 1.52243
4690 4
1 0.469551
2 0.50079
3 0.555174
4 1.52551
4700 4
1 0.472874
2 0.507917
3 0.55408
4 1.53487
4710 4
1 0.475225
2 0.515913
3 0.549014
4 1.54015
4720 4
1 0.474324
2 0.517741
3 0.540866
4 1.53293
4730 4
1 0.471152
2 0.512603
3 0.534316
4 1.51807
4740 4
1 0.469505
2 0.505093
3 0.530374
4 1.50497
4750 4
1 0.470939
2 0.498226
3 0.52791
4 1.49708
4760 4
1 0.472676
2 0.492859
3 0.524298
4 1.48983
4770 4
1 0.471991
2 0.489916
3 0.521825
4 1.48373
4780 4
1 0.467401
2 0.489068
3 0.521976
4 1.47844
4790 4
1 0.461478
2 0.487457
3 0.520845
4 1.46978
4800 4
1 0.458237
2 0.486027
3 0.516634
4 1.4609
4810 4
1 0.460374
2 0.486645
3 0.51044
4 1.45746
4820 4
1 0.465878
2 0.487485
3 0.504639
4 1.458
4830 4
1 0.469897
2 0.487997
3 0.501659
4 1.45955
4840 4
1 0.470751
2 0.4895
3 0.503918
4 1.46417
4850 4
1 0.471164
2 0.492493
3 0.511219
4 1.47488
4860 4
1 0.473477
2 0.497114
3 0.521241
4 1.49183
4870 4
1 0.476811
2 0.502534
3 0.530261
4 1.50961
4880 4
1 0.478715
2 0.504651
3 0.535776
4 1.51914
4890 4
1 0.478075
2 0.502744
3 0.538703
4 1.51952
4900 4
1 0.47663
2 0.500961
3 0.539771
4 1.51736
4910 4
1 0.477515
2 0.502825
3 0.542699
4 1.52304
4920 4
1 0.479543
2 0.506689
3 0.54973
4 1.53596
4930 4
1 0.481613
2 0.511168
3 0.558078
4 1.55086
4940 4
1 0.48443
2 0.515501
3 0.566
4 1.56593
4950 4
1 0.487462
2 0.517656
3 0.571718
4 1.57684
4960 4
1 0.488492
2 0.517247
3 0.574325
4 1.58006
4970 4
1 0.487809
2 0.516049
3 0.571351
4 1.57521
4980 4
1 0.487638
2 0.515135
3 0.562413
4 1.56519
4990 4
1 0.486462
2 0.515509
3 0.553571
4 1.55554
5000 4
1 0.482301
2 0.514357
3 0.549135
4 1.54579
5010 4
1 0.478645
2 0.510107
3 0.546434
4 1.53519
5020 4
1 0.477035
2 0.506503
3 0.542225
4 1.52576
5030 4
1 0.477257
2 0.505394
3 0.538274
4 1.52093
5040 4
1 0.481014
2 0.504972
3 0.53464
4 1.52063
5050 4
1 0.486731
2 0.505362
3 0.533637
4 1.52573
5060 4
1 0.491249
2 0.50743
3 0.538115
4 1.53679
5070 4
1 0.493352
2 0.509108
3 0.547142
4 1.5496
5080 4
1 0.491242
2 0.508325
3 0.557089
4 1.55666
5090 4
1 0.486103
2 0.50513
3 0.563488
4 1.55472
5100 4
1 0.482507
2 0.501669
3 0.564492
4 1.54867
5110 4
1 0.482719
2 0.500677
3 0.559009
4 1.5424
5120 4
1 0.484742
2 0.502034
3 0.550679
4 1.53746
5130 4
1 0.485332
2 0.502922
3 0.543726
4 1.53198
5140 4
1 0.483438
2 0.503111
3 0.541018
4 1.52757
5150 4
1 0.481914
2 0.503695
3 0.542639
4 1.52825
5160 4
1 0.480667
2 0.503144
3 0.546622
4 1.53043
5170 4
1 0.479035
2 0.499332
3 0.551078
4 1.52945
5180 4
1 0.478057
2 0.494664
3 0.553194
4 1.52592
5190 4
1 0.478545
2 0.493382
3 0.550263
4 1.52219
5200 4
1 0.480736
2 0.493668
3 0.545196
4 1.5196
5210 4
1 0.481998
2 0.493395
3 0.54382
4 1.51921
5220 4
1 0.476789
2 0.495988
3 0.548279
4 1.52106
5230 4
1 0.467178
2 0.501993
3 0.556539
4 1.52571
5240 4
1 0.459604
2 0.507487
3 0.566054
4 1.53315
5250 4
1 0.4577
2 0.508967
3 0.573644
4 1.54031
5260 4
1 0.461363
2 0.505237
3 0.576394
4 1.54299
5270 4
1 0.465806
2 0.498909
3 0.571879
4 1.53659
5280 4
1 0.466965
2 0.492987
3 0.562901
4 1.52285
5290 4
1 0.465138
2 0.491004
3 0.555072
4 1.51121
5300 4
1 0.463139
2 0.495308
3 0.551724
4 1.51017
5310 4
1 0.463842
2 0.50403
3 0.553327
4 1.5212
5320 4
1 0.467838
2 0.513063
3 0.55889
4 1.53979
5330 4
1 0.472142
2 0.519354
3 0.565172
4 1.55667
5340 4
1 0.47521
2 0.520907
3 0.568027
4 1.56414
5350 4
1 0.479223
2 0.51689
3 0.567576
4 1.56369
5360 4
1 0.483536
2 0.509625
3 0.567665
4 1.56083
5370 4
1 0.484078
2 0.504542
3 0.57015
4 1.55877
5380 4
1 0.479009
2 0.503974
3 0.574848
4 1.55783
5390 4
1 0.473081
2 0.508827
3 0.575506
4 1.55741
5400 4
1 0.471628
2 0.516841
3 0.56824
4 1.55671
5410 4
1 0.473732
2 0.52317
3 0.558912
4 1.55581
5420 4
1 0.47815
2 0.523916
3 0.556272
4 1.55834
5430 4
1 0.485136
2 0.519982
3 0.559101
4 1.56422
5440 4
1 0.491761
2 0.51907
3 0.559037
4 1.56987
5450 4
1 0.496095
2 0.524591
3 0.554204
4 1.57489
5460 4
1 0.497035
2 0.531148
3 0.551161
4 1.57934
5470 4
1 0.494431
2 0.532168
3 0.554281
4 1.58088
5480 4
1 0.488814
2 0.526822
3 0.560682
4 1.57632
5490 4
1 0.483064
2 0.517409
3 0.567937
4 1.56841
5500 4
1 0.479363
2 0.507601
3 0.573825
4 1.56079
5510 4
1 0.479377
2 0.502163
3 0.576706
4 1.55825
5520 4
1 0.482794
2 0.502501
3 0.578159
4 1.56345
5530 4
1 0.487379
2 0.507657
3 0.579948
4 1.57498
5540 4
1 0.491806
2 0.514579
3 0.584223
4 1.59061
5550 4
1 0.49488
2 0.521275
3 0.589486
4 1.60564
5560 4
1 0.495076
2 0.527
3 0.590994
4 1.61307
5570 4
1 0.493234
2 0.530564
3 0.589206
4 1.613
5580 4
1 0.490086
2 0.530772
3 0.587996
4 1.60885
5590 4
1 0.484513
2 0.528008
3 0.587508
4 1.60003
5600 4
1 0.479039
2 0.524833
3 0.585166
4 1.58904
5610 4
1 0.479943
2 0.520913
3 0.582475
4 1.58333
5620 4
1 0.487377
2 0.515977
3 0.582663
4 1.58602
5630 4
1 0.49582
2 0.512067
3 0.585095
4 1.59298
5640 4
1 0.49973
2 0.511713
3 0.588445
4 1.59989
5650 4
1 0.495322
2 0.513963
3 0.594619
4 1.6039
5660 4
1 0.488363
2 0.515993
3 0.602157
4 1.60651
5670 4
1 0.487299
2 0.517084
3 0.606709
4 1.61109
5680 4
1 0.492893
2 0.516799
3 0.609267
4 1.61896
5690 4
1 0.497801
2 0.517561
3 0.61345
4 1.62881
5700 4
1 0.498125
2 0.522319
3 0.617226
4 1.63767
5710 4
1 0.497375
2 0.530499
3 0.619086
4 1.64696
5720 4
1 0.498391
2 0.538762
3 0.618066
4 1.65522
5730 4
1 0.501137
2 0.543133
3 0.614688
4 1.65896
5740 4
1 0.503361
2 0.542312
3 0.609739
4 1.65541
5750 4
1 0.5031
2 0.539016
3 0.603604
4 1.64572
5760 4
1 0.502407
2 0.537121
3 0.597583
4 1.63711
5770 4
1 0.502998
2 0.536427
3 0.594016
4 1.63344
5780 4
1 0.503308
2 0.538486
3 0.592125
4 1.63392
5790 4
1 0.502469
2 0.54414
3 0.593878
4 1.64049
5800 4
1 0.499445
2 0.550055
3 0.601429
4 1.65093
5810 4
1 0.496525
2 0.554128
3 0.607723
4 1.65838
5820 4
1 0.497728
2 0.555058
3 0.605353
4 1.65814
5830 4
1 0.501137
2 0.552535
3 0.597153
4 1.65083
5840 4
1 0.50289
2 0.548698
3 0.590303
4 1.64189
5850 4
1 0.502526
2 0.545703
3 0.5877
4 1.63593
5860 4
1 0.501941
2 0.544456
3 0.58978
4 1.63618
5870 4
1 0.500619
2 0.541893
3 0.595573
4 1.63809
5880 4
1 0.498221
2 0.536948
3 0.597951
4 1.63312
5890 4
1 0.494871
2 0.53184
3 0.594436
4 1.62115
5900 4
1 0.490073
2 0.528637
3 0.589002
4 1.60771
5910 4
1 0.485026
2 0.52923
3 0.58615
4 1.60041
5920 4
1 0.482652
2 0.533699
3 0.589791
4 1.60614
5930 4
1 0.484588
2 0.540595
3 0.595689
4 1.62087
5940 4
1 0.488707
2 0.548408
3 0.596887
4 1.634
5950 4
1 0.491968
2 0.553678
3 0.594768
4 1.64041
5960 4
1 0.494272
2 0.555473
3 0.59203
4 1.64178
5970 4
1 0.494944
2 0.55613
3 0.591476
4 1.64255
5980 4
1 0.493439
2 0.556616
3 0.591447
4 1.6415
5990 4
1 0.493839
2 0.557179
3 0.588927
4 1.63994
6000 4
1 0.498197
2 0.55694
3 0.586153
4 1.64129
6010 4
1 0.503254
2 0.554895
3 0.58528
4 1.64343
6020 4
1 0.504528
2 0.553204
3 0.585918
4 1.64365
6030 4
1 0.500573
2 0.551522
3 0.586601
4 1.6387
6040 4
1 0.493049
2 0.54799
3 0.585619
4 1.62666
6050 4
1 0.485996
2 0.543795
3 0.583074
4 1.61287
6060 4
1 0.482075
2 0.53682
3 0.579022
4 1.59792
6070 4
1 0.480327
2 0.529651
3 0.572781
4 1.58276
6080 4
1 0.477913
2 0.527264
3 0.565388
4 1.57056
6090 4
1 0.474006
2 0.529525
3 0.558708
4 1.56224
6100 4
1 0.470469
2 0.534135
3 0.555195
4 1.5598
6110 4
1 0.46769
2 0.537962
3 0.556671
4 1.56232
6120 4
1 0.465774
2 0.540135
3 0.56136
4 1.56727
6130 4
1 0.468133
2 0.540263
3 0.566104
4 1.5745
6140 4
1 0.477344
2 0.537569
3 0.569986
4 1.5849
6150 4
1 0.487508
2 0.531641
3 0.572535
4 1.59168
6160 4
1 0.492555
2 0.524495
3 0.572273
4 1.58932
6170 4
1 0.49326
2 0.519199
3 0.572072
4 1.58453
6180 4
1 0.493105
2 0.51644
3 0.575196
4 1.58474
6190 4
1 0.491825
2 0.516988
3 0.580831
4 1.58964
6200 4
1 0.490103
2 0.521708
3 0.585006
4 1.59682
6210 4
1 0.490649
2 0.528496
3 0.585436
4 1.60458
6220 4
1 0.49246
2 0.533536
3 0.582999
4 1.60899
6230 4
1 0.490769
2 0.536887
3 0.579734
4 1.60739
6240 4
1 0.487104
2 0.541368
3 0.575786
4 1.60426
6250 4
1 0.485859
2 0.547519
3 0.571652
4 1.60503
6260 4
1 0.487824
2 0.554995
3 0.569571
4 1.61239
6270 4
1 0.489456
2 0.558772
3 0.568141
4 1.61637
6280 4
1 0.489393
2 0.558091
3 0.566658
4 1.61414
6290 4
1 0.488129
2 0.556356
3 0.566402
4 1.61089
6300 4
1 0.488477
2 0.555235
3 0.566851
4 1.61056
6310 4
1 0.489998
2 0.555301
3 0.566533
4 1.61183
6320 4
1 0.489728
2 0.554999
3 0.56399
4 1.60872
6330 4
1 0.486681
2 0.552221
3 0.561345
4 1.60025
6340 4
1 0.4827
2 0.546356
3 0.561099
4 1.59016
6350 4
1 0.480673
2 0.538145
3 0.562905
4 1.58172
6360 4
1 0.482049
2 0.529069
3 0.564784
4 1.5759
6370 4
1 0.48546
2 0.520404
3 0.566468
4 1.57233
6380 4
1 0.487435
2 0.515169
3 0.567299
4 1.5699
6390 4
1 0.48549
2 0.515299
3 0.565781
4 1.56657
6400 4
1 0.480404
2 0.520795
3 0.564056
4 1.56525
6410 4
1 0.476752
2 0.531932
3 0.564748
4 1.57343
6420 4
1 0.477809
2 0.545095
3 0.56757
4 1.59048
6430 4
1 0.481856
2 0.55393
3 0.568443
4 1.60423
6440 4
1 0.484373
2 0.55539
3 0.566575
4 1.60634
6450 4
1 0.483411
2 0.550215
3 0.566505
4 1.60013
6460 4
1 0.481079
2 0.542519
3 0.567673
4 1.59127
6470 4
1 0.480872
2 0.538831
3 0.568631
4 1.58833
6480 4
1 0.485081
2 0.539674
3 0.571412
4 1.59617
6490 4
1 0.491288
2 0.54314
3 0.575777
4 1.61021
6500 4
1 0.494746
2 0.548147
3 0.579262
4 1.62215
6510 4
1 0.494802
2 0.5509
3 0.5806
4 1.6263
6520 4
1 0.493761
2 0.550644
3 0.580624
4 1.62503
6530 4
1 0.495261
2 0.551354
3 0.579667
4 1.62628
6540 4
1 0.499775
2 0.554106
3 0.579522
4 1.6334
6550 4
1 0.50467
2 0.554378
3 0.580831
4 1.63988
6560 4
1 0.509719
2 0.548113
3 0.581699
4 1.63953
6570 4
1 0.512302
2 0.537521
3 0.578093
4 1.62792
6580 4
1 0.509901
2 0.528984
3 0.56997
4 1.60885
6590 4
1 0.503281
2 0.526923
3 0.562507
4 1.59271
6600 4
1 0.496968
2 0.531654
3 0.55958
4 1.5882
6610 4
1 0.49441
2 0.538227
3 0.559964
4 1.5926
6620 4
1 0.496045
2 0.543334
3 0.560095
4 1.59947
6630 4
1 0.498489
2 0.546965
3 0.558903
4 1.60436
6640 4
1 0.496611
2 0.550973
3 0.558171
4 1.60575
6650 4
1 0.490817
2 0.554581
3 0.560348
4 1.60575
6660 4
1 0.483874
2 0.55699
3 0.563842
4 1.60471
6670 4
1 0.480777
2 0.556297
3 0.564337
4 1.60141
6680 4
1 0.483169
2 0.553099
3 0.561824
4 1.59809
6690 4
1 0.488726
2 0.551257
3 0.558083
4 1.59807
6700 4
1 0.494848
2 0.553423
3 0.553954
4 1.60222
6710 4
1 0.498641
2 0.556739
3 0.552837
4 1.60822
6720 4
1 0.498956
2 0.558337
3 0.556037
4 1.61333
6730 4
1 0.494708
2 0.560013
3 0.561387
4 1.61611
6740 4
1 0.488859
2 0.562502
3 0.566768
4 1.61813
6750 4
1 0.487687
2 0.562909
3 0.571608
4 1.6222
6760 4
1 0.49251
2 0.559648
3 0.576893
4 1.62905
6770 4
1 0.498814
2 0.554057
3 0.580626
4 1.6335
6780 4
1 0.500781
2 0.550055
3 0.582572
4 1.63341
6790 4
1 0.496498
2 0.550839
3 0.58371
4 1.63105
6800 4
1 0.490712
2 0.5537
3 0.583759
4 1.62817
6810 4
1 0.488143
2 0.554766
3 0.58184
4 1.62475
6820 4
1 0.488934
2 0.55315
3 0.5789
4 1.62098
6830 4
1 0.490636
2 0.550896
3 0.577148
4 1.61868
6840 4
1 0.491114
2 0.552148
3 0.578956
4 1.62222
6850 4
1 0.490546
2 0.558116
3 0.583907
4 1.63257
6860 4
1 0.490571
2 0.564745
3 0.589752
4 1.64507
6870 4
1 0.491473
2 0.567689
3 0.595353
4 1.65451
6880 4
1 0.491675
2 0.566177
3 0.598828
4 1.65668
6890 4
1 0.492139
2 0.564857
3 0.60009
4 1.65709
6900 4
1 0.491757
2 0.5672
3 0.600034
4 1.65899
6910 4
1 0.489668
2 0.571948
3 0.599951
4 1.66157
6920 4
1 0.488251
2 0.577034
3 0.6016
4 1.66689
6930 4
1 0.488322
2 0.583897
3 0.602995
4 1.67521
6940 4
1 0.491477
2 0.589665
3 0.601712
4 1.68285
6950 4
1 0.498739
2 0.590254
3 0.598147
4 1.68714
6960 4
1 0.507974
2 0.586612
3 0.592887
4 1.68747
6970 4
1 0.513975
2 0.579541
3 0.588073
4 1.68159
6980 4
1 0.513591
2 0.571133
3 0.586018
4 1.67074
6990 4
1 0.510191
2 0.564677
3 0.585641
4 1.66051
7000 4
1 0.506609
2 0.562364
3 0.586225
4 1.6552
7010 4
1 0.503628
2 0.563488
3 0.588071
4 1.65519
7020 4
1 0.501965
2 0.565852
3 0.588435
4 1.65625
7030 4
1 0.502372
2 0.567876
3 0.586267
4 1.65652
7040 4
1 0.50472
2 0.569878
3 0.583545
4 1.65814
7050 4
1 0.506038
2 0.570841
3 0.580609
4 1.65749
7060 4
1 0.505198
2 0.570546
3 0.57732
4 1.65306
7070 4
1 0.502969
2 0.571569
3 0.576054
4 1.65059
7080 4
1 0.500916
2 0.575821
3 0.577291
4 1.65403
7090 4
1 0.500482
2 0.583392
3 0.579359
4 1.66323
7100 4
1 0.499487
2 0.59234
3 0.582812
4 1.67464
7110 4
1 0.495577
2 0.597717
3 0.588692
4 1.68199
7120 4
1 0.491938
2 0.598294
3 0.593952
4 1.68418
7130 4
1 0.491782
2 0.597174
3 0.594545
4 1.6835
7140 4
1 0.496374
2 0.597128
3 0.591964
4 1.68547
7150 4
1 0.50365
2 0.600441
3 0.588903
4 1.69299
7160 4
1 0.509603
2 0.60654
3 0.588691
4 1.70483
7170 4
1 0.51206
2 0.610814
3 0.592135
4 1.71501
7180 4
1 0.514386
2 0.610263
3 0.597134
4 1.72178
7190 4
1 0.518897
2 0.604739
3 0.603455
4 1.72709
7200 4
1 0.52383
2 0.595532
3 0.607884
4 1.72725
7210 4
1 0.526639
2 0.58757
3 0.610104
4 1.72431
7220 4
1 0.526727
2 0.582959
3 0.611301
4 1.72099
7230 4
1 0.526366
2 0.581875
3 0.612097
4 1.72034
7240 4
1 0.527869
2 0.5837
3 0.613579
4 1.72515
7250 4
1 0.529944
2 0.587369
3 0.614083
4 1.7314
7260 4
1 0.529584
2 0.59203
3 0.612466
4 1.73408
7270 4
1 0.527186
2 0.595271
3 0.6091
4 1.73156
7280 4
1 0.525802
2 0.59587
3 0.604261
4 1.72593
7290 4
1 0.526146
2 0.594272
3 0.600791
4 1.72121
7300 4
1 0.527426
2 0.592589
3 0.603812
4 1.72383
7310 4
1 0.525107
2 0.593601
3 0.614519
4 1.73323
7320 4
1 0.517677
2 0.595856
3 0.622794
4 1.73633
7330 4
1 0.510826
2 0.597483
3 0.618395
4 1.7267
7340 4
1 0.509747
2 0.59753
3 0.605499
4 1.71278
7350 4
1 0.512321
2 0.593649
3 0.592287
4 1.69826
7360 4
1 0.512319
2 0.58706
3 0.585164
4 1.68454
7370 4
1 0.506758
2 0.581322
3 0.583154
4 1.67123
7380 4
1 0.499232
2 0.579861
3 0.582359
4 1.66145
7390 4
1 0.494052
2 0.582558
3 0.579081
4 1.65569
7400 4
1 0.492892
2 0.58695
3 0.574947
4 1.65479
7410 4
1 0.495317
2 0.590652
3 0.572433
4 1.6584
7420 4
1 0.498096
2 0.592442
3 0.572389
4 1.66293
7430 4
1 0.498646
2 0.592537
3 0.574952
4 1.66614
7440 4
1 0.498682
2 0.594492
3 0.577661
4 1.67083
7450 4
1 0.500157
2 0.599697
3 0.579446
4 1.6793
7460 4
1 0.501812
2 0.605138
3 0.580487
4 1.68744
7470 4
1 0.500377
2 0.607833
3 0.581753
4 1.68996
7480 4
1 0.495982
2 0.608348
3 0.583733
4 1.68806
7490 4
1 0.492048
2 0.607395
3 0.585912
4 1.68536
7500 4
1 0.492088
2 0.604546
3 0.588773
4 1.68541
7510 4
1 0.49523
2 0.60014
3 0.590446
4 1.68582
7520 4
1 0.494947
2 0.597964
3 0.587528
4 1.68044
7530 4
1 0.488998
2 0.599319
3 0.581984
4 1.6703
7540 4
1 0.483406
2 0.602335
3 0.578384
4 1.66413
7550 4
1 0.484966
2 0.602596
3 0.577502
4 1.66506
7560 4
1 0.49489
2 0.598026
3 0.576447
4 1.66936
7570 4
1 0.508573
2 0.592413
3 0.574519
4 1.67551
7580 4
1 0.518628
2 0.589148
3 0.571991
4 1.67977
7590 4
1 0.522124
2 0.587546
3 0.566236
4 1.67591
7600 4
1 0.520751
2 0.587321
3 0.558584
4 1.66666
7610 4
1 0.518836
2 0.589471
3 0.553605
4 1.66191
7620 4
1 0.52021
2 0.592559
3 0.552426
4 1.66519
7630 4
1 0.523413
2 0.594785
3 0.554253
4 1.67245
7640 4
1 0.524827
2 0.597803
3 0.55886
4 1.68149
7650 4
1 0.522257
2 0.602474
3 0.564509
4 1.68924
7660 4
1 0.518398
2 0.60909
3 0.568473
4 1.69596
7670 4
1 0.518373
2 0.615238
3 0.569701
4 1.70331
7680 4
1 0.520938
2 0.619469
3 0.571721
4 1.71213
7690 4
1 0.523338
2 0.617947
3 0.579554
4 1.72084
7700 4
1 0.525802
2 0.609699
3 0.591235
4 1.72674
7710 4
1 0.528919
2 0.599292
3 0.597396
4 1.72561
7720 4
1 0.530368
2 0.591802
3 0.595056
4 1.71722
7730 4
1 0.530004
2 0.588737
3 0.588432
4 1.70717
7740 4
1 0.528507
2 0.589045
3 0.582909
4 1.70046
7750 4
1 0.525169
2 0.589302
3 0.580951
4 1.69542
7760 4
1 0.520185
2 0.587972
3 0.582962
4 1.69112
7770 4
1 0.514837
2 0.584937
3 0.585094
4 1.68487
7780 4
1 0.509623
2 0.57943
3 0.586487
4 1.67554
7790 4
1 0.505068
2 0.572444
3 0.590915
4 1.66843
7800 4
1 0.50348
2 0.567338
3 0.598125
4 1.66894
7810 4
1 0.506539
2 0.568498
3 0.604788
4 1.67983
7820 4
1 0.509791
2 0.575745
3 0.606951
4 1.69249
7830 4
1 0.50913
2 0.584566
3 0.601708
4 1.6954
7840 4
1 0.507188
2 0.590866
3 0.59385
4 1.6919
7850 4
1 0.507234
2 0.592139
3 0.588989
4 1.68836
7860 4
1 0.508713
2 0.59072
3 0.58862
4 1.68805
7870 4
1 0.510281
2 0.591362
3 0.59045
4 1.69209
7880 4
1 0.514033
2 0.595384
3 0.592003
4 1.70142
7890 4
1 0.520322
2 0.599947
3 0.59057
4 1.71084
7900 4
1 0.526274
2 0.602191
3 0.587281
4 1.71575
7910 4
1 0.530337
2 0.60363
3 0.585356
4 1.71932
7920 4
1 0.533417
2 0.60521
3 0.585701
4 1.72433
7930 4
1 0.536193
2 0.603012
3 0.584917
4 1.72412
7940 4
1 0.537884
2 0.59593
3 0.580052
4 1.71387
7950 4
1 0.537666
2 0.587857
3 0.571808
4 1.69733
7960 4
1 0.535411
2 0.58196
3 0.566032
4 1.6834
7970 4
1 0.530514
2 0.5787
3 0.566218
4 1.67543
7980 4
1 0.52578
2 0.579026
3 0.570707
4 1.67551
7990 4
1 0.52474
2 0.582402
3 0.573621
4 1.68076
8000 4
1 0.525687
2 0.584945
3 0.572018
4 1.68265
8010 4
1 0.524439
2 0.58346
3 0.568649
4 1.67655
8020 4
1 0.51964
2 0.579011
3 0.568206
4 1.66686
8030 4
1 0.513639
2 0.577504
3 0.57355
4 1.66469
8040 4
1 0.509644
2 0.581988
3 0.58161
4 1.67324
8050 4
1 0.508322
2 0.588719
3 0.587836
4 1.68488
8060 4
1 0.507978
2 0.591304
3 0.593729
4 1.69301
8070 4
1 0.507745
2 0.589668
3 0.600443
4 1.69786
8080 4
1 0.50816
2 0.586437
3 0.603876
4 1.69847
8090 4
1 0.509319
2 0.586839
3 0.602735
4 1.69889
8100 4
1 0.511048
2 0.593137
3 0.599823
4 1.70401
8110 4
1 0.512363
2 0.601749
3 0.598012
4 1.71212
8120 4
1 0.514142
2 0.608531
3 0.600887
4 1.72356
8130 4
1 0.519108
2 0.612147
3 0.608228
4 1.73948
8140 4
1 0.527147
2 0.61217
3 0.615167
4 1.75448
8150 4
1 0.535662
2 0.610609
3 0.619769
4 1.76604
8160 4
1 0.541029
2 0.609883
3 0.623728
4 1.77464
8170 4
1 0.541337
2 0.608624
3 0.627219
4 1.77718
8180 4
1 0.537774
2 0.607506
3 0.629078
4 1.77436
8190 4
1 0.533334
2 0.609228
3 0.628062
4 1.77062
8200 4
1 0.530009
2 0.613868
3 0.623957
4 1.76783
8210 4
1 0.527185
2 0.618459
3 0.618126
4 1.76377
8220 4
1 0.524995
2 0.619892
3 0.614208
4 1.7591
8230 4
1 0.525962
2 0.619069
3 0.611865
4 1.7569
8240 4
1 0.527912
2 0.618011
3 0.610496
4 1.75642
8250 4
1 0.527685
2 0.614858
3 0.61362
4 1.75616
8260 4
1 0.525189
2 0.610713
3 0.620891
4 1.75679
8270 4
1 0.522557
2 0.607275
3 0.628249
4 1.75808
8280 4
1 0.522088
2 0.603173
3 0.634846
4 1.76011
8290 4
1 0.522876
2 0.598967
3 0.637254
4 1.7591
8300 4
1 0.523677
2 0.59728
3 0.630098
4 1.75105
8310 4
1 0.524639
2 0.598178
3 0.617897
4 1.74071
8320 4
1 0.526744
2 0.598003
3 0.612082
4 1.73683
8330 4
1 0.530462
2 0.595771
3 0.61379
4 1.74002
8340 4
1 0.534457
2 0.592592
3 0.616173
4 1.74322
8350 4
1 0.534674
2 0.58913
3 0.616214
4 1.74002
8360 4
1 0.530571
2 0.586704
3 0.61428
4 1.73155
8370 4
1 0.525837
2 0.585895
3 0.611698
4 1.72343
8380 4
1 0.521812
2 0.586241
3 0.610098
4 1.71815
8390 4
1 0.516967
2 0.587834
3 0.611324
4 1.71613
8400 4
1 0.513466
2 0.591456
3 0.612386
4 1.71731
8410 4
1 0.514607
2 0.594526
3 0.611231
4 1.72036
8420 4
1 0.520127
2 0.595919
3 0.610758
4 1.7268
8430 4
1 0.526877
2 0.596364
3 0.613442
4 1.73668
8440 4
1 0.532712
2 0.594479
3 0.616314
4 1.74351
8450 4
1 0.537021
2 0.592235
3 0.614243
4 1.7435
8460 4
1 0.538258
2 0.593419
3 0.607862
4 1.73954
8470 4
1 0.53473
2 0.598937
3 0.602784
4 1.73645
8480 4
1 0.528174
2 0.605928
3 0.602375
4 1.73648
8490 4
1 0.522334
2 0.612781
3 0.606025
4 1.74114
8500 4
1 0.51937
2 0.620139
3 0.611101
4 1.75061
8510 4
1 0.51711
2 0.626234
3 0.613592
4 1.75694
8520 4
1 0.513833
2 0.63198
3 0.611562
4 1.75738
8530 4
1 0.51115
2 0.636676
3 0.607931
4 1.75576
8540 4
1 0.51119
2 0.635402
3 0.608073
4 1.75467
8550 4
1 0.512908
2 0.62984
3 0.614704
4 1.75745
8560 4
1 0.513979
2 0.626717
3 0.623224
4 1.76392
8570 4
1 0.514636
2 0.628568
3 0.625967
4 1.76917
8580 4
1 0.516265
2 0.63329
3 0.622329
4 1.77188
8590 4
1 0.519604
2 0.640547
3 0.61791
4 1.77806
8600 4
1 0.523152
2 0.647593
3 0.617481
4 1.78823
8610 4
1 0.526379
2 0.648933
3 0.621086
4 1.7964
8620 4
1 0.529214
2 0.644197
3 0.622628
4 1.79604
8630 4
1 0.530001
2 0.638308
3 0.618714
4 1.78702
8640 4
1 0.529216
2 0.634213
3 0.613971
4 1.7774
8650 4
1 0.529315
2 0.63235
3 0.613257
4 1.77492
8660 4
1 0.529738
2 0.632052
3 0.616461
4 1.77825
8670 4
1 0.527771
2 0.629954
3 0.62008
4 1.7778
8680 4
1 0.525994
2 0.625618
3 0.621588
4 1.7732
8690 4
1 0.526298
2 0.622219
3 0.621702
4 1.77022
8700 4
1 0.528443
2 0.618829
3 0.621066
4 1.76834
8710 4
1 0.531737
2 0.614207
3 0.619816
4 1.76576
8720 4
1 0.532624
2 0.60969
3 0.621797
4 1.76411
8730 4
1 0.528948
2 0.606475
3 0.627641
4 1.76306
8740 4
1 0.522825
2 0.604969
3 0.631972
4 1.75977
8750 4
1 0.518256
2 0.604608
3 0.632083
4 1.75495
8760 4
1 0.515987
2 0.605308
3 0.628241
4 1.74954
8770 4
1 0.515634
2 0.606279
3 0.622453
4 1.74437
8780 4
1 0.518195
2 0.606876
3 0.618126
4 1.7432
8790 4
1 0.52216
2 0.608372
3 0.616725
4 1.74726
8800 4
1 0.524695
2 0.611243
3 0.617452
4 1.75339
8810 4
1 0.526081
2 0.614914
3 0.620651
4 1.76165
8820 4
1 0.527599
2 0.618382
3 0.627044
4 1.77302
8830 4
1 0.528594
2 0.621358
3 0.634287
4 1.78424
8840 4
1 0.528784
2 0.623639
3 0.639574
4 1.792
8850 4
1 0.528691
2 0.623555
3 0.644837
4 1.79708
8860 4
1 0.528606
2 0.620031
3 0.651142
4 1.79978
8870 4
1 0.528295
2 0.617071
3 0.655464
4 1.80083
8880 4
1 0.52777
2 0.619306
3 0.655232
4 1.80231
8890 4
1 0.52826
2 0.62773
3 0.65136
4 1.80735
8900 4
1 0.530439
2 0.636852
3 0.648392
4 1.81568
8910 4
1 0.535486
2 0.638242
3 0.647722
4 1.82145
8920 4
1 0.540718
2 0.630886
3 0.64834
4 1.81994
8930 4
1 0.543121
2 0.622287
3 0.64601
4 1.81142
8940 4
1 0.54337
2 0.619062
3 0.638806
4 1.80124
8950 4
1 0.543505
2 0.619745
3 0.63235
4 1.7956
8960 4
1 0.546052
2 0.620667
3 0.630369
4 1.79709
8970 4
1 0.550507
2 0.618882
3 0.632895
4 1.80228
8980 4
1 0.554434
2 0.6132
3 0.637936
4 1.80557
8990 4
1 0.554742
2 0.608079
3 0.640828
4 1.80365
9000 4
1 0.55007
2 0.605685
3 0.640418
4 1.79617
9010 4
1 0.541729
2 0.60612
3 0.637823
4 1.78567
9020 4
1 0.532898
2 0.608135
3 0.634213
4 1.77525
9030 4
1 0.52774
2 0.609809
3 0.632109
4 1.76966
9040 4
1 0.52752
2 0.608953
3 0.632045
4 1.76852
9050 4
1 0.531159
2 0.604713
3 0.631957
4 1.76783
9060 4
1 0.537148
2 0.600215
3 0.630673
4 1.76804
9070 4
1 0.541779
2 0.597623
3 0.626808
4 1.76621
9080 4
1 0.542133
2 0.595271
3 0.62059
4 1.75799
9090 4
1 0.539124
2 0.592971
3 0.616434
4 1.74853
9100 4
1 0.535921
2 0.591524
3 0.616438
4 1.74388
9110 4
1 0.534402
2 0.591502
3 0.61887
4 1.74477
9120 4
1 0.533237
2 0.593665
3 0.621216
4 1.74812
9130 4
1 0.529841
2 0.597678
3 0.619611
4 1.74713
9140 4
1 0.525817
2 0.601464
3 0.615714
4 1.74299
9150 4
1 0.524939
2 0.60406
3 0.614063
4 1.74306
9160 4
1 0.52766
2 0.606142
3 0.617031
4 1.75083
9170 4
1 0.531334
2 0.610123
3 0.622923
4 1.76438
9180 4
1 0.533973
2 0.617275
3 0.627092
4 1.77834
9190 4
1 0.535315
2 0.625573
3 0.62884
4 1.78973
9200 4
1 0.535401
2 0.630395
3 0.62989
4 1.79569
9210 4
1 0.535771
2 0.630213
3 0.630784
4 1.79677
9220 4
1 0.536798
2 0.628468
3 0.632436
4 1.7977
9230 4
1 0.537793
2 0.626793
3 0.633899
4 1.79849
9240 4
1 0.538953
2 0.623833
3 0.634222
4 1.79701
9250 4
1 0.54018
2 0.61933
3 0.63367
4 1.79318
9260 4
1 0.542293
2 0.614006
3 0.632921
4 1.78922
