# Time-averaged data for fix mscdwrite
# TimeStep Number-of-rows
# Row c_mscd
10 4
1 0.000794073
2 0.000783669
3 0.000785334
4 0.00236308
20 4
1 0.00773185
2 0.00774253
3 0.00743099
4 0.0229054
30 4
1 0.0181683
2 0.0177902
3 0.0161119
4 0.0520705
40 4
1 0.0261913
2 0.0252418
3 0.0231587
4 0.0745918
50 4
1 0.030061
2 0.0297886
3 0.0291772
4 0.0890268
60 4
1 0.0324432
2 0.0332138
3 0.0338624
4 0.0995194
70 4
1 0.0364453
2 0.0381889
3 0.0375828
4 0.112217
80 4
1 0.0432639
2 0.0434858
3 0.0404108
4 0.12716
90 4
1 0.0499634
2 0.0466457
3 0.0424517
4 0.139061
100 4
1 0.0529152
2 0.0471466
3 0.0440693
4 0.144131
110 4
1 0.052265
2 0.0465981
3 0.0462258
4 0.145089
120 4
1 0.0496782
2 0.046205
3 0.0488537
4 0.144737
130 4
1 0.0479296
2 0.0473309
3 0.0507474
4 0.146008
140 4
1 0.0485024
2 0.0493913
3 0.0531237
4 0.151017
150 4
1 0.0496749
2 0.0514116
3 0.0550264
4 0.156113
160 4
1 0.0514408
2 0.0540631
3 0.0552965
4 0.1608
170 4
1 0.0556211
2 0.056916
3 0.0556995
4 0.168237
180 4
1 0.0589791
2 0.059719
3 0.0573402
4 0.176038
190 4
1 0.0595881
2 0.0624113
3 0.0595486
4 0.181548
200 4
1 0.0590776
2 0.0644252
3 0.0613861
4 0.184889
210 4
1 0.0582406
2 0.0670522
3 0.0631553
4 0.188448
220 4
1 0.0590089
2 0.0676386
3 0.0624242
4 0.189072
230 4
1 0.0593754
2 0.0651223
3 0.0600918
4 0.184589
240 4
1 0.0573209
2 0.0629654
3 0.0585637
4 0.17885
250 4
1 0.0561277
2 0.0622518
3 0.0575132
4 0.175893
260 4
1 0.0567143
2 0.0619254
3 0.055871
4 0.174511
270 4
1 0.0576428
2 0.0613318
3 0.0557398
4 0.174714
280 4
1 0.05813
2 0.060402
3 0.0584794
4 0.177011
290 4
1 0.0578025
2 0.0595233
3 0.0613283
4 0.178654
300 4
1 0.0574196
2 0.0599143
3 0.0625999
4 0.179934
310 4
1 0.0573061
2 0.0614297
3 0.0633308
4 0.182067
320 4
1 0.0582907
2 0.0631498
3 0.0646383
4 0.186079
330 4
1 0.060671
2 0.0644662
3 0.0657776
4 0.190915
340 4
1 0.0624754
2 0.0660224
3 0.0669372
4 0.195435
350 4
1 0.0632989
2 0.0661202
3 0.0683234
4 0.197743
360 4
1 0.0652746
2 0.0662047
3 0.0697884
4 0.201268
370 4
1 0.067592
2 0.068742
3 0.0712764
4 0.20761
380 4
1 0.0704905
2 0.0712723
3 0.0715099
4 0.213273
390 4
1 0.0729056
2 0.0721534
3 0.0715047
4 0.216564
400 4
1 0.0738802
2 0.0724612
3 0.0722582
4 0.2186
410 4
1 0.0738999
2 0.072093
3 0.0738863
4 0.219879
420 4
1 0.0731541
2 0.0711608
3 0.0758975
4 0.220212
430 4
1 0.0728429
2 0.0698519
3 0.0769651
4 0.21966
440 4
1 0.0737746
2 0.0681236
3 0.0761128
4 0.218011
450 4
1 0.0751728
2 0.0680313
3 0.0744176
4 0.217622
460 4
1 0.0752454
2 0.0690024
3 0.0719708
4 0.216219
470 4
1 0.0738537
2 0.07004
3 0.0705775
4 0.214471
480 4
1 0.0725114
2 0.0715063
3 0.071559
4 0.215577
490 4
1 0.0716751
2 0.0722831
3 0.0735813
4 0.21754
500 4
1 0.0718973
2 0.0740733
3 0.0743416
4 0.220312
510 4
1 0.0728136
2 0.0756298
3 0.0730944
4 0.221538
520 4
1 0.0741223
2 0.07608
3 0.0721797
4 0.222382
530 4
1 0.0748351
2 0.0767238
3 0.0729198
4 0.224479
540 4
1 0.0755785
2 0.0785912
3 0.0748238
4 0.228994
550 4
1 0.0766704
2 0.0803794
3 0.0771848
4 0.234235
560 4
1 0.0768656
2 0.0804562
3 0.0788858
4 0.236208
570 4
1 0.0762507
2 0.0799469
3 0.0787994
4 0.234997
580 4
1 0.0755673
2 0.0790519
3 0.0778944
4 0.232514
590 4
1 0.0730815
2 0.0784254
3 0.0765883
4 0.228095
600 4
1 0.0704126
2 0.0790164
3 0.0742193
4 0.223648
610 4
1 0.0700334
2 0.0795293
3 0.0736982
4 0.223261
620 4
1 0.0696408
2 0.0791266
3 0.0762404
4 0.225008
630 4
1 0.0694705
2 0.0784618
3 0.0797526
4 0.227685
640 4
1 0.06998
2 0.0781412
3 0.0817473
4 0.229868
650 4
1 0.0713406
2 0.079193
3 0.0808813
4 0.231415
660 4
1 0.072644
2 0.0797185
3 0.0779832
4 0.230346
670 4
1 0.0729642
2 0.0776553
3 0.0748591
4 0.225479
680 4
1 0.0729254
2 0.0754662
3 0.0731736
4 0.221565
690 4
1 0.0727156
2 0.0736163
3 0.0719581
4 0.21829
700 4
1 0.0719945
2 0.0713584
3 0.0709918
4 0.214345
710 4
1 0.0697921
2 0.069758
3 0.0712571
4 0.210807
720 4
1 0.0685418
2 0.069961
3 0.0726823
4 0.211185
730 4
1 0.068846
2 0.0709516
3 0.0739321
4 0.21373
740 4
1 0.0697252
2 0.072032
3 0.0751218
4 0.216879
750 4
1 0.0700537
2 0.0728184
3 0.0763476
4 0.21922
760 4
1 0.0687107
2 0.0728507
3 0.0780904
4 0.219652
770 4
1 0.0659655
2 0.0724552
3 0.0788404
4 0.217261
780 4
1 0.0636366
2 0.0717243
3 0.0780135
4 0.213374
790 4
1 0.0637877
2 0.0705144
3 0.0765359
4 0.210838
800 4
1 0.0658181
2 0.0702649
3 0.0755946
4 0.211678
810 4
1 0.0677443
2 0.0716161
3 0.0752855
4 0.214646
820 4
1 0.0684122
2 0.0735028
3 0.0756023
4 0.217517
830 4
1 0.0692668
2 0.0743134
3 0.0752555
4 0.218836
840 4
1 0.0706592
2 0.0748461
3 0.0745054
4 0.220011
850 4
1 0.0711753
2 0.0752188
3 0.0738585
4 0.220253
860 4
1 0.0716479
2 0.0753202
3 0.0735859
4 0.220554
870 4
1 0.071751
2 0.0757369
3 0.0739487
4 0.221437
880 4
1 0.0714318
2 0.0755954
3 0.0740496
4 0.221077
890 4
1 0.0722766
2 0.0739553
3 0.0733839
4 0.219616
900 4
1 0.0736519
2 0.0717252
3 0.0727048
4 0.218082
910 4
1 0.0732874
2 0.0698749
3 0.0731545
4 0.216317
920 4
1 0.070826
2 0.0683887
3 0.0739118
4 0.213127
930 4
1 0.0680537
2 0.0678543
3 0.0742451
4 0.210153
940 4
1 0.0664828
2 0.0687391
3 0.0737467
4 0.208969
950 4
1 0.0669371
2 0.0700981
3 0.0729228
4 0.209958
960 4
1 0.0683455
2 0.0716767
3 0.0712707
4 0.211293
970 4
1 0.0701168
2 0.0734134
3 0.0693065
4 0.212837
980 4
1 0.0708151
2 0.0735729
3 0.0679992
4 0.212387
990 4
1 0.0699415
2 0.071477
3 0.067413
4 0.208832
1000 4
1 0.0693364
2 0.0686344
3 0.066564
4 0.204535
1010 4
1 0.069842
2 0.0676397
3 0.0663729
4 0.203855
1020 4
1 0.0692144
2 0.068942
3 0.0683813
4 0.206538
1030 4
1 0.0676414
2 0.0705952
3 0.0704144
4 0.208651
1040 4
1 0.0659182
2 0.0708463
3 0.0713392
4 0.208104
1050 4
1 0.0642504
2 0.0711074
3 0.0722618
4 0.20762
1060 4
1 0.0634586
2 0.0710218
3 0.0738877
4 0.208368
1070 4
1 0.0642386
2 0.0712737
3 0.0760381
4 0.21155
1080 4
1 0.0653586
2 0.0712168
3 0.0775832
4 0.214159
1090 4
1 0.0656742
2 0.0707182
3 0.0777457
4 0.214138
1100 4
1 0.0647189
2 0.0709318
3 0.0773157
4 0.212966
1110 4
1 0.0634909
2 0.0715549
3 0.0779201
4 0.212966
1120 4
1 0.0628062
2 0.0725527
3 0.0789097
4 0.214269
1130 4
1 0.062621
2 0.0743032
3 0.0780213
4 0.214946
1140 4
1 0.062611
2 0.0754533
3 0.0771319
4 0.215196
1150 4
1 0.0627807
2 0.0738529
3 0.0763181
4 0.212952
1160 4
1 0.0627425
2 0.0711349
3 0.0754606
4 0.209338
1170 4
1 0.0630767
2 0.0693654
3 0.0754816
4 0.207924
1180 4
1 0.0645297
2 0.0686241
3 0.0755937
4 0.208748
1190 4
1 0.0661469
2 0.0689951
3 0.0746773
4 0.209819
1200 4
1 0.0676961
2 0.0699253
3 0.0739116
4 0.211533
1210 4
1 0.0687503
2 0.0707339
3 0.0735267
4 0.213011
1220 4
1 0.0686968
2 0.0715415
3 0.0734151
4 0.213653
1230 4
1 0.067996
2 0.0711803
3 0.0731257
4 0.212302
1240 4
1 0.0666171
2 0.0694163
3 0.072684
4 0.208717
1250 4
1 0.0644385
2 0.0681217
3 0.0727515
4 0.205312
1260 4
1 0.0623487
2 0.0674241
3 0.0727025
4 0.202475
1270 4
1 0.0627979
2 0.066515
3 0.0722953
4 0.201608
1280 4
1 0.0642492
2 0.0657306
3 0.0711675
4 0.201147
1290 4
1 0.0649344
2 0.0647705
3 0.0700177
4 0.199723
1300 4
1 0.0660826
2 0.06256
3 0.07001
4 0.198653
1310 4
1 0.0673773
2 0.0605583
3 0.0693501
4 0.197286
1320 4
1 0.0673742
2 0.0600617
3 0.067112
4 0.194548
1330 4
1 0.0662339
2 0.0606022
3 0.0639794
4 0.190816
1340 4
1 0.0646993
2 0.0614762
3 0.0614462
4 0.187622
1350 4
1 0.0630358
2 0.0623553
3 0.0603144
4 0.185706
1360 4
1 0.0616096
2 0.0634758
3 0.0603978
4 0.185483
1370 4
1 0.0605913
2 0.0647067
3 0.0604653
4 0.185763
1380 4
1 0.060025
2 0.0658071
3 0.0613145
4 0.187147
1390 4
1 0.0603279
2 0.0650698
3 0.0630348
4 0.188433
1400 4
1 0.0610142
2 0.0621175
3 0.0651582
4 0.18829
1410 4
1 0.0622517
2 0.0596688
3 0.0669592
4 0.18888
1420 4
1 0.0639725
2 0.0595979
3 0.0667683
4 0.190339
1430 4
1 0.0652138
2 0.0611751
3 0.0657783
4 0.192167
1440 4
1 0.0654803
2 0.0626962
3 0.0651038
4 0.19328
1450 4
1 0.0655099
2 0.0633832
3 0.0649193
4 0.193812
1460 4
1 0.066423
2 0.0629292
3 0.0656283
4 0.19498
1470 4
1 0.0675602
2 0.0625916
3 0.0675918
4 0.197744
1480 4
1 0.0675717
2 0.0643123
3 0.0701371
4 0.202021
1490 4
1 0.0667942
2 0.0660804
3 0.0721573
4 0.205032
1500 4
1 0.0663607
2 0.0662681
3 0.0722072
4 0.204836
1510 4
1 0.0662543
2 0.0655584
3 0.0706104
4 0.202423
1520 4
1 0.0670289
2 0.0646255
3 0.0684995
4 0.200154
1530 4
1 0.0687138
2 0.0637737
3 0.0669229
4 0.19941
1540 4
1 0.0697382
2 0.0633192
3 0.0671508
4 0.200208
1550 4
1 0.0697687
2 0.0631372
3 0.0676113
4 0.200517
1560 4
1 0.0702233
2 0.0633431
3 0.0670702
4 0.200637
1570 4
1 0.0710529
2 0.0640996
3 0.0658745
4 0.201027
1580 4
1 0.0709357
2 0.0651312
3 0.0660695
4 0.202136
1590 4
1 0.070157
2 0.0651199
3 0.0687161
4 0.203993
1600 4
1 0.069203
2 0.0650958
3 0.0709999
4 0.205299
1610 4
1 0.0679743
2 0.066334
3 0.0711107
4 0.205419
1620 4
1 0.0672071
2 0.0674908
3 0.0714333
4 0.206131
1630 4
1 0.0683159
2 0.0676744
3 0.0720167
4 0.208007
1640 4
1 0.069739
2 0.0666359
3 0.0714508
4 0.207826
1650 4
1 0.0689779
2 0.0664509
3 0.0711063
4 0.206535
1660 4
1 0.0655777
2 0.0669786
3 0.0708969
4 0.203453
1670 4
1 0.06206
2 0.0676451
3 0.0698158
4 0.199521
1680 4
1 0.0605611
2 0.0688651
3 0.0691424
4 0.198569
1690 4
1 0.0610052
2 0.0694439
3 0.0696494
4 0.200098
1700 4
1 0.0627701
2 0.06857
3 0.0704648
4 0.201805
1710 4
1 0.0645468
2 0.0678083
3 0.0710285
4 0.203384
1720 4
1 0.0659228
2 0.0680113
3 0.0712709
4 0.205205
1730 4
1 0.0680824
2 0.0678358
3 0.0714486
4 0.207367
1740 4
1 0.071162
2 0.0669659
3 0.0709828
4 0.209111
1750 4
1 0.0732941
2 0.0655515
3 0.0702305
4 0.209076
1760 4
1 0.0732389
2 0.0643097
3 0.0692685
4 0.206817
1770 4
1 0.0726584
2 0.0631415
3 0.0685322
4 0.204332
1780 4
1 0.072767
2 0.0613941
3 0.0685413
4 0.202702
1790 4
1 0.0733855
2 0.0599977
3 0.0684866
4 0.20187
1800 4
1 0.0729573
2 0.0595389
3 0.0675239
4 0.20002
1810 4
1 0.0710029
2 0.0599127
3 0.0658177
4 0.196733
1820 4
1 0.0675441
2 0.0616615
3 0.0650471
4 0.194253
1830 4
1 0.0650736
2 0.0640218
3 0.0654091
4 0.194505
1840 4
1 0.0652267
2 0.0654717
3 0.0655851
4 0.196283
1850 4
1 0.067163
2 0.066464
3 0.0651239
4 0.198751
1860 4
1 0.0688269
2 0.0676905
3 0.0651315
4 0.201649
1870 4
1 0.0689064
2 0.0689788
3 0.0662601
4 0.204145
1880 4
1 0.0684728
2 0.0698955
3 0.0689785
4 0.207347
1890 4
1 0.0684476
2 0.0701413
3 0.0723882
4 0.210977
1900 4
1 0.0694509
2 0.0695921
3 0.0746751
4 0.213718
1910 4
1 0.0713121
2 0.0691996
3 0.0750043
4 0.215516
1920 4
1 0.0720314
2 0.0695859
3 0.07447
4 0.216087
1930 4
1 0.072408
2 0.0694931
3 0.0741768
4 0.216078
1940 4
1 0.0731936
2 0.0683173
3 0.0735171
4 0.215028
1950 4
1 0.0746596
2 0.0673085
3 0.072923
4 0.214891
1960 4
1 0.0752263
2 0.0668046
3 0.0724652
4 0.214496
1970 4
1 0.0731345
2 0.0658025
3 0.0716609
4 0.210598
1980 4
1 0.0710698
2 0.0636186
3 0.0705518
4 0.20524
1990 4
1 0.0715425
2 0.0616148
3 0.0702009
4 0.203358
2000 4
1 0.0732659
2 0.0615775
3 0.0704242
4 0.205268
2010 4
1 0.0744548
2 0.0635866
3 0.0696134
4 0.207655
2020 4
1 0.0748645
2 0.0663186
3 0.0687398
4 0.209923
2030 4
1 0.0757735
2 0.0678746
3 0.0682953
4 0.211943
2040 4
1 0.0780379
2 0.0685679
3 0.0677901
4 0.214396
2050 4
1 0.0797982
2 0.0699158
3 0.06714
4 0.216854
2060 4
1 0.08002
2 0.0711947
3 0.0662976
4 0.217512
2070 4
1 0.0790018
2 0.0702509
3 0.0655099
4 0.214763
2080 4
1 0.0770877
2 0.067701
3 0.0651388
4 0.209928
2090 4
1 0.0744857
2 0.0659107
3 0.0652971
4 0.205694
2100 4
1 0.0709869
2 0.0653194
3 0.0660429
4 0.202349
2110 4
1 0.0679065
2 0.0653503
3 0.066865
4 0.200122
2120 4
1 0.0660654
2 0.0663122
3 0.0671971
4 0.199575
2130 4
1 0.0652274
2 0.0673361
3 0.0671092
4 0.199673
2140 4
1 0.0658835
2 0.0673537
3 0.0673824
4 0.20062
2150 4
1 0.0670847
2 0.0662116
3 0.0672695
4 0.200566
2160 4
1 0.0678029
2 0.0646794
3 0.0669899
4 0.199472
2170 4
1 0.068007
2 0.0632629
3 0.0680414
4 0.199311
2180 4
1 0.0680544
2 0.0629928
3 0.0694553
4 0.200502
2190 4
1 0.0682557
2 0.0644273
3 0.0694806
4 0.202164
2200 4
1 0.0686038
2 0.066476
3 0.0680719
4 0.203152
2210 4
1 0.0678267
2 0.0675848
3 0.0682344
4 0.203646
2220 4
1 0.0663459
2 0.0671659
3 0.0699156
4 0.203427
2230 4
1 0.0658008
2 0.0660121
3 0.0710456
4 0.202858
2240 4
1 0.0663422
2 0.0654735
3 0.0707159
4 0.202532
2250 4
1 0.0669297
2 0.0650842
3 0.0697525
4 0.201766
2260 4
1 0.0668063
2 0.0645141
3 0.0694558
4 0.200776
2270 4
1 0.0663169
2 0.0641495
3 0.0705595
4 0.201026
2280 4
1 0.0666217
2 0.0636579
3 0.0719616
4 0.202241
2290 4
1 0.0688246
2 0.0632157
3 0.0723179
4 0.204358
2300 4
1 0.0720156
2 0.0635875
3 0.0725298
4 0.208133
2310 4
1 0.0732017
2 0.0648271
3 0.0736008
4 0.21163
2320 4
1 0.0720393
2 0.0669469
3 0.0743451
4 0.213331
2330 4
1 0.0703768
2 0.0692145
3 0.0736371
4 0.213228
2340 4
1 0.0691324
2 0.0707351
3 0.0724104
4 0.212278
2350 4
1 0.0684859
2 0.0713054
3 0.0711112
4 0.210903
2360 4
1 0.0676302
2 0.071014
3 0.0693535
4 0.207998
2370 4
1 0.0665004
2 0.0697243
3 0.067761
4 0.203986
2380 4
1 0.0656396
2 0.0673246
3 0.0668985
4 0.199863
2390 4
1 0.0649532
2 0.0647608
3 0.0664414
4 0.196155
2400 4
1 0.064301
2 0.0624337
3 0.0659189
4 0.192654
2410 4
1 0.0638236
2 0.0609281
3 0.0653646
4 0.190116
2420 4
1 0.0634761
2 0.0609928
3 0.064299
4 0.188768
2430 4
1 0.0631509
2 0.0632603
3 0.0640454
4 0.190457
2440 4
1 0.0639582
2 0.0660057
3 0.065194
4 0.195158
2450 4
1 0.0669067
2 0.0677548
3 0.0663006
4 0.200962
2460 4
1 0.0702776
2 0.0690267
3 0.0671386
4 0.206443
2470 4
1 0.0723336
2 0.0704268
3 0.0689809
4 0.211741
2480 4
1 0.0732723
2 0.0721765
3 0.0719244
4 0.217373
2490 4
1 0.0744163
2 0.073703
3 0.0739589
4 0.222078
2500 4
1 0.0767163
2 0.0746245
3 0.0742585
4 0.225599
2510 4
1 0.0788951
2 0.0753275
3 0.0731463
4 0.227369
2520 4
1 0.0797839
2 0.0771293
3 0.0721483
4 0.229062
2530 4
1 0.0802321
2 0.0794272
3 0.0721611
4 0.23182
2540 4
1 0.0804032
2 0.0804301
3 0.0733041
4 0.234137
2550 4
1 0.0791345
2 0.0801414
3 0.0752257
4 0.234502
2560 4
1 0.0763805
2 0.0799045
3 0.0761119
4 0.232397
2570 4
1 0.0747327
2 0.0795501
3 0.0752496
4 0.229532
2580 4
1 0.0753154
2 0.0786566
3 0.0737566
4 0.227729
2590 4
1 0.077527
2 0.0778655
3 0.0723227
4 0.227715
2600 4
1 0.0803801
2 0.0772255
3 0.0716778
4 0.229283
2610 4
1 0.0811356
2 0.0763284
3 0.0726876
4 0.230152
2620 4
1 0.0794286
2 0.0756897
3 0.0749006
4 0.230019
2630 4
1 0.0773342
2 0.0754243
3 0.0778956
4 0.230654
2640 4
1 0.0765334
2 0.0751275
3 0.0805459
4 0.232207
2650 4
1 0.0764785
2 0.076016
3 0.0810746
4 0.233569
2660 4
1 0.0761244
2 0.0774028
3 0.0807379
4 0.234265
2670 4
1 0.075169
2 0.0778696
3 0.0809006
4 0.233939
2680 4
1 0.0746526
2 0.0780558
3 0.0816368
4 0.234345
2690 4
1 0.075202
2 0.0788966
3 0.0824158
4 0.236514
2700 4
1 0.0759911
2 0.0808909
3 0.0820775
4 0.23896
2710 4
1 0.0761619
2 0.0828596
3 0.0805643
4 0.239586
2720 4
1 0.0756285
2 0.0842522
3 0.0787786
4 0.238659
2730 4
1 0.0756995
2 0.0849999
3 0.077971
4 0.23867
2740 4
1 0.0771985
2 0.0848578
3 0.0788621
4 0.240918
2750 4
1 0.0793144
2 0.0852199
3 0.0806889
4 0.245223
2760 4
1 0.0805007
2 0.0871735
3 0.0824895
4 0.250164
2770 4
1 0.0809778
2 0.090428
3 0.0832127
4 0.254618
2780 4
1 0.0818065
2 0.0932726
3 0.0826708
4 0.25775
2790 4
1 0.0827756
2 0.0938561
3 0.0827399
4 0.259372
2800 4
1 0.0832935
2 0.0924981
3 0.0840002
4 0.259792
2810 4
1 0.0828833
2 0.0916927
3 0.0857196
4 0.260296
2820 4
1 0.0818483
2 0.0921188
3 0.0869741
4 0.260941
2830 4
1 0.0816267
2 0.0920728
3 0.0867821
4 0.260482
2840 4
1 0.0825934
2 0.090417
3 0.0853337
4 0.258344
2850 4
1 0.0838663
2 0.0882786
3 0.0842343
4 0.256379
2860 4
1 0.0844538
2 0.0873472
3 0.0845494
4 0.25635
2870 4
1 0.0849649
2 0.0880697
3 0.0853972
4 0.258432
2880 4
1 0.0863457
2 0.0886983
3 0.0852254
4 0.260269
2890 4
1 0.0873025
2 0.0889025
3 0.0835177
4 0.259723
2900 4
1 0.086388
2 0.0898199
3 0.0805419
4 0.25675
2910 4
1 0.0846161
2 0.0904672
3 0.0788155
4 0.253899
2920 4
1 0.0830976
2 0.0898298
3 0.0796887
4 0.252616
2930 4
1 0.0821953
2 0.0881552
3 0.0807047
4 0.251055
2940 4
1 0.0822112
2 0.0866549
3 0.0802779
4 0.249144
2950 4
1 0.0826896
2 0.0852975
3 0.0789547
4 0.246942
2960 4
1 0.0826181
2 0.0837864
3 0.0777483
4 0.244153
2970 4
1 0.0822732
2 0.0825486
3 0.0771819
4 0.242004
2980 4
1 0.082444
2 0.0818223
3 0.0769947
4 0.241261
2990 4
1 0.0833615
2 0.0818483
3 0.0767351
4 0.241945
3000 4
1 0.0842243
2 0.0828887
3 0.0772989
4 0.244412
3010 4
1 0.0849955
2 0.0844468
3 0.0793997
4 0.248842
3020 4
1 0.0862054
2 0.08514
3 0.0814838
4 0.252829
3030 4
1 0.0873293
2 0.0853321
3 0.0834885
4 0.25615
3040 4
1 0.0880051
2 0.0855548
3 0.0845867
4 0.258147
3050 4
1 0.0874598
2 0.0864232
3 0.0839241
4 0.257807
3060 4
1 0.0856385
2 0.0877972
3 0.0826433
4 0.256079
3070 4
1 0.0844231
2 0.0888089
3 0.0819809
4 0.255213
3080 4
1 0.0850763
2 0.0900482
3 0.082556
4 0.257681
3090 4
1 0.0871104
2 0.0912315
3 0.0831843
4 0.261526
3100 4
1 0.0889558
2 0.0913837
3 0.0822478
4 0.262587
3110 4
1 0.0901034
2 0.0904189
3 0.0804796
4 0.261002
3120 4
1 0.0904964
2 0.0882465
3 0.0789144
4 0.257657
3130 4
1 0.0896863
2 0.0867501
3 0.0777067
4 0.254143
3140 4
1 0.0877109
2 0.0871882
3 0.0776538
4 0.252553
3150 4
1 0.0852789
2 0.0877144
3 0.0785168
4 0.25151
3160 4
1 0.0842034
2 0.0866885
3 0.0790149
4 0.249907
3170 4
1 0.084289
2 0.0849384
3 0.0783848
4 0.247612
3180 4
1 0.0839748
2 0.0841029
3 0.0764362
4 0.244514
3190 4
1 0.0835335
2 0.0844661
3 0.0744787
4 0.242478
3200 4
1 0.0837645
2 0.0848741
3 0.0744749
4 0.243113
3210 4
1 0.0835205
2 0.0842083
3 0.0753255
4 0.243054
3220 4
1 0.0823873
2 0.0826309
3 0.0755133
4 0.240532
3230 4
1 0.0809729
2 0.0814436
3 0.0755978
4 0.238014
3240 4
1 0.0793038
2 0.0819616
3 0.0753944
4 0.23666
3250 4
1 0.0782977
2 0.0834312
3 0.0749895
4 0.236718
3260 4
1 0.0786297
2 0.0837376
3 0.0761791
4 0.238546
3270 4
1 0.0794553
2 0.0826295
3 0.0778163
4 0.239901
3280 4
1 0.0796793
2 0.0814878
3 0.0781774
4 0.239345
3290 4
1 0.0801548
2 0.0812851
3 0.0774197
4 0.23886
3300 4
1 0.0806286
2 0.0811845
3 0.0760882
4 0.237901
3310 4
1 0.0799873
2 0.0801328
3 0.0748361
4 0.234956
3320 4
1 0.079544
2 0.0783646
3 0.0740374
4 0.231946
3330 4
1 0.0798883
2 0.0768839
3 0.0735287
4 0.230301
3340 4
1 0.0788295
2 0.07599
3 0.0731449
4 0.227964
3350 4
1 0.0770487
2 0.0756581
3 0.0739418
4 0.226649
3360 4
1 0.0766942
2 0.0759176
3 0.0752399
4 0.227852
3370 4
1 0.0774341
2 0.077655
3 0.0755888
4 0.230678
3380 4
1 0.0785305
2 0.0808322
3 0.0751097
4 0.234472
3390 4
1 0.0795898
2 0.0848184
3 0.074518
4 0.238926
3400 4
1 0.0801437
2 0.0882092
3 0.0738404
4 0.242193
3410 4
1 0.0806217
2 0.0888119
3 0.0729752
4 0.242409
3420 4
1 0.0810864
2 0.0872876
3 0.0718871
4 0.240261
3430 4
1 0.0813173
2 0.0859117
3 0.0704654
4 0.237694
3440 4
1 0.0809365
2 0.0847456
3 0.0698141
4 0.235496
3450 4
1 0.0812072
2 0.0837624
3 0.070792
4 0.235762
3460 4
1 0.0816239
2 0.083637
3 0.0733692
4 0.23863
3470 4
1 0.0802118
2 0.0839179
3 0.0768661
4 0.240996
3480 4
1 0.0777988
2 0.0840283
3 0.080025
4 0.241852
3490 4
1 0.0766539
2 0.085318
3 0.0816136
4 0.243586
3500 4
1 0.0768894
2 0.0873078
3 0.0817004
4 0.245898
3510 4
1 0.0780572
2 0.0873052
3 0.0813466
4 0.246709
3520 4
1 0.0800499
2 0.0850137
3 0.0813017
4 0.246365
3530 4
1 0.0825838
2 0.0829947
3 0.0812831
4 0.246861
3540 4
1 0.0847348
2 0.082181
3 0.0805193
4 0.247435
3550 4
1 0.0846948
2 0.0816873
3 0.0788558
4 0.245238
3560 4
1 0.082441
2 0.0810392
3 0.0776707
4 0.241151
3570 4
1 0.0802217
2 0.0792763
3 0.0781451
4 0.237643
3580 4
1 0.0787588
2 0.0766047
3 0.0791398
4 0.234503
3590 4
1 0.0765817
2 0.0748509
3 0.0785616
4 0.229994
3600 4
1 0.0742207
2 0.0743035
3 0.0764342
4 0.224958
3610 4
1 0.0729923
2 0.0739416
3 0.0747506
4 0.221684
3620 4
1 0.0730346
2 0.0732086
3 0.0746205
4 0.220864
3630 4
1 0.073525
2 0.0722572
3 0.0760376
4 0.22182
3640 4
1 0.074775
2 0.0712168
3 0.0776961
4 0.223688
3650 4
1 0.075602
2 0.0708474
3 0.0781186
4 0.224568
3660 4
1 0.0746511
2 0.0703951
3 0.0767475
4 0.221794
3670 4
1 0.0731109
2 0.0695878
3 0.0740999
4 0.216799
3680 4
1 0.0716166
2 0.0695072
3 0.0716359
4 0.21276
3690 4
1 0.0706934
2 0.069285
3 0.0699997
4 0.209978
3700 4
1 0.0707827
2 0.0683887
3 0.0696347
4 0.208806
3710 4
1 0.0715124
2 0.06798
3 0.0699731
4 0.209466
3720 4
1 0.0728371
2 0.0684276
3 0.0699102
4 0.211175
3730 4
1 0.0742956
2 0.0693847
3 0.069847
4 0.213527
3740 4
1 0.0747793
2 0.0708958
3 0.070035
4 0.21571
3750 4
1 0.0740338
2 0.0722537
3 0.0708279
4 0.217115
3760 4
1 0.0735781
2 0.0729382
3 0.072318
4 0.218834
3770 4
1 0.0749706
2 0.0731685
3 0.0739108
4 0.22205
3780 4
1 0.0776083
2 0.0736401
3 0.0746639
4 0.225912
3790 4
1 0.0799877
2 0.0748474
3 0.0749379
4 0.229773
3800 4
1 0.0814787
2 0.0762846
3 0.0748507
4 0.232614
3810 4
1 0.0820647
2 0.0772148
3 0.0741698
4 0.233449
3820 4
1 0.0818532
2 0.0777975
3 0.0739695
4 0.23362
3830 4
1 0.0823266
2 0.0780317
3 0.0756487
4 0.236007
3840 4
1 0.0844122
2 0.0785675
3 0.0786253
4 0.241605
3850 4
1 0.0867441
2 0.0789492
3 0.0812448
4 0.246938
3860 4
1 0.0878914
2 0.0787263
3 0.0826381
4 0.249256
3870 4
1 0.0880192
2 0.0779845
3 0.0820949
4 0.248099
3880 4
1 0.086845
2 0.0772928
3 0.0807934
4 0.244931
3890 4
1 0.0849443
2 0.0768544
3 0.0805025
4 0.242301
3900 4
1 0.0827033
2 0.0768409
3 0.0802712
4 0.239815
3910 4
1 0.0812828
2 0.0772639
3 0.0795427
4 0.238089
3920 4
1 0.0811701
2 0.0776258
3 0.078857
4 0.237653
3930 4
1 0.0813959
2 0.0770713
3 0.0791384
4 0.237606
3940 4
1 0.0821041
2 0.0764043
3 0.0800902
4 0.238599
3950 4
1 0.0822909
2 0.0775658
3 0.0807698
4 0.240626
3960 4
1 0.0816535
2 0.0799511
3 0.0803534
4 0.241958
3970 4
1 0.0813237
2 0.0815071
3 0.0798871
4 0.242718
3980 4
1 0.0812093
2 0.0829074
3 0.0795738
4 0.243691
3990 4
1 0.0803058
2 0.085531
3 0.0776542
4 0.243491
4000 4
1 0.078464
2 0.087835
3 0.0746265
4 0.240925
4010 4
1 0.0773368
2 0.0889125
3 0.0724754
4 0.238725
4020 4
1 0.0780408
2 0.0893039
3 0.0715764
4 0.238921
4030 4
1 0.0795635
2 0.0883317
3 0.0722095
4 0.240105
4040 4
1 0.0809514
2 0.086917
3 0.0735843
4 0.241453
4050 4
1 0.0817078
2 0.0860472
3 0.0749984
4 0.242753
4060 4
1 0.0813277
2 0.0843926
3 0.0767424
4 0.242463
4070 4
1 0.0801788
2 0.081926
3 0.0771455
4 0.23925
4080 4
1 0.0787631
2 0.0792972
3 0.0760478
4 0.234108
4090 4
1 0.076775
2 0.077191
3 0.0744287
4 0.228395
4100 4
1 0.075212
2 0.0764307
3 0.0726544
4 0.224297
4110 4
1 0.0747507
2 0.0757995
3 0.0709559
4 0.221506
4120 4
1 0.0749304
2 0.0755175
3 0.0694299
4 0.219878
4130 4
1 0.0755056
2 0.0752747
3 0.0681206
4 0.218901
4140 4
1 0.076092
2 0.0735116
3 0.0681836
4 0.217787
4150 4
1 0.0763998
2 0.0713035
3 0.0691046
4 0.216808
4160 4
1 0.077126
2 0.0706442
3 0.0697091
4 0.217479
4170 4
1 0.0772371
2 0.0708778
3 0.0699106
4 0.218025
4180 4
1 0.0760865
2 0.070452
3 0.0701202
4 0.216659
4190 4
1 0.0749849
2 0.0691645
3 0.0704764
4 0.214626
4200 4
1 0.0756363
2 0.06854
3 0.0697465
4 0.213923
4210 4
1 0.0770251
2 0.0702872
3 0.0686834
4 0.215996
4220 4
1 0.0774569
2 0.0725057
3 0.0692483
4 0.219211
4230 4
1 0.0769604
2 0.0734205
3 0.0704971
4 0.220878
4240 4
1 0.0764455
2 0.0733442
3 0.0720888
4 0.221879
4250 4
1 0.0767982
2 0.0735423
3 0.0734193
4 0.22376
