# Time-averaged data for fix mscdwrite
# TimeStep Number-of-rows
# Row c_mscd
10 4
1 0.000915738
2 0.000882952
3 0.000970246
4 0.00276894
20 4
1 0.00913333
2 0.0087656
3 0.00980708
4 0.027706
30 4
1 0.0205295
2 0.0193042
3 0.0217319
4 0.0615656
40 4
1 0.0305703
2 0.029104
3 0.0314017
4 0.0910761
50 4
1 0.0395661
2 0.037756
3 0.0385806
4 0.115903
60 4
1 0.0452991
2 0.0457642
3 0.0446474
4 0.135711
70 4
1 0.0474874
2 0.0512709
3 0.0497715
4 0.14853
80 4
1 0.0502459
2 0.0532129
3 0.0510875
4 0.154546
90 4
1 0.0529335
2 0.0532969
3 0.0515366
4 0.157767
100 4
1 0.0541019
2 0.0551206
3 0.0529788
4 0.162201
110 4
1 0.0544258
2 0.0553027
3 0.0552702
4 0.164999
120 4
1 0.0565894
2 0.0545289
3 0.058019
4 0.169137
130 4
1 0.0615551
2 0.0565951
3 0.0594177
4 0.177568
140 4
1 0.0668549
2 0.0587496
3 0.0599305
4 0.185535
150 4
1 0.0695822
2 0.0587575
3 0.0613066
4 0.189646
160 4
1 0.0679507
2 0.0594911
3 0.062046
4 0.189488
170 4
1 0.0654363
2 0.0626849
3 0.0610164
4 0.189138
180 4
1 0.0650938
2 0.0664513
3 0.058392
4 0.189937
190 4
1 0.066559
2 0.0679042
3 0.0571547
4 0.191618
200 4
1 0.0695284
2 0.0680272
3 0.060076
4 0.197632
210 4
1 0.0721844
2 0.0690951
3 0.0654879
4 0.206767
220 4
1 0.0746269
2 0.0715447
3 0.0694974
4 0.215669
230 4
1 0.078577
2 0.0737368
3 0.0703361
4 0.22265
240 4
1 0.0809156
2 0.074034
3 0.0708591
4 0.225809
250 4
1 0.0796016
2 0.0744763
3 0.0730676
4 0.227146
260 4
1 0.0783084
2 0.07538
3 0.0742871
4 0.227975
270 4
1 0.0781453
2 0.0752419
3 0.0735114
4 0.226899
280 4
1 0.0786
2 0.0734207
3 0.071954
4 0.223975
290 4
1 0.0793185
2 0.0709843
3 0.0699558
4 0.220259
300 4
1 0.0791051
2 0.0708953
3 0.0689629
4 0.218963
310 4
1 0.0778709
2 0.0723382
3 0.0693395
4 0.219549
320 4
1 0.0779063
2 0.0733636
3 0.0711431
4 0.222413
330 4
1 0.079891
2 0.0723142
3 0.0721046
4 0.22431
340 4
1 0.0793496
2 0.0720159
3 0.0722609
4 0.223626
350 4
1 0.0773572
2 0.0736101
3 0.0723303
4 0.223298
360 4
1 0.0772362
2 0.0745403
3 0.0734146
4 0.225191
370 4
1 0.0773937
2 0.07332
3 0.0751916
4 0.225905
380 4
1 0.0778309
2 0.0717234
3 0.0740187
4 0.223573
390 4
1 0.0794918
2 0.0708943
3 0.0718386
4 0.222225
400 4
1 0.081157
2 0.0700141
3 0.0704193
4 0.22159
410 4
1 0.0810563
2 0.0686524
3 0.0687823
4 0.218491
420 4
1 0.0825857
2 0.0676149
3 0.0677183
4 0.217919
430 4
1 0.0862518
2 0.0666696
3 0.068662
4 0.221583
440 4
1 0.0878771
2 0.0673852
3 0.0718149
4 0.227077
450 4
1 0.0870407
2 0.070621
3 0.0752581
4 0.23292
460 4
1 0.0872354
2 0.0732316
3 0.0766346
4 0.237102
470 4
1 0.0887233
2 0.0736913
3 0.0767021
4 0.239117
480 4
1 0.0893884
2 0.0742737
3 0.0745162
4 0.238178
490 4
1 0.0883519
2 0.0762972
3 0.0727586
4 0.237408
500 4
1 0.0877959
2 0.0780104
3 0.0721825
4 0.237989
510 4
1 0.0876949
2 0.079468
3 0.0708802
4 0.238043
520 4
1 0.0875817
2 0.0816165
3 0.0693307
4 0.238529
530 4
1 0.0881504
2 0.0836896
3 0.0696265
4 0.241466
540 4
1 0.0891507
2 0.0861779
3 0.0711475
4 0.246476
550 4
1 0.0899364
2 0.0891641
3 0.0711916
4 0.250292
560 4
1 0.0903111
2 0.0913566
3 0.0710182
4 0.252686
570 4
1 0.0911754
2 0.0905451
3 0.0711741
4 0.252895
580 4
1 0.0935066
2 0.0873678
3 0.0728776
4 0.253752
590 4
1 0.0957727
2 0.0848718
3 0.0764256
4 0.25707
600 4
1 0.0955644
2 0.0854405
3 0.0799817
4 0.260986
610 4
1 0.0933849
2 0.0879211
3 0.0820392
4 0.263345
620 4
1 0.0923859
2 0.0887243
3 0.0831385
4 0.264249
630 4
1 0.0928552
2 0.0874675
3 0.0846311
4 0.264954
640 4
1 0.0937833
2 0.0857891
3 0.0854525
4 0.265025
650 4
1 0.0948405
2 0.0845433
3 0.085973
4 0.265357
660 4
1 0.0959866
2 0.0835266
3 0.0865068
4 0.26602
670 4
1 0.0982053
2 0.0844776
3 0.0868506
4 0.269534
680 4
1 0.102158
2 0.0866981
3 0.0857092
4 0.274565
690 4
1 0.106598
2 0.0898195
3 0.0836655
4 0.280083
700 4
1 0.106511
2 0.093192
3 0.0817897
4 0.281492
710 4
1 0.102109
2 0.0963332
3 0.0806337
4 0.279076
720 4
1 0.0997069
2 0.0976838
3 0.079396
4 0.276787
730 4
1 0.0997111
2 0.0953697
3 0.0796295
4 0.27471
740 4
1 0.10087
2 0.0897411
3 0.0815079
4 0.272119
750 4
1 0.101676
2 0.0835541
3 0.0839251
4 0.269155
760 4
1 0.100177
2 0.0813317
3 0.0861874
4 0.267697
770 4
1 0.0968743
2 0.0837233
3 0.089239
4 0.269837
780 4
1 0.0943832
2 0.0879029
3 0.0928951
4 0.275181
790 4
1 0.0938254
2 0.0916273
3 0.0949766
4 0.280429
800 4
1 0.0942165
2 0.0957844
3 0.095812
4 0.285813
810 4
1 0.0939532
2 0.0987985
3 0.0973136
4 0.290065
820 4
1 0.0947766
2 0.0995481
3 0.0985974
4 0.292922
830 4
1 0.0984072
2 0.0994424
3 0.0991098
4 0.296959
840 4
1 0.103106
2 0.101748
3 0.0996659
4 0.304519
850 4
1 0.106101
2 0.103992
3 0.100382
4 0.310475
860 4
1 0.108253
2 0.103872
3 0.100853
4 0.312978
870 4
1 0.111192
2 0.103152
3 0.102384
4 0.316728
880 4
1 0.113342
2 0.103187
3 0.104863
4 0.321392
890 4
1 0.114724
2 0.104189
3 0.108325
4 0.327238
900 4
1 0.11536
2 0.105844
3 0.111832
4 0.333037
910 4
1 0.115847
2 0.107264
3 0.114789
4 0.3379
920 4
1 0.116772
2 0.108419
3 0.11737
4 0.34256
930 4
1 0.119695
2 0.1085
3 0.116768
4 0.344962
940 4
1 0.123819
2 0.109302
3 0.112388
4 0.345508
950 4
1 0.125177
2 0.110705
3 0.109019
4 0.3449
960 4
1 0.123984
2 0.11167
3 0.108258
4 0.343913
970 4
1 0.124406
2 0.111142
3 0.107221
4 0.342769
980 4
1 0.1251
2 0.109071
3 0.106014
4 0.340185
990 4
1 0.123795
2 0.106452
3 0.105975
4 0.336222
1000 4
1 0.121217
2 0.105289
3 0.106502
4 0.333009
1010 4
1 0.119734
2 0.107762
3 0.104847
4 0.332343
1020 4
1 0.119706
2 0.111081
3 0.100431
4 0.331218
1030 4
1 0.118889
2 0.112352
3 0.0983539
4 0.329594
1040 4
1 0.114912
2 0.112231
3 0.100321
4 0.327464
1050 4
1 0.110819
2 0.111593
3 0.10192
4 0.324333
1060 4
1 0.109152
2 0.109932
3 0.101032
4 0.320116
1070 4
1 0.107586
2 0.106965
3 0.0994814
4 0.314032
1080 4
1 0.105484
2 0.104022
3 0.098613
4 0.308119
1090 4
1 0.104987
2 0.101774
3 0.0972394
4 0.304
1100 4
1 0.10629
2 0.100942
3 0.0952612
4 0.302493
1110 4
1 0.108106
2 0.100812
3 0.093161
4 0.302079
1120 4
1 0.107969
2 0.0991357
3 0.0925375
4 0.299643
1130 4
1 0.106254
2 0.0965165
3 0.0938801
4 0.29665
1140 4
1 0.10372
2 0.095475
3 0.094851
4 0.294046
1150 4
1 0.101929
2 0.0948901
3 0.0950122
4 0.291831
1160 4
1 0.10218
2 0.0939827
3 0.0937056
4 0.289869
1170 4
1 0.104048
2 0.0950019
3 0.0917999
4 0.29085
1180 4
1 0.106105
2 0.0979487
3 0.0904592
4 0.294513
1190 4
1 0.108064
2 0.100553
3 0.089003
4 0.29762
1200 4
1 0.109031
2 0.101016
3 0.0889649
4 0.299012
1210 4
1 0.110556
2 0.100436
3 0.0906053
4 0.301597
1220 4
1 0.111002
2 0.0989505
3 0.0916361
4 0.301588
1230 4
1 0.107894
2 0.0967955
3 0.0915805
4 0.29627
1240 4
1 0.101848
2 0.0949777
3 0.0909348
4 0.28776
1250 4
1 0.0972023
2 0.0949849
3 0.0895237
4 0.281711
1260 4
1 0.0958784
2 0.0972773
3 0.0886365
4 0.281792
1270 4
1 0.095817
2 0.10016
3 0.089088
4 0.285065
1280 4
1 0.0973526
2 0.10118
3 0.0905339
4 0.289067
1290 4
1 0.100613
2 0.10036
3 0.0917053
4 0.292677
1300 4
1 0.102967
2 0.0980993
3 0.0898544
4 0.290921
1310 4
1 0.103683
2 0.0958237
3 0.0856682
4 0.285175
1320 4
1 0.103319
2 0.096936
3 0.0837679
4 0.284023
1330 4
1 0.102275
2 0.0996011
3 0.0852334
4 0.287109
1340 4
1 0.102171
2 0.101562
3 0.0871127
4 0.290845
1350 4
1 0.104706
2 0.101494
3 0.088361
4 0.294561
1360 4
1 0.107839
2 0.099528
3 0.08981
4 0.297177
1370 4
1 0.109478
2 0.0983308
3 0.0907796
4 0.298588
1380 4
1 0.109019
2 0.0977908
3 0.0910355
4 0.297846
1390 4
1 0.107852
2 0.0980756
3 0.0922689
4 0.298196
1400 4
1 0.106786
2 0.0982243
3 0.0953483
4 0.300358
1410 4
1 0.106072
2 0.0981673
3 0.0983457
4 0.302585
1420 4
1 0.106229
2 0.0984212
3 0.0976308
4 0.302281
1430 4
1 0.106901
2 0.0993106
3 0.0940798
4 0.300291
1440 4
1 0.106056
2 0.100349
3 0.0917785
4 0.298184
1450 4
1 0.103889
2 0.101237
3 0.0920149
4 0.297141
1460 4
1 0.103033
2 0.101488
3 0.0935456
4 0.298067
1470 4
1 0.103548
2 0.101259
3 0.0943647
4 0.299172
1480 4
1 0.10313
2 0.100348
3 0.0957556
4 0.299234
1490 4
1 0.1018
2 0.098317
3 0.0989244
4 0.299041
1500 4
1 0.0999384
2 0.0959591
3 0.10241
4 0.298307
1510 4
1 0.0991803
2 0.0940387
3 0.104884
4 0.298103
1520 4
1 0.100213
2 0.0931785
3 0.105395
4 0.298787
1530 4
1 0.101725
2 0.0934889
3 0.10384
4 0.299053
1540 4
1 0.10388
2 0.0953529
3 0.101179
4 0.300412
1550 4
1 0.106723
2 0.097983
3 0.0987639
4 0.30347
1560 4
1 0.108531
2 0.10016
3 0.0971249
4 0.305816
1570 4
1 0.108464
2 0.101064
3 0.0965801
4 0.306108
1580 4
1 0.108103
2 0.101359
3 0.0965855
4 0.306047
1590 4
1 0.106864
2 0.10148
3 0.0961774
4 0.304521
1600 4
1 0.105257
2 0.100919
3 0.0961276
4 0.302304
1610 4
1 0.104052
2 0.099995
3 0.0978003
4 0.301847
1620 4
1 0.103783
2 0.10091
3 0.100396
4 0.305089
1630 4
1 0.104947
2 0.102653
3 0.100937
4 0.308537
1640 4
1 0.107025
2 0.103547
3 0.0998452
4 0.310418
1650 4
1 0.108361
2 0.103322
3 0.0980647
4 0.309748
1660 4
1 0.108645
2 0.102577
3 0.0974409
4 0.308662
1670 4
1 0.108839
2 0.102118
3 0.0993097
4 0.310267
1680 4
1 0.109525
2 0.102384
3 0.100711
4 0.31262
1690 4
1 0.110095
2 0.103425
3 0.100053
4 0.313573
1700 4
1 0.107986
2 0.104241
3 0.0997312
4 0.311958
1710 4
1 0.104089
2 0.104342
3 0.100729
4 0.30916
1720 4
1 0.101958
2 0.10473
3 0.101943
4 0.308631
1730 4
1 0.101162
2 0.105237
3 0.102184
4 0.308583
1740 4
1 0.100592
2 0.105808
3 0.101028
4 0.307427
1750 4
1 0.100447
2 0.106396
3 0.0996749
4 0.306518
1760 4
1 0.099426
2 0.106596
3 0.0983794
4 0.304402
1770 4
1 0.0972854
2 0.105674
3 0.0983116
4 0.301271
1780 4
1 0.0950136
2 0.103196
3 0.0997276
4 0.297937
1790 4
1 0.093848
2 0.100271
3 0.102112
4 0.296231
1800 4
1 0.0934448
2 0.09828
3 0.104343
4 0.296068
1810 4
1 0.0928025
2 0.0981843
3 0.105568
4 0.296554
1820 4
1 0.0919437
2 0.100068
3 0.105525
4 0.297537
1830 4
1 0.0910288
2 0.102898
3 0.103419
4 0.297346
1840 4
1 0.0901424
2 0.104752
3 0.100087
4 0.294981
1850 4
1 0.0891331
2 0.103689
3 0.0967072
4 0.289529
1860 4
1 0.0886979
2 0.100451
3 0.094223
4 0.283372
1870 4
1 0.0894947
2 0.0986346
3 0.0925886
4 0.280718
1880 4
1 0.0905866
2 0.0988354
3 0.0902041
4 0.279626
1890 4
1 0.0909388
2 0.0994791
3 0.0882234
4 0.278641
1900 4
1 0.0898362
2 0.0994503
3 0.0869802
4 0.276267
1910 4
1 0.0875057
2 0.0974705
3 0.0866008
4 0.271577
1920 4
1 0.0866996
2 0.0936472
3 0.0868506
4 0.267197
1930 4
1 0.0883009
2 0.0894961
3 0.0865269
4 0.264324
1940 4
1 0.090412
2 0.0863418
3 0.0857492
4 0.262503
1950 4
1 0.0910038
2 0.0851366
3 0.0855014
4 0.261642
1960 4
1 0.090002
2 0.0843534
3 0.0864095
4 0.260765
1970 4
1 0.0887086
2 0.0841277
3 0.0875126
4 0.260349
1980 4
1 0.0875995
2 0.0857784
3 0.088737
4 0.262115
1990 4
1 0.0874054
2 0.0874106
3 0.0909593
4 0.265775
2000 4
1 0.0880712
2 0.0866714
3 0.0929341
4 0.267677
2010 4
1 0.0884248
2 0.0851205
3 0.0932567
4 0.266802
2020 4
1 0.0880431
2 0.0855174
3 0.0922237
4 0.265784
2030 4
1 0.0880441
2 0.0882858
3 0.0912481
4 0.267578
2040 4
1 0.0890897
2 0.0929451
3 0.0908938
4 0.272929
2050 4
1 0.0906803
2 0.0967958
3 0.0925118
4 0.279988
2060 4
1 0.0913671
2 0.0972659
3 0.0955496
4 0.284183
2070 4
1 0.0906313
2 0.0953225
3 0.0980447
4 0.283998
2080 4
1 0.0895856
2 0.0929978
3 0.098098
4 0.280681
2090 4
1 0.089345
2 0.0908343
3 0.0972698
4 0.277449
2100 4
1 0.089876
2 0.0908554
3 0.0973089
4 0.27804
2110 4
1 0.0905014
2 0.0936552
3 0.0980913
4 0.282248
2120 4
1 0.0917604
2 0.097736
3 0.0977019
4 0.287198
2130 4
1 0.0932905
2 0.102272
3 0.0956817
4 0.291244
2140 4
1 0.0934863
2 0.104305
3 0.0943959
4 0.292188
2150 4
1 0.0928711
2 0.10312
3 0.0948863
4 0.290877
2160 4
1 0.0930795
2 0.100679
3 0.0954382
4 0.289197
2170 4
1 0.093554
2 0.0998693
3 0.0956237
4 0.289047
2180 4
1 0.093213
2 0.100096
3 0.0955129
4 0.288822
2190 4
1 0.0929644
2 0.0980244
3 0.0947144
4 0.285703
2200 4
1 0.092778
2 0.0945195
3 0.0936618
4 0.280959
2210 4
1 0.0918521
2 0.0936097
3 0.0917095
4 0.277171
2220 4
1 0.0905588
2 0.0956886
3 0.089414
4 0.275661
2230 4
1 0.0902007
2 0.0981728
3 0.0879987
4 0.276372
2240 4
1 0.0898667
2 0.0993289
3 0.0874049
4 0.276601
2250 4
1 0.0890738
2 0.0998326
3 0.0870593
4 0.275966
2260 4
1 0.0896594
2 0.0999772
3 0.0877607
4 0.277397
2270 4
1 0.0924879
2 0.0996465
3 0.0887762
4 0.280911
2280 4
1 0.0956026
2 0.0995527
3 0.0888339
4 0.283989
2290 4
1 0.0963787
2 0.10033
3 0.0886275
4 0.285336
2300 4
1 0.0956797
2 0.101877
3 0.0891953
4 0.286752
2310 4
1 0.0958668
2 0.103644
3 0.090062
4 0.289572
2320 4
1 0.0966713
2 0.103792
3 0.0905233
4 0.290987
2330 4
1 0.097417
2 0.101286
3 0.0919639
4 0.290667
2340 4
1 0.0968978
2 0.0983518
3 0.0938067
4 0.289056
2350 4
1 0.0950191
2 0.0975133
3 0.0937003
4 0.286233
2360 4
1 0.0936999
2 0.098145
3 0.0920213
4 0.283866
2370 4
1 0.0931537
2 0.0994045
3 0.0905692
4 0.283127
2380 4
1 0.0921424
2 0.101027
3 0.0902826
4 0.283452
2390 4
1 0.0903353
2 0.101773
3 0.091012
4 0.28312
2400 4
1 0.0892805
2 0.100259
3 0.0915934
4 0.281133
2410 4
1 0.0891582
2 0.0977835
3 0.0913989
4 0.278341
2420 4
1 0.0892331
2 0.0962884
3 0.0903892
4 0.275911
2430 4
1 0.0893183
2 0.0954615
3 0.0892439
4 0.274024
2440 4
1 0.0893009
2 0.0955887
3 0.088851
4 0.273741
2450 4
1 0.0896753
2 0.0962796
3 0.0895845
4 0.275539
2460 4
1 0.0911961
2 0.0959244
3 0.0905193
4 0.27764
2470 4
1 0.0927884
2 0.0943858
3 0.090312
4 0.277486
2480 4
1 0.0928154
2 0.0918597
3 0.0902043
4 0.274879
2490 4
1 0.0929277
2 0.0898429
3 0.0899703
4 0.272741
2500 4
1 0.0939379
2 0.0885334
3 0.0880022
4 0.270474
2510 4
1 0.0948604
2 0.0872109
3 0.0864004
4 0.268472
2520 4
1 0.0951811
2 0.0871853
3 0.0867984
4 0.269165
2530 4
1 0.0944136
2 0.0889979
3 0.0878787
4 0.27129
2540 4
1 0.0925097
2 0.0911817
3 0.0889003
4 0.272592
2550 4
1 0.0909901
2 0.0922089
3 0.0895837
4 0.272783
2560 4
1 0.0912983
2 0.092112
3 0.0892192
4 0.27263
2570 4
1 0.0922515
2 0.0910799
3 0.0887037
4 0.272035
2580 4
1 0.0917936
2 0.0891787
3 0.0895431
4 0.270515
2590 4
1 0.0898478
2 0.086394
3 0.0909543
4 0.267196
2600 4
1 0.0878906
2 0.084208
3 0.091662
4 0.263761
2610 4
1 0.0875538
2 0.0844392
3 0.0918273
4 0.26382
2620 4
1 0.0890035
2 0.086676
3 0.0908768
4 0.266556
2630 4
1 0.0917411
2 0.0906113
3 0.0890591
4 0.271412
2640 4
1 0.0949335
2 0.0943242
3 0.0875845
4 0.276842
2650 4
1 0.0977388
2 0.096611
3 0.0870389
4 0.281389
2660 4
1 0.0983324
2 0.0981175
3 0.0866441
4 0.283094
2670 4
1 0.0959147
2 0.0982324
3 0.085922
4 0.280069
2680 4
1 0.0922496
2 0.0966
3 0.085366
4 0.274216
2690 4
1 0.0892314
2 0.0937363
3 0.0854416
4 0.268409
2700 4
1 0.0874561
2 0.0902639
3 0.08592
4 0.26364
2710 4
1 0.0863095
2 0.087425
3 0.0867558
4 0.26049
2720 4
1 0.0859218
2 0.085997
3 0.0876867
4 0.259606
2730 4
1 0.0860011
2 0.0854662
3 0.0870399
4 0.258507
2740 4
1 0.0864175
2 0.0859873
3 0.0846462
4 0.257051
2750 4
1 0.0875639
2 0.0866283
3 0.0813512
4 0.255543
2760 4
1 0.0888881
2 0.0866487
3 0.0791283
4 0.254665
2770 4
1 0.0899709
2 0.0858405
3 0.0796689
4 0.25548
2780 4
1 0.0921086
2 0.0845752
3 0.0816385
4 0.258322
2790 4
1 0.0954304
2 0.0834247
3 0.0832635
4 0.262119
2800 4
1 0.0977335
2 0.0828617
3 0.0836984
4 0.264294
2810 4
1 0.0983566
2 0.0829531
3 0.0833167
4 0.264626
2820 4
1 0.0979007
2 0.0833784
3 0.0835396
4 0.264819
2830 4
1 0.0981101
2 0.0845293
3 0.0857103
4 0.26835
2840 4
1 0.099214
2 0.0876052
3 0.0884334
4 0.275252
2850 4
1 0.0992326
2 0.0907871
3 0.0892537
4 0.279273
2860 4
1 0.0977492
2 0.0919497
3 0.0885665
4 0.278265
2870 4
1 0.0955101
2 0.0912214
3 0.0886177
4 0.275349
2880 4
1 0.0944364
2 0.0891829
3 0.0888053
4 0.272425
2890 4
1 0.0953224
2 0.0874111
3 0.0885226
4 0.271256
2900 4
1 0.0972533
2 0.0868385
3 0.0872328
4 0.271325
2910 4
1 0.0984922
2 0.0872227
3 0.084702
4 0.270417
2920 4
1 0.098651
2 0.088716
3 0.0827805
4 0.270147
2930 4
1 0.0989913
2 0.0898284
3 0.0825861
4 0.271406
2940 4
1 0.0990892
2 0.0904051
3 0.0833042
4 0.272798
2950 4
1 0.0979887
2 0.0921575
3 0.0834806
4 0.273627
2960 4
1 0.096609
2 0.0938695
3 0.0840373
4 0.274516
2970 4
1 0.0959245
2 0.0932093
3 0.0857882
4 0.274922
2980 4
1 0.0950608
2 0.0912532
3 0.0869041
4 0.273218
2990 4
1 0.0934695
2 0.0904846
3 0.0875286
4 0.271483
3000 4
1 0.0920982
2 0.0913405
3 0.0881679
4 0.271607
3010 4
1 0.0924325
2 0.0929408
3 0.0886089
4 0.273982
3020 4
1 0.0931965
2 0.09471
3 0.0888322
4 0.276739
3030 4
1 0.0924186
2 0.0956693
3 0.088623
4 0.276711
3040 4
1 0.0907357
2 0.0953357
3 0.0871354
4 0.273207
3050 4
1 0.0892844
2 0.0950206
3 0.084547
4 0.268852
3060 4
1 0.0887355
2 0.0955852
3 0.0821616
4 0.266482
3070 4
1 0.0896627
2 0.0964034
3 0.0808325
4 0.266899
3080 4
1 0.0911904
2 0.0966245
3 0.0803956
4 0.26821
3090 4
1 0.091485
2 0.0965562
3 0.0816894
4 0.269731
3100 4
1 0.0911822
2 0.09568
3 0.0839752
4 0.270837
3110 4
1 0.091182
2 0.0935886
3 0.0845685
4 0.269339
3120 4
1 0.0915381
2 0.0913889
3 0.0839444
4 0.266871
3130 4
1 0.0912721
2 0.0905473
3 0.0830212
4 0.264841
3140 4
1 0.0904923
2 0.0914881
3 0.0821758
4 0.264156
3150 4
1 0.0895798
2 0.0941272
3 0.0818316
4 0.265539
3160 4
1 0.0893454
2 0.0982267
3 0.0812017
4 0.268774
3170 4
1 0.0906784
2 0.101409
3 0.0801015
4 0.272189
3180 4
1 0.0926691
2 0.101987
3 0.0791877
4 0.273844
3190 4
1 0.0922707
2 0.100888
3 0.0786442
4 0.271803
3200 4
1 0.0898222
2 0.100006
3 0.0785686
4 0.268397
3210 4
1 0.0874446
2 0.0990818
3 0.0789623
4 0.265489
3220 4
1 0.0866429
2 0.0972444
3 0.0804424
4 0.26433
3230 4
1 0.0874452
2 0.0941786
3 0.081366
4 0.26299
3240 4
1 0.0886231
2 0.0910075
3 0.0809038
4 0.260534
3250 4
1 0.0911289
2 0.0895701
3 0.0808274
4 0.261526
3260 4
1 0.0949064
2 0.0899309
3 0.0802504
4 0.265088
3270 4
1 0.098413
2 0.0906836
3 0.0785608
4 0.267657
3280 4
1 0.10138
2 0.0911184
3 0.0779399
4 0.270439
3290 4
1 0.103038
2 0.0917291
3 0.0795062
4 0.274274
3300 4
1 0.101796
2 0.0921795
3 0.0824312
4 0.276407
3310 4
1 0.0991844
2 0.0917912
3 0.0850209
4 0.275997
3320 4
1 0.0967339
2 0.0909057
3 0.0861925
4 0.273832
3330 4
1 0.0952489
2 0.0893662
3 0.0859776
4 0.270593
3340 4
1 0.0956956
2 0.0875499
3 0.0854339
4 0.268679
3350 4
1 0.0965641
2 0.0866687
3 0.0851401
4 0.268373
3360 4
1 0.0960632
2 0.0868259
3 0.0856859
4 0.268575
3370 4
1 0.0955124
2 0.0876814
3 0.0871556
4 0.270349
3380 4
1 0.0963665
2 0.0881041
3 0.089077
4 0.273548
3390 4
1 0.0975788
2 0.0879364
3 0.0917304
4 0.277246
3400 4
1 0.0984617
2 0.0879917
3 0.0949998
4 0.281453
3410 4
1 0.0986127
2 0.0892948
3 0.09752
4 0.285428
3420 4
1 0.0978079
2 0.0920802
3 0.0981213
4 0.288009
3430 4
1 0.0976474
2 0.0954099
3 0.0969337
4 0.289991
3440 4
1 0.0984357
2 0.0985127
3 0.0953011
4 0.29225
3450 4
1 0.0996756
2 0.0996155
3 0.0933408
4 0.292632
3460 4
1 0.101326
2 0.0983098
3 0.090571
4 0.290207
3470 4
1 0.102052
2 0.0970728
3 0.087833
4 0.286958
3480 4
1 0.10066
2 0.0970341
3 0.0865228
4 0.284217
3490 4
1 0.0974265
2 0.0963173
3 0.087314
4 0.281058
3500 4
1 0.0929804
2 0.0937036
3 0.088552
4 0.275236
3510 4
1 0.0891034
2 0.0905183
3 0.0881111
4 0.267733
3520 4
1 0.0877358
2 0.0883063
3 0.0857267
4 0.261769
3530 4
1 0.0880203
2 0.087161
3 0.0828718
4 0.258053
3540 4
1 0.0890708
2 0.0869436
3 0.0806973
4 0.256712
3550 4
1 0.0901483
2 0.0864687
3 0.0790302
4 0.255647
3560 4
1 0.0900759
2 0.0854916
3 0.0774564
4 0.253024
3570 4
1 0.0895364
2 0.0847553
3 0.0761672
4 0.250459
3580 4
1 0.0892955
2 0.0834623
3 0.0753912
4 0.248149
3590 4
1 0.0896342
2 0.0827484
3 0.0749748
4 0.247357
3600 4
1 0.0902847
2 0.0825714
3 0.0749945
4 0.247851
3610 4
1 0.0912797
2 0.0808689
3 0.0754679
4 0.247616
3620 4
1 0.0928765
2 0.0790583
3 0.0748885
4 0.246823
3630 4
1 0.093449
2 0.079341
3 0.0733098
4 0.2461
3640 4
1 0.0918279
2 0.0818016
3 0.071954
4 0.245583
3650 4
1 0.089006
2 0.0853912
3 0.073036
4 0.247433
3660 4
1 0.0867305
2 0.0876914
3 0.077201
4 0.251623
3670 4
1 0.0858678
2 0.0874699
3 0.0812007
4 0.254538
3680 4
1 0.086123
2 0.0863418
3 0.0824029
4 0.254868
3690 4
1 0.0873791
2 0.0857882
3 0.0818034
4 0.254971
3700 4
1 0.089383
2 0.0853802
3 0.0811998
4 0.255963
3710 4
1 0.091357
2 0.0855616
3 0.0817562
4 0.258675
3720 4
1 0.0922968
2 0.0867963
3 0.0828592
4 0.261952
3730 4
1 0.0918169
2 0.0871688
3 0.0835053
4 0.262491
3740 4
1 0.0898488
2 0.086099
3 0.0837993
4 0.259747
3750 4
1 0.0876142
2 0.084298
3 0.0833483
4 0.255261
3760 4
1 0.0862005
2 0.0828107
3 0.0821382
4 0.251149
3770 4
1 0.0855393
2 0.082123
3 0.0807404
4 0.248403
3780 4
1 0.0847649
2 0.0826485
3 0.0794681
4 0.246882
3790 4
1 0.0842482
2 0.0840907
3 0.079233
4 0.247572
3800 4
1 0.0841224
2 0.0856088
3 0.079724
4 0.249455
3810 4
1 0.0831243
2 0.0865251
3 0.0804591
4 0.250109
3820 4
1 0.0827919
2 0.0866535
3 0.0810398
4 0.250485
3830 4
1 0.0836701
2 0.0870782
3 0.0821386
4 0.252887
3840 4
1 0.0849934
2 0.088339
3 0.0830687
4 0.256401
3850 4
1 0.0880211
2 0.0898435
3 0.0847997
4 0.262664
3860 4
1 0.0916592
2 0.0907781
3 0.0874956
4 0.269933
3870 4
1 0.0941956
2 0.0915328
3 0.0893495
4 0.275078
3880 4
1 0.0955719
2 0.0922186
3 0.0900191
4 0.27781
3890 4
1 0.09622
2 0.0922948
3 0.0892015
4 0.277716
3900 4
1 0.0968633
2 0.0923845
3 0.087091
4 0.276339
3910 4
1 0.0976662
2 0.0935505
3 0.0838731
4 0.27509
3920 4
1 0.0977986
2 0.094736
3 0.0811059
4 0.273641
3930 4
1 0.0969699
2 0.0944256
3 0.0801103
4 0.271506
3940 4
1 0.0969117
2 0.0934167
3 0.0800707
4 0.270399
3950 4
1 0.0983237
2 0.0923427
3 0.0805994
4 0.271266
3960 4
1 0.0990807
2 0.0908728
3 0.0810052
4 0.270959
3970 4
1 0.0986341
2 0.0897985
3 0.0808653
4 0.269298
3980 4
1 0.0965798
2 0.0898561
3 0.0801471
4 0.266583
3990 4
1 0.0930603
2 0.0911673
3 0.0795349
4 0.263762
4000 4
1 0.090055
2 0.0920464
3 0.0801155
4 0.262217
4010 4
1 0.0892293
2 0.0913527
3 0.0815452
4 0.262127
4020 4
1 0.0897142
2 0.0889167
3 0.0823453
4 0.260976
4030 4
1 0.0907051
2 0.0858178
3 0.0820837
4 0.258607
4040 4
1 0.0917871
2 0.0836919
3 0.0807612
4 0.25624
4050 4
1 0.0929097
2 0.0834814
3 0.0793779
4 0.255769
4060 4
1 0.093516
2 0.0842892
3 0.0786828
4 0.256488
4070 4
1 0.0934513
2 0.084947
3 0.0787479
4 0.257146
4080 4
1 0.0929263
2 0.0852193
3 0.0784028
4 0.256548
4090 4
1 0.0928452
2 0.0846423
3 0.0777177
4 0.255205
4100 4
1 0.0928452
2 0.083733
3 0.0780518
4 0.25463
4110 4
1 0.0924139
2 0.0830239
3 0.0791508
4 0.254589
4120 4
1 0.0922335
2 0.0824059
3 0.0801035
4 0.254743
4130 4
1 0.0924871
2 0.0818688
3 0.0799712
4 0.254327
4140 4
1 0.0928581
2 0.0818045
3 0.0787433
4 0.253406
4150 4
1 0.0926111
2 0.0813043
3 0.0778
4 0.251715
4160 4
1 0.091625
2 0.0801148
3 0.0783201
4 0.25006
4170 4
1 0.0903995
2 0.0796222
3 0.0795275
4 0.249549
4180 4
1 0.0894889
2 0.0796677
3 0.0804003
4 0.249557
4190 4
1 0.0898418
2 0.0793355
3 0.0803259
4 0.249503
4200 4
1 0.0916451
2 0.0785908
3 0.079373
4 0.249609
4210 4
1 0.0930943
2 0.0782221
3 0.0795826
4 0.250899
4220 4
1 0.0929469
2 0.0782284
3 0.080422
4 0.251597
4230 4
1 0.0926097
2 0.0777609
3 0.080238
4 0.250609
4240 4
1 0.0930216
2 0.0770189
3 0.0790287
4 0.249069
4250 4
1 0.0928381
2 0.0769861
3 0.0771194
4 0.246944
4260 4
1 0.0912157
2 0.0769146
3 0.0750591
4 0.243189
4270 4
1 0.0897847
2 0.0773159
3 0.0739141
4 0.241015
4280 4
1 0.0894473
2 0.0792529
3 0.074281
4 0.242981
4290 4
1 0.0898212
2 0.0826067
3 0.0758341
4 0.248262
4300 4
1 0.0901651
2 0.0859936
3 0.0771138
4 0.253272
4310 4
1 0.0905359
2 0.0876878
3 0.0787767
4 0.257
4320 4
1 0.0910331
2 0.0878343
3 0.0809616
4 0.259829
4330 4
1 0.0919912
2 0.0869173
3 0.0831305
4 0.262039
4340 4
1 0.0934895
2 0.0860491
3 0.0841295
4 0.263668
4350 4
1 0.0953223
2 0.08737
3 0.0832315
4 0.265924
4360 4
1 0.097434
2 0.0904644
3 0.0816443
4 0.269543
4370 4
1 0.100054
2 0.092091
3 0.0812338
4 0.273378
4380 4
1 0.103064
2 0.0910283
3 0.0819347
4 0.276027
4390 4
1 0.105538
2 0.0897391
3 0.0830331
4 0.27831
4400 4
1 0.106212
2 0.0909618
3 0.0838911
4 0.281065
4410 4
1 0.104803
2 0.0942522
3 0.0840782
4 0.283134
4420 4
1 0.103505
2 0.0963288
3 0.0846905
4 0.284524
4430 4
1 0.104341
2 0.0948828
3 0.0864845
4 0.285708
4440 4
1 0.106923
2 0.0917608
3 0.0882958
4 0.28698
4450 4
1 0.109775
2 0.0894817
3 0.0892
4 0.288457
4460 4
1 0.111791
2 0.0884513
3 0.0892209
4 0.289463
4470 4
1 0.112624
2 0.087352
3 0.0891295
4 0.289105
4480 4
1 0.113345
2 0.0860031
3 0.089685
4 0.289033
4490 4
1 0.114149
2 0.0852017
3 0.0900674
4 0.289418
4500 4
1 0.1143
2 0.0847915
3 0.0903039
4 0.289395
4510 4
1 0.112817
2 0.0831691
3 0.0894196
4 0.285406
4520 4
1 0.110581
2 0.0814717
3 0.0865052
4 0.278558
4530 4
1 0.108889
2 0.0822326
3 0.0835855
4 0.274707
4540 4
1 0.10821
2 0.084849
3 0.0826854
4 0.275744
4550 4
1 0.108163
2 0.0877048
3 0.0840161
4 0.279884
4560 4
1 0.10752
2 0.0900514
3 0.0865976
4 0.284169
4570 4
1 0.10534
2 0.0919891
3 0.0889676
4 0.286297
4580 4
1 0.103175
2 0.0933981
3 0.091191
4 0.287764
4590 4
1 0.103672
2 0.0936246
3 0.0921084
4 0.289405
4600 4
1 0.106108
2 0.0931575
3 0.0918319
4 0.291098
4610 4
1 0.107828
2 0.093828
3 0.0915294
4 0.293185
4620 4
1 0.108781
2 0.0947825
3 0.0916419
4 0.295206
4630 4
1 0.110345
2 0.0941995
3 0.091962
4 0.296506
4640 4
1 0.11215
2 0.0924386
3 0.0911962
4 0.295785
4650 4
1 0.112486
2 0.0912962
3 0.0892532
4 0.293036
4660 4
1 0.111355
2 0.0914357
3 0.0877956
4 0.290587
4670 4
1 0.109477
2 0.0921512
3 0.0866464
4 0.288275
4680 4
1 0.107244
2 0.0936245
3 0.0851761
4 0.286044
4690 4
1 0.104766
2 0.0949139
3 0.0832992
4 0.282979
4700 4
1 0.102326
2 0.0943962
3 0.0825275
4 0.27925
4710 4
1 0.0999891
2 0.0929474
3 0.0831308
4 0.276067
4720 4
1 0.0980495
2 0.0925114
3 0.0842712
4 0.274832
4730 4
1 0.0974593
2 0.0929879
3 0.084901
4 0.275348
4740 4
1 0.0980724
2 0.0931084
3 0.0842314
4 0.275412
4750 4
1 0.0985795
2 0.0920829
3 0.0827292
4 0.273392
4760 4
1 0.0983157
2 0.0893633
3 0.0814504
4 0.269129
4770 4
1 0.0976687
2 0.0862919
3 0.081587
4 0.265548
4780 4
1 0.0969941
2 0.0844698
3 0.0833655
4 0.264829
4790 4
1 0.096515
2 0.0839702
3 0.0862414
4 0.266727
4800 4
1 0.0964589
2 0.083745
3 0.0890844
4 0.269288
4810 4
1 0.0965442
2 0.0834094
3 0.0910584
4 0.271012
4820 4
1 0.0972003
2 0.0834628
3 0.0913199
4 0.271983
4830 4
1 0.0992808
2 0.0834741
3 0.0905953
4 0.27335
4840 4
1 0.102145
2 0.0846243
3 0.0905142
4 0.277284
4850 4
1 0.105151
2 0.0874012
3 0.090914
4 0.283466
4860 4
1 0.106226
2 0.0898208
3 0.0909357
4 0.286982
4870 4
1 0.105843
2 0.0908134
3 0.0910248
4 0.287681
4880 4
1 0.105355
2 0.0909832
3 0.0914784
4 0.287816
4890 4
1 0.103457
2 0.09136
3 0.0911589
4 0.285976
4900 4
1 0.100521
2 0.0914873
3 0.090168
4 0.282176
4910 4
1 0.0985398
2 0.0910427
3 0.089348
4 0.278931
4920 4
1 0.0987287
2 0.0920522
3 0.0878428
4 0.278624
4930 4
1 0.100327
2 0.0951442
3 0.0860679
4 0.28154
4940 4
1 0.102845
2 0.0968403
3 0.0858306
4 0.285516
4950 4
1 0.104458
2 0.0958518
3 0.0869258
4 0.287235
4960 4
1 0.103864
2 0.0938973
3 0.0891508
4 0.286912
4970 4
1 0.101777
2 0.0926786
3 0.0919103
4 0.286366
4980 4
1 0.0993067
2 0.0925424
3 0.0945992
4 0.286448
4990 4
1 0.0973245
2 0.0929269
3 0.0963181
4 0.286569
5000 4
1 0.0954533
2 0.0938349
3 0.0955686
4 0.284857
5010 4
1 0.0920698
2 0.0949928
3 0.0929618
4 0.280024
5020 4
1 0.086763
2 0.0957421
3 0.0911742
4 0.273679
5030 4
1 0.0825825
2 0.0953626
3 0.0902725
4 0.268218
5040 4
1 0.0811512
2 0.0936649
3 0.0885627
4 0.263379
5050 4
1 0.083594
2 0.0917881
3 0.0856663
4 0.261048
5060 4
1 0.0875824
2 0.0910685
3 0.0821237
4 0.260775
5070 4
1 0.0889823
2 0.0914346
3 0.0799129
4 0.26033
5080 4
1 0.0879344
2 0.092435
3 0.0789066
4 0.259276
5090 4
1 0.0879396
2 0.0937079
3 0.0777157
4 0.259363
5100 4
1 0.0910585
2 0.0939352
3 0.0767716
4 0.261765
5110 4
1 0.0965627
2 0.0939083
3 0.0766793
4 0.26715
5120 4
1 0.100831
2 0.094856
3 0.0772357
4 0.272923
5130 4
1 0.101897
2 0.0958531
3 0.078322
4 0.276072
5140 4
1 0.100964
2 0.0957566
3 0.079289
4 0.276009
5150 4
1 0.0992048
2 0.0957049
3 0.0802081
4 0.275118
5160 4
1 0.0978878
2 0.0953812
3 0.0813333
4 0.274602
5170 4
1 0.0976847
2 0.0938729
3 0.0824654
4 0.274023
5180 4
1 0.0983666
2 0.0914587
3 0.0831841
4 0.273009
5190 4
1 0.0994797
2 0.088503
3 0.083832
4 0.271815
5200 4
1 0.0999367
2 0.0857195
3 0.084541
4 0.270197
5210 4
1 0.0988514
2 0.0847067
3 0.0854341
4 0.268992
5220 4
1 0.0966662
2 0.0856308
3 0.0861332
4 0.26843
5230 4
1 0.0942448
2 0.0875011
3 0.0862127
4 0.267959
5240 4
1 0.0931912
2 0.0890569
3 0.0853344
4 0.267583
5250 4
1 0.0929451
2 0.0888905
3 0.084534
4 0.26637
5260 4
1 0.0919612
2 0.0877974
3 0.0848524
4 0.264611
5270 4
1 0.0898201
2 0.0873266
3 0.0852445
4 0.262391
5280 4
1 0.0871562
2 0.0874032
3 0.0843248
4 0.258884
5290 4
1 0.0842919
2 0.0875862
3 0.0824645
4 0.254343
5300 4
1 0.0822173
2 0.0874373
3 0.0803949
4 0.250049
5310 4
1 0.0813014
2 0.0866346
3 0.0795183
4 0.247454
5320 4
1 0.0799029
2 0.0859693
3 0.0798239
4 0.245696
5330 4
1 0.0785749
2 0.0857936
3 0.0801056
4 0.244474
5340 4
1 0.0790344
2 0.0856873
3 0.0800455
4 0.244767
5350 4
1 0.0818084
2 0.0860899
3 0.079688
4 0.247586
5360 4
1 0.0870276
2 0.0861524
3 0.0795078
4 0.252688
5370 4
1 0.0919538
2 0.0852046
3 0.0799199
4 0.257078
5380 4
1 0.0933234
2 0.0843008
3 0.0798938
4 0.257518
5390 4
1 0.0914106
2 0.084856
3 0.0786281
4 0.254895
5400 4
1 0.0887982
2 0.086027
3 0.0765004
4 0.251326
5410 4
1 0.0872581
2 0.0857659
3 0.0754457
4 0.24847
5420 4
1 0.0868956
2 0.0843871
3 0.0761478
4 0.247431
5430 4
1 0.0865338
2 0.0830013
3 0.0784967
4 0.248032
5440 4
1 0.0857974
2 0.0827463
3 0.081701
4 0.250245
5450 4
1 0.0850497
2 0.0846494
3 0.0830843
4 0.252783
5460 4
1 0.0850594
2 0.0868247
3 0.0825143
4 0.254398
5470 4
1 0.0859746
2 0.0878986
3 0.0818966
4 0.25577
5480 4
1 0.0868924
2 0.0886545
3 0.0822368
4 0.257784
5490 4
1 0.0873396
2 0.0889708
3 0.0841051
4 0.260416
5500 4
1 0.0866122
2 0.0891815
3 0.0866691
4 0.262463
5510 4
1 0.0843238
2 0.0902021
3 0.0897804
4 0.264306
5520 4
1 0.0813183
2 0.091321
3 0.0924513
4 0.265091
5530 4
1 0.0785034
2 0.0914241
3 0.0932412
4 0.263169
5540 4
1 0.0773004
2 0.089939
3 0.0931094
4 0.260349
5550 4
1 0.0782793
2 0.0873095
3 0.0928572
4 0.258446
5560 4
1 0.0807924
2 0.0853685
3 0.0911871
4 0.257348
5570 4
1 0.0824367
2 0.08529
3 0.0881845
4 0.255911
5580 4
1 0.0818875
2 0.0862831
3 0.0865975
4 0.254768
5590 4
1 0.0806784
2 0.0874399
3 0.0867779
4 0.254896
5600 4
1 0.0802312
2 0.0875531
3 0.08635
4 0.254134
5610 4
1 0.0805297
2 0.0857695
3 0.0848121
4 0.251111
5620 4
1 0.0809334
2 0.0833443
3 0.0830869
4 0.247365
5630 4
1 0.0805193
2 0.0816043
3 0.082529
4 0.244653
5640 4
1 0.0796885
2 0.0811978
3 0.0837425
4 0.244629
5650 4
1 0.0787444
2 0.0822072
3 0.0855226
4 0.246474
5660 4
1 0.0790141
2 0.0836863
3 0.0864226
4 0.249123
5670 4
1 0.0815869
2 0.0849448
3 0.0857431
4 0.252275
5680 4
1 0.0846901
2 0.0866702
3 0.0835805
4 0.254941
5690 4
1 0.0850365
2 0.0884824
3 0.0815026
4 0.255021
5700 4
1 0.0820224
2 0.0897506
3 0.0805098
4 0.252283
5710 4
1 0.0786802
2 0.0891456
3 0.0795669
4 0.247393
5720 4
1 0.077225
2 0.0869971
3 0.0788251
4 0.243047
5730 4
1 0.0766504
2 0.0854162
3 0.0786138
4 0.24068
5740 4
1 0.0764478
2 0.0858482
3 0.0785967
4 0.240893
5750 4
1 0.0766704
2 0.0869928
3 0.0786972
4 0.24236
5760 4
1 0.0774934
2 0.0870421
3 0.0780673
4 0.242603
5770 4
1 0.0787548
2 0.0863184
3 0.0758935
4 0.240967
5780 4
1 0.0805615
2 0.0852747
3 0.073966
4 0.239802
5790 4
1 0.0813448
2 0.0844733
3 0.0736584
4 0.239477
5800 4
1 0.0800242
2 0.0838696
3 0.0740148
4 0.237909
5810 4
1 0.077522
2 0.0831147
3 0.0751843
4 0.235821
5820 4
1 0.0750402
2 0.0825264
3 0.0769898
4 0.234556
5830 4
1 0.0736348
2 0.0818764
3 0.0781493
4 0.23366
5840 4
1 0.0740821
2 0.0816099
3 0.0777263
4 0.233418
5850 4
1 0.0763638
2 0.0832912
3 0.0761535
4 0.235808
5860 4
1 0.079161
2 0.085924
3 0.0746178
4 0.239703
5870 4
1 0.0809774
2 0.0876808
3 0.0746448
4 0.243303
5880 4
1 0.0814018
2 0.0873083
3 0.0763067
4 0.245017
5890 4
1 0.0811365
2 0.0858947
3 0.0789097
4 0.245941
5900 4
1 0.0808041
2 0.0843216
3 0.0807053
4 0.245831
5910 4
1 0.0804723
2 0.0833605
3 0.080455
4 0.244288
5920 4
1 0.0807132
2 0.0842535
3 0.0801773
4 0.245144
5930 4
1 0.0823378
2 0.0863541
3 0.0810879
4 0.24978
5940 4
1 0.0846821
2 0.0875186
3 0.082108
4 0.254309
5950 4
1 0.0874686
2 0.0869363
3 0.0826191
4 0.257024
5960 4
1 0.0899892
2 0.0858433
3 0.0828921
4 0.258725
5970 4
1 0.0915163
2 0.0846547
3 0.0826837
4 0.258855
5980 4
1 0.0921478
2 0.0833523
3 0.0817098
4 0.25721
5990 4
1 0.0914426
2 0.0825322
3 0.0811056
4 0.25508
6000 4
1 0.0891408
2 0.0830905
3 0.0808876
4 0.253119
6010 4
1 0.0857855
2 0.0848207
3 0.0803397
4 0.250946
6020 4
1 0.0815299
2 0.0863295
3 0.0791392
4 0.246999
6030 4
1 0.0772403
2 0.0867234
3 0.0787103
4 0.242674
6040 4
1 0.075349
2 0.0853755
3 0.0793249
4 0.240049
6050 4
1 0.0772428
2 0.0836018
3 0.0793698
4 0.240214
6060 4
1 0.0805688
2 0.0834186
3 0.0791866
4 0.243174
6070 4
1 0.083085
2 0.0852368
3 0.0810884
4 0.24941
6080 4
1 0.0839486
2 0.0874644
3 0.0844811
4 0.255894
6090 4
1 0.0830796
2 0.0896881
3 0.0872478
4 0.260016
6100 4
1 0.081841
2 0.0919701
3 0.0887028
4 0.262514
6110 4
1 0.0819722
2 0.0946634
3 0.0892886
4 0.265924
6120 4
1 0.08249
2 0.0979426
3 0.0887085
4 0.269141
6130 4
1 0.0821631
2 0.0996595
3 0.0866658
4 0.268488
6140 4
1 0.08109
2 0.0983162
3 0.0853203
4 0.264726
6150 4
1 0.0799393
2 0.0947428
3 0.0852163
4 0.259899
6160 4
1 0.0794766
2 0.0907949
3 0.0852759
4 0.255547
6170 4
1 0.0798774
2 0.0873582
3 0.0848423
4 0.252078
6180 4
1 0.0808382
2 0.0852581
3 0.0837826
4 0.249879
6190 4
1 0.0809761
2 0.0849079
3 0.0828419
4 0.248726
6200 4
1 0.0810775
2 0.0858069
3 0.0830468
4 0.249931
6210 4
1 0.0815416
2 0.0871113
3 0.0835186
4 0.252172
6220 4
1 0.0820621
2 0.0886667
3 0.0837858
4 0.254515
6230 4
1 0.0831513
2 0.0898335
3 0.0839626
4 0.256947
6240 4
1 0.0849696
2 0.0894004
3 0.0840339
4 0.258404
6250 4
1 0.0868824
2 0.0882727
3 0.0836566
4 0.258812
6260 4
1 0.0882333
2 0.0867307
3 0.0826455
4 0.25761
6270 4
1 0.0893233
2 0.0850942
3 0.0821559
4 0.256573
6280 4
1 0.089933
2 0.0834483
3 0.0825412
4 0.255922
6290 4
1 0.0890914
2 0.081848
3 0.0833601
4 0.254299
6300 4
1 0.0872322
2 0.0802087
3 0.0839354
4 0.251376
6310 4
1 0.085483
2 0.0789328
3 0.0833913
4 0.247807
6320 4
1 0.0845394
2 0.0787988
3 0.0827395
4 0.246078
6330 4
1 0.084028
2 0.0784788
3 0.0830548
4 0.245562
6340 4
1 0.0837313
2 0.0779833
3 0.0843276
4 0.246042
6350 4
1 0.0839679
2 0.0773483
3 0.0867897
4 0.248106
6360 4
1 0.0844323
2 0.0766772
3 0.0899877
4 0.251097
6370 4
1 0.0839933
2 0.0775384
3 0.092361
4 0.253893
6380 4
1 0.0831243
2 0.0804289
3 0.0935194
4 0.257073
6390 4
1 0.0828583
2 0.084
3 0.0952545
4 0.262113
6400 4
1 0.0838402
2 0.0871877
3 0.0971486
4 0.268177
6410 4
1 0.085531
2 0.0892051
3 0.0971013
4 0.271837
6420 4
1 0.0867127
2 0.0897642
3 0.0953137
4 0.271791
6430 4
1 0.0871552
2 0.0897628
3 0.0929959
4 0.269914
6440 4
1 0.0872799
2 0.0906111
3 0.090902
4 0.268793
6450 4
1 0.0873498
2 0.0914357
3 0.0900729
4 0.268858
6460 4
1 0.0873673
2 0.0909387
3 0.0908387
4 0.269145
6470 4
1 0.087199
2 0.0904825
3 0.0914722
4 0.269154
6480 4
1 0.0870649
2 0.0913133
3 0.091075
4 0.269453
6490 4
1 0.0867281
2 0.0930201
3 0.08891
4 0.268658
6500 4
1 0.0858216
2 0.0949727
3 0.086322
4 0.267116
6510 4
1 0.0848579
2 0.0956143
3 0.0855134
4 0.265986
6520 4
1 0.084214
2 0.094738
3 0.0870567
4 0.266009
6530 4
1 0.0837954
2 0.094169
3 0.0897727
4 0.267737
6540 4
1 0.082802
2 0.0953077
3 0.0918858
4 0.269996
6550 4
1 0.0820893
2 0.0975792
3 0.0921646
4 0.271833
6560 4
1 0.0836385
2 0.100254
3 0.0903241
4 0.274217
6570 4
1 0.0863795
2 0.10246
3 0.0881691
4 0.277009
6580 4
1 0.0872434
2 0.102446
3 0.0874355
4 0.277125
6590 4
1 0.0860512
2 0.101768
3 0.08726
4 0.275079
6600 4
1 0.0848876
2 0.102499
3 0.0866177
4 0.274005
6610 4
1 0.0851863
2 0.103973
3 0.0855409
4 0.2747
6620 4
1 0.0868719
2 0.103412
3 0.0847926
4 0.275077
6630 4
1 0.0890954
2 0.100193
3 0.0843366
4 0.273625
6640 4
1 0.0908764
2 0.0969749
3 0.0833718
4 0.271223
6650 4
1 0.0911968
2 0.0961873
3 0.0825335
4 0.269918
6660 4
1 0.08979
2 0.0983332
3 0.0815404
4 0.269664
6670 4
1 0.0874587
2 0.101033
3 0.0812792
4 0.269771
6680 4
1 0.0856978
2 0.101107
3 0.0824488
4 0.269253
6690 4
1 0.0854114
2 0.0991032
3 0.0837018
4 0.268216
6700 4
1 0.0849239
2 0.097472
3 0.0831198
4 0.265516
6710 4
1 0.0821713
2 0.0971177
3 0.0812196
4 0.260509
6720 4
1 0.0781912
2 0.0974493
3 0.0797577
4 0.255398
6730 4
1 0.0765672
2 0.0970677
3 0.0786503
4 0.252285
6740 4
1 0.0784685
2 0.0951613
3 0.0781249
4 0.251755
6750 4
1 0.08209
2 0.0927294
3 0.0781716
4 0.252991
6760 4
1 0.0848164
2 0.0907883
3 0.0786222
4 0.254227
6770 4
1 0.0854064
2 0.0913028
3 0.0797456
4 0.256455
6780 4
1 0.0846316
2 0.0940815
3 0.0808413
4 0.259554
6790 4
1 0.0845116
2 0.0961893
3 0.0823403
4 0.263041
6800 4
1 0.0848762
2 0.0962259
3 0.0839296
4 0.265032
6810 4
1 0.0855705
2 0.0949045
3 0.083947
4 0.264422
6820 4
1 0.0856773
2 0.0943314
3 0.0820884
4 0.262097
6830 4
1 0.0850483
2 0.0955718
3 0.0802462
4 0.260866
6840 4
1 0.0845937
2 0.097488
3 0.0802047
4 0.262286
6850 4
1 0.0843731
2 0.0979726
3 0.0824507
4 0.264796
6860 4
1 0.0832697
2 0.09755
3 0.0854202
4 0.26624
6870 4
1 0.0813064
2 0.0971059
3 0.0875799
4 0.265992
6880 4
1 0.0792256
2 0.0965329
3 0.0882409
4 0.263999
6890 4
1 0.0773195
2 0.0965448
3 0.0883718
4 0.262236
6900 4
1 0.0766196
2 0.0970938
3 0.0893337
4 0.263047
6910 4
1 0.0781689
2 0.0968767
3 0.0898607
4 0.264906
6920 4
1 0.081608
2 0.0962122
3 0.0888259
4 0.266646
6930 4
1 0.084887
2 0.0959412
3 0.0870084
4 0.267837
6940 4
1 0.0866574
2 0.0962677
3 0.0855824
4 0.268507
6950 4
1 0.0858588
2 0.0968168
3 0.0838931
4 0.266569
6960 4
1 0.0822582
2 0.0978785
3 0.0819791
4 0.262116
6970 4
1 0.0783677
2 0.0978236
3 0.081423
4 0.257614
6980 4
1 0.0771613
2 0.0969852
3 0.0821234
4 0.25627
6990 4
1 0.0780166
2 0.0966545
3 0.0831198
4 0.257791
7000 4
1 0.0786807
2 0.0965922
3 0.0834686
4 0.258741
7010 4
1 0.078529
2 0.0960405
3 0.0830648
4 0.257634
7020 4
1 0.0793017
2 0.0948246
3 0.0829416
4 0.257068
7030 4
1 0.0803288
2 0.0936923
3 0.0836646
4 0.257686
7040 4
1 0.0791246
2 0.0938635
3 0.0835069
4 0.256495
7050 4
1 0.0783765
2 0.0940819
3 0.0821841
4 0.254643
7060 4
1 0.0810579
2 0.0927625
3 0.0807237
4 0.254544
7070 4
1 0.0856846
2 0.0906119
3 0.0785809
4 0.254877
7080 4
1 0.0889606
2 0.0897473
3 0.0774649
4 0.256173
7090 4
1 0.0897116
2 0.0907128
3 0.0789359
4 0.25936
7100 4
1 0.0891622
2 0.0914372
3 0.0819754
4 0.262575
7110 4
1 0.0869332
2 0.0905432
3 0.0848492
4 0.262326
7120 4
1 0.0837149
2 0.0887971
3 0.0868921
4 0.259404
7130 4
1 0.0813836
2 0.0868293
3 0.0873795
4 0.255592
7140 4
1 0.0802064
2 0.0846428
3 0.0865747
4 0.251424
7150 4
1 0.0805926
2 0.0829621
3 0.0848412
4 0.248396
7160 4
1 0.0830463
2 0.0829141
3 0.0826502
4 0.248611
7170 4
1 0.0849236
2 0.0840678
3 0.0817984
4 0.25079
7180 4
1 0.0847911
2 0.0855022
3 0.0828212
4 0.253115
7190 4
1 0.0832712
2 0.0873649
3 0.0839771
4 0.254613
7200 4
1 0.0812362
2 0.0894632
3 0.0827028
4 0.253402
7210 4
1 0.0796137
2 0.0903155
3 0.0805833
4 0.250512
7220 4
1 0.0787219
2 0.0894328
3 0.0790748
4 0.247229
7230 4
1 0.079174
2 0.0887535
3 0.0783443
4 0.246272
7240 4
1 0.0803846
2 0.0887821
3 0.0770525
4 0.246219
7250 4
1 0.080132
2 0.0893408
3 0.0755318
4 0.245005
7260 4
1 0.0789629
2 0.0896909
3 0.0758363
4 0.24449
7270 4
1 0.078052
2 0.089153
3 0.0775958
4 0.244801
7280 4
1 0.0774873
2 0.0880892
3 0.0792585
4 0.244835
7290 4
1 0.0769917
2 0.0871968
3 0.0807808
4 0.244969
7300 4
1 0.0759418
2 0.0867013
3 0.0820543
4 0.244697
7310 4
1 0.0748032
2 0.0869458
3 0.0825228
4 0.244272
7320 4
1 0.0749477
2 0.0881849
3 0.0830529
4 0.246185
7330 4
1 0.0761867
2 0.0893166
3 0.0838564
4 0.24936
7340 4
1 0.0781153
2 0.0891312
3 0.0842592
4 0.251506
7350 4
1 0.080233
2 0.0889495
3 0.0840206
4 0.253203
7360 4
1 0.0820239
2 0.0900138
3 0.0829217
4 0.254959
7370 4
1 0.0839072
2 0.0913063
3 0.0813271
4 0.256541
7380 4
1 0.0855344
2 0.0919769
3 0.0811708
4 0.258682
7390 4
1 0.086279
2 0.0920856
3 0.0822624
4 0.260627
7400 4
1 0.0867163
2 0.0914723
3 0.0825736
4 0.260762
7410 4
1 0.0882818
2 0.0904433
3 0.0817962
4 0.260521
7420 4
1 0.0908969
2 0.089662
3 0.0814825
4 0.262041
7430 4
1 0.0914424
2 0.0893537
3 0.0824918
4 0.263288
7440 4
1 0.0894316
2 0.0895785
3 0.0843534
4 0.263364
7450 4
1 0.0862325
2 0.0905965
3 0.0849331
4 0.261762
7460 4
1 0.0834354
2 0.0921003
3 0.0839468
4 0.259483
7470 4
1 0.0822476
2 0.0939879
3 0.0820521
4 0.258288
7480 4
1 0.0805198
2 0.0954846
3 0.0792559
4 0.25526
7490 4
1 0.0778652
2 0.0953355
3 0.0763562
4 0.249557
7500 4
1 0.0755947
2 0.0932919
3 0.0745578
4 0.243444
7510 4
1 0.0746691
2 0.0909391
3 0.0743264
4 0.239935
7520 4
1 0.0749548
2 0.0892934
3 0.0742929
4 0.238541
7530 4
1 0.0752241
2 0.0881772
3 0.0745957
4 0.237997
7540 4
1 0.0754153
2 0.0881127
3 0.0758048
4 0.239333
7550 4
1 0.075492
2 0.0889454
3 0.0780873
4 0.242525
7560 4
1 0.0754493
2 0.0893401
3 0.0803508
4 0.24514
7570 4
1 0.0759429
2 0.0888124
3 0.0816114
4 0.246367
7580 4
1 0.0782885
2 0.0875395
3 0.0819945
4 0.247823
7590 4
1 0.0813653
2 0.0867816
3 0.0821378
4 0.250285
7600 4
1 0.0835699
2 0.087067
3 0.0817127
4 0.25235
7610 4
1 0.085326
2 0.0877759
3 0.0813799
4 0.254482
7620 4
1 0.0868057
2 0.0883055
3 0.0823283
4 0.25744
7630 4
1 0.0880197
2 0.0880255
3 0.0839787
4 0.260024
7640 4
1 0.0893685
2 0.0867898
3 0.0858722
4 0.262031
7650 4
1 0.090086
2 0.0858487
3 0.0882156
4 0.26415
7660 4
1 0.089959
2 0.0856433
3 0.090061
4 0.265663
7670 4
1 0.0893636
2 0.0859676
3 0.0908176
4 0.266149
7680 4
1 0.0889105
2 0.0868255
3 0.0908612
4 0.266597
7690 4
1 0.0889486
2 0.0881583
3 0.0897786
4 0.266886
7700 4
1 0.0888081
2 0.0881386
3 0.0880063
4 0.264953
7710 4
1 0.0879854
2 0.086822
3 0.0873211
4 0.262129
7720 4
1 0.0873391
2 0.0857288
3 0.0875319
4 0.2606
7730 4
1 0.0871607
2 0.0862357
3 0.0874561
4 0.260852
7740 4
1 0.0874286
2 0.0875722
3 0.0859384
4 0.260939
7750 4
1 0.0882538
2 0.0872734
3 0.0833226
4 0.25885
7760 4
1 0.0894099
2 0.0859919
3 0.0816988
4 0.257101
7770 4
1 0.0908151
2 0.0847875
3 0.0816655
4 0.257268
7780 4
1 0.0923153
2 0.0840373
3 0.0829681
4 0.259321
7790 4
1 0.0936515
2 0.084273
3 0.0853122
4 0.263237
7800 4
1 0.0941479
2 0.0855075
3 0.0877914
4 0.267447
7810 4
1 0.0944797
2 0.0867774
3 0.0890127
4 0.27027
7820 4
1 0.0956904
2 0.0866987
3 0.089654
4 0.272043
7830 4
1 0.0971945
2 0.0854531
3 0.0901468
4 0.272794
7840 4
1 0.0982526
2 0.0850464
3 0.0902706
4 0.27357
