# Time-averaged data for fix msdwrite
# TimeStep Number-of-rows
# Row c_msd
10 4
1 0.00351614
2 0.00338991
3 0.00367862
4 0.0105847
20 4
1 0.0303528
2 0.029106
3 0.0325011
4 0.0919599
30 4
1 0.0716558
2 0.0677063
3 0.0760824
4 0.215444
40 4
1 0.105597
2 0.100477
3 0.109628
4 0.315702
50 4
1 0.131209
2 0.125945
3 0.132624
4 0.389778
60 4
1 0.148522
2 0.148411
3 0.150941
4 0.447874
70 4
1 0.15763
2 0.166275
3 0.166736
4 0.490641
80 4
1 0.165436
2 0.175662
3 0.173773
4 0.514871
90 4
1 0.173446
2 0.17767
3 0.177787
4 0.528903
100 4
1 0.179627
2 0.180003
3 0.187622
4 0.547252
110 4
1 0.187192
2 0.181752
3 0.201963
4 0.570906
120 4
1 0.201362
2 0.183314
3 0.213979
4 0.598655
130 4
1 0.220204
2 0.190871
3 0.219212
4 0.630287
140 4
1 0.236518
2 0.199875
3 0.220155
4 0.656548
150 4
1 0.246312
2 0.206265
3 0.222471
4 0.675048
160 4
1 0.248833
2 0.213438
3 0.224294
4 0.686566
170 4
1 0.24879
2 0.221986
3 0.224809
4 0.695585
180 4
1 0.249829
2 0.229087
3 0.224634
4 0.70355
190 4
1 0.250144
2 0.234
3 0.227127
4 0.711271
200 4
1 0.251521
2 0.239056
3 0.234977
4 0.725553
210 4
1 0.25559
2 0.2469
3 0.245396
4 0.747886
220 4
1 0.263815
2 0.25525
3 0.253545
4 0.77261
230 4
1 0.277241
2 0.261849
3 0.256814
4 0.795904
240 4
1 0.288384
2 0.265643
3 0.25942
4 0.813447
250 4
1 0.290903
2 0.270181
3 0.265183
4 0.826267
260 4
1 0.289077
2 0.275551
3 0.270123
4 0.834752
270 4
1 0.287217
2 0.276352
3 0.27313
4 0.836698
280 4
1 0.287227
2 0.272077
3 0.275539
4 0.834843
290 4
1 0.290791
2 0.265816
3 0.275448
4 0.832055
300 4
1 0.293589
2 0.263391
3 0.273649
4 0.830629
310 4
1 0.29201
2 0.263865
3 0.272702
4 0.828577
320 4
1 0.291626
2 0.264012
3 0.273544
4 0.829183
330 4
1 0.297465
2 0.26142
3 0.274259
4 0.833144
340 4
1 0.301623
2 0.260178
3 0.274808
4 0.836609
350 4
1 0.301662
2 0.262429
3 0.274164
4 0.838255
360 4
1 0.300658
2 0.265794
3 0.272217
4 0.838668
370 4
1 0.29849
2 0.267345
3 0.271104
4 0.836938
380 4
1 0.297609
2 0.267266
3 0.268816
4 0.833691
390 4
1 0.300037
2 0.266661
3 0.268529
4 0.835228
400 4
1 0.305561
2 0.265922
3 0.271096
4 0.842578
410 4
1 0.31107
2 0.266431
3 0.274281
4 0.851782
420 4
1 0.318582
2 0.27013
3 0.276868
4 0.865579
430 4
1 0.327578
2 0.275512
3 0.278553
4 0.881642
440 4
1 0.330056
2 0.282892
3 0.280636
4 0.893583
450 4
1 0.325097
2 0.291403
3 0.2831
4 0.899601
460 4
1 0.321189
2 0.295925
3 0.284142
4 0.901256
470 4
1 0.320625
2 0.294729
3 0.284844
4 0.900199
480 4
1 0.320521
2 0.291546
3 0.281535
4 0.893603
490 4
1 0.31993
2 0.291426
3 0.277745
4 0.8891
500 4
1 0.321463
2 0.29334
3 0.277323
4 0.892125
510 4
1 0.326288
2 0.295882
3 0.276879
4 0.899049
520 4
1 0.332251
2 0.29904
3 0.274212
4 0.905503
530 4
1 0.338375
2 0.302642
3 0.270891
4 0.911908
540 4
1 0.344285
2 0.308913
3 0.268647
4 0.921844
550 4
1 0.346687
2 0.318453
3 0.267668
4 0.932808
560 4
1 0.345254
2 0.327089
3 0.27052
4 0.942863
570 4
1 0.34327
2 0.329578
3 0.276572
4 0.949421
580 4
1 0.344638
2 0.325931
3 0.284784
4 0.955354
590 4
1 0.348209
2 0.32184
3 0.293354
4 0.963403
600 4
1 0.34835
2 0.324146
3 0.298098
4 0.970594
610 4
1 0.343677
2 0.330345
3 0.29873
4 0.972753
620 4
1 0.33932
2 0.333031
3 0.299059
4 0.971409
630 4
1 0.339132
2 0.330823
3 0.301816
4 0.971771
640 4
1 0.344952
2 0.326293
3 0.30543
4 0.976675
650 4
1 0.355358
2 0.321899
3 0.308547
4 0.985804
660 4
1 0.365343
2 0.318682
3 0.309503
4 0.993528
670 4
1 0.373928
2 0.318584
3 0.308216
4 1.00073
680 4
1 0.383512
2 0.320765
3 0.305738
4 1.01002
690 4
1 0.390481
2 0.325682
3 0.303262
4 1.01942
700 4
1 0.387615
2 0.332354
3 0.300948
4 1.02092
710 4
1 0.378985
2 0.338976
3 0.298634
4 1.01659
720 4
1 0.375577
2 0.341189
3 0.297191
4 1.01396
730 4
1 0.37725
2 0.335713
3 0.300188
4 1.01315
740 4
1 0.380598
2 0.324982
3 0.307266
4 1.01285
750 4
1 0.384694
2 0.315109
3 0.31486
4 1.01466
760 4
1 0.385694
2 0.313627
3 0.321652
4 1.02097
770 4
1 0.380775
2 0.322107
3 0.328169
4 1.03105
780 4
1 0.375337
2 0.335179
3 0.333166
4 1.04368
790 4
1 0.373608
2 0.346552
3 0.333917
4 1.05408
800 4
1 0.375695
2 0.356587
3 0.333388
4 1.06567
810 4
1 0.379198
2 0.363294
3 0.336067
4 1.07856
820 4
1 0.385067
2 0.363839
3 0.342301
4 1.09121
830 4
1 0.394976
2 0.360455
3 0.350441
4 1.10587
840 4
1 0.40571
2 0.360354
3 0.358239
4 1.1243
850 4
1 0.413019
2 0.362715
3 0.366693
4 1.14243
860 4
1 0.41651
2 0.36441
3 0.375829
4 1.15675
870 4
1 0.418532
2 0.366151
3 0.383585
4 1.16827
880 4
1 0.418789
2 0.368758
3 0.387908
4 1.17546
890 4
1 0.419638
2 0.371836
3 0.390325
4 1.1818
900 4
1 0.423606
2 0.374638
3 0.393516
4 1.19176
910 4
1 0.430473
2 0.375476
3 0.398135
4 1.20408
920 4
1 0.438513
2 0.373388
3 0.404026
4 1.21593
930 4
1 0.446451
2 0.369483
3 0.406383
4 1.22232
940 4
1 0.452382
2 0.368888
3 0.402472
4 1.22374
950 4
1 0.453284
2 0.373592
3 0.397528
4 1.2244
960 4
1 0.450633
2 0.381255
3 0.395451
4 1.22734
970 4
1 0.451304
2 0.387359
3 0.395468
4 1.23413
980 4
1 0.452646
2 0.388055
3 0.395721
4 1.23642
990 4
1 0.449329
2 0.38582
3 0.394476
4 1.22962
1000 4
1 0.441019
2 0.385988
3 0.392225
4 1.21923
1010 4
1 0.434095
2 0.392279
3 0.390246
4 1.21662
1020 4
1 0.431619
2 0.401331
3 0.38931
4 1.22226
1030 4
1 0.431811
2 0.407473
3 0.391136
4 1.23042
1040 4
1 0.430339
2 0.408536
3 0.394516
4 1.23339
1050 4
1 0.428293
2 0.406824
3 0.39574
4 1.23086
1060 4
1 0.428835
2 0.404394
3 0.394645
4 1.22787
1070 4
1 0.429288
2 0.402185
3 0.393606
4 1.22508
1080 4
1 0.429028
2 0.402393
3 0.391673
4 1.22309
1090 4
1 0.430741
2 0.40327
3 0.388209
4 1.22222
1100 4
1 0.434234
2 0.402384
3 0.385099
4 1.22172
1110 4
1 0.438606
2 0.399671
3 0.382915
4 1.22119
1120 4
1 0.441941
2 0.395859
3 0.386041
4 1.22384
1130 4
1 0.444565
2 0.392819
3 0.393852
4 1.23124
1140 4
1 0.444478
2 0.393194
3 0.400456
4 1.23813
1150 4
1 0.441274
2 0.394402
3 0.404111
4 1.23979
1160 4
1 0.438479
2 0.39352
3 0.404204
4 1.2362
1170 4
1 0.438754
2 0.392801
3 0.402615
4 1.23417
1180 4
1 0.439912
2 0.394082
3 0.400601
4 1.2346
1190 4
1 0.441977
2 0.396734
3 0.395915
4 1.23463
1200 4
1 0.444773
2 0.397167
3 0.392664
4 1.2346
1210 4
1 0.450848
2 0.394658
3 0.393695
4 1.2392
1220 4
1 0.457325
2 0.391878
3 0.396345
4 1.24555
1230 4
1 0.459965
2 0.389763
3 0.398716
4 1.24844
1240 4
1 0.456444
2 0.390864
3 0.399776
4 1.24708
1250 4
1 0.450619
2 0.39747
3 0.398888
4 1.24698
1260 4
1 0.447961
2 0.406825
3 0.399319
4 1.2541
1270 4
1 0.447725
2 0.412644
3 0.403054
4 1.26342
1280 4
1 0.449389
2 0.411466
3 0.409111
4 1.26997
1290 4
1 0.451799
2 0.406592
3 0.413707
4 1.2721
1300 4
1 0.453151
2 0.402641
3 0.410899
4 1.26669
1310 4
1 0.454342
2 0.403064
3 0.402616
4 1.26002
1320 4
1 0.455217
2 0.41051
3 0.397619
4 1.26335
1330 4
1 0.45631
2 0.419965
3 0.397798
4 1.27407
1340 4
1 0.457962
2 0.42796
3 0.398763
4 1.28468
1350 4
1 0.461715
2 0.433947
3 0.39866
4 1.29432
1360 4
1 0.465533
2 0.435968
3 0.398867
4 1.30037
1370 4
1 0.468503
2 0.434667
3 0.399595
4 1.30277
1380 4
1 0.471696
2 0.431312
3 0.399815
4 1.30282
1390 4
1 0.473932
2 0.42907
3 0.401668
4 1.30467
1400 4
1 0.471888
2 0.428849
3 0.405419
4 1.30616
1410 4
1 0.464673
2 0.429824
3 0.407712
4 1.30221
1420 4
1 0.45736
2 0.430947
3 0.406984
4 1.29529
1430 4
1 0.455755
2 0.431845
3 0.405918
4 1.29352
1440 4
1 0.45828
2 0.433026
3 0.406972
4 1.29828
1450 4
1 0.462854
2 0.435395
3 0.408167
4 1.30642
1460 4
1 0.46921
2 0.438396
3 0.406919
4 1.31453
1470 4
1 0.474302
2 0.44108
3 0.403412
4 1.31879
1480 4
1 0.476209
2 0.440963
3 0.401828
4 1.319
1490 4
1 0.476445
2 0.436621
3 0.404474
4 1.31754
1500 4
1 0.475506
2 0.431861
3 0.409604
4 1.31697
1510 4
1 0.473773
2 0.430293
3 0.41522
4 1.31929
1520 4
1 0.471527
2 0.43102
3 0.418549
4 1.3211
1530 4
1 0.469458
2 0.432362
3 0.418533
4 1.32035
1540 4
1 0.47127
2 0.434591
3 0.415723
4 1.32158
1550 4
1 0.477912
2 0.438844
3 0.411769
4 1.32853
1560 4
1 0.484341
2 0.444782
3 0.409082
4 1.3382
1570 4
1 0.487734
2 0.449055
3 0.408682
4 1.34547
1580 4
1 0.48993
2 0.451799
3 0.410651
4 1.35238
1590 4
1 0.489925
2 0.453808
3 0.414377
4 1.35811
1600 4
1 0.489148
2 0.455528
3 0.419039
4 1.36372
1610 4
1 0.489037
2 0.457341
3 0.424539
4 1.37092
1620 4
1 0.49035
2 0.459758
3 0.429614
4 1.37972
1630 4
1 0.493787
2 0.461624
3 0.430089
4 1.3855
1640 4
1 0.497932
2 0.461426
3 0.427818
4 1.38718
1650 4
1 0.500807
2 0.46011
3 0.425297
4 1.38621
1660 4
1 0.502423
2 0.457083
3 0.425027
4 1.38453
1670 4
1 0.502851
2 0.453035
3 0.431729
4 1.38762
1680 4
1 0.504704
2 0.450891
3 0.442762
4 1.39836
1690 4
1 0.506655
2 0.451699
3 0.450897
4 1.40925
1700 4
1 0.503474
2 0.452491
3 0.454491
4 1.41046
1710 4
1 0.497647
2 0.450628
3 0.454819
4 1.40309
1720 4
1 0.494845
2 0.447699
3 0.452714
4 1.39526
1730 4
1 0.493439
2 0.444938
3 0.449047
4 1.38742
1740 4
1 0.489795
2 0.444073
3 0.445989
4 1.37986
1750 4
1 0.483706
2 0.446909
3 0.443713
4 1.37433
1760 4
1 0.477664
2 0.452539
3 0.439854
4 1.37006
1770 4
1 0.472854
2 0.456758
3 0.437602
4 1.36721
1780 4
1 0.469281
2 0.457084
3 0.440725
4 1.36709
1790 4
1 0.466939
2 0.45631
3 0.447838
4 1.37109
1800 4
1 0.466649
2 0.45686
3 0.451987
4 1.3755
1810 4
1 0.467374
2 0.458335
3 0.451956
4 1.37767
1820 4
1 0.465673
2 0.460612
3 0.451598
4 1.37788
1830 4
1 0.46273
2 0.464423
3 0.451166
4 1.37832
1840 4
1 0.461352
2 0.469228
3 0.449503
4 1.38008
1850 4
1 0.463008
2 0.47269
3 0.444862
4 1.38056
1860 4
1 0.46837
2 0.475167
3 0.439174
4 1.38271
1870 4
1 0.474499
2 0.478982
3 0.436737
4 1.39022
1880 4
1 0.478818
2 0.482454
3 0.437616
4 1.39889
1890 4
1 0.481735
2 0.483196
3 0.44142
4 1.40635
1900 4
1 0.483342
2 0.479224
3 0.445622
4 1.40819
1910 4
1 0.484974
2 0.471216
3 0.447626
4 1.40382
1920 4
1 0.488943
2 0.462558
3 0.446113
4 1.39761
1930 4
1 0.493761
2 0.456432
3 0.44134
4 1.39153
1940 4
1 0.496502
2 0.453655
3 0.437592
4 1.38775
1950 4
1 0.495983
2 0.45313
3 0.438531
4 1.38764
1960 4
1 0.494452
2 0.451142
3 0.444547
4 1.39014
1970 4
1 0.494313
2 0.448294
3 0.450434
4 1.39304
1980 4
1 0.493657
2 0.44723
3 0.453031
4 1.39392
1990 4
1 0.491906
2 0.446605
3 0.452986
4 1.3915
2000 4
1 0.4896
2 0.443528
3 0.452161
4 1.38529
2010 4
1 0.486768
2 0.439685
3 0.45019
4 1.37664
2020 4
1 0.483387
2 0.439396
3 0.445802
4 1.36859
2030 4
1 0.480116
2 0.444217
3 0.439526
4 1.36386
2040 4
1 0.479135
2 0.452314
3 0.433563
4 1.36501
2050 4
1 0.480959
2 0.45756
3 0.433945
4 1.37246
2060 4
1 0.484085
2 0.457214
3 0.441343
4 1.38264
2070 4
1 0.486179
2 0.455047
3 0.448543
4 1.38977
2080 4
1 0.486269
2 0.452773
3 0.449566
4 1.38861
2090 4
1 0.485002
2 0.448406
3 0.447949
4 1.38136
2100 4
1 0.484121
2 0.4448
3 0.448699
4 1.37762
2110 4
1 0.485197
2 0.444784
3 0.451925
4 1.38191
2120 4
1 0.489852
2 0.449036
3 0.453823
4 1.39271
2130 4
1 0.495557
2 0.457333
3 0.45225
4 1.40514
2140 4
1 0.496211
2 0.462492
3 0.451534
4 1.41024
2150 4
1 0.492017
2 0.461058
3 0.454044
4 1.40712
2160 4
1 0.488864
2 0.455993
3 0.455914
4 1.40077
2170 4
1 0.489113
2 0.452394
3 0.456005
4 1.39751
2180 4
1 0.490753
2 0.450227
3 0.455426
4 1.39641
2190 4
1 0.492547
2 0.445835
3 0.45432
4 1.3927
2200 4
1 0.492717
2 0.439777
3 0.453761
4 1.38626
2210 4
1 0.489543
2 0.436984
3 0.452536
4 1.37906
2220 4
1 0.484764
2 0.439802
3 0.450038
4 1.3746
2230 4
1 0.481439
2 0.446248
3 0.448646
4 1.37633
2240 4
1 0.477258
2 0.454111
3 0.449652
4 1.38102
2250 4
1 0.473874
2 0.461371
3 0.451299
4 1.38654
2260 4
1 0.477708
2 0.465053
3 0.452807
4 1.39557
2270 4
1 0.488055
2 0.463732
3 0.452594
4 1.40438
2280 4
1 0.497446
2 0.459064
3 0.448594
4 1.4051
2290 4
1 0.49972
2 0.45596
3 0.442518
4 1.3982
2300 4
1 0.49722
2 0.456116
3 0.439189
4 1.39252
2310 4
1 0.495029
2 0.457475
3 0.440622
4 1.39313
2320 4
1 0.494221
2 0.455724
3 0.445343
4 1.39529
2330 4
1 0.494639
2 0.449375
3 0.450219
4 1.39423
2340 4
1 0.494691
2 0.443626
3 0.450653
4 1.38897
2350 4
1 0.494554
2 0.442202
3 0.445233
4 1.38199
2360 4
1 0.496795
2 0.443918
3 0.438278
4 1.37899
2370 4
1 0.500726
2 0.447742
3 0.43498
4 1.38345
2380 4
1 0.504382
2 0.452415
3 0.435905
4 1.3927
2390 4
1 0.505884
2 0.455217
3 0.438571
4 1.39967
2400 4
1 0.504486
2 0.454342
3 0.441348
4 1.40018
2410 4
1 0.500765
2 0.450941
3 0.444141
4 1.39585
2420 4
1 0.497338
2 0.448303
3 0.445905
4 1.39155
2430 4
1 0.497127
2 0.447656
3 0.446169
4 1.39095
2440 4
1 0.500294
2 0.447096
3 0.446481
4 1.39387
2450 4
1 0.506134
2 0.446174
3 0.448267
4 1.40057
2460 4
1 0.513398
2 0.44446
3 0.450167
4 1.40802
2470 4
1 0.520046
2 0.442112
3 0.449465
4 1.41162
2480 4
1 0.523301
2 0.439449
3 0.447771
4 1.41052
2490 4
1 0.522957
2 0.436863
3 0.446107
4 1.40593
2500 4
1 0.519887
2 0.434162
3 0.442586
4 1.39664
2510 4
1 0.516955
2 0.431741
3 0.44188
4 1.39058
2520 4
1 0.515468
2 0.432663
3 0.446463
4 1.39459
2530 4
1 0.512869
2 0.436455
3 0.450488
4 1.39981
2540 4
1 0.508468
2 0.440239
3 0.452694
4 1.4014
2550 4
1 0.505271
2 0.443938
3 0.454674
4 1.40388
2560 4
1 0.505494
2 0.448046
3 0.455265
4 1.4088
2570 4
1 0.506703
2 0.450062
3 0.454546
4 1.41131
2580 4
1 0.506823
2 0.449004
3 0.454991
4 1.41082
2590 4
1 0.505606
2 0.444669
3 0.456363
4 1.40664
2600 4
1 0.502237
2 0.440244
3 0.457063
4 1.39954
2610 4
1 0.498084
2 0.440175
3 0.455264
4 1.39352
2620 4
1 0.497184
2 0.443708
3 0.452076
4 1.39297
2630 4
1 0.504337
2 0.449405
3 0.450963
4 1.4047
2640 4
1 0.516594
2 0.454327
3 0.454069
4 1.42499
2650 4
1 0.5275
2 0.456819
3 0.459141
4 1.44346
2660 4
1 0.530728
2 0.459764
3 0.463099
4 1.45359
2670 4
1 0.524792
2 0.46387
3 0.465945
4 1.45461
2680 4
1 0.516574
2 0.46684
3 0.467549
4 1.45096
2690 4
1 0.509837
2 0.467708
3 0.468707
4 1.44625
2700 4
1 0.502586
2 0.466089
3 0.470561
4 1.43924
2710 4
1 0.494016
2 0.464417
3 0.474539
4 1.43297
2720 4
1 0.489068
2 0.463384
3 0.480567
4 1.43302
2730 4
1 0.491257
2 0.462284
3 0.483913
4 1.43745
2740 4
1 0.497557
2 0.462538
3 0.480526
4 1.44062
2750 4
1 0.504147
2 0.463652
3 0.473029
4 1.44083
2760 4
1 0.509242
2 0.465011
3 0.465647
4 1.4399
2770 4
1 0.51306
2 0.464865
3 0.46245
4 1.44037
2780 4
1 0.51938
2 0.462363
3 0.464813
4 1.44656
2790 4
1 0.527546
2 0.459318
3 0.468496
4 1.45536
2800 4
1 0.532322
2 0.45701
3 0.467564
4 1.4569
2810 4
1 0.533382
2 0.45653
3 0.463363
4 1.45328
2820 4
1 0.533463
2 0.457875
3 0.462964
4 1.4543
2830 4
1 0.535294
2 0.461654
3 0.467862
4 1.46481
2840 4
1 0.538838
2 0.467783
3 0.473293
4 1.47991
2850 4
1 0.539234
2 0.471781
3 0.474841
4 1.48586
2860 4
1 0.537328
2 0.470986
3 0.473662
4 1.48198
2870 4
1 0.536265
2 0.467949
3 0.473918
4 1.47813
2880 4
1 0.537881
2 0.466106
3 0.475325
4 1.47931
2890 4
1 0.541663
2 0.466478
3 0.47594
4 1.48408
2900 4
1 0.54596
2 0.468509
3 0.47498
4 1.48945
2910 4
1 0.546709
2 0.469743
3 0.47377
4 1.49022
2920 4
1 0.54304
2 0.469954
3 0.474215
4 1.48721
2930 4
1 0.540227
2 0.469972
3 0.476394
4 1.48659
2940 4
1 0.541121
2 0.470164
3 0.480864
4 1.49215
2950 4
1 0.542812
2 0.472692
3 0.485819
4 1.50132
2960 4
1 0.544286
2 0.474161
3 0.489928
4 1.50838
2970 4
1 0.545564
2 0.469692
3 0.493036
4 1.50829
2980 4
1 0.545883
2 0.466153
3 0.492712
4 1.50475
2990 4
1 0.544289
2 0.468974
3 0.491835
4 1.5051
3000 4
1 0.541462
2 0.477047
3 0.494019
4 1.51253
3010 4
1 0.539913
2 0.486357
3 0.499787
4 1.52606
3020 4
1 0.538172
2 0.492977
3 0.505986
4 1.53713
3030 4
1 0.534257
2 0.494235
3 0.507726
4 1.53622
3040 4
1 0.530661
2 0.490756
3 0.503289
4 1.52471
3050 4
1 0.529587
2 0.48661
3 0.495163
4 1.51136
3060 4
1 0.531045
2 0.484284
3 0.487833
4 1.50316
3070 4
1 0.533161
2 0.48335
3 0.484689
4 1.5012
3080 4
1 0.533268
2 0.483838
3 0.486452
4 1.50356
3090 4
1 0.529265
2 0.486241
3 0.491557
4 1.50706
3100 4
1 0.523069
2 0.487462
3 0.495985
4 1.50652
3110 4
1 0.518238
2 0.48449
3 0.494118
4 1.49684
3120 4
1 0.518156
2 0.478642
3 0.487206
4 1.484
3130 4
1 0.521857
2 0.473322
3 0.479576
4 1.47476
3140 4
1 0.526126
2 0.472103
3 0.473607
4 1.47184
3150 4
1 0.529226
2 0.477577
3 0.469969
4 1.47677
3160 4
1 0.531193
2 0.487793
3 0.467464
4 1.48645
3170 4
1 0.532924
2 0.49682
3 0.464808
4 1.49455
3180 4
1 0.533384
2 0.501468
3 0.463044
4 1.4979
3190 4
1 0.529618
2 0.502751
3 0.463606
4 1.49598
3200 4
1 0.5238
2 0.50303
3 0.467374
4 1.4942
3210 4
1 0.51997
2 0.501086
3 0.473312
4 1.49437
3220 4
1 0.519577
2 0.495858
3 0.478342
4 1.49378
3230 4
1 0.521053
2 0.488148
3 0.476966
4 1.48617
3240 4
1 0.523278
2 0.479985
3 0.469108
4 1.47237
3250 4
1 0.528663
2 0.473998
3 0.462117
4 1.46478
3260 4
1 0.536987
2 0.472247
3 0.459552
4 1.46879
3270 4
1 0.545639
2 0.474678
3 0.462404
4 1.48272
3280 4
1 0.553977
2 0.48046
3 0.468734
4 1.50317
3290 4
1 0.561491
2 0.488784
3 0.473154
4 1.52343
3300 4
1 0.565294
2 0.496999
3 0.473456
4 1.53575
3310 4
1 0.564135
2 0.501723
3 0.471626
4 1.53748
3320 4
1 0.558702
2 0.500648
3 0.46986
4 1.52921
3330 4
1 0.552718
2 0.493026
3 0.469637
4 1.51538
3340 4
1 0.549877
2 0.483868
3 0.47117
4 1.50492
3350 4
1 0.549496
2 0.478602
3 0.473622
4 1.50172
3360 4
1 0.549432
2 0.477627
3 0.4775
4 1.50456
3370 4
1 0.549404
2 0.479211
3 0.48211
4 1.51072
3380 4
1 0.551262
2 0.480499
3 0.486881
4 1.51864
3390 4
1 0.55504
2 0.480335
3 0.492064
4 1.52744
3400 4
1 0.558989
2 0.48005
3 0.49569
4 1.53473
3410 4
1 0.560866
2 0.482346
3 0.497023
4 1.54023
3420 4
1 0.559162
2 0.486503
3 0.497689
4 1.54335
3430 4
1 0.557183
2 0.489655
3 0.498324
4 1.54516
3440 4
1 0.558601
2 0.491507
3 0.498002
4 1.54811
3450 4
1 0.563763
2 0.492102
3 0.494221
4 1.55009
3460 4
1 0.572656
2 0.492861
3 0.487442
4 1.55296
3470 4
1 0.581207
2 0.493735
3 0.482661
4 1.5576
3480 4
1 0.582554
2 0.493731
3 0.482837
4 1.55912
3490 4
1 0.575892
2 0.492975
3 0.487003
4 1.55587
3500 4
1 0.565422
2 0.492483
3 0.490016
4 1.54792
3510 4
1 0.557348
2 0.493157
3 0.488796
4 1.5393
3520 4
1 0.55539
2 0.494329
3 0.484807
4 1.53453
3530 4
1 0.556854
2 0.493977
3 0.481426
4 1.53226
3540 4
1 0.558124
2 0.491153
3 0.47952
4 1.5288
3550 4
1 0.556692
2 0.487124
3 0.478739
4 1.52256
3560 4
1 0.552679
2 0.48286
3 0.478097
4 1.51364
3570 4
1 0.548877
2 0.479605
3 0.478538
4 1.50702
3580 4
1 0.5469
2 0.477302
3 0.481055
4 1.50526
3590 4
1 0.547957
2 0.4774
3 0.484406
4 1.50976
3600 4
1 0.552054
2 0.4792
3 0.486704
4 1.51796
3610 4
1 0.557319
2 0.478756
3 0.485261
4 1.52134
3620 4
1 0.563419
2 0.47686
3 0.478457
4 1.51874
3630 4
1 0.567487
2 0.477854
3 0.470627
4 1.51597
3640 4
1 0.566173
2 0.481657
3 0.465227
4 1.51306
3650 4
1 0.559925
2 0.487583
3 0.464735
4 1.51224
3660 4
1 0.5534
2 0.494408
3 0.468551
4 1.51636
3670 4
1 0.550928
2 0.500065
3 0.474001
4 1.52499
3680 4
1 0.552078
2 0.503287
3 0.481053
4 1.53642
3690 4
1 0.555215
2 0.504341
3 0.488948
4 1.5485
3700 4
1 0.558931
2 0.504265
3 0.49636
4 1.55956
3710 4
1 0.562805
2 0.503993
3 0.503351
4 1.57015
3720 4
1 0.565951
2 0.504467
3 0.508717
4 1.57914
3730 4
1 0.566935
2 0.502438
3 0.510748
4 1.58012
3740 4
1 0.56436
2 0.496297
3 0.509655
4 1.57031
3750 4
1 0.561059
2 0.489166
3 0.506579
4 1.5568
3760 4
1 0.559815
2 0.485702
3 0.502913
4 1.54843
3770 4
1 0.561042
2 0.485932
3 0.499429
4 1.5464
3780 4
1 0.562928
2 0.488351
3 0.496008
4 1.54729
3790 4
1 0.564132
2 0.490849
3 0.494179
4 1.54916
3800 4
1 0.563767
2 0.490762
3 0.493419
4 1.54795
3810 4
1 0.558978
2 0.488322
3 0.493135
4 1.54044
3820 4
1 0.554181
2 0.485186
3 0.494537
4 1.5339
3830 4
1 0.552601
2 0.48526
3 0.499532
4 1.53739
3840 4
1 0.553952
2 0.491404
3 0.505932
4 1.55129
3850 4
1 0.560536
2 0.501654
3 0.512533
4 1.57472
3860 4
1 0.570772
2 0.510993
3 0.517373
4 1.59914
3870 4
1 0.580878
2 0.517193
3 0.519415
4 1.61749
3880 4
1 0.588813
2 0.520449
3 0.519546
4 1.62881
3890 4
1 0.595171
2 0.521685
3 0.517539
4 1.63439
3900 4
1 0.598882
2 0.521556
3 0.513816
4 1.63425
3910 4
1 0.597445
2 0.520928
3 0.509731
4 1.6281
3920 4
1 0.591301
2 0.518695
3 0.50844
4 1.61844
3930 4
1 0.585267
2 0.515564
3 0.510995
4 1.61183
3940 4
1 0.585081
2 0.514306
3 0.513707
4 1.61309
3950 4
1 0.590253
2 0.516466
3 0.514888
4 1.62161
3960 4
1 0.595614
2 0.522219
3 0.514004
4 1.63184
3970 4
1 0.599026
2 0.528545
3 0.510665
4 1.63824
3980 4
1 0.598545
2 0.532136
3 0.507363
4 1.63804
3990 4
1 0.593703
2 0.533486
3 0.506358
4 1.63355
4000 4
1 0.587735
2 0.534072
3 0.508403
4 1.63021
4010 4
1 0.583895
2 0.534555
3 0.511215
4 1.62967
4020 4
1 0.582763
2 0.531912
3 0.514463
4 1.62914
4030 4
1 0.582737
2 0.525058
3 0.518049
4 1.62584
4040 4
1 0.581781
2 0.517552
3 0.519441
4 1.61877
4050 4
1 0.580106
2 0.513116
3 0.518963
4 1.61219
4060 4
1 0.579659
2 0.512687
3 0.516842
4 1.60919
4070 4
1 0.58108
2 0.513738
3 0.513929
4 1.60875
4080 4
1 0.582204
2 0.512533
3 0.511031
4 1.60577
4090 4
1 0.5836
2 0.508017
3 0.508988
4 1.60061
4100 4
1 0.584833
2 0.504238
3 0.50885
4 1.59792
4110 4
1 0.584028
2 0.504404
3 0.51127
4 1.5997
4120 4
1 0.582132
2 0.506664
3 0.513899
4 1.6027
4130 4
1 0.581112
2 0.507203
3 0.512601
4 1.60092
4140 4
1 0.581588
2 0.504456
3 0.508078
4 1.59412
4150 4
1 0.583709
2 0.49934
3 0.504621
4 1.58767
4160 4
1 0.586244
2 0.496357
3 0.505203
4 1.5878
4170 4
1 0.587751
2 0.498593
3 0.509031
4 1.59537
4180 4
1 0.588759
2 0.502372
3 0.512336
4 1.60347
4190 4
1 0.590855
2 0.503428
3 0.512828
4 1.60711
4200 4
1 0.594423
2 0.501218
3 0.511996
4 1.60764
4210 4
1 0.596852
2 0.498849
3 0.513799
4 1.6095
4220 4
1 0.59543
2 0.49862
3 0.516501
4 1.61055
4230 4
1 0.591893
2 0.499854
3 0.516165
4 1.60791
4240 4
1 0.58971
2 0.501692
3 0.511805
4 1.60321
4250 4
1 0.588201
2 0.50256
3 0.504693
4 1.59545
4260 4
1 0.585627
2 0.50128
3 0.497018
4 1.58392
4270 4
1 0.583736
2 0.500112
3 0.492316
4 1.57616
4280 4
1 0.582334
2 0.501204
3 0.492144
4 1.57568
4290 4
1 0.579648
2 0.50439
3 0.493336
4 1.57737
4300 4
1 0.576006
2 0.50688
3 0.492118
4 1.575
4310 4
1 0.57303
2 0.50843
3 0.492596
4 1.57406
4320 4
1 0.571967
2 0.509306
3 0.497377
4 1.57865
4330 4
1 0.574589
2 0.508364
3 0.503632
4 1.58658
4340 4
1 0.578639
2 0.507403
3 0.507283
4 1.59333
4350 4
1 0.580294
2 0.509753
3 0.505994
4 1.59604
4360 4
1 0.579514
2 0.514523
3 0.501306
4 1.59534
4370 4
1 0.578257
2 0.517686
3 0.496874
4 1.59282
4380 4
1 0.579942
2 0.518644
3 0.496372
4 1.59496
4390 4
1 0.586484
2 0.520055
3 0.499429
4 1.60597
4400 4
1 0.594674
2 0.523983
3 0.502303
4 1.62096
4410 4
1 0.59975
2 0.529415
3 0.503252
4 1.63242
4420 4
1 0.599158
2 0.532206
3 0.504254
4 1.63562
4430 4
1 0.596007
2 0.52971
3 0.506413
4 1.63213
4440 4
1 0.594806
2 0.523208
3 0.508309
4 1.62632
4450 4
1 0.598494
2 0.515386
3 0.50928
4 1.62316
4460 4
1 0.605489
2 0.50863
3 0.508528
4 1.62265
4470 4
1 0.611401
2 0.503113
3 0.505678
4 1.62019
4480 4
1 0.616876
2 0.499499
3 0.502804
4 1.61918
4490 4
1 0.622096
2 0.499713
3 0.500079
4 1.62189
4500 4
1 0.624446
2 0.502329
3 0.498294
4 1.62507
4510 4
1 0.622407
2 0.502738
3 0.497317
4 1.62246
4520 4
1 0.617155
2 0.500705
3 0.495651
4 1.61351
4530 4
1 0.610443
2 0.5012
3 0.492907
4 1.60455
4540 4
1 0.603712
2 0.50609
3 0.48944
4 1.59924
4550 4
1 0.598498
2 0.513398
3 0.488326
4 1.60022
4560 4
1 0.595962
2 0.519739
3 0.492668
4 1.60837
4570 4
1 0.596022
2 0.523003
3 0.501696
4 1.62072
4580 4
1 0.598713
2 0.523474
3 0.513649
4 1.63584
4590 4
1 0.605118
2 0.522624
3 0.521891
4 1.64963
4600 4
1 0.612383
2 0.52195
3 0.523588
4 1.65792
4610 4
1 0.616892
2 0.522581
3 0.522922
4 1.6624
4620 4
1 0.619299
2 0.52359
3 0.52308
4 1.66597
4630 4
1 0.622325
2 0.523804
3 0.522472
4 1.6686
4640 4
1 0.62645
2 0.524164
3 0.516851
4 1.66747
4650 4
1 0.627861
2 0.525254
3 0.508188
4 1.6613
4660 4
1 0.623483
2 0.525459
3 0.503873
4 1.65281
4670 4
1 0.615982
2 0.524177
3 0.505011
4 1.64517
4680 4
1 0.60953
2 0.523342
3 0.506847
4 1.63972
4690 4
1 0.606591
2 0.523015
3 0.505696
4 1.6353
4700 4
1 0.606561
2 0.522259
3 0.504866
4 1.63369
4710 4
1 0.605017
2 0.522849
3 0.506956
4 1.63482
4720 4
1 0.600408
2 0.524742
3 0.5111
4 1.63625
4730 4
1 0.596814
2 0.525142
3 0.516257
4 1.63821
4740 4
1 0.597759
2 0.522705
3 0.51973
4 1.64019
4750 4
1 0.602075
2 0.518474
3 0.520917
4 1.64147
4760 4
1 0.606609
2 0.512445
3 0.521542
4 1.6406
4770 4
1 0.61014
2 0.506758
3 0.522292
4 1.63919
4780 4
1 0.611721
2 0.505184
3 0.523746
4 1.64065
4790 4
1 0.610622
2 0.507445
3 0.526532
4 1.6446
4800 4
1 0.60799
2 0.509306
3 0.531364
4 1.64866
4810 4
1 0.605819
2 0.508456
3 0.53832
4 1.65259
4820 4
1 0.605589
2 0.506598
3 0.543666
4 1.65585
4830 4
1 0.608701
2 0.505372
3 0.543291
4 1.65736
4840 4
1 0.613489
2 0.507455
3 0.538158
4 1.6591
4850 4
1 0.618653
2 0.511887
3 0.530803
4 1.66134
4860 4
1 0.61955
2 0.515495
3 0.524605
4 1.65965
4870 4
1 0.615168
2 0.516991
3 0.522282
4 1.65444
4880 4
1 0.607526
2 0.518309
3 0.522621
4 1.64846
4890 4
1 0.598699
2 0.520808
3 0.522875
4 1.64238
4900 4
1 0.592278
2 0.521686
3 0.522225
4 1.63619
4910 4
1 0.589287
2 0.520885
3 0.520051
4 1.63022
4920 4
1 0.58936
2 0.523206
3 0.515343
4 1.62791
4930 4
1 0.593649
2 0.52914
3 0.510685
4 1.63347
4940 4
1 0.60193
2 0.533254
3 0.509905
4 1.64509
4950 4
1 0.609379
2 0.532766
3 0.511207
4 1.65335
4960 4
1 0.61032
2 0.529024
3 0.512213
4 1.65156
4970 4
1 0.604597
2 0.525412
3 0.51236
4 1.64237
4980 4
1 0.597481
2 0.52374
3 0.512676
4 1.6339
4990 4
1 0.594534
2 0.523339
3 0.514583
4 1.63246
5000 4
1 0.596258
2 0.524274
3 0.516547
4 1.63708
5010 4
1 0.596905
2 0.526335
3 0.515705
4 1.63894
5020 4
1 0.593673
2 0.528035
3 0.512242
4 1.63395
5030 4
1 0.590977
2 0.528765
3 0.507958
4 1.6277
5040 4
1 0.591674
2 0.529367
3 0.502529
4 1.62357
5050 4
1 0.597579
2 0.529702
3 0.496425
4 1.62371
5060 4
1 0.603795
2 0.530504
3 0.491086
4 1.62538
5070 4
1 0.601909
2 0.532217
3 0.488368
4 1.62249
5080 4
1 0.592605
2 0.534294
3 0.486654
4 1.61355
5090 4
1 0.586375
2 0.537048
3 0.481798
4 1.60522
5100 4
1 0.590563
2 0.538727
3 0.476612
4 1.6059
5110 4
1 0.601855
2 0.538443
3 0.476291
4 1.61659
5120 4
1 0.610289
2 0.537456
3 0.480888
4 1.62863
5130 4
1 0.61237
2 0.538216
3 0.486982
4 1.63757
5140 4
1 0.611472
2 0.542743
3 0.490342
4 1.64456
5150 4
1 0.608933
2 0.549512
3 0.491552
4 1.65
5160 4
1 0.605643
2 0.552579
3 0.493317
4 1.65154
5170 4
1 0.604507
2 0.5497
3 0.495328
4 1.64954
5180 4
1 0.60684
2 0.54292
3 0.496911
4 1.64667
5190 4
1 0.613687
2 0.535097
3 0.498035
4 1.64682
5200 4
1 0.622289
2 0.528791
3 0.499396
4 1.65048
5210 4
1 0.625825
2 0.526805
3 0.503737
4 1.65637
5220 4
1 0.62296
2 0.529238
3 0.510705
4 1.6629
5230 4
1 0.618442
2 0.534361
3 0.516539
4 1.66934
5240 4
1 0.618066
2 0.539221
3 0.517803
4 1.67509
5250 4
1 0.621164
2 0.541196
3 0.516112
4 1.67847
5260 4
1 0.62329
2 0.54126
3 0.516329
4 1.68088
5270 4
1 0.621331
2 0.540444
3 0.519332
4 1.68111
5280 4
1 0.616311
2 0.540686
3 0.522817
4 1.67981
5290 4
1 0.611275
2 0.542598
3 0.523773
4 1.67765
5300 4
1 0.609865
2 0.544568
3 0.520998
4 1.67543
5310 4
1 0.611212
2 0.544841
3 0.518085
4 1.67414
5320 4
1 0.608781
2 0.543716
3 0.518235
4 1.67073
5330 4
1 0.602758
2 0.542664
3 0.52111
4 1.66653
5340 4
1 0.598994
2 0.5424
3 0.525039
4 1.66643
5350 4
1 0.601244
2 0.544593
3 0.5283
4 1.67414
5360 4
1 0.609282
2 0.54784
3 0.531451
4 1.68857
5370 4
1 0.615754
2 0.548778
3 0.534028
4 1.69856
5380 4
1 0.614275
2 0.546775
3 0.533366
4 1.69442
5390 4
1 0.60778
2 0.544619
3 0.529592
4 1.68199
5400 4
1 0.602523
2 0.5437
3 0.525691
4 1.67191
5410 4
1 0.600669
2 0.541522
3 0.525063
4 1.66725
5420 4
1 0.600804
2 0.538079
3 0.528648
4 1.66753
5430 4
1 0.600561
2 0.534694
3 0.534271
4 1.66953
5440 4
1 0.599219
2 0.533753
3 0.539474
4 1.67244
5450 4
1 0.598742
2 0.537658
3 0.541464
4 1.67786
5460 4
1 0.601751
2 0.542195
3 0.542567
4 1.68651
5470 4
1 0.606892
2 0.543572
3 0.546066
4 1.69653
5480 4
1 0.610049
2 0.543148
3 0.551103
4 1.7043
5490 4
1 0.610805
2 0.542038
3 0.556407
4 1.70925
5500 4
1 0.608279
2 0.541602
3 0.55932
4 1.7092
5510 4
1 0.602422
2 0.544071
3 0.559565
4 1.70606
5520 4
1 0.594695
2 0.547839
3 0.558785
4 1.70132
5530 4
1 0.586723
2 0.548979
3 0.556834
4 1.69254
5540 4
1 0.581725
2 0.546317
3 0.555941
4 1.68398
5550 4
1 0.582037
2 0.542917
3 0.556809
4 1.68176
5560 4
1 0.586015
2 0.542952
3 0.555373
4 1.68434
5570 4
1 0.588021
2 0.546794
3 0.550462
4 1.68528
5580 4
1 0.584347
2 0.551771
3 0.546471
4 1.68259
5590 4
1 0.578194
2 0.556441
3 0.544174
4 1.67881
5600 4
1 0.574631
2 0.558263
3 0.540695
4 1.67359
5610 4
1 0.575178
2 0.554338
3 0.53632
4 1.66584
5620 4
1 0.578136
2 0.54649
3 0.532734
4 1.65736
5630 4
1 0.580274
2 0.537873
3 0.530815
4 1.64896
5640 4
1 0.580751
2 0.531065
3 0.530593
4 1.64241
5650 4
1 0.580321
2 0.528309
3 0.531024
4 1.63965
5660 4
1 0.580989
2 0.529844
3 0.532045
4 1.64288
5670 4
1 0.584683
2 0.534445
3 0.534151
4 1.65328
5680 4
1 0.590078
2 0.54023
3 0.535377
4 1.66568
5690 4
1 0.592777
2 0.544981
3 0.535322
4 1.67308
5700 4
1 0.589165
2 0.548895
3 0.535177
4 1.67324
5710 4
1 0.582895
2 0.550077
3 0.532933
4 1.6659
5720 4
1 0.579952
2 0.54773
3 0.529214
4 1.6569
5730 4
1 0.580022
2 0.544064
3 0.527325
4 1.65141
5740 4
1 0.581142
2 0.54167
3 0.526914
4 1.64973
5750 4
1 0.582868
2 0.540824
3 0.527419
4 1.65111
5760 4
1 0.582336
2 0.541049
3 0.526077
4 1.64946
5770 4
1 0.579561
2 0.54162
3 0.52151
4 1.64269
5780 4
1 0.579685
2 0.539989
3 0.516715
4 1.63639
5790 4
1 0.584652
2 0.537235
3 0.513901
4 1.63579
5800 4
1 0.589106
2 0.536463
3 0.513589
4 1.63916
5810 4
1 0.587202
2 0.537198
3 0.516745
4 1.64115
5820 4
1 0.579618
2 0.538501
3 0.520964
4 1.63908
5830 4
1 0.572235
2 0.538514
3 0.522218
4 1.63297
5840 4
1 0.570771
2 0.536527
3 0.520128
4 1.62743
5850 4
1 0.575372
2 0.536207
3 0.516538
4 1.62812
5860 4
1 0.581817
2 0.538537
3 0.516669
4 1.63702
5870 4
1 0.58714
2 0.541441
3 0.523591
4 1.65217
5880 4
1 0.590833
2 0.542097
3 0.532175
4 1.6651
5890 4
1 0.590582
2 0.540729
3 0.537681
4 1.66899
5900 4
1 0.587141
2 0.536707
3 0.536639
4 1.66049
5910 4
1 0.584997
2 0.530559
3 0.530754
4 1.64631
5920 4
1 0.586795
2 0.526816
3 0.525557
4 1.63917
5930 4
1 0.59271
2 0.526349
3 0.522449
4 1.64151
5940 4
1 0.600033
2 0.527851
3 0.519354
4 1.64724
5950 4
1 0.606281
2 0.531497
3 0.515387
4 1.65316
5960 4
1 0.609699
2 0.535187
3 0.511665
4 1.65655
5970 4
1 0.60973
2 0.536636
3 0.510123
4 1.65649
5980 4
1 0.606735
2 0.53542
3 0.509036
4 1.65119
5990 4
1 0.601243
2 0.535018
3 0.50835
4 1.64461
6000 4
1 0.595105
2 0.537954
3 0.509314
4 1.64237
6010 4
1 0.587307
2 0.539237
3 0.51114
4 1.63768
6020 4
1 0.576113
2 0.536813
3 0.511214
4 1.62414
6030 4
1 0.565426
2 0.534587
3 0.510548
4 1.61056
6040 4
1 0.562527
2 0.534869
3 0.510294
4 1.60769
6050 4
1 0.569307
2 0.536869
3 0.507188
4 1.61336
6060 4
1 0.5799
2 0.540392
3 0.502324
4 1.62262
6070 4
1 0.588438
2 0.544472
3 0.50085
4 1.63376
6080 4
1 0.590221
2 0.547172
3 0.503402
4 1.6408
6090 4
1 0.584867
2 0.549669
3 0.50828
4 1.64282
6100 4
1 0.579602
2 0.552793
3 0.5149
4 1.64729
6110 4
1 0.579666
2 0.556994
3 0.521848
4 1.65851
6120 4
1 0.584104
2 0.562144
3 0.525775
4 1.67202
6130 4
1 0.589958
2 0.56512
3 0.524765
4 1.67984
6140 4
1 0.593853
2 0.563821
3 0.521315
4 1.67899
6150 4
1 0.595643
2 0.558407
3 0.516672
4 1.67072
6160 4
1 0.594693
2 0.550665
3 0.512965
4 1.65832
6170 4
1 0.592552
2 0.541303
3 0.512226
4 1.64608
6180 4
1 0.591826
2 0.533978
3 0.514444
4 1.64025
6190 4
1 0.592218
2 0.53074
3 0.518307
4 1.64127
6200 4
1 0.592332
2 0.531062
3 0.520713
4 1.64411
6210 4
1 0.589636
2 0.534311
3 0.519107
4 1.64305
6220 4
1 0.582941
2 0.538207
3 0.517241
4 1.63839
6230 4
1 0.57541
2 0.53949
3 0.518515
4 1.63342
6240 4
1 0.572231
2 0.538196
3 0.521999
4 1.63243
6250 4
1 0.576361
2 0.538293
3 0.523494
4 1.63815
6260 4
1 0.585772
2 0.539985
3 0.520214
4 1.64597
6270 4
1 0.597324
2 0.540415
3 0.516582
4 1.65432
6280 4
1 0.607619
2 0.538514
3 0.517077
4 1.66321
6290 4
1 0.612037
2 0.536155
3 0.52048
4 1.66867
6300 4
1 0.610267
2 0.534773
3 0.523536
4 1.66858
6310 4
1 0.605498
2 0.534816
3 0.523091
4 1.66341
6320 4
1 0.602562
2 0.537015
3 0.520323
4 1.6599
6330 4
1 0.601842
2 0.537316
3 0.518591
4 1.65775
6340 4
1 0.600893
2 0.534064
3 0.518898
4 1.65385
6350 4
1 0.599488
2 0.529076
3 0.521126
4 1.64969
6360 4
1 0.597606
2 0.524329
3 0.523562
4 1.6455
6370 4
1 0.596624
2 0.521778
3 0.526204
4 1.64461
6380 4
1 0.597408
2 0.523117
3 0.530745
4 1.65127
6390 4
1 0.599926
2 0.526144
3 0.538156
4 1.66423
6400 4
1 0.603419
2 0.52972
3 0.544139
4 1.67728
6410 4
1 0.605131
2 0.534254
3 0.543162
4 1.68255
6420 4
1 0.603086
2 0.537376
3 0.538139
4 1.6786
6430 4
1 0.598441
2 0.53705
3 0.534027
4 1.66952
6440 4
1 0.592714
2 0.536856
3 0.532826
4 1.6624
6450 4
1 0.588837
2 0.538821
3 0.535007
4 1.66266
6460 4
1 0.587816
2 0.542399
3 0.538506
4 1.66872
6470 4
1 0.587445
2 0.547103
3 0.538541
4 1.67309
6480 4
1 0.585961
2 0.551794
3 0.534639
4 1.67239
6490 4
1 0.583034
2 0.554637
3 0.527592
4 1.66526
6500 4
1 0.580982
2 0.556656
3 0.520322
4 1.65796
6510 4
1 0.582044
2 0.558378
3 0.515678
4 1.6561
6520 4
1 0.584828
2 0.558502
3 0.513826
4 1.65716
6530 4
1 0.586563
2 0.558825
3 0.515103
4 1.66049
6540 4
1 0.58581
2 0.562312
3 0.519224
4 1.66735
6550 4
1 0.58587
2 0.567442
3 0.523971
4 1.67728
6560 4
1 0.591316
2 0.573113
3 0.526741
4 1.69117
6570 4
1 0.601335
2 0.578432
3 0.527714
4 1.70748
6580 4
1 0.610138
2 0.580194
3 0.528054
4 1.71839
6590 4
1 0.6125
2 0.5795
3 0.528405
4 1.72041
6600 4
1 0.610263
2 0.578484
3 0.528516
4 1.71726
6610 4
1 0.6102
2 0.575892
3 0.529339
4 1.71543
6620 4
1 0.613547
2 0.570888
3 0.532519
4 1.71695
6630 4
1 0.61688
2 0.564973
3 0.536172
4 1.71803
6640 4
1 0.617479
2 0.561524
3 0.537519
4 1.71652
6650 4
1 0.612244
2 0.563246
3 0.538036
4 1.71352
6660 4
1 0.601715
2 0.569335
3 0.537803
4 1.70885
6670 4
1 0.591146
2 0.575909
3 0.537423
4 1.70448
6680 4
1 0.584516
2 0.576839
3 0.538025
4 1.69938
6690 4
1 0.583754
2 0.570893
3 0.539705
4 1.69435
6700 4
1 0.586117
2 0.564622
3 0.539772
4 1.69051
6710 4
1 0.587501
2 0.563987
3 0.537927
4 1.68942
6720 4
1 0.586841
2 0.568779
3 0.537453
4 1.69307
6730 4
1 0.586336
2 0.573779
3 0.539313
4 1.69943
6740 4
1 0.586426
2 0.575855
3 0.54368
4 1.70596
6750 4
1 0.587347
2 0.575048
3 0.54936
4 1.71175
6760 4
1 0.588849
2 0.571546
3 0.553049
4 1.71344
6770 4
1 0.590233
2 0.569071
3 0.553092
4 1.7124
6780 4
1 0.591741
2 0.568699
3 0.550155
4 1.71059
6790 4
1 0.593831
2 0.567342
3 0.547953
4 1.70913
6800 4
1 0.594866
2 0.564623
3 0.549659
4 1.70915
6810 4
1 0.596382
2 0.56288
3 0.554311
4 1.71357
6820 4
1 0.599627
2 0.564375
3 0.558457
4 1.72246
6830 4
1 0.601686
2 0.569199
3 0.560684
4 1.73157
6840 4
1 0.601487
2 0.574236
3 0.562855
4 1.73858
6850 4
1 0.599534
2 0.576834
3 0.566094
4 1.74246
6860 4
1 0.595413
2 0.578632
3 0.567786
4 1.74183
6870 4
1 0.590888
2 0.582319
3 0.565969
4 1.73918
6880 4
1 0.58913
2 0.583305
3 0.5603
4 1.73273
6890 4
1 0.588922
2 0.578728
3 0.554342
4 1.72199
6900 4
1 0.58987
2 0.571901
3 0.551255
4 1.71303
6910 4
1 0.595142
2 0.565082
3 0.548387
4 1.70861
6920 4
1 0.603388
2 0.559864
3 0.543968
4 1.70722
6930 4
1 0.607552
2 0.55832
3 0.540796
4 1.70667
6940 4
1 0.607024
2 0.56089
3 0.539961
4 1.70787
6950 4
1 0.604119
2 0.563932
3 0.538954
4 1.707
6960 4
1 0.599928
2 0.564911
3 0.53691
4 1.70175
6970 4
1 0.596439
2 0.562998
3 0.535136
4 1.69457
6980 4
1 0.595043
2 0.561244
3 0.536298
4 1.69259
6990 4
1 0.594302
2 0.562281
3 0.540467
4 1.69705
7000 4
1 0.592531
2 0.565003
3 0.544898
4 1.70243
7010 4
1 0.588087
2 0.566546
3 0.548259
4 1.70289
7020 4
1 0.583903
2 0.566832
3 0.550006
4 1.70074
7030 4
1 0.582454
2 0.566761
3 0.548964
4 1.69818
7040 4
1 0.582178
2 0.565689
3 0.545324
4 1.69319
7050 4
1 0.585842
2 0.560927
3 0.541626
4 1.6884
7060 4
1 0.595471
2 0.55257
3 0.53721
4 1.68525
7070 4
1 0.606575
2 0.545069
3 0.530207
4 1.68185
7080 4
1 0.61348
2 0.543485
3 0.524631
4 1.6816
7090 4
1 0.61391
2 0.547568
3 0.525472
4 1.68695
7100 4
1 0.610418
2 0.552101
3 0.531523
4 1.69404
7110 4
1 0.604214
2 0.552589
3 0.539245
4 1.69605
7120 4
1 0.596418
2 0.550546
3 0.54576
4 1.69272
7130 4
1 0.58979
2 0.54891
3 0.548546
4 1.68725
7140 4
1 0.584673
2 0.546943
3 0.550029
4 1.68164
7150 4
1 0.582661
2 0.543308
3 0.551185
4 1.67715
7160 4
1 0.587148
2 0.53957
3 0.551101
4 1.67782
7170 4
1 0.59378
2 0.538149
3 0.54941
4 1.68134
7180 4
1 0.596225
2 0.539534
3 0.545539
4 1.6813
7190 4
1 0.594248
2 0.54355
3 0.541429
4 1.67923
7200 4
1 0.591731
2 0.548988
3 0.538042
4 1.67876
7210 4
1 0.590891
2 0.550923
3 0.536391
4 1.6782
7220 4
1 0.590726
2 0.548378
3 0.536446
4 1.67555
7230 4
1 0.593171
2 0.546429
3 0.537861
4 1.67746
7240 4
1 0.597388
2 0.547056
3 0.538569
4 1.68301
7250 4
1 0.598911
2 0.55094
3 0.539273
4 1.68912
7260 4
1 0.597246
2 0.554366
3 0.541722
4 1.69333
7270 4
1 0.593927
2 0.552662
3 0.543529
4 1.69012
7280 4
1 0.591813
2 0.548304
3 0.541953
4 1.68207
7290 4
1 0.593436
2 0.546092
3 0.538691
4 1.67822
7300 4
1 0.596242
2 0.547424
3 0.536125
4 1.67979
7310 4
1 0.597907
2 0.551289
3 0.534206
4 1.6834
7320 4
1 0.598565
2 0.555661
3 0.53384
4 1.68807
7330 4
1 0.599798
2 0.55805
3 0.536328
4 1.69418
7340 4
1 0.603102
2 0.557385
3 0.541463
4 1.70195
7350 4
1 0.607575
2 0.55658
3 0.54682
4 1.71097
7360 4
1 0.613261
2 0.558099
3 0.549601
4 1.72096
7370 4
1 0.620029
2 0.56022
3 0.548819
4 1.72907
7380 4
1 0.625054
2 0.560273
3 0.547111
4 1.73244
7390 4
1 0.626882
2 0.55779
3 0.546536
4 1.73121
7400 4
1 0.626707
2 0.55369
3 0.547253
4 1.72765
7410 4
1 0.626717
2 0.550858
3 0.548752
4 1.72633
7420 4
1 0.626719
2 0.553938
3 0.550453
4 1.73111
7430 4
1 0.622857
2 0.562048
3 0.54989
4 1.7348
7440 4
1 0.615116
2 0.568407
3 0.547485
4 1.73101
7450 4
1 0.605541
2 0.569393
3 0.544825
4 1.71976
7460 4
1 0.596796
2 0.567676
3 0.543575
4 1.70805
7470 4
1 0.592428
2 0.567843
3 0.543315
4 1.70359
7480 4
1 0.590506
2 0.569984
3 0.541407
4 1.7019
7490 4
1 0.591102
2 0.57102
3 0.536774
4 1.6989
7500 4
1 0.596162
2 0.568361
3 0.532615
4 1.69714
7510 4
1 0.603605
2 0.561998
3 0.531725
4 1.69733
7520 4
1 0.608113
2 0.555697
3 0.531351
4 1.69516
7530 4
1 0.606355
2 0.552344
3 0.530166
4 1.68886
7540 4
1 0.600438
2 0.552449
3 0.528544
4 1.68143
7550 4
1 0.594621
2 0.553386
3 0.528941
4 1.67695
7560 4
1 0.590408
2 0.551751
3 0.530706
4 1.67287
7570 4
1 0.588694
2 0.547636
3 0.531409
4 1.66774
7580 4
1 0.593736
2 0.542067
3 0.529899
4 1.6657
7590 4
1 0.602911
2 0.537916
3 0.528086
4 1.66891
7600 4
1 0.610997
2 0.536691
3 0.52742
4 1.67511
7610 4
1 0.615651
2 0.537443
3 0.527703
4 1.6808
7620 4
1 0.615675
2 0.537532
3 0.529174
4 1.68238
7630 4
1 0.614553
2 0.535059
3 0.531
4 1.68061
7640 4
1 0.615726
2 0.53195
3 0.532788
4 1.68046
7650 4
1 0.614813
2 0.532194
3 0.534932
4 1.68194
7660 4
1 0.610053
2 0.536248
3 0.535186
4 1.68149
7670 4
1 0.605978
2 0.542082
3 0.532048
4 1.68011
7680 4
1 0.604825
2 0.547328
3 0.529235
4 1.68139
7690 4
1 0.604147
2 0.551625
3 0.529469
4 1.68524
7700 4
1 0.602094
2 0.551604
3 0.531133
4 1.68483
7710 4
1 0.599127
2 0.54687
3 0.532871
4 1.67887
7720 4
1 0.598343
2 0.540366
3 0.533203
4 1.67191
7730 4
1 0.600944
2 0.536517
3 0.532244
4 1.66971
7740 4
1 0.604655
2 0.538692
3 0.53108
4 1.67443
7750 4
1 0.607671
2 0.543507
3 0.52918
4 1.68036
7760 4
1 0.608748
2 0.547904
3 0.526351
4 1.683
7770 4
1 0.608461
2 0.551538
3 0.522908
4 1.68291
7780 4
1 0.607783
2 0.553761
3 0.523454
4 1.685
7790 4
1 0.60831
2 0.55365
3 0.529919
4 1.69188
7800 4
1 0.610642
2 0.552391
3 0.536446
4 1.69948
7810 4
1 0.614439
2 0.551046
3 0.539773
4 1.70526
7820 4
1 0.620839
2 0.549817
3 0.542682
4 1.71334
7830 4
1 0.628479
2 0.549275
3 0.546314
4 1.72407
7840 4
1 0.634935
2 0.550596
3 0.550224
4 1.73576
