# processed_data/processed_LLZO_Ia3d_Al00/npy_LLZO_Ia3d_Al00_testing: data_e pred_e
-1.372522094726562500e+03 -1.360061410622905896e+03
-1.371693847656250000e+03 -1.359225577489306943e+03
-1.369311523437500000e+03 -1.356832219451598576e+03
-1.365711547851562500e+03 -1.353210382304675477e+03
-1.361420776367187500e+03 -1.348885801871751937e+03
-1.357069091796875000e+03 -1.344508054817243192e+03
-1.353278808593750000e+03 -1.340693652001980354e+03
-1.350463134765625000e+03 -1.337854087054858155e+03
-1.348743041992187500e+03 -1.336122198799232137e+03
-1.348028930664062500e+03 -1.335401565610942271e+03
-1.348081298828125000e+03 -1.335449941977126400e+03
-1.348585449218750000e+03 -1.335957805568712729e+03
-1.349226928710937500e+03 -1.336609311393320240e+03
-1.349719726562500000e+03 -1.337115145015247890e+03
-1.349828369140625000e+03 -1.337235758709163292e+03
-1.349386596679687500e+03 -1.336799110718092379e+03
-1.348302978515625000e+03 -1.335711456300158716e+03
-1.346544677734375000e+03 -1.333949080077115013e+03
-1.344154296875000000e+03 -1.331561029467100070e+03
-1.341301269531250000e+03 -1.328704963783808580e+03
-1.338259277343750000e+03 -1.325651817814134120e+03
-1.335260620117187500e+03 -1.322641049947626470e+03
-1.332376464843750000e+03 -1.319719848241317777e+03
-1.329511474609375000e+03 -1.316814092954561147e+03
-1.326622436523437500e+03 -1.313881693442092001e+03
-1.323787719726562500e+03 -1.311017578508765610e+03
-1.321303710937500000e+03 -1.308518824664505019e+03
-1.319361450195312500e+03 -1.306555179353397307e+03
-1.317640136718750000e+03 -1.304821120036213188e+03
-1.315813720703125000e+03 -1.302985160153793913e+03
-1.313868164062500000e+03 -1.301033659070583326e+03
-1.311928344726562500e+03 -1.299093145460459937e+03
-1.310128784179687500e+03 -1.297299210011265359e+03
-1.308691284179687500e+03 -1.295858440062990439e+03
-1.307905639648437500e+03 -1.295064087775129792e+03
-1.307976806640625000e+03 -1.295121730857568764e+03
-1.308798583984375000e+03 -1.295931577950057772e+03
-1.310003784179687500e+03 -1.297129195041169169e+03
-1.311302734375000000e+03 -1.298412122769201687e+03
-1.312561767578125000e+03 -1.299681239072791413e+03
-1.313710693359375000e+03 -1.300841208865353565e+03
-1.314655395507812500e+03 -1.301793146444797003e+03
-1.315453857421875000e+03 -1.302600314296606484e+03
-1.316281250000000000e+03 -1.303436866844502219e+03
-1.317272094726562500e+03 -1.304428878363811691e+03
-1.318429199218750000e+03 -1.305577197548241656e+03
-1.319635742187500000e+03 -1.306783588741994208e+03
-1.320788818359375000e+03 -1.307938115154320258e+03
-1.321833618164062500e+03 -1.308980091466482463e+03
-1.322760742187500000e+03 -1.309913438464064029e+03
-1.323618041992187500e+03 -1.310779488508946088e+03
-1.324430175781250000e+03 -1.311614628452225588e+03
-1.325213623046875000e+03 -1.312435907298172197e+03
-1.326006103515625000e+03 -1.313263586455346740e+03
-1.326833007812500000e+03 -1.314125755400023081e+03
-1.327705810546875000e+03 -1.315043746364625804e+03
-1.328609985351562500e+03 -1.316004057747088382e+03
-1.329505859375000000e+03 -1.316952688586718523e+03
-1.330322387695312500e+03 -1.317818172556087120e+03
-1.331012695312500000e+03 -1.318556215120601337e+03
-1.331583618164062500e+03 -1.319173146252389415e+03
-1.332079467773437500e+03 -1.319699679991309495e+03
-1.332499145507812500e+03 -1.320137232805044732e+03
-1.332805419921875000e+03 -1.320452111092735777e+03
-1.332988281250000000e+03 -1.320640643522743630e+03
-1.333113159179687500e+03 -1.320759005328455260e+03
-1.333250000000000000e+03 -1.320879431302433204e+03
-1.333445556640625000e+03 -1.321038089763525477e+03
-1.333696533203125000e+03 -1.321238320497649966e+03
-1.334005371093750000e+03 -1.321491826464361111e+03
-1.334442138671875000e+03 -1.321855643055420160e+03
-1.335046630859375000e+03 -1.322395554744351102e+03
-1.335769042968750000e+03 -1.323055523897238800e+03
-1.336388549804687500e+03 -1.323618266785483684e+03
-1.336666870117187500e+03 -1.323849300997250339e+03
-1.336546142578125000e+03 -1.323693329727482023e+03
-1.336242431640625000e+03 -1.323359169354378992e+03
-1.336087890625000000e+03 -1.323199159183666779e+03
-1.336308105468750000e+03 -1.323420820573249330e+03
-1.336797241210937500e+03 -1.323931859414454493e+03
-1.337340332031250000e+03 -1.324501284703582996e+03
-1.337766235351562500e+03 -1.324955041486037771e+03
-1.338001220703125000e+03 -1.325224294922104491e+03
-1.338056762695312500e+03 -1.325305386158855981e+03
-1.337962402343750000e+03 -1.325229480282453324e+03
-1.337767089843750000e+03 -1.325053765138716244e+03
-1.337544311523437500e+03 -1.324850677947989880e+03
-1.337360839843750000e+03 -1.324688288117974480e+03
-1.337275268554687500e+03 -1.324611390110773300e+03
-1.337301269531250000e+03 -1.324644026776356441e+03
-1.337436279296875000e+03 -1.324789617041403289e+03
-1.337694580078125000e+03 -1.325055453856887425e+03
-1.338098388671875000e+03 -1.325472788577312258e+03
-1.338687011718750000e+03 -1.326071333482428599e+03
-1.339442626953125000e+03 -1.326826061517203016e+03
-1.340272949218750000e+03 -1.327657839115759089e+03
-1.341078247070312500e+03 -1.328464168555948163e+03
-1.341770751953125000e+03 -1.329149650857150391e+03
-1.342264160156250000e+03 -1.329637099157348302e+03
-1.342519775390625000e+03 -1.329886870201173451e+03
-1.342559082031250000e+03 -1.329901950661477258e+03
-1.342363403320312500e+03 -1.329684933962279956e+03
-1.341935791015625000e+03 -1.329231730597434989e+03
-1.341333007812500000e+03 -1.328608936831525625e+03
-1.340747192382812500e+03 -1.328003532844613346e+03
-1.340395019531250000e+03 -1.327645265709706109e+03
-1.340409057617187500e+03 -1.327665677919578229e+03
-1.340767944335937500e+03 -1.328045361021546341e+03
-1.341378662109375000e+03 -1.328682173691792514e+03
-1.342149658203125000e+03 -1.329477510551596652e+03
-1.343020874023437500e+03 -1.330372040516350808e+03
-1.343948120117187500e+03 -1.331332832360116981e+03
-1.344863281250000000e+03 -1.332283442333668745e+03
-1.345621459960937500e+03 -1.333065278720589504e+03
-1.346053222656250000e+03 -1.333525461530404755e+03
-1.346110107421875000e+03 -1.333618994722471598e+03
-1.345814208984375000e+03 -1.333351705553562397e+03
-1.345152954101562500e+03 -1.332711473907686468e+03
-1.344170654296875000e+03 -1.331730177476075369e+03
-1.343004272460937500e+03 -1.330547957744102405e+03
-1.341837646484375000e+03 -1.329351712715743133e+03
-1.340799438476562500e+03 -1.328282106298238432e+03
-1.339964355468750000e+03 -1.327413778731552156e+03
-1.339363525390625000e+03 -1.326789113309393542e+03
-1.339055908203125000e+03 -1.326461727821876138e+03
-1.339105346679687500e+03 -1.326498779354558337e+03
-1.339578002929687500e+03 -1.326955374474786822e+03
-1.340449829101562500e+03 -1.327808251620544524e+03
-1.341557006835937500e+03 -1.328901303632924282e+03
-1.342641113281250000e+03 -1.329981090441667675e+03
-1.343467773437500000e+03 -1.330814683357424883e+03
-1.343929565429687500e+03 -1.331277926233303106e+03
-1.343990234375000000e+03 -1.331339464441859718e+03
-1.343661621093750000e+03 -1.330996700397635095e+03
-1.342966918945312500e+03 -1.330275686521802527e+03
-1.342008056640625000e+03 -1.329285662122556005e+03
-1.340988281250000000e+03 -1.328231125112120480e+03
-1.340094848632812500e+03 -1.327310719543271716e+03
-1.339382202148437500e+03 -1.326590079779544794e+03
-1.338817626953125000e+03 -1.326015588395208852e+03
-1.338283081054687500e+03 -1.325487234868780433e+03
-1.337690917968750000e+03 -1.324911964602831631e+03
-1.337065673828125000e+03 -1.324306696616064073e+03
-1.336589355468750000e+03 -1.323852164523916599e+03
-1.336462646484375000e+03 -1.323747067234135102e+03
-1.336683837890625000e+03 -1.323977013919460205e+03
-1.337012817382812500e+03 -1.324314830972681648e+03
-1.337234252929687500e+03 -1.324551170143443869e+03
-1.337304077148437500e+03 -1.324616769920150091e+03
-1.337189575195312500e+03 -1.324502024090479154e+03
-1.336876953125000000e+03 -1.324188201365087025e+03
-1.336364746093750000e+03 -1.323662283425141368e+03
-1.335669433593750000e+03 -1.322946945758651054e+03
-1.334906738281250000e+03 -1.322150164508481112e+03
-1.334271362304687500e+03 -1.321474026797016904e+03
-1.333984252929687500e+03 -1.321142463524215600e+03
-1.334167236328125000e+03 -1.321285517325927231e+03
-1.334762695312500000e+03 -1.321836936006904125e+03
-1.335512451171875000e+03 -1.322545690017173001e+03
-1.336124511718750000e+03 -1.323129995163744070e+03
-1.336433227539062500e+03 -1.323432634423878426e+03
-1.336460083007812500e+03 -1.323465049513750728e+03
-1.336329589843750000e+03 -1.323350409075530479e+03
-1.336190185546875000e+03 -1.323238942172483348e+03
-1.336184448242187500e+03 -1.323272813702959184e+03
-1.336418823242187500e+03 -1.323549649466665187e+03
-1.336906982421875000e+03 -1.324077332553478982e+03
-1.337546264648437500e+03 -1.324750463837574671e+03
-1.338168212890625000e+03 -1.325409570001323118e+03
-1.338667480468750000e+03 -1.325930279339000208e+03
-1.339013183593750000e+03 -1.326285384492578487e+03
-1.339255981445312500e+03 -1.326546625811485001e+03
-1.339513305664062500e+03 -1.326822666236223995e+03
-1.339842651367187500e+03 -1.327175266660130774e+03
-1.340212768554687500e+03 -1.327569172730961327e+03
-1.340512329101562500e+03 -1.327896201875268162e+03
-1.340666137695312500e+03 -1.328066040050599213e+03
-1.340652832031250000e+03 -1.328075425061123497e+03
-1.340520263671875000e+03 -1.327959242148041994e+03
-1.340275512695312500e+03 -1.327716983441447155e+03
-1.339918212890625000e+03 -1.327351427017511014e+03
-1.339505249023437500e+03 -1.326930481831621591e+03
-1.339141967773437500e+03 -1.326560581038006603e+03
-1.338896728515625000e+03 -1.326310924472872102e+03
-1.338761596679687500e+03 -1.326176141959371762e+03
-1.338682373046875000e+03 -1.326103571899685221e+03
-1.338603515625000000e+03 -1.326034186954437700e+03
-1.338494873046875000e+03 -1.325932803014535693e+03
-1.338357788085937500e+03 -1.325789737161825997e+03
-1.338204223632812500e+03 -1.325615624041929323e+03
-1.338054443359375000e+03 -1.325433833192809743e+03
-1.337929443359375000e+03 -1.325274959964805021e+03
-1.337865234375000000e+03 -1.325176295977547852e+03
-1.337876098632812500e+03 -1.325158924968926385e+03
-1.337924560546875000e+03 -1.325181431953713400e+03
-1.337904418945312500e+03 -1.325139195174408997e+03
-1.337708374023437500e+03 -1.324922602097598201e+03
-1.337281982421875000e+03 -1.324485978475506499e+03
-1.336683105468750000e+03 -1.323879879223307853e+03
-1.336023559570312500e+03 -1.323219530528991072e+03
-1.335389282226562500e+03 -1.322590925734525172e+03
-1.334765869140625000e+03 -1.321978124866726830e+03
-1.334100952148437500e+03 -1.321314882630361581e+03
-1.333365112304687500e+03 -1.320587955737481934e+03
-1.332612304687500000e+03 -1.319850991582670076e+03
-1.331913574218750000e+03 -1.319174552977867734e+03
-1.331331787109375000e+03 -1.318617680928245136e+03
-1.330951416015625000e+03 -1.318251489511792897e+03
-1.330848510742187500e+03 -1.318151200661584426e+03
-1.331044433593750000e+03 -1.318358950722833015e+03
-1.331521728515625000e+03 -1.318844800894209129e+03
-1.332180419921875000e+03 -1.319498467933048232e+03
-1.332845825195312500e+03 -1.320149436773380785e+03
-1.333359252929687500e+03 -1.320636556162919533e+03
-1.333653564453125000e+03 -1.320898491071678563e+03
-1.333791992187500000e+03 -1.320999797549601453e+03
-1.333915039062500000e+03 -1.321092809785725422e+03
-1.334176635742187500e+03 -1.321342374965255203e+03
-1.334699340820312500e+03 -1.321853747906689705e+03
-1.335488159179687500e+03 -1.322631010859075786e+03
-1.336397827148437500e+03 -1.323549751022155306e+03
-1.337222167968750000e+03 -1.324391322428351486e+03
-1.337754150390625000e+03 -1.324931126703583232e+03
-1.337876220703125000e+03 -1.325065991460019632e+03
-1.337679687500000000e+03 -1.324881331079749998e+03
-1.337373046875000000e+03 -1.324589591166812625e+03
-1.337175170898437500e+03 -1.324402564751113232e+03
-1.337228027343750000e+03 -1.324452807289981138e+03
-1.337582763671875000e+03 -1.324786219335943997e+03
-1.338192138671875000e+03 -1.325371841843445964e+03
-1.338966552734375000e+03 -1.326123775584449959e+03
-1.339804321289062500e+03 -1.326944249104091568e+03
-1.340644531250000000e+03 -1.327770881827581661e+03
-1.341477905273437500e+03 -1.328596571676317126e+03
-1.342314819335937500e+03 -1.329435171244144385e+03
-1.343128662109375000e+03 -1.330254185717920109e+03
-1.343810668945312500e+03 -1.330943017672680980e+03
-1.344226318359375000e+03 -1.331375847729733323e+03
-1.344343383789062500e+03 -1.331511335223871583e+03
-1.344207885742187500e+03 -1.331403383961665668e+03
-1.343932739257812500e+03 -1.331154388148848284e+03
-1.343618530273437500e+03 -1.330871941419200994e+03
-1.343337524414062500e+03 -1.330624977334447522e+03
-1.343108520507812500e+03 -1.330421528554777979e+03
-1.342903808593750000e+03 -1.330231543711546692e+03
-1.342707031250000000e+03 -1.330038670741869282e+03
-1.342525146484375000e+03 -1.329864746212256250e+03
-1.342384643554687500e+03 -1.329735829043040894e+03
-1.342266967773437500e+03 -1.329618956402330468e+03
-1.342100463867187500e+03 -1.329447358162648925e+03
-1.341884033203125000e+03 -1.329215726126593836e+03
-1.341678100585937500e+03 -1.329001228701743003e+03
-1.341545776367187500e+03 -1.328865613510721687e+03
-1.341480590820312500e+03 -1.328800347497145822e+03
-1.341455810546875000e+03 -1.328780501516607728e+03
-1.341472045898437500e+03 -1.328806568110049511e+03
-1.341531250000000000e+03 -1.328876112477928018e+03
-1.341593994140625000e+03 -1.328952300973567162e+03
-1.341622314453125000e+03 -1.328985200373617772e+03
-1.341588378906250000e+03 -1.328949427021744668e+03
-1.341511718750000000e+03 -1.328863722527158416e+03
-1.341432617187500000e+03 -1.328776232686730737e+03
-1.341419555664062500e+03 -1.328745259027588872e+03
-1.341522705078125000e+03 -1.328835280034576044e+03
-1.341792114257812500e+03 -1.329076829410454593e+03
-1.342129028320312500e+03 -1.329374054283853866e+03
-1.342304565429687500e+03 -1.329514921745942729e+03
-1.342119506835937500e+03 -1.329309031680474618e+03
-1.341503417968750000e+03 -1.328688322562863959e+03
-1.340511962890625000e+03 -1.327705786649236870e+03
-1.339326782226562500e+03 -1.326541404859080558e+03
-1.338233764648437500e+03 -1.325481081008898855e+03
-1.337504638671875000e+03 -1.324786788531396269e+03
-1.337222412109375000e+03 -1.324545599333128393e+03
-1.337289916992187500e+03 -1.324653100928980621e+03
-1.337559692382812500e+03 -1.324944601099392003e+03
-1.337904663085937500e+03 -1.325297121771069214e+03
-1.338241210937500000e+03 -1.325641374006780097e+03
-1.338503906250000000e+03 -1.325912503226734771e+03
-1.338647827148437500e+03 -1.326045931914018411e+03
-1.338654174804687500e+03 -1.326031439551428548e+03
-1.338595703125000000e+03 -1.325946020597588813e+03
-1.338586547851562500e+03 -1.325899616390289339e+03
-1.338681640625000000e+03 -1.325943207317514407e+03
-1.338834472656250000e+03 -1.326052460046476654e+03
-1.338970825195312500e+03 -1.326149300385040078e+03
-1.338949829101562500e+03 -1.326105674960181886e+03
-1.338636352539062500e+03 -1.325781759388243700e+03
-1.337944213867187500e+03 -1.325092388379901877e+03
-1.336891723632812500e+03 -1.324068141386766001e+03
-1.335646362304687500e+03 -1.322876001125311859e+03
-1.334470581054687500e+03 -1.321765416631953030e+03
-1.333605224609375000e+03 -1.320970136409239331e+03
-1.333189575195312500e+03 -1.320618037589716096e+03
-1.333233276367187500e+03 -1.320704437298902576e+03
-1.333633178710937500e+03 -1.321120943054370855e+03
-1.334194824218750000e+03 -1.321686993544265079e+03
-1.334721679687500000e+03 -1.322202493302552739e+03
-1.335048706054687500e+03 -1.322511620582631167e+03
-1.335109008789062500e+03 -1.322546986838158773e+03
