# processed_data/processed_LLZO_Ia3d_Al10/npy_LLZO_Ia3d_Al10_testing: data_e pred_e
-1.371455688476562500e+03 -1.365145228977615716e+03
-1.370755493164062500e+03 -1.364437916806391286e+03
-1.368723632812500000e+03 -1.362394172779873543e+03
-1.365608154296875000e+03 -1.359257970220926836e+03
-1.361805297851562500e+03 -1.355429176068982315e+03
-1.357817993164062500e+03 -1.351419563384594767e+03
-1.354171386718750000e+03 -1.347748739180975917e+03
-1.351264648437500000e+03 -1.344820308590985860e+03
-1.349290649414062500e+03 -1.342824016540737375e+03
-1.348220581054687500e+03 -1.341729542905008202e+03
-1.347859741210937500e+03 -1.341351200539683759e+03
-1.347948730468750000e+03 -1.341428460999883782e+03
-1.348219360351562500e+03 -1.341688711277921584e+03
-1.348426879882812500e+03 -1.341890677469407365e+03
-1.348389770507812500e+03 -1.341848774259286074e+03
-1.347995971679687500e+03 -1.341440402197124058e+03
-1.347169555664062500e+03 -1.340592970653438442e+03
-1.345884033203125000e+03 -1.339280399837602999e+03
-1.344159790039062500e+03 -1.337532128657953308e+03
-1.342103271484375000e+03 -1.335449135067161478e+03
-1.339852294921875000e+03 -1.333181517353500112e+03
-1.337558959960937500e+03 -1.330877990949831201e+03
-1.335335205078125000e+03 -1.328645521981146430e+03
-1.333229370117187500e+03 -1.326535622580096970e+03
-1.331206054687500000e+03 -1.324523927420467771e+03
-1.329162109375000000e+03 -1.322498477730905506e+03
-1.326968994140625000e+03 -1.320317284447852899e+03
-1.324659545898437500e+03 -1.318020329675007815e+03
-1.322528198242187500e+03 -1.315898743374779315e+03
-1.320763793945312500e+03 -1.314138526988566809e+03
-1.319325195312500000e+03 -1.312716619660106062e+03
-1.318213500976562500e+03 -1.311620069847592049e+03
-1.317329589843750000e+03 -1.310754456403366930e+03
-1.316456665039062500e+03 -1.309900540857027863e+03
-1.315491699218750000e+03 -1.308964880275633050e+03
-1.314614257812500000e+03 -1.308122261403068478e+03
-1.314059814453125000e+03 -1.307620519055856903e+03
-1.313913696289062500e+03 -1.307542205841503801e+03
-1.314113037109375000e+03 -1.307804955270615210e+03
-1.314595947265625000e+03 -1.308329773876078889e+03
-1.315378662109375000e+03 -1.309136019629352631e+03
-1.316547241210937500e+03 -1.310308691887904615e+03
-1.318139282226562500e+03 -1.311882991345732080e+03
-1.320046875000000000e+03 -1.313755668535330415e+03
-1.322041137695312500e+03 -1.315702358672563150e+03
-1.323851684570312500e+03 -1.317473883262063282e+03
-1.325297607421875000e+03 -1.318890301163342883e+03
-1.326293090820312500e+03 -1.319868245499068053e+03
-1.326862182617187500e+03 -1.320438158410234109e+03
-1.327147827148437500e+03 -1.320738367262717020e+03
-1.327368652343750000e+03 -1.320969505622914312e+03
-1.327704956054687500e+03 -1.321319527691163330e+03
-1.328255737304687500e+03 -1.321883110851551919e+03
-1.328966064453125000e+03 -1.322600944487544211e+03
-1.329651245117187500e+03 -1.323285848016616455e+03
-1.330126831054687500e+03 -1.323768357559143624e+03
-1.330404296875000000e+03 -1.324039687215245976e+03
-1.330609741210937500e+03 -1.324230970235139921e+03
-1.330835083007812500e+03 -1.324441781431264417e+03
-1.331054931640625000e+03 -1.324636076764227937e+03
-1.331204345703125000e+03 -1.324750103683535599e+03
-1.331293945312500000e+03 -1.324795701867494699e+03
-1.331386718750000000e+03 -1.324833935737024603e+03
-1.331517578125000000e+03 -1.324905364531548003e+03
-1.331676635742187500e+03 -1.325010915390073023e+03
-1.331838256835937500e+03 -1.325129340270965486e+03
-1.331979125976562500e+03 -1.325232337592041404e+03
-1.332027709960937500e+03 -1.325253698646752810e+03
-1.331897460937500000e+03 -1.325109871622758419e+03
-1.331560546875000000e+03 -1.324776759348125779e+03
-1.331120605468750000e+03 -1.324344244700419495e+03
-1.330697753906250000e+03 -1.323939418494040638e+03
-1.330365234375000000e+03 -1.323636048544430423e+03
-1.330131103515625000e+03 -1.323428253266252341e+03
-1.329953979492187500e+03 -1.323278009400170504e+03
-1.329782836914062500e+03 -1.323137540297470196e+03
-1.329613037109375000e+03 -1.322982499111416473e+03
-1.329466796875000000e+03 -1.322851675654742394e+03
-1.329412353515625000e+03 -1.322807505473797391e+03
-1.329469848632812500e+03 -1.322873078478288562e+03
-1.329595214843750000e+03 -1.323010681720166303e+03
-1.329726074218750000e+03 -1.323146799868525704e+03
-1.329791870117187500e+03 -1.323212822043191181e+03
-1.329808105468750000e+03 -1.323231895505066404e+03
-1.329917480468750000e+03 -1.323343832336540800e+03
-1.330256713867187500e+03 -1.323684650686916484e+03
-1.330802856445312500e+03 -1.324226953725809381e+03
-1.331408081054687500e+03 -1.324828323248031666e+03
-1.331986450195312500e+03 -1.325397871517596286e+03
-1.332542602539062500e+03 -1.325936060361175805e+03
-1.333086791992187500e+03 -1.326464851654811810e+03
-1.333598999023437500e+03 -1.326955471449777178e+03
-1.333985351562500000e+03 -1.327329957207783536e+03
-1.334201049804687500e+03 -1.327540133941902241e+03
-1.334290893554687500e+03 -1.327638212994183050e+03
-1.334380859375000000e+03 -1.327753736644069704e+03
-1.334580810546875000e+03 -1.327992747602191230e+03
-1.334903320312500000e+03 -1.328362362513290009e+03
-1.335284179687500000e+03 -1.328787453198577168e+03
-1.335657104492187500e+03 -1.329192909394441813e+03
-1.336006958007812500e+03 -1.329557464512827892e+03
-1.336348632812500000e+03 -1.329905028334944745e+03
-1.336710815429687500e+03 -1.330259488575045452e+03
-1.337079101562500000e+03 -1.330609403699830636e+03
-1.337408569335937500e+03 -1.330919445170876770e+03
-1.337675415039062500e+03 -1.331163260945076445e+03
-1.337873657226562500e+03 -1.331339488422091790e+03
-1.338018798828125000e+03 -1.331472321755589746e+03
-1.338160766601562500e+03 -1.331605359333404749e+03
-1.338338134765625000e+03 -1.331782254621173479e+03
-1.338574584960937500e+03 -1.332033215447087514e+03
-1.338887695312500000e+03 -1.332367906224321359e+03
-1.339286865234375000e+03 -1.332786762548360684e+03
-1.339767822265625000e+03 -1.333276003006028077e+03
-1.340273315429687500e+03 -1.333796786411067842e+03
-1.340752807617187500e+03 -1.334294828400698407e+03
-1.341182861328125000e+03 -1.334734197041065272e+03
-1.341538574218750000e+03 -1.335106462821986497e+03
-1.341825195312500000e+03 -1.335404711671014866e+03
-1.342017456054687500e+03 -1.335606394436334767e+03
-1.342098144531250000e+03 -1.335690614034047030e+03
-1.342069458007812500e+03 -1.335663317288720918e+03
-1.341987792968750000e+03 -1.335575632752136471e+03
-1.341936157226562500e+03 -1.335512687729253685e+03
-1.341989501953125000e+03 -1.335545902626349516e+03
-1.342150756835937500e+03 -1.335684313015980024e+03
-1.342342651367187500e+03 -1.335858851513341961e+03
-1.342479248046875000e+03 -1.335970747837332055e+03
-1.342481811523437500e+03 -1.335954652799553060e+03
-1.342339721679687500e+03 -1.335802564087565315e+03
-1.342074584960937500e+03 -1.335538478942591610e+03
-1.341746704101562500e+03 -1.335206531486805034e+03
-1.341431518554687500e+03 -1.334886618907255979e+03
-1.341246337890625000e+03 -1.334693967086058365e+03
-1.341281372070312500e+03 -1.334726154279569073e+03
-1.341541015625000000e+03 -1.334989260052097507e+03
-1.341939208984375000e+03 -1.335387371975100905e+03
-1.342330322265625000e+03 -1.335780764918895784e+03
-1.342612182617187500e+03 -1.336065597634152709e+03
-1.342748291015625000e+03 -1.336209735526971144e+03
-1.342772583007812500e+03 -1.336231997163858978e+03
-1.342682006835937500e+03 -1.336139641587627466e+03
-1.342459960937500000e+03 -1.335914789661518626e+03
-1.342088989257812500e+03 -1.335549679517182994e+03
-1.341604858398437500e+03 -1.335074747991546701e+03
-1.341067138671875000e+03 -1.334544462345233569e+03
-1.340531738281250000e+03 -1.334024580553107853e+03
-1.340076660156250000e+03 -1.333591922986412783e+03
-1.339788574218750000e+03 -1.333334493300501435e+03
-1.339749877929687500e+03 -1.333334728101227029e+03
-1.340018920898437500e+03 -1.333632006472721287e+03
-1.340550659179687500e+03 -1.334177374368981873e+03
-1.341185424804687500e+03 -1.334817310477807496e+03
-1.341689697265625000e+03 -1.335315550821445640e+03
-1.341809570312500000e+03 -1.335415977794020137e+03
-1.341358154296875000e+03 -1.334935864620423217e+03
-1.340308715820312500e+03 -1.333850804265380020e+03
-1.338829467773437500e+03 -1.332329673226597606e+03
-1.337250732421875000e+03 -1.330708567249011139e+03
-1.335903930664062500e+03 -1.329342628983325312e+03
-1.335035644531250000e+03 -1.328472014774712534e+03
-1.334781372070312500e+03 -1.328224233872254899e+03
-1.335118408203125000e+03 -1.328563163479166860e+03
-1.335774780273437500e+03 -1.329217863889874934e+03
-1.336386718750000000e+03 -1.329843230573266965e+03
-1.336763427734375000e+03 -1.330236959024696716e+03
-1.336860473632812500e+03 -1.330348213318995477e+03
-1.336671997070312500e+03 -1.330169648830465576e+03
-1.336209960937500000e+03 -1.329714208496544870e+03
-1.335541870117187500e+03 -1.329061798222246580e+03
-1.334814086914062500e+03 -1.328342152854154847e+03
-1.334117065429687500e+03 -1.327657826624244990e+03
-1.333493164062500000e+03 -1.327051485754206169e+03
-1.332931152343750000e+03 -1.326511201996881027e+03
-1.332394287109375000e+03 -1.325987167487726310e+03
-1.331809326171875000e+03 -1.325411683923631927e+03
-1.331151000976562500e+03 -1.324747415120465121e+03
-1.330446411132812500e+03 -1.324027972324230632e+03
-1.329796386718750000e+03 -1.323359120436616877e+03
-1.329330200195312500e+03 -1.322871927205440898e+03
-1.329151977539062500e+03 -1.322678310981214963e+03
-1.329323486328125000e+03 -1.322840089181715030e+03
-1.329817382812500000e+03 -1.323330862532392530e+03
-1.330450317382812500e+03 -1.323983473712027717e+03
-1.330999633789062500e+03 -1.324552659659076880e+03
-1.331254882812500000e+03 -1.324841092787104344e+03
-1.331138916015625000e+03 -1.324762040953605265e+03
-1.330669555664062500e+03 -1.324335048973880021e+03
-1.329946655273437500e+03 -1.323657420834133063e+03
-1.329096801757812500e+03 -1.322861482563846039e+03
-1.328260375976562500e+03 -1.322072945747598624e+03
-1.327561645507812500e+03 -1.321412878452717450e+03
-1.327160766601562500e+03 -1.321019871284057899e+03
-1.327113403320312500e+03 -1.320971826222000118e+03
-1.327341796875000000e+03 -1.321177403788125503e+03
-1.327616577148437500e+03 -1.321412211597181340e+03
-1.327725585937500000e+03 -1.321475249540381355e+03
-1.327553222656250000e+03 -1.321261714733675717e+03
-1.327077148437500000e+03 -1.320764132077339127e+03
-1.326375854492187500e+03 -1.320060975780287208e+03
-1.325613647460937500e+03 -1.319304811696170873e+03
-1.324958251953125000e+03 -1.318671247145065536e+03
-1.324566284179687500e+03 -1.318297536605696223e+03
-1.324505371093750000e+03 -1.318251624478860776e+03
-1.324797119140625000e+03 -1.318540031993676166e+03
-1.325340209960937500e+03 -1.319079101644816546e+03
-1.325973632812500000e+03 -1.319684615640864195e+03
-1.326503662109375000e+03 -1.320169446407452824e+03
-1.326830810546875000e+03 -1.320437489584874129e+03
-1.326920166015625000e+03 -1.320472575742488743e+03
-1.326799926757812500e+03 -1.320298409942728995e+03
-1.326540527343750000e+03 -1.319991608064624415e+03
-1.326299194335937500e+03 -1.319706094271827624e+03
-1.326245605468750000e+03 -1.319633666430838275e+03
-1.326550048828125000e+03 -1.319922619863389627e+03
-1.327261352539062500e+03 -1.320622247842069328e+03
-1.328321655273437500e+03 -1.321667381523808672e+03
-1.329538574218750000e+03 -1.322885990302424489e+03
-1.330672729492187500e+03 -1.324037669529871891e+03
-1.331506591796875000e+03 -1.324888232084374295e+03
-1.331921142578125000e+03 -1.325322560155178280e+03
-1.331969726562500000e+03 -1.325408245223327413e+03
-1.331835937500000000e+03 -1.325315710161238712e+03
-1.331659912109375000e+03 -1.325192043445438458e+03
-1.331536987304687500e+03 -1.325123440075224380e+03
-1.331540283203125000e+03 -1.325170575050379966e+03
-1.331699584960937500e+03 -1.325356640496833734e+03
-1.331968017578125000e+03 -1.325627055870267668e+03
-1.332263427734375000e+03 -1.325911275577346260e+03
-1.332576660156250000e+03 -1.326199420153104938e+03
-1.332931030273437500e+03 -1.326513436550530059e+03
-1.333347900390625000e+03 -1.326876941411363305e+03
-1.333843627929687500e+03 -1.327328435660523610e+03
-1.334447998046875000e+03 -1.327898057598753439e+03
-1.335140625000000000e+03 -1.328565861597640605e+03
-1.335846435546875000e+03 -1.329261257491686592e+03
-1.336514648437500000e+03 -1.329928419434796979e+03
-1.337165161132812500e+03 -1.330577765647033630e+03
-1.337852783203125000e+03 -1.331264968341106851e+03
-1.338577636718750000e+03 -1.331984142587132510e+03
-1.339192749023437500e+03 -1.332599468963773234e+03
-1.339540771484375000e+03 -1.332941001462973873e+03
-1.339597534179687500e+03 -1.332986723147478642e+03
-1.339543334960937500e+03 -1.332920596634046433e+03
-1.339619873046875000e+03 -1.332988484972743663e+03
-1.339952270507812500e+03 -1.333296326706785976e+03
-1.340446411132812500e+03 -1.333765017927425561e+03
-1.340941894531250000e+03 -1.334239442671043889e+03
-1.341321289062500000e+03 -1.334604892642986215e+03
-1.341535400390625000e+03 -1.334807191569543875e+03
-1.341551635742187500e+03 -1.334827241409937869e+03
-1.341391723632812500e+03 -1.334680693467306355e+03
-1.341130249023437500e+03 -1.334428342431980582e+03
-1.340843994140625000e+03 -1.334152938642164827e+03
-1.340582275390625000e+03 -1.333905989718724868e+03
-1.340370483398437500e+03 -1.333703691610099895e+03
-1.340228271484375000e+03 -1.333570427586218102e+03
-1.340174560546875000e+03 -1.333532622586288653e+03
-1.340184204101562500e+03 -1.333553084960901742e+03
-1.340182128906250000e+03 -1.333546947682043992e+03
-1.340130615234375000e+03 -1.333498838810832467e+03
-1.340116821289062500e+03 -1.333499514333956995e+03
-1.340269531250000000e+03 -1.333660825587663567e+03
-1.340618164062500000e+03 -1.334025382808323229e+03
-1.341135253906250000e+03 -1.334571297843496041e+03
-1.341788208007812500e+03 -1.335248293897266194e+03
-1.342502441406250000e+03 -1.335976673690789539e+03
-1.343164794921875000e+03 -1.336643234531437884e+03
-1.343621459960937500e+03 -1.337109253448903473e+03
-1.343774902343750000e+03 -1.337265516601457421e+03
-1.343611572265625000e+03 -1.337096549882981890e+03
-1.343194946289062500e+03 -1.336677619493221300e+03
-1.342622680664062500e+03 -1.336100902372606470e+03
-1.341937500000000000e+03 -1.335406593832095041e+03
-1.341127319335937500e+03 -1.334584459929101058e+03
-1.340185302734375000e+03 -1.333632312962370179e+03
-1.339157104492187500e+03 -1.332604292058149440e+03
-1.338189819335937500e+03 -1.331639162708981985e+03
-1.337489501953125000e+03 -1.330941051329676156e+03
-1.337214599609375000e+03 -1.330674758915919938e+03
-1.337371215820312500e+03 -1.330846230014117737e+03
-1.337812011718750000e+03 -1.331300126036982192e+03
-1.338330566406250000e+03 -1.331825687932073834e+03
-1.338744384765625000e+03 -1.332243298904638550e+03
-1.338945678710937500e+03 -1.332440640552836157e+03
-1.338909545898437500e+03 -1.332394442663696054e+03
-1.338697509765625000e+03 -1.332184484196912308e+03
-1.338462158203125000e+03 -1.331954134221591175e+03
-1.338293823242187500e+03 -1.331797345665185730e+03
-1.338135009765625000e+03 -1.331644911038844384e+03
-1.337777465820312500e+03 -1.331303457122861346e+03
-1.337098999023437500e+03 -1.330629390972989768e+03
-1.336127685546875000e+03 -1.329650231034295075e+03
-1.335033569335937500e+03 -1.328540108536731623e+03
-1.334016601562500000e+03 -1.327500456570855931e+03
-1.333174804687500000e+03 -1.326642942948384643e+03
-1.332510986328125000e+03 -1.325973161709089254e+03
-1.332017944335937500e+03 -1.325474439167628134e+03
-1.331720336914062500e+03 -1.325169268622344589e+03
-1.331668945312500000e+03 -1.325113969393746856e+03
