# processed_data/processed_LLZO_Ia3d_Al20/npy_LLZO_Ia3d_Al20_testing: data_e pred_e
-1.334396972656250000e+03 -1.334111526712827981e+03
-1.335873168945312500e+03 -1.335543124633104071e+03
-1.334035522460937500e+03 -1.333758932457137689e+03
-1.330450927734375000e+03 -1.330093478532115569e+03
-1.336619262695312500e+03 -1.336137953171804156e+03
-1.337637329101562500e+03 -1.337318779742077822e+03
-1.336325195312500000e+03 -1.335950470702548500e+03
-1.345663574218750000e+03 -1.345347855050277758e+03
-1.333292236328125000e+03 -1.332813509764365790e+03
-1.333476196289062500e+03 -1.332873658874185367e+03
-1.334081787109375000e+03 -1.333758746522104957e+03
-1.334947631835937500e+03 -1.334628637676487870e+03
-1.334987182617187500e+03 -1.334631826868460848e+03
-1.332785278320312500e+03 -1.332350819712623434e+03
-1.335671386718750000e+03 -1.335351937516483758e+03
-1.333219970703125000e+03 -1.333034974797886662e+03
-1.334256591796875000e+03 -1.333987901962953401e+03
-1.335021728515625000e+03 -1.334571593270609355e+03
-1.336472778320312500e+03 -1.336132681981815949e+03
-1.335906982421875000e+03 -1.335415854496485281e+03
-1.332455322265625000e+03 -1.331974980820854171e+03
-1.338476440429687500e+03 -1.338076635945644284e+03
-1.331774291992187500e+03 -1.331271564940006556e+03
-1.337595947265625000e+03 -1.337230461627254954e+03
-1.332473144531250000e+03 -1.331853458462020626e+03
-1.329173217773437500e+03 -1.328615392787239443e+03
-1.337308715820312500e+03 -1.336944234117812357e+03
-1.329986572265625000e+03 -1.329442860143282815e+03
-1.332462402343750000e+03 -1.332276154106563808e+03
-1.331105834960937500e+03 -1.330519413476992213e+03
-1.336871459960937500e+03 -1.336437803995360127e+03
-1.336896972656250000e+03 -1.336807269015944485e+03
-1.329752563476562500e+03 -1.329387577264480115e+03
-1.336197387695312500e+03 -1.335776008536314748e+03
-1.329572998046875000e+03 -1.329206918055560664e+03
-1.333534790039062500e+03 -1.333181036981046873e+03
-1.335751220703125000e+03 -1.335391129677924710e+03
-1.331711547851562500e+03 -1.331472799894398122e+03
-1.334000366210937500e+03 -1.333564356017499904e+03
-1.333432495117187500e+03 -1.333070562858213634e+03
-1.331526245117187500e+03 -1.330974083221869478e+03
-1.331922119140625000e+03 -1.331859542831370163e+03
-1.332496948242187500e+03 -1.332297080627374498e+03
-1.332466308593750000e+03 -1.332148159603170825e+03
-1.331290039062500000e+03 -1.330814114971255322e+03
-1.333327392578125000e+03 -1.332997479994158994e+03
-1.332076538085937500e+03 -1.331522646447014040e+03
-1.334191772460937500e+03 -1.333924087929363850e+03
-1.335605224609375000e+03 -1.335231177299562432e+03
-1.333447143554687500e+03 -1.332987868500495097e+03
-1.322542480468750000e+03 -1.322147479030961904e+03
-1.331937255859375000e+03 -1.331476792016257832e+03
-1.334555664062500000e+03 -1.334126797354947485e+03
-1.333904296875000000e+03 -1.333441704178679629e+03
-1.330567626953125000e+03 -1.330043145303637175e+03
-1.329364013671875000e+03 -1.328993460966267321e+03
-1.333685180664062500e+03 -1.333273789206470610e+03
-1.334802246093750000e+03 -1.334465827793894277e+03
-1.331799438476562500e+03 -1.331510072904691242e+03
-1.338684936523437500e+03 -1.338410987956564441e+03
-1.333232543945312500e+03 -1.332878739909441265e+03
-1.329311523437500000e+03 -1.328940961772485252e+03
-1.334550903320312500e+03 -1.334302369165724031e+03
-1.338748413085937500e+03 -1.338554704238490785e+03
-1.333541137695312500e+03 -1.333216159702401455e+03
-1.334078735351562500e+03 -1.333534706170553818e+03
-1.334844360351562500e+03 -1.334266918025050472e+03
-1.332938720703125000e+03 -1.332434454398683329e+03
-1.335476806640625000e+03 -1.335195549270356196e+03
-1.336164306640625000e+03 -1.335919469030282471e+03
-1.331671020507812500e+03 -1.331222941377620828e+03
-1.333199951171875000e+03 -1.333016815645473343e+03
-1.331869750976562500e+03 -1.331533937326828891e+03
-1.333482177734375000e+03 -1.333209884660900343e+03
-1.333414428710937500e+03 -1.332913988683955267e+03
-1.335742919921875000e+03 -1.335326694971121015e+03
-1.332044067382812500e+03 -1.331666639347120508e+03
-1.329612792968750000e+03 -1.329185957722438388e+03
-1.335659912109375000e+03 -1.335258497896642439e+03
-1.330056640625000000e+03 -1.329697083278228547e+03
-1.329657714843750000e+03 -1.329282313115980742e+03
-1.333909301757812500e+03 -1.333652184387082343e+03
-1.332904418945312500e+03 -1.332673470926682285e+03
-1.334293945312500000e+03 -1.334200689641127610e+03
-1.334496337890625000e+03 -1.334135985403960831e+03
-1.337713500976562500e+03 -1.337534630559336165e+03
-1.330339233398437500e+03 -1.329960363099724873e+03
-1.336881225585937500e+03 -1.336845134033830163e+03
-1.334691772460937500e+03 -1.334349042180903325e+03
-1.331148193359375000e+03 -1.330824874994843640e+03
-1.332788452148437500e+03 -1.332284396132903566e+03
-1.337787719726562500e+03 -1.337536900703861193e+03
-1.336314941406250000e+03 -1.335862669062801842e+03
-1.333113403320312500e+03 -1.332879182368240208e+03
-1.330410278320312500e+03 -1.329764779794822516e+03
-1.331437622070312500e+03 -1.331104993795031987e+03
-1.334471557617187500e+03 -1.334157156443670829e+03
-1.334417846679687500e+03 -1.334027467510012912e+03
-1.338155029296875000e+03 -1.337880101908048800e+03
-1.332774902343750000e+03 -1.332297239688287846e+03
-1.332892578125000000e+03 -1.332591412150964970e+03
-1.334011596679687500e+03 -1.333673589182689511e+03
-1.337052734375000000e+03 -1.336724346812425665e+03
-1.333309936523437500e+03 -1.333114718532150164e+03
-1.337011596679687500e+03 -1.336866731684906426e+03
-1.332875488281250000e+03 -1.332469611200926010e+03
-1.333734375000000000e+03 -1.333360902227596398e+03
-1.338495361328125000e+03 -1.338123091162926357e+03
-1.334152465820312500e+03 -1.333917448724222822e+03
-1.337990234375000000e+03 -1.337774354410122214e+03
-1.334245483398437500e+03 -1.333914410706350282e+03
-1.332207397460937500e+03 -1.331734052703369116e+03
-1.333488037109375000e+03 -1.333073355559790571e+03
-1.330158569335937500e+03 -1.329814859661535593e+03
-1.331261718750000000e+03 -1.330950223882364298e+03
-1.331208007812500000e+03 -1.330738457971925527e+03
-1.334112182617187500e+03 -1.333740165432618596e+03
-1.333179687500000000e+03 -1.332686896864086521e+03
-1.334364990234375000e+03 -1.333689241108193073e+03
-1.333389160156250000e+03 -1.333003319424737128e+03
-1.332824462890625000e+03 -1.332493193233924330e+03
-1.333878784179687500e+03 -1.333423501671954227e+03
-1.336350952148437500e+03 -1.335977919439972538e+03
-1.334367919921875000e+03 -1.333901359755483099e+03
-1.330903564453125000e+03 -1.330439572257534337e+03
-1.331920776367187500e+03 -1.331453977094598486e+03
-1.331359008789062500e+03 -1.331156407355013471e+03
-1.338636596679687500e+03 -1.338336806243563842e+03
-1.332597290039062500e+03 -1.332304498905440369e+03
-1.335788208007812500e+03 -1.335475925466467743e+03
-1.336013916015625000e+03 -1.335705054054479206e+03
-1.330591308593750000e+03 -1.330194115931887382e+03
-1.306003295898437500e+03 -1.305706441441751394e+03
-1.331677246093750000e+03 -1.331103868070376620e+03
-1.333756103515625000e+03 -1.333721090039589853e+03
-1.335780151367187500e+03 -1.335462221416757075e+03
-1.334440917968750000e+03 -1.334095619519389857e+03
-1.333206909179687500e+03 -1.332815454226778456e+03
-1.335694702148437500e+03 -1.335476808665653152e+03
-1.339677124023437500e+03 -1.339391522209900813e+03
-1.336987182617187500e+03 -1.336786389857099948e+03
-1.333939331054687500e+03 -1.333536324886607417e+03
-1.336235107421875000e+03 -1.335835769504762993e+03
-1.336153076171875000e+03 -1.335719397504640710e+03
-1.328659545898437500e+03 -1.328406986419740633e+03
-1.334856323242187500e+03 -1.334718186674514072e+03
-1.333602172851562500e+03 -1.333210590957465229e+03
-1.334076904296875000e+03 -1.333689901134822776e+03
-1.336862060546875000e+03 -1.336586651801314474e+03
-1.335286254882812500e+03 -1.334921414706696851e+03
-1.329836669921875000e+03 -1.329349624189552969e+03
-1.333810302734375000e+03 -1.333379013671396024e+03
-1.335516357421875000e+03 -1.335222501486548481e+03
-1.335684326171875000e+03 -1.335253197479390110e+03
-1.329693969726562500e+03 -1.329463679292190363e+03
-1.316050903320312500e+03 -1.315819438393619748e+03
-1.333097045898437500e+03 -1.332718481006174670e+03
-1.335235839843750000e+03 -1.335012906621544062e+03
-1.328424804687500000e+03 -1.327989584247691027e+03
-1.331011840820312500e+03 -1.330939152222265875e+03
-1.333783691406250000e+03 -1.333145007831499242e+03
-1.338166381835937500e+03 -1.337674811510448990e+03
-1.333964355468750000e+03 -1.333591387462685589e+03
-1.336381713867187500e+03 -1.336017088352861720e+03
-1.331773071289062500e+03 -1.331165546067141804e+03
-1.333608154296875000e+03 -1.333289546676325472e+03
-1.329715454101562500e+03 -1.329195145802649677e+03
-1.331939819335937500e+03 -1.331822435844282609e+03
-1.332791259765625000e+03 -1.332350291338191937e+03
-1.331126220703125000e+03 -1.330711473683912118e+03
-1.334190917968750000e+03 -1.333546415390192578e+03
-1.332730957031250000e+03 -1.332420445712621358e+03
-1.334452880859375000e+03 -1.334010703272104820e+03
-1.336070800781250000e+03 -1.335726238736626101e+03
-1.333105834960937500e+03 -1.332648448429203199e+03
-1.331505737304687500e+03 -1.331178174927791588e+03
-1.332669189453125000e+03 -1.332161617330743638e+03
-1.331309936523437500e+03 -1.330747138884857122e+03
-1.332151367187500000e+03 -1.331930014875147890e+03
-1.327608520507812500e+03 -1.327310404712339960e+03
-1.332101684570312500e+03 -1.331570380729456019e+03
-1.334587646484375000e+03 -1.334292461684396812e+03
-1.328634643554687500e+03 -1.328011131517100011e+03
-1.331672241210937500e+03 -1.331327616568205940e+03
-1.334992431640625000e+03 -1.334449783897518955e+03
-1.332777221679687500e+03 -1.332352838505694763e+03
-1.337062255859375000e+03 -1.336795897308424173e+03
-1.336534057617187500e+03 -1.336058283577571729e+03
-1.334441162109375000e+03 -1.333852859692157836e+03
-1.331902221679687500e+03 -1.331662994722331405e+03
-1.335072631835937500e+03 -1.334747657800931847e+03
-1.337148925781250000e+03 -1.336686327939436069e+03
-1.333924438476562500e+03 -1.333591497636930853e+03
-1.335583862304687500e+03 -1.335207750934678870e+03
-1.337282714843750000e+03 -1.336921694723975634e+03
-1.336764648437500000e+03 -1.336498131178861058e+03
-1.334821655273437500e+03 -1.334516011026770684e+03
-1.329140869140625000e+03 -1.328556664972131557e+03
-1.333582397460937500e+03 -1.333440579348903839e+03
-1.329996459960937500e+03 -1.329471816041879947e+03
-1.339409301757812500e+03 -1.338922365674072353e+03
-1.334579956054687500e+03 -1.334079598724075140e+03
-1.334305786132812500e+03 -1.333838514623049605e+03
-1.330636596679687500e+03 -1.330400294772248799e+03
-1.335110717773437500e+03 -1.334785763906696502e+03
-1.333712524414062500e+03 -1.333366587522890768e+03
-1.331012939453125000e+03 -1.330623293251375344e+03
-1.334494262695312500e+03 -1.334262929609843695e+03
-1.334994750976562500e+03 -1.334739431688540890e+03
-1.333622558593750000e+03 -1.333327840673612172e+03
-1.336107666015625000e+03 -1.335717076735224055e+03
-1.334084350585937500e+03 -1.333849218359263659e+03
-1.334418701171875000e+03 -1.334007677712477289e+03
-1.335308349609375000e+03 -1.334771669013715837e+03
-1.335934692382812500e+03 -1.335608987680215250e+03
-1.334646118164062500e+03 -1.334188519243715518e+03
-1.335254272460937500e+03 -1.334733841504174052e+03
-1.335818847656250000e+03 -1.335398879296613586e+03
-1.336554809570312500e+03 -1.336124389468957361e+03
-1.333454467773437500e+03 -1.333017771900358639e+03
-1.335374633789062500e+03 -1.334798227634600607e+03
-1.332816040039062500e+03 -1.332617365665088755e+03
-1.333131713867187500e+03 -1.332841505463102067e+03
-1.334319580078125000e+03 -1.334121923323016972e+03
-1.336303344726562500e+03 -1.336018795611268843e+03
-1.332825683593750000e+03 -1.332390272424003342e+03
-1.328524047851562500e+03 -1.328165806237320339e+03
-1.333244384765625000e+03 -1.333020758745893545e+03
-1.336352661132812500e+03 -1.335984129476022190e+03
-1.335797119140625000e+03 -1.335480589624279219e+03
-1.334420288085937500e+03 -1.333967900192290017e+03
-1.334487060546875000e+03 -1.334427116612478585e+03
-1.332811889648437500e+03 -1.332156849658565534e+03
-1.335536865234375000e+03 -1.335117161258531269e+03
-1.332652587890625000e+03 -1.332224138177299665e+03
-1.332134277343750000e+03 -1.331792929085814194e+03
-1.333084838867187500e+03 -1.332831625106803131e+03
-1.333323730468750000e+03 -1.333069746001812518e+03
-1.332084716796875000e+03 -1.331864124060476115e+03
-1.332141357421875000e+03 -1.331640593577361642e+03
-1.335632690429687500e+03 -1.335321616352539422e+03
-1.335501831054687500e+03 -1.334976270860783870e+03
-1.332926513671875000e+03 -1.332636578621258650e+03
-1.326828857421875000e+03 -1.326417255930038891e+03
-1.332028686523437500e+03 -1.331486192453093508e+03
-1.330248291015625000e+03 -1.330048134099022263e+03
-1.334274414062500000e+03 -1.333880531539333560e+03
-1.314688232421875000e+03 -1.314298331974428038e+03
-1.335181762695312500e+03 -1.334753642682956524e+03
-1.329295654296875000e+03 -1.328630068698289506e+03
-1.333851074218750000e+03 -1.333476183729004333e+03
-1.333648193359375000e+03 -1.333255076495717276e+03
-1.336471435546875000e+03 -1.336195439701309624e+03
-1.330193847656250000e+03 -1.329631863890973591e+03
-1.335355346679687500e+03 -1.334956132191404095e+03
-1.339178588867187500e+03 -1.338853999687504938e+03
-1.337452392578125000e+03 -1.337047409484208629e+03
-1.337721801757812500e+03 -1.337181171288326141e+03
-1.331477172851562500e+03 -1.331135701340193009e+03
-1.323030029296875000e+03 -1.322685848429051248e+03
-1.334611694335937500e+03 -1.334237756846229331e+03
-1.334831176757812500e+03 -1.334404471241572082e+03
-1.332861816406250000e+03 -1.332548166929666877e+03
-1.331706542968750000e+03 -1.331337680268185750e+03
-1.329513549804687500e+03 -1.329186449353138414e+03
-1.332095458984375000e+03 -1.331877720193718233e+03
-1.333762573242187500e+03 -1.333537197503043899e+03
-1.330007812500000000e+03 -1.329765321114189192e+03
-1.331199340820312500e+03 -1.330795213575002890e+03
-1.333220092773437500e+03 -1.332811604741371184e+03
-1.333808227539062500e+03 -1.333575078186411702e+03
-1.335454101562500000e+03 -1.335198558816515060e+03
-1.336420288085937500e+03 -1.336178105242004676e+03
-1.337293823242187500e+03 -1.336928437406501416e+03
-1.333952880859375000e+03 -1.333481233456697282e+03
-1.332500122070312500e+03 -1.332053469096016215e+03
-1.334086425781250000e+03 -1.333709812037288430e+03
-1.331141967773437500e+03 -1.330931430707778873e+03
-1.331611938476562500e+03 -1.331102823274917455e+03
-1.332203613281250000e+03 -1.331766378023379275e+03
-1.333768066406250000e+03 -1.333143279748305758e+03
-1.335524169921875000e+03 -1.334940746509535529e+03
-1.329347290039062500e+03 -1.329005574111709848e+03
-1.334406982421875000e+03 -1.333954371434133463e+03
-1.335320800781250000e+03 -1.334927648916129328e+03
-1.333441894531250000e+03 -1.333033732773559223e+03
-1.334132446289062500e+03 -1.333796616246661642e+03
-1.334059814453125000e+03 -1.333591078739212890e+03
-1.333560180664062500e+03 -1.333329993198388365e+03
-1.335638305664062500e+03 -1.335212719987178843e+03
-1.329739257812500000e+03 -1.329347605333852243e+03
-1.341749877929687500e+03 -1.341448144003510151e+03
-1.332435302734375000e+03 -1.331967969259876327e+03
-1.334197998046875000e+03 -1.333873300231491612e+03
-1.334755737304687500e+03 -1.334404241608597886e+03
-1.333242919921875000e+03 -1.332816289630474330e+03
-1.331626953125000000e+03 -1.331391767780853797e+03
-1.330867919921875000e+03 -1.330279287118141838e+03
-1.333010986328125000e+03 -1.332715982723721936e+03
-1.333368041992187500e+03 -1.332937836141358730e+03
