# processed_data/processed_LLZO_Ia3d_Al30/npy_LLZO_Ia3d_Al30_testing: data_e pred_e
-1.367145263671875000e+03 -1.373002854794337736e+03
-1.366422485351562500e+03 -1.372290994480626750e+03
-1.364362915039062500e+03 -1.370234517449834129e+03
-1.361210327148437500e+03 -1.367088279686066471e+03
-1.357375366210937500e+03 -1.363258841287732594e+03
-1.353371337890625000e+03 -1.359255482618537371e+03
-1.349713500976562500e+03 -1.355593795036597385e+03
-1.346802978515625000e+03 -1.352673105012527685e+03
-1.344824707031250000e+03 -1.350681928004754809e+03
-1.343744018554687500e+03 -1.349584756744884999e+03
-1.343361206054687500e+03 -1.349183345272564111e+03
-1.343406127929687500e+03 -1.349204121788835664e+03
-1.343597534179687500e+03 -1.349368668944596720e+03
-1.343684570312500000e+03 -1.349438178018933741e+03
-1.343502685546875000e+03 -1.349236097979350006e+03
-1.342971191406250000e+03 -1.348677678874598087e+03
-1.342065307617187500e+03 -1.347748811595849020e+03
-1.340789306640625000e+03 -1.346461177846672854e+03
-1.339147460937500000e+03 -1.344794915022319401e+03
-1.337084838867187500e+03 -1.342697566727414369e+03
-1.334564331054687500e+03 -1.340126579925578426e+03
-1.331581298828125000e+03 -1.337082400111886272e+03
-1.328201538085937500e+03 -1.333632656436353045e+03
-1.324574707031250000e+03 -1.329935896716304796e+03
-1.320928466796875000e+03 -1.326241558722019818e+03
-1.317573974609375000e+03 -1.322875771815923827e+03
-1.314754272460937500e+03 -1.320062912563293821e+03
-1.312494384765625000e+03 -1.317838505155628809e+03
-1.310605468750000000e+03 -1.316000655326701690e+03
-1.308894897460937500e+03 -1.314360944481096567e+03
-1.307437377929687500e+03 -1.312993168767465022e+03
-1.306494750976562500e+03 -1.312125122616954059e+03
-1.306117309570312500e+03 -1.311804588691588378e+03
-1.306062011718750000e+03 -1.311786240565624666e+03
-1.306094482421875000e+03 -1.311822300833063082e+03
-1.306145019531250000e+03 -1.311822507025617597e+03
-1.306203857421875000e+03 -1.311817695347453991e+03
-1.306290161132812500e+03 -1.311817949078346373e+03
-1.306423217773437500e+03 -1.311871476737396279e+03
-1.306745483398437500e+03 -1.312140462931658476e+03
-1.307441040039062500e+03 -1.312819000737366423e+03
-1.308499877929687500e+03 -1.313893559170452136e+03
-1.309657592773437500e+03 -1.315114201139862644e+03
-1.310703125000000000e+03 -1.316262296238684030e+03
-1.311601074218750000e+03 -1.317271568261385710e+03
-1.312390014648437500e+03 -1.318185072618270624e+03
-1.313134765625000000e+03 -1.319049410719333082e+03
-1.313887939453125000e+03 -1.319901260045865456e+03
-1.314708251953125000e+03 -1.320789385882624629e+03
-1.315667968750000000e+03 -1.321793210297755650e+03
-1.316845581054687500e+03 -1.322998837995749454e+03
-1.318287231445312500e+03 -1.324432200439342068e+03
-1.319917602539062500e+03 -1.326018121536041690e+03
-1.321581909179687500e+03 -1.327600264866542148e+03
-1.323106689453125000e+03 -1.329022886277599355e+03
-1.324370361328125000e+03 -1.330170805691311898e+03
-1.325319824218750000e+03 -1.331004528149170710e+03
-1.325987670898437500e+03 -1.331556733971915492e+03
-1.326428466796875000e+03 -1.331889697819794264e+03
-1.326710937500000000e+03 -1.332069076599645086e+03
-1.326867431640625000e+03 -1.332147488533216347e+03
-1.326943359375000000e+03 -1.332154339309560100e+03
-1.326987060546875000e+03 -1.332140978303785005e+03
-1.327029052734375000e+03 -1.332142955484737286e+03
-1.327103027343750000e+03 -1.332205185551285012e+03
-1.327278442382812500e+03 -1.332388098296247790e+03
-1.327577392578125000e+03 -1.332722996396967119e+03
-1.327956298828125000e+03 -1.333149556449124702e+03
-1.328290405273437500e+03 -1.333538213021796764e+03
-1.328471557617187500e+03 -1.333775776986724395e+03
-1.328491699218750000e+03 -1.333847661210965271e+03
-1.328434936523437500e+03 -1.333837572771482428e+03
-1.328396118164062500e+03 -1.333838444375984636e+03
-1.328391967773437500e+03 -1.333875728242303239e+03
-1.328368408203125000e+03 -1.333882493292961044e+03
-1.328231079101562500e+03 -1.333770629754566016e+03
-1.327928588867187500e+03 -1.333487691349460192e+03
-1.327507812500000000e+03 -1.333082183476135924e+03
-1.327127197265625000e+03 -1.332715295223418934e+03
-1.326996215820312500e+03 -1.332593708092423185e+03
-1.327237792968750000e+03 -1.332836692607828127e+03
-1.327787475585937500e+03 -1.333397852445026274e+03
-1.328480834960937500e+03 -1.334120788252919738e+03
-1.329164184570312500e+03 -1.334844543665767105e+03
-1.329731933593750000e+03 -1.335456159253606984e+03
-1.330136230468750000e+03 -1.335905374597975879e+03
-1.330387084960937500e+03 -1.336211436428227898e+03
-1.330528686523437500e+03 -1.336404422292030631e+03
-1.330559570312500000e+03 -1.336482931256329266e+03
-1.330455078125000000e+03 -1.336424707591565493e+03
-1.330221313476562500e+03 -1.336223696670596837e+03
-1.329918090820312500e+03 -1.335930281456232251e+03
-1.329675659179687500e+03 -1.335670853927725148e+03
-1.329658081054687500e+03 -1.335622889769847916e+03
-1.329974121093750000e+03 -1.335900667561448245e+03
-1.330633056640625000e+03 -1.336513881527316244e+03
-1.331487304687500000e+03 -1.337318637281874999e+03
-1.332328369140625000e+03 -1.338113846668575206e+03
-1.332994750976562500e+03 -1.338746772296136442e+03
-1.333420898437500000e+03 -1.339144907203463845e+03
-1.333606201171875000e+03 -1.339306380850158348e+03
-1.333586181640625000e+03 -1.339275608685900806e+03
-1.333434326171875000e+03 -1.339116982491522322e+03
-1.333224487304687500e+03 -1.338903255873330863e+03
-1.333046508789062500e+03 -1.338726395689363017e+03
-1.333019653320312500e+03 -1.338698606227752862e+03
-1.333213256835937500e+03 -1.338898445220446320e+03
-1.333639404296875000e+03 -1.339332772461702461e+03
-1.334240234375000000e+03 -1.339947766213191244e+03
-1.334954467773437500e+03 -1.340667017656371627e+03
-1.335677856445312500e+03 -1.341402022705003219e+03
-1.336324707031250000e+03 -1.342058679950075657e+03
-1.336826171875000000e+03 -1.342566772922496511e+03
-1.337156982421875000e+03 -1.342896746295444473e+03
-1.337332763671875000e+03 -1.343064754732303527e+03
-1.337383056640625000e+03 -1.343097668083586086e+03
-1.337311279296875000e+03 -1.343004679606759510e+03
-1.337118652343750000e+03 -1.342782061212496501e+03
-1.336820312500000000e+03 -1.342449916553130151e+03
-1.336466308593750000e+03 -1.342066868679936306e+03
-1.336129638671875000e+03 -1.341705353693956567e+03
-1.335861938476562500e+03 -1.341412681827017877e+03
-1.335676269531250000e+03 -1.341210850455601530e+03
-1.335583618164062500e+03 -1.341114108661808586e+03
-1.335585205078125000e+03 -1.341118443375586139e+03
-1.335648315429687500e+03 -1.341187509614507690e+03
-1.335735473632812500e+03 -1.341293457540898089e+03
-1.335809082031250000e+03 -1.341392095868169235e+03
-1.335848022460937500e+03 -1.341462994610181340e+03
-1.335855468750000000e+03 -1.341502127522479896e+03
-1.335822509765625000e+03 -1.341508723452815047e+03
-1.335758422851562500e+03 -1.341475016672764923e+03
-1.335652954101562500e+03 -1.341389217071170151e+03
-1.335514282226562500e+03 -1.341245803353325755e+03
-1.335346069335937500e+03 -1.341071339577071058e+03
-1.335192504882812500e+03 -1.340924298211199584e+03
-1.335122924804687500e+03 -1.340851210213096238e+03
-1.335135009765625000e+03 -1.340856564659754667e+03
-1.335199096679687500e+03 -1.340914626057194937e+03
-1.335303344726562500e+03 -1.341005302910515184e+03
-1.335406860351562500e+03 -1.341093801768890216e+03
-1.335445800781250000e+03 -1.341120339132748995e+03
-1.335380981445312500e+03 -1.341037679739639316e+03
-1.335235961914062500e+03 -1.340860721058385025e+03
-1.335041259765625000e+03 -1.340630612987281893e+03
-1.334805541992187500e+03 -1.340362616559218850e+03
-1.334521850585937500e+03 -1.340060413005988266e+03
-1.334225952148437500e+03 -1.339748219256549419e+03
-1.333942382812500000e+03 -1.339457501274663855e+03
-1.333689819335937500e+03 -1.339213834886135373e+03
-1.333504638671875000e+03 -1.339045377011136907e+03
-1.333429443359375000e+03 -1.339006459398181960e+03
-1.333433837890625000e+03 -1.339026544787009016e+03
-1.333415527343750000e+03 -1.339019112049943942e+03
-1.333243408203125000e+03 -1.338845767274572154e+03
-1.332843383789062500e+03 -1.338434672056311683e+03
-1.332227294921875000e+03 -1.337800667323637981e+03
-1.331475952148437500e+03 -1.337030372526709925e+03
-1.330716430664062500e+03 -1.336255890938474522e+03
-1.330106079101562500e+03 -1.335633677393105700e+03
-1.329767578125000000e+03 -1.335291261659601332e+03
-1.329739013671875000e+03 -1.335272501890919557e+03
-1.329969238281250000e+03 -1.335507297559273866e+03
-1.330331420898437500e+03 -1.335877731666962518e+03
-1.330700439453125000e+03 -1.336255036478713464e+03
-1.330962402343750000e+03 -1.336516815379756736e+03
-1.331014526367187500e+03 -1.336567321711106160e+03
-1.330865478515625000e+03 -1.336417162158044675e+03
-1.330615356445312500e+03 -1.336174471903834274e+03
-1.330392456054687500e+03 -1.335967335275946198e+03
-1.330247192382812500e+03 -1.335835131817886122e+03
-1.330123168945312500e+03 -1.335719013659421080e+03
-1.329878173828125000e+03 -1.335479791821525396e+03
-1.329390747070312500e+03 -1.334985122279571215e+03
-1.328607299804687500e+03 -1.334171481570275091e+03
-1.327596801757812500e+03 -1.333109401686849878e+03
-1.326534912109375000e+03 -1.331996804677616637e+03
-1.325659301757812500e+03 -1.331084419804418985e+03
-1.325145996093750000e+03 -1.330566714976554294e+03
-1.325059692382812500e+03 -1.330496780279396717e+03
-1.325332275390625000e+03 -1.330791046104989618e+03
-1.325840820312500000e+03 -1.331323374431328830e+03
-1.326457763671875000e+03 -1.331976934202905568e+03
-1.327109375000000000e+03 -1.332650318589949848e+03
-1.327723022460937500e+03 -1.333269498871666656e+03
-1.328235229492187500e+03 -1.333797662796246186e+03
-1.328669799804687500e+03 -1.334245811681501891e+03
-1.329047363281250000e+03 -1.334638479046869634e+03
-1.329415405273437500e+03 -1.335023279732876517e+03
-1.329784667968750000e+03 -1.335407725393332385e+03
-1.330071166992187500e+03 -1.335704564949043970e+03
-1.330131469726562500e+03 -1.335759866620971479e+03
-1.329834472656250000e+03 -1.335444358506239041e+03
-1.329162841796875000e+03 -1.334754737731174828e+03
-1.328273437500000000e+03 -1.333848889695846083e+03
-1.327398925781250000e+03 -1.332963382243361821e+03
-1.326688232421875000e+03 -1.332258498937112563e+03
-1.326168090820312500e+03 -1.331754762097707498e+03
-1.325776855468750000e+03 -1.331393901735581039e+03
-1.325460327148437500e+03 -1.331114632521225531e+03
-1.325207885742187500e+03 -1.330898214071654138e+03
-1.325052368164062500e+03 -1.330764148774613659e+03
-1.325049804687500000e+03 -1.330762668435398609e+03
-1.325224731445312500e+03 -1.330931841762837394e+03
-1.325582397460937500e+03 -1.331260663073041769e+03
-1.326027832031250000e+03 -1.331677930280822920e+03
-1.326482910156250000e+03 -1.332099620334950941e+03
-1.326889892578125000e+03 -1.332480344706953474e+03
-1.327233764648437500e+03 -1.332811205457521737e+03
-1.327536376953125000e+03 -1.333115068223657772e+03
-1.327764404296875000e+03 -1.333356859549049204e+03
-1.327847045898437500e+03 -1.333470358514534382e+03
-1.327737182617187500e+03 -1.333398533030247108e+03
-1.327462158203125000e+03 -1.333166711408936862e+03
-1.327129272460937500e+03 -1.332886225761046262e+03
-1.326877441406250000e+03 -1.332679534062873699e+03
-1.326789550781250000e+03 -1.332611487295652296e+03
-1.326833129882812500e+03 -1.332658759601212296e+03
-1.326938110351562500e+03 -1.332750081109586517e+03
-1.327047363281250000e+03 -1.332832354983538607e+03
-1.327126953125000000e+03 -1.332876402534818908e+03
-1.327136230468750000e+03 -1.332856308447670472e+03
-1.327048950195312500e+03 -1.332728684672699728e+03
-1.326906982421875000e+03 -1.332543772718116543e+03
-1.326850952148437500e+03 -1.332454890139084910e+03
-1.327052734375000000e+03 -1.332632639905092674e+03
-1.327560424804687500e+03 -1.333130286037300721e+03
-1.328270629882812500e+03 -1.333842421700062914e+03
-1.329040405273437500e+03 -1.334614346504286459e+03
-1.329759033203125000e+03 -1.335320746558021256e+03
-1.330354492187500000e+03 -1.335940204138835270e+03
-1.330820800781250000e+03 -1.336414880166888452e+03
-1.331124511718750000e+03 -1.336726768712701414e+03
-1.331282470703125000e+03 -1.336898959090801782e+03
-1.331404907226562500e+03 -1.337017201213463977e+03
-1.331600097656250000e+03 -1.337203653068996118e+03
-1.331947143554687500e+03 -1.337532882439262494e+03
-1.332436401367187500e+03 -1.338006304947143235e+03
-1.332997070312500000e+03 -1.338545674432524720e+03
-1.333585327148437500e+03 -1.339111628092331785e+03
-1.334200683593750000e+03 -1.339695642368100835e+03
-1.334821899414062500e+03 -1.340294180568170304e+03
-1.335396728515625000e+03 -1.340855032386399216e+03
-1.335833129882812500e+03 -1.341285121586862715e+03
-1.336027343750000000e+03 -1.341484687274290991e+03
-1.335953857421875000e+03 -1.341423177647662669e+03
-1.335695800781250000e+03 -1.341182820469229910e+03
-1.335437133789062500e+03 -1.340950003875454513e+03
-1.335377319335937500e+03 -1.340922707766862004e+03
-1.335590576171875000e+03 -1.341161582112159067e+03
-1.336011962890625000e+03 -1.341607558016656640e+03
-1.336525268554687500e+03 -1.342150360843958424e+03
-1.337019042968750000e+03 -1.342670474580987957e+03
-1.337384521484375000e+03 -1.343069732252077756e+03
-1.337549194335937500e+03 -1.343263668415441771e+03
-1.337434326171875000e+03 -1.343179073036555565e+03
-1.337065429687500000e+03 -1.342828689627247059e+03
-1.336557373046875000e+03 -1.342327433237618834e+03
-1.336092041015625000e+03 -1.341862756068178669e+03
-1.335790283203125000e+03 -1.341569409929650192e+03
-1.335684326171875000e+03 -1.341466438623578597e+03
-1.335755859375000000e+03 -1.341538587940516891e+03
-1.335995361328125000e+03 -1.341775605817696260e+03
-1.336355834960937500e+03 -1.342139079053903515e+03
-1.336719848632812500e+03 -1.342501941419631748e+03
-1.336907104492187500e+03 -1.342688075298636477e+03
-1.336764892578125000e+03 -1.342549818867529666e+03
-1.336260131835937500e+03 -1.342050190809784908e+03
-1.335486938476562500e+03 -1.341279842694796343e+03
-1.334620239257812500e+03 -1.340408888612890223e+03
-1.333849487304687500e+03 -1.339632847630545257e+03
-1.333303344726562500e+03 -1.339073891604263736e+03
-1.332987792968750000e+03 -1.338737920708271304e+03
-1.332814697265625000e+03 -1.338537989227530716e+03
-1.332696411132812500e+03 -1.338384141487450051e+03
-1.332610595703125000e+03 -1.338262912086096094e+03
-1.332605957031250000e+03 -1.338226165896029670e+03
-1.332713134765625000e+03 -1.338316267756782509e+03
-1.332927978515625000e+03 -1.338504851258279359e+03
-1.333150024414062500e+03 -1.338712743204454455e+03
-1.333287597656250000e+03 -1.338848210676501594e+03
-1.333250366210937500e+03 -1.338808256756218952e+03
-1.332947509765625000e+03 -1.338500217314718611e+03
-1.332336181640625000e+03 -1.337906310186902601e+03
-1.331486938476562500e+03 -1.337090703613919231e+03
-1.330496337890625000e+03 -1.336144573776231027e+03
-1.329481567382812500e+03 -1.335177385461774520e+03
-1.328576416015625000e+03 -1.334305342205831039e+03
-1.327886352539062500e+03 -1.333646311645683681e+03
-1.327489624023437500e+03 -1.333261601996349555e+03
-1.327407470703125000e+03 -1.333167337095093671e+03
-1.327611083984375000e+03 -1.333334636387246746e+03
-1.328015625000000000e+03 -1.333690614168258435e+03
-1.328480468750000000e+03 -1.334100897300673751e+03
-1.328838500976562500e+03 -1.334395500365880707e+03
-1.328937255859375000e+03 -1.334419474360928234e+03
-1.328662963867187500e+03 -1.334089172538031107e+03
-1.328007324218750000e+03 -1.333403345590599201e+03
-1.327063110351562500e+03 -1.332459578171243720e+03
-1.326087768554687500e+03 -1.331495655132627235e+03
