# Time-averaged data for fix mscdwrite
# TimeStep Number-of-rows
# Row c_mscd
10 4
1 0.000706807
2 0.000725878
3 0.000695161
4 0.00212785
20 4
1 0.00612332
2 0.00631701
3 0.00557255
4 0.0180129
30 4
1 0.0132617
2 0.0138686
3 0.0114401
4 0.0385704
40 4
1 0.0188806
2 0.0193346
3 0.0172094
4 0.0554246
50 4
1 0.0238619
2 0.0238473
3 0.0222371
4 0.0699463
60 4
1 0.0266832
2 0.0272456
3 0.0258843
4 0.0798131
70 4
1 0.0291939
2 0.030745
3 0.0293442
4 0.0892831
80 4
1 0.0332581
2 0.0346329
3 0.0332025
4 0.101094
90 4
1 0.0373237
2 0.0372507
3 0.0365248
4 0.111099
100 4
1 0.0385481
2 0.0386709
3 0.0379997
4 0.115219
110 4
1 0.0382859
2 0.040291
3 0.0387923
4 0.117369
120 4
1 0.0392504
2 0.0418992
3 0.0394083
4 0.120558
130 4
1 0.0402139
2 0.0428218
3 0.0407087
4 0.123744
140 4
1 0.0407661
2 0.0426762
3 0.042137
4 0.125579
150 4
1 0.0423621
2 0.0431872
3 0.0425073
4 0.128057
160 4
1 0.0442376
2 0.0462818
3 0.0426529
4 0.133172
170 4
1 0.0458606
2 0.0505291
3 0.0438887
4 0.140278
180 4
1 0.0475583
2 0.0529801
3 0.0466085
4 0.147147
190 4
1 0.0495632
2 0.0534302
3 0.0491753
4 0.152169
200 4
1 0.0522089
2 0.053726
3 0.0514416
4 0.157377
210 4
1 0.0537788
2 0.0552036
3 0.0538377
4 0.16282
220 4
1 0.0542234
2 0.0574429
3 0.0557896
4 0.167456
230 4
1 0.056015
2 0.0581639
3 0.0570855
4 0.171264
240 4
1 0.0578565
2 0.0584927
3 0.0577244
4 0.174074
250 4
1 0.0586791
2 0.0591922
3 0.0577727
4 0.175644
260 4
1 0.0584139
2 0.0586497
3 0.0580742
4 0.175138
270 4
1 0.0580478
2 0.0574839
3 0.0574755
4 0.173007
280 4
1 0.0584348
2 0.0572854
3 0.0560229
4 0.171743
290 4
1 0.0587856
2 0.0581298
3 0.0542044
4 0.17112
300 4
1 0.0583818
2 0.0584808
3 0.0534991
4 0.170362
310 4
1 0.0583053
2 0.0588959
3 0.0536653
4 0.170866
320 4
1 0.0591637
2 0.0588949
3 0.0538599
4 0.171918
330 4
1 0.0602208
2 0.0579039
3 0.0549865
4 0.173111
340 4
1 0.062333
2 0.0580411
3 0.0576392
4 0.178013
350 4
1 0.0640181
2 0.0595918
3 0.0597596
4 0.183369
360 4
1 0.0652927
2 0.0619843
3 0.0605986
4 0.187876
370 4
1 0.0649821
2 0.0652342
3 0.059685
4 0.189901
380 4
1 0.0628088
2 0.0686492
3 0.0591755
4 0.190634
390 4
1 0.0613677
2 0.0714936
3 0.0593306
4 0.192192
400 4
1 0.0613651
2 0.0721307
3 0.058978
4 0.192474
410 4
1 0.0611633
2 0.0708784
3 0.0591468
4 0.191188
420 4
1 0.0620107
2 0.0687326
3 0.0599802
4 0.190724
430 4
1 0.06389
2 0.0667934
3 0.0606533
4 0.191337
440 4
1 0.0647278
2 0.0662309
3 0.0604576
4 0.191416
450 4
1 0.0645072
2 0.0657805
3 0.0595095
4 0.189797
460 4
1 0.064045
2 0.0647358
3 0.0582044
4 0.186985
470 4
1 0.0635032
2 0.0639038
3 0.0572961
4 0.184703
480 4
1 0.0634023
2 0.0642899
3 0.0569434
4 0.184636
490 4
1 0.0631966
2 0.0655496
3 0.0564759
4 0.185222
500 4
1 0.0630712
2 0.0653538
3 0.0569514
4 0.185376
510 4
1 0.0641104
2 0.0632091
3 0.0577317
4 0.185051
520 4
1 0.0664555
2 0.0615918
3 0.0573336
4 0.185381
530 4
1 0.0682706
2 0.0616679
3 0.0565608
4 0.186499
540 4
1 0.0675447
2 0.0620519
3 0.0562284
4 0.185825
550 4
1 0.0646703
2 0.0617719
3 0.0563793
4 0.182822
560 4
1 0.0617179
2 0.0615698
3 0.0570982
4 0.180386
570 4
1 0.0591207
2 0.0625868
3 0.0586777
4 0.180385
580 4
1 0.0581044
2 0.0641312
3 0.0601809
4 0.182417
590 4
1 0.0598389
2 0.06429
3 0.0599701
4 0.184099
600 4
1 0.0625754
2 0.0636262
3 0.0600182
4 0.18622
610 4
1 0.063946
2 0.0639835
3 0.0609004
4 0.18883
620 4
1 0.0652142
2 0.0654375
3 0.0621992
4 0.192851
630 4
1 0.0667791
2 0.0675732
3 0.0644438
4 0.198796
640 4
1 0.0678152
2 0.0689894
3 0.067153
4 0.203958
650 4
1 0.0683534
2 0.070386
3 0.068845
4 0.207584
660 4
1 0.0682376
2 0.0723762
3 0.0689156
4 0.209529
670 4
1 0.0666202
2 0.0740631
3 0.0681343
4 0.208818
680 4
1 0.0643912
2 0.0751918
3 0.0666944
4 0.206277
690 4
1 0.0635651
2 0.0747341
3 0.0650409
4 0.20334
700 4
1 0.0641906
2 0.0725824
3 0.0653153
4 0.202088
710 4
1 0.0659437
2 0.0689048
3 0.0677459
4 0.202594
720 4
1 0.0685315
2 0.0655561
3 0.0697934
4 0.203881
730 4
1 0.0701213
2 0.0651825
3 0.0700258
4 0.20533
740 4
1 0.0707542
2 0.0669022
3 0.0700696
4 0.207726
750 4
1 0.0710292
2 0.0687648
3 0.0711557
4 0.21095
760 4
1 0.0718856
2 0.0701913
3 0.0723317
4 0.214409
770 4
1 0.0729963
2 0.07036
3 0.0730842
4 0.216441
780 4
1 0.0747026
2 0.0690512
3 0.0740184
4 0.217772
790 4
1 0.0771325
2 0.0677682
3 0.07451
4 0.219411
800 4
1 0.0788414
2 0.0674183
3 0.0739907
4 0.22025
810 4
1 0.0794141
2 0.0675218
3 0.0729739
4 0.21991
820 4
1 0.0787031
2 0.0680338
3 0.0718391
4 0.218576
830 4
1 0.0778551
2 0.0694097
3 0.070377
4 0.217642
840 4
1 0.0774168
2 0.0699429
3 0.0705858
4 0.217946
850 4
1 0.0772032
2 0.068113
3 0.0732835
4 0.2186
860 4
1 0.0775577
2 0.0670574
3 0.0763686
4 0.220984
870 4
1 0.0780128
2 0.0692252
3 0.077469
4 0.224707
880 4
1 0.0773953
2 0.0729687
3 0.0778491
4 0.228213
890 4
1 0.0759194
2 0.0754326
3 0.0790065
4 0.230359
900 4
1 0.0743619
2 0.0749254
3 0.0792412
4 0.228528
910 4
1 0.0733473
2 0.071957
3 0.0785105
4 0.223815
920 4
1 0.0728764
2 0.0684159
3 0.0773994
4 0.218692
930 4
1 0.0728442
2 0.0673303
3 0.0754659
4 0.21564
940 4
1 0.0736815
2 0.0693061
3 0.0729717
4 0.215959
950 4
1 0.0750766
2 0.0719345
3 0.0709722
4 0.217983
960 4
1 0.0751211
2 0.0746171
3 0.0706882
4 0.220426
970 4
1 0.0742765
2 0.0770332
3 0.0713473
4 0.222657
980 4
1 0.0737612
2 0.0776886
3 0.071075
4 0.222525
990 4
1 0.0732706
2 0.0771926
3 0.0704372
4 0.2209
1000 4
1 0.0735114
2 0.0771222
3 0.0696506
4 0.220284
1010 4
1 0.0744631
2 0.076765
3 0.0694646
4 0.220693
1020 4
1 0.0745246
2 0.0766338
3 0.071202
4 0.22236
1030 4
1 0.0745117
2 0.0769987
3 0.0734506
4 0.224961
1040 4
1 0.0754934
2 0.0770461
3 0.0744413
4 0.226981
1050 4
1 0.0768259
2 0.0767194
3 0.0745913
4 0.228137
1060 4
1 0.0784864
2 0.0769707
3 0.0753042
4 0.230761
1070 4
1 0.078982
2 0.0776802
3 0.076854
4 0.233516
1080 4
1 0.0775227
2 0.0780667
3 0.0782162
4 0.233806
1090 4
1 0.0761255
2 0.0771545
3 0.0784964
4 0.231776
1100 4
1 0.0768753
2 0.0756653
3 0.0772465
4 0.229787
1110 4
1 0.0787875
2 0.0739436
3 0.0754796
4 0.228211
1120 4
1 0.0795794
2 0.0729557
3 0.0742656
4 0.226801
1130 4
1 0.0784157
2 0.0735319
3 0.07258
4 0.224528
1140 4
1 0.0755322
2 0.0738181
3 0.0700047
4 0.219355
1150 4
1 0.0732524
2 0.0731716
3 0.0680231
4 0.214447
1160 4
1 0.0732575
2 0.0719511
3 0.0675453
4 0.212754
1170 4
1 0.0744928
2 0.0712691
3 0.0682628
4 0.214025
1180 4
1 0.0741336
2 0.0712787
3 0.0691799
4 0.214592
1190 4
1 0.0724353
2 0.0707917
3 0.0692509
4 0.212478
1200 4
1 0.0721568
2 0.0705398
3 0.0684195
4 0.211116
1210 4
1 0.0742075
2 0.0723714
3 0.0666668
4 0.213246
1220 4
1 0.0767486
2 0.0747007
3 0.0651803
4 0.21663
1230 4
1 0.0770221
2 0.0746791
3 0.0662373
4 0.217938
1240 4
1 0.0752185
2 0.074035
3 0.0692272
4 0.218481
1250 4
1 0.0731629
2 0.0749336
3 0.0707425
4 0.218839
1260 4
1 0.0716544
2 0.075162
3 0.0709827
4 0.217799
1270 4
1 0.0704254
2 0.0740057
3 0.0712005
4 0.215632
1280 4
1 0.0698697
2 0.0736899
3 0.0702784
4 0.213838
1290 4
1 0.0696748
2 0.0743932
3 0.0679521
4 0.21202
1300 4
1 0.0699006
2 0.0740301
3 0.0658603
4 0.209791
1310 4
1 0.0703021
2 0.0731901
3 0.0655851
4 0.209077
1320 4
1 0.0698142
2 0.0739633
3 0.0658738
4 0.209651
1330 4
1 0.0679961
2 0.0755204
3 0.0660936
4 0.20961
1340 4
1 0.0668778
2 0.0763867
3 0.0664078
4 0.209672
1350 4
1 0.0675639
2 0.0757405
3 0.0660839
4 0.209388
1360 4
1 0.0687248
2 0.0736761
3 0.0655179
4 0.207919
1370 4
1 0.0691139
2 0.0713774
3 0.0651345
4 0.205626
1380 4
1 0.0696831
2 0.0705178
3 0.0639136
4 0.204115
1390 4
1 0.0706008
2 0.0712675
3 0.0626655
4 0.204534
1400 4
1 0.0712312
2 0.0722571
3 0.0623926
4 0.205881
1410 4
1 0.0717782
2 0.0729656
3 0.062391
4 0.207135
1420 4
1 0.0720411
2 0.0734985
3 0.062993
4 0.208533
1430 4
1 0.0726776
2 0.0733709
3 0.0638471
4 0.209896
1440 4
1 0.0737569
2 0.0724292
3 0.0640435
4 0.21023
1450 4
1 0.0746597
2 0.0723328
3 0.0637036
4 0.210696
1460 4
1 0.0749905
2 0.0725559
3 0.0631267
4 0.210673
1470 4
1 0.0742104
2 0.0733229
3 0.0612958
4 0.208829
1480 4
1 0.0727458
2 0.0752675
3 0.0592143
4 0.207228
1490 4
1 0.0710323
2 0.0751712
3 0.0587971
4 0.205001
1500 4
1 0.0697561
2 0.0726987
3 0.0600129
4 0.202468
1510 4
1 0.0694431
2 0.0705765
3 0.0606414
4 0.200661
1520 4
1 0.0697023
2 0.0687938
3 0.0605843
4 0.19908
1530 4
1 0.0701534
2 0.0679641
3 0.061902
4 0.20002
1540 4
1 0.0702802
2 0.0681397
3 0.0631782
4 0.201598
1550 4
1 0.0706331
2 0.0691683
3 0.0641628
4 0.203964
1560 4
1 0.0720273
2 0.0706756
3 0.0649263
4 0.207629
1570 4
1 0.0732692
2 0.0723948
3 0.0652483
4 0.210912
1580 4
1 0.0734164
2 0.0739598
3 0.0660444
4 0.213421
1590 4
1 0.0723012
2 0.0748135
3 0.0669923
4 0.214107
1600 4
1 0.0715357
2 0.075136
3 0.0671216
4 0.213793
1610 4
1 0.0728371
2 0.0747032
3 0.0669234
4 0.214464
1620 4
1 0.0745817
2 0.0738006
3 0.0667069
4 0.215089
1630 4
1 0.0746949
2 0.0736323
3 0.0655206
4 0.213848
1640 4
1 0.0735704
2 0.0735002
3 0.0634226
4 0.210493
1650 4
1 0.0720922
2 0.0733472
3 0.0613671
4 0.206806
1660 4
1 0.0707357
2 0.0742143
3 0.0594025
4 0.204353
1670 4
1 0.0696689
2 0.0745084
3 0.0581855
4 0.202363
1680 4
1 0.0684706
2 0.0730616
3 0.057728
4 0.19926
1690 4
1 0.06709
2 0.071829
3 0.0567413
4 0.19566
1700 4
1 0.0668012
2 0.0717104
3 0.0556633
4 0.194175
1710 4
1 0.0673805
2 0.0722084
3 0.0557211
4 0.19531
1720 4
1 0.0677779
2 0.072866
3 0.0566767
4 0.197321
1730 4
1 0.0678541
2 0.0737077
3 0.057752
4 0.199314
1740 4
1 0.0675567
2 0.0748939
3 0.0597563
4 0.202207
1750 4
1 0.0667563
2 0.0760277
3 0.0628973
4 0.205681
1760 4
1 0.0659509
2 0.0763253
3 0.0653657
4 0.207642
1770 4
1 0.0646423
2 0.0751975
3 0.0664713
4 0.206311
1780 4
1 0.0615874
2 0.0742567
3 0.0665216
4 0.202366
1790 4
1 0.0589852
2 0.0736274
3 0.065357
4 0.19797
1800 4
1 0.0587685
2 0.0728378
3 0.0634891
4 0.195095
1810 4
1 0.0593733
2 0.0725927
3 0.061526
4 0.193492
1820 4
1 0.0603115
2 0.0728002
3 0.0601389
4 0.193251
1830 4
1 0.0609175
2 0.0729438
3 0.0598851
4 0.193746
1840 4
1 0.0613845
2 0.0733903
3 0.0603862
4 0.195161
1850 4
1 0.0624036
2 0.0744968
3 0.0602871
4 0.197187
1860 4
1 0.0639279
2 0.0751603
3 0.0595725
4 0.198661
1870 4
1 0.0662969
2 0.0744525
3 0.058723
4 0.199472
1880 4
1 0.0681688
2 0.0722409
3 0.0584831
4 0.198893
1890 4
1 0.0685558
2 0.0696483
3 0.0586834
4 0.196887
1900 4
1 0.0681063
2 0.0678658
3 0.0588288
4 0.194801
1910 4
1 0.0675758
2 0.0675436
3 0.0589713
4 0.194091
1920 4
1 0.0684132
2 0.0681113
3 0.0589537
4 0.195478
1930 4
1 0.0713249
2 0.0697363
3 0.058699
4 0.19976
1940 4
1 0.0742493
2 0.0731065
3 0.0585108
4 0.205867
1950 4
1 0.0748973
2 0.0767707
3 0.0596591
4 0.211327
1960 4
1 0.0739524
2 0.0793838
3 0.0619976
4 0.215334
1970 4
1 0.0734969
2 0.0812902
3 0.0636917
4 0.218479
1980 4
1 0.0733951
2 0.0823836
3 0.0651275
4 0.220906
1990 4
1 0.072409
2 0.0818019
3 0.0669304
4 0.221141
2000 4
1 0.0709148
2 0.0808207
3 0.0683372
4 0.220073
2010 4
1 0.070271
2 0.0809785
3 0.0681421
4 0.219392
2020 4
1 0.0711152
2 0.0810575
3 0.066281
4 0.218454
2030 4
1 0.0722772
2 0.0817549
3 0.0647325
4 0.218765
2040 4
1 0.0730615
2 0.0829266
3 0.0649833
4 0.220971
2050 4
1 0.0738639
2 0.0828281
3 0.0672793
4 0.223971
2060 4
1 0.0746336
2 0.0812506
3 0.0693009
4 0.225185
2070 4
1 0.0751002
2 0.0782561
3 0.0705115
4 0.223868
2080 4
1 0.075696
2 0.0745008
3 0.0702609
4 0.220458
2090 4
1 0.0765127
2 0.0723012
3 0.0681139
4 0.216928
2100 4
1 0.0765136
2 0.0728551
3 0.0664943
4 0.215863
2110 4
1 0.0751119
2 0.075338
3 0.0667948
4 0.217245
2120 4
1 0.0732975
2 0.0781408
3 0.0675011
4 0.218939
2130 4
1 0.0718838
2 0.0797149
3 0.0673236
4 0.218922
2140 4
1 0.0712686
2 0.0796609
3 0.0661645
4 0.217094
2150 4
1 0.0711893
2 0.0789713
3 0.0646571
4 0.214818
2160 4
1 0.0709992
2 0.0778922
3 0.0634281
4 0.21232
2170 4
1 0.0709525
2 0.0769861
3 0.0628654
4 0.210804
2180 4
1 0.072454
2 0.0764423
3 0.0631458
4 0.212042
2190 4
1 0.074389
2 0.0758793
3 0.0642678
4 0.214536
2200 4
1 0.0747496
2 0.0755015
3 0.0661761
4 0.216427
2210 4
1 0.0742665
2 0.0754633
3 0.0683534
4 0.218083
2220 4
1 0.0743375
2 0.0752835
3 0.0692539
4 0.218875
2230 4
1 0.0745207
2 0.074827
3 0.0685825
4 0.21793
2240 4
1 0.0740876
2 0.0747559
3 0.0673829
4 0.216226
2250 4
1 0.0735977
2 0.0739954
3 0.0669472
4 0.21454
2260 4
1 0.0734427
2 0.0728936
3 0.0670973
4 0.213434
2270 4
1 0.0730689
2 0.0729204
3 0.0666992
4 0.212688
2280 4
1 0.0721035
2 0.0745526
3 0.0661651
4 0.212821
2290 4
1 0.071266
2 0.0764913
3 0.0661743
4 0.213932
2300 4
1 0.0719284
2 0.0778887
3 0.0665039
4 0.216321
2310 4
1 0.0739048
2 0.07796
3 0.0673632
4 0.219228
2320 4
1 0.0754382
2 0.077311
3 0.0690735
4 0.221823
2330 4
1 0.074794
2 0.0769867
3 0.0704998
4 0.222281
2340 4
1 0.0732497
2 0.0778764
3 0.0701262
4 0.221252
2350 4
1 0.0724008
2 0.0790966
3 0.0689793
4 0.220477
2360 4
1 0.0716995
2 0.0790047
3 0.0682352
4 0.218939
2370 4
1 0.0711576
2 0.0789376
3 0.0683852
4 0.21848
2380 4
1 0.0716082
2 0.0794438
3 0.0692598
4 0.220312
2390 4
1 0.0728608
2 0.0793664
3 0.0690544
4 0.221282
2400 4
1 0.0733677
2 0.0793861
3 0.0676959
4 0.22045
2410 4
1 0.0728815
2 0.0797007
3 0.0670784
4 0.219661
2420 4
1 0.0721573
2 0.0804649
3 0.067436
4 0.220058
2430 4
1 0.0721854
2 0.0808568
3 0.0678601
4 0.220902
2440 4
1 0.0738793
2 0.0792873
3 0.0679673
4 0.221134
2450 4
1 0.0758442
2 0.0760464
3 0.0683005
4 0.220191
2460 4
1 0.0762823
2 0.074359
3 0.0692399
4 0.219881
2470 4
1 0.0756871
2 0.0753972
3 0.0700551
4 0.221139
2480 4
1 0.0740705
2 0.0778957
3 0.0702476
4 0.222214
2490 4
1 0.072223
2 0.0798989
3 0.0690269
4 0.221149
2500 4
1 0.0716218
2 0.0798356
3 0.0673912
4 0.218849
2510 4
1 0.0719191
2 0.078261
3 0.0669502
4 0.21713
2520 4
1 0.0716704
2 0.0776606
3 0.0678502
4 0.217181
2530 4
1 0.0706415
2 0.0782853
3 0.0695075
4 0.218434
2540 4
1 0.069401
2 0.0779713
3 0.0706105
4 0.217983
2550 4
1 0.0693429
2 0.0768669
3 0.070721
4 0.216931
2560 4
1 0.0699937
2 0.0757811
3 0.0707567
4 0.216531
2570 4
1 0.0706563
2 0.0752275
3 0.070638
4 0.216522
2580 4
1 0.0719064
2 0.0753172
3 0.0702394
4 0.217463
2590 4
1 0.0730355
2 0.0744499
3 0.0704785
4 0.217964
2600 4
1 0.0734751
2 0.0736286
3 0.0714553
4 0.218559
2610 4
1 0.0734108
2 0.0736357
3 0.0722649
4 0.219311
2620 4
1 0.0730481
2 0.073661
3 0.0715164
4 0.218226
2630 4
1 0.0722846
2 0.0740089
3 0.0685718
4 0.214865
2640 4
1 0.0704548
2 0.0747185
3 0.0658896
4 0.211063
2650 4
1 0.0678967
2 0.0753675
3 0.0663191
4 0.209583
2660 4
1 0.0666994
2 0.0753749
3 0.068466
4 0.21054
2670 4
1 0.0669008
2 0.0741992
3 0.0700109
4 0.211111
2680 4
1 0.0681756
2 0.0726143
3 0.0705444
4 0.211334
2690 4
1 0.069759
2 0.0719072
3 0.0710742
4 0.21274
2700 4
1 0.0704299
2 0.0725923
3 0.0722359
4 0.215258
2710 4
1 0.0705743
2 0.0744577
3 0.073152
4 0.218184
2720 4
1 0.0711126
2 0.0772397
3 0.0730374
4 0.22139
2730 4
1 0.072401
2 0.079939
3 0.0724202
4 0.22476
2740 4
1 0.0743491
2 0.0815704
3 0.0718489
4 0.227768
2750 4
1 0.0761209
2 0.0819712
3 0.0711081
4 0.2292
2760 4
1 0.0770562
2 0.0815815
3 0.0705225
4 0.22916
2770 4
1 0.077446
2 0.0803183
3 0.0708702
4 0.228634
2780 4
1 0.0770565
2 0.0792593
3 0.0714235
4 0.227739
2790 4
1 0.07533
2 0.0801347
3 0.0713072
4 0.226772
2800 4
1 0.0733601
2 0.0824082
3 0.0712396
4 0.227008
2810 4
1 0.0728633
2 0.083769
3 0.0717747
4 0.228407
2820 4
1 0.0737913
2 0.0821766
3 0.073332
4 0.2293
2830 4
1 0.0750988
2 0.0789078
3 0.0749039
4 0.228911
2840 4
1 0.0760732
2 0.0763396
3 0.0751104
4 0.227523
2850 4
1 0.0769254
2 0.0761665
3 0.0741324
4 0.227224
2860 4
1 0.0779467
2 0.0779715
3 0.0727078
4 0.228626
2870 4
1 0.0787759
2 0.0792359
3 0.0715035
4 0.229515
2880 4
1 0.07918
2 0.0791963
3 0.0706247
4 0.229001
2890 4
1 0.0792565
2 0.0797155
3 0.070436
4 0.229408
2900 4
1 0.0788743
2 0.0804885
3 0.0716613
4 0.231024
2910 4
1 0.0782191
2 0.0811629
3 0.073245
4 0.232627
2920 4
1 0.0779946
2 0.0811424
3 0.0738662
4 0.233003
2930 4
1 0.0786619
2 0.0798874
3 0.0740772
4 0.232626
2940 4
1 0.0789704
2 0.0787155
3 0.0747561
4 0.232442
2950 4
1 0.0776078
2 0.0787715
3 0.0749249
4 0.231304
2960 4
1 0.0751245
2 0.079923
3 0.0744338
4 0.229481
2970 4
1 0.0730132
2 0.0803348
3 0.0739601
4 0.227308
2980 4
1 0.0733149
2 0.0799925
3 0.0732875
4 0.226595
2990 4
1 0.0756261
2 0.0792032
3 0.0727353
4 0.227565
3000 4
1 0.0782134
2 0.077988
3 0.0737499
4 0.229951
3010 4
1 0.0801909
2 0.0782632
3 0.0759374
4 0.234391
3020 4
1 0.0827019
2 0.0797645
3 0.0777742
4 0.240241
3030 4
1 0.0868263
2 0.0811812
3 0.0790753
4 0.247083
3040 4
1 0.090848
2 0.0820741
3 0.0799657
4 0.252888
3050 4
1 0.0938866
2 0.0827145
3 0.0794556
4 0.256057
3060 4
1 0.0965187
2 0.0838384
3 0.0773839
4 0.257741
3070 4
1 0.0971827
2 0.0855998
3 0.0761434
4 0.258926
3080 4
1 0.0956629
2 0.0869032
3 0.0780061
4 0.260572
3090 4
1 0.0951749
2 0.0876821
3 0.0814699
4 0.264327
3100 4
1 0.0957095
2 0.0883834
3 0.0827802
4 0.266873
3110 4
1 0.0953692
2 0.0883171
3 0.0816926
4 0.265379
3120 4
1 0.0930306
2 0.087405
3 0.080506
4 0.260942
3130 4
1 0.0894921
2 0.0864113
3 0.08044
4 0.256343
3140 4
1 0.0870282
2 0.0858517
3 0.0805078
4 0.253388
3150 4
1 0.0863957
2 0.0851569
3 0.0792761
4 0.250829
3160 4
1 0.0868163
2 0.0844799
3 0.0778892
4 0.249185
3170 4
1 0.0870336
2 0.0842983
3 0.0772419
4 0.248574
3180 4
1 0.0854491
2 0.0831085
3 0.0760557
4 0.244613
3190 4
1 0.0818182
2 0.0810867
3 0.0748676
4 0.237772
3200 4
1 0.0791298
2 0.0797751
3 0.0740767
4 0.232982
3210 4
1 0.078726
2 0.0792593
3 0.0732345
4 0.23122
3220 4
1 0.0792584
2 0.0798194
3 0.0728924
4 0.23197
3230 4
1 0.0796086
2 0.0818254
3 0.0723368
4 0.233771
3240 4
1 0.0801136
2 0.0834752
3 0.0720092
4 0.235598
3250 4
1 0.0817198
2 0.0847193
3 0.0725683
4 0.239007
3260 4
1 0.0845778
2 0.086473
3 0.0728246
4 0.243875
3270 4
1 0.0874659
2 0.0884811
3 0.0725216
4 0.248469
3280 4
1 0.0899914
2 0.0900599
3 0.0720415
4 0.252093
3290 4
1 0.0920532
2 0.0908967
3 0.0707569
4 0.253707
3300 4
1 0.0930404
2 0.0905344
3 0.0694732
4 0.253048
3310 4
1 0.0935785
2 0.0896399
3 0.0696457
4 0.252864
3320 4
1 0.0940182
2 0.0889089
3 0.0714018
4 0.254329
3330 4
1 0.0943494
2 0.0875492
3 0.0744466
4 0.256345
3340 4
1 0.0944402
2 0.0859352
3 0.0770622
4 0.257438
3350 4
1 0.0935373
2 0.08569
3 0.0784775
4 0.257705
3360 4
1 0.0922141
2 0.0860753
3 0.0790692
4 0.257359
3370 4
1 0.0919983
2 0.0854799
3 0.0782257
4 0.255704
3380 4
1 0.0932766
2 0.0843384
3 0.076548
4 0.254163
3390 4
1 0.0945542
2 0.0835247
3 0.0760835
4 0.254162
3400 4
1 0.0950653
2 0.0831261
3 0.0763089
4 0.2545
3410 4
1 0.0957746
2 0.0834265
3 0.0759568
4 0.255158
3420 4
1 0.0969389
2 0.0846797
3 0.076017
4 0.257636
3430 4
1 0.0983357
2 0.0866183
3 0.0770557
4 0.26201
3440 4
1 0.100248
2 0.0897854
3 0.0778013
4 0.267835
3450 4
1 0.102758
2 0.0926327
3 0.0780357
4 0.273427
3460 4
1 0.104612
2 0.0937583
3 0.0798925
4 0.278263
3470 4
1 0.104343
2 0.0948007
3 0.0830981
4 0.282242
3480 4
1 0.103657
2 0.0966026
3 0.0850324
4 0.285292
3490 4
1 0.104415
2 0.0990536
3 0.0835231
4 0.286992
3500 4
1 0.106306
2 0.100939
3 0.0807548
4 0.288
3510 4
1 0.108278
2 0.101911
3 0.0804931
4 0.290682
3520 4
1 0.109186
2 0.103236
3 0.0826322
4 0.295055
3530 4
1 0.108893
2 0.104138
3 0.0856975
4 0.298728
3540 4
1 0.107365
2 0.104199
3 0.0874332
4 0.298997
3550 4
1 0.105267
2 0.103971
3 0.0867287
4 0.295968
3560 4
1 0.103514
2 0.102594
3 0.0856192
4 0.291727
3570 4
1 0.102829
2 0.100768
3 0.0860321
4 0.289629
3580 4
1 0.104183
2 0.0999249
3 0.0862996
4 0.290408
3590 4
1 0.106487
2 0.0991081
3 0.0845943
4 0.290189
3600 4
1 0.107545
2 0.0989143
3 0.0823128
4 0.288772
3610 4
1 0.107754
2 0.0993653
3 0.0798991
4 0.287019
3620 4
1 0.108176
2 0.0991291
3 0.077992
4 0.285297
3630 4
1 0.108286
2 0.0974139
3 0.0773346
4 0.283034
3640 4
1 0.107961
2 0.0953737
3 0.0771193
4 0.280454
3650 4
1 0.10704
2 0.0945147
3 0.0769601
4 0.278514
3660 4
1 0.105652
2 0.0938488
3 0.0773063
4 0.276807
3670 4
1 0.105208
2 0.0927354
3 0.0784301
4 0.276373
3680 4
1 0.106215
2 0.0914297
3 0.0796296
4 0.277275
3690 4
1 0.107444
2 0.089985
3 0.0807775
4 0.278207
3700 4
1 0.10832
2 0.0886088
3 0.0819937
4 0.278922
3710 4
1 0.109929
2 0.0877679
3 0.0839816
4 0.281678
3720 4
1 0.111682
2 0.0868224
3 0.0864537
4 0.284958
3730 4
1 0.112144
2 0.0863396
3 0.0879718
4 0.286455
3740 4
1 0.111128
2 0.0874818
3 0.0885187
4 0.287128
3750 4
1 0.109239
2 0.0894189
3 0.0892901
4 0.287948
3760 4
1 0.107732
2 0.0905853
3 0.0898663
4 0.288183
3770 4
1 0.106715
2 0.0911831
3 0.089701
4 0.287599
3780 4
1 0.104991
2 0.0917402
3 0.0900045
4 0.286736
3790 4
1 0.10308
2 0.0922011
3 0.0914774
4 0.286759
3800 4
1 0.101445
2 0.0927122
3 0.0935879
4 0.287745
3810 4
1 0.0999784
2 0.093153
3 0.0960353
4 0.289167
3820 4
1 0.0990857
2 0.0940218
3 0.0979016
4 0.291009
3830 4
1 0.099619
2 0.0955542
3 0.0973262
4 0.292499
3840 4
1 0.101179
2 0.0966012
3 0.0954943
4 0.293275
3850 4
1 0.102136
2 0.0974682
3 0.0946946
4 0.294299
3860 4
1 0.101965
2 0.0997967
3 0.0946419
4 0.296404
3870 4
1 0.101196
2 0.102866
3 0.0948278
4 0.298889
3880 4
1 0.100998
2 0.105451
3 0.0948087
4 0.301258
3890 4
1 0.102276
2 0.106774
3 0.0941773
4 0.303227
3900 4
1 0.103946
2 0.106407
3 0.0935164
4 0.303869
3910 4
1 0.103989
2 0.104331
3 0.0939648
4 0.302285
3920 4
1 0.102948
2 0.101275
3 0.0954441
4 0.299668
3930 4
1 0.103125
2 0.0986597
3 0.0967237
4 0.298508
3940 4
1 0.104811
2 0.0968211
3 0.096412
4 0.298044
3950 4
1 0.105733
2 0.0964957
3 0.0943747
4 0.296604
3960 4
1 0.104758
2 0.0965686
3 0.0922451
4 0.293572
3970 4
1 0.103947
2 0.0952869
3 0.0919483
4 0.291183
3980 4
1 0.104392
2 0.0924675
3 0.0925956
4 0.289455
3990 4
1 0.105326
2 0.0898746
3 0.0924709
4 0.287671
4000 4
1 0.10564
2 0.0884868
3 0.0921135
4 0.286241
4010 4
1 0.105074
2 0.0890372
3 0.0921133
4 0.286225
4020 4
1 0.10404
2 0.090144
3 0.0925946
4 0.286778
4030 4
1 0.102356
2 0.0907943
3 0.0934715
4 0.286622
4040 4
1 0.100167
2 0.0918149
3 0.0948592
4 0.286841
4050 4
1 0.0991081
2 0.0934322
3 0.0965693
4 0.28911
4060 4
1 0.0995607
2 0.0952358
3 0.0977285
4 0.292525
4070 4
1 0.100933
2 0.0970083
3 0.0973446
4 0.295286
4080 4
1 0.103077
2 0.0974062
3 0.0965249
4 0.297008
4090 4
1 0.10539
2 0.0968701
3 0.0960083
4 0.298268
4100 4
1 0.106105
2 0.0968646
3 0.0944726
4 0.297442
4110 4
1 0.105184
2 0.0976082
3 0.0922091
4 0.295001
4120 4
1 0.104649
2 0.0987691
3 0.0906621
4 0.294081
4130 4
1 0.105163
2 0.100375
3 0.0900347
4 0.295573
4140 4
1 0.106863
2 0.102455
3 0.0896383
4 0.298957
4150 4
1 0.108871
2 0.103786
3 0.0897066
4 0.302364
4160 4
1 0.110146
2 0.104287
3 0.0910396
4 0.305472
4170 4
1 0.109695
2 0.104729
3 0.0933245
4 0.307748
4180 4
1 0.107563
2 0.10502
3 0.0954663
4 0.308049
4190 4
1 0.106898
2 0.104089
3 0.0976466
4 0.308634
4200 4
1 0.108213
2 0.102948
3 0.0996628
4 0.310824
4210 4
1 0.109812
2 0.103498
3 0.102421
4 0.315732
4220 4
1 0.111379
2 0.105624
3 0.104718
4 0.321721
4230 4
1 0.112602
2 0.108122
3 0.103626
4 0.32435
4240 4
1 0.114007
2 0.109841
3 0.100531
4 0.324379
4250 4
1 0.115226
2 0.110222
3 0.0985523
4 0.324
4260 4
1 0.115632
2 0.109367
3 0.0991804
4 0.324179
4270 4
1 0.116404
2 0.108634
3 0.102393
4 0.327431
4280 4
1 0.117489
2 0.110042
3 0.105536
4 0.333067
4290 4
1 0.117565
2 0.114162
3 0.106956
4 0.338684
4300 4
1 0.116746
2 0.117505
3 0.107145
4 0.341396
4310 4
1 0.116405
2 0.117945
3 0.1081
4 0.34245
4320 4
1 0.117183
2 0.117638
3 0.109562
4 0.344383
4330 4
1 0.119196
2 0.118552
3 0.11053
4 0.348278
4340 4
1 0.122341
2 0.120285
3 0.11059
4 0.353216
4350 4
1 0.125117
2 0.120828
3 0.109571
4 0.355516
4360 4
1 0.124863
2 0.119285
3 0.108139
4 0.352286
4370 4
1 0.12127
2 0.116
3 0.107394
4 0.344663
4380 4
1 0.117243
2 0.112798
3 0.107525
4 0.337566
4390 4
1 0.115833
2 0.110783
3 0.107071
4 0.333686
4400 4
1 0.117725
2 0.108417
3 0.106633
4 0.332774
4410 4
1 0.120657
2 0.105968
3 0.107178
4 0.333803
4420 4
1 0.121333
2 0.105075
3 0.108599
4 0.335007
4430 4
1 0.119097
2 0.106142
3 0.108647
4 0.333885
4440 4
1 0.116511
2 0.10804
3 0.106589
4 0.33114
4450 4
1 0.115131
2 0.108886
3 0.104421
4 0.328438
4460 4
1 0.115833
2 0.107807
3 0.102447
4 0.326087
4470 4
1 0.117155
2 0.105568
3 0.10047
4 0.323194
4480 4
1 0.116537
2 0.10418
3 0.0996287
4 0.320347
4490 4
1 0.113868
2 0.102894
3 0.100184
4 0.316946
4500 4
1 0.11206
2 0.100692
3 0.0998624
4 0.312614
4510 4
1 0.11256
2 0.0996177
3 0.098653
4 0.310831
4520 4
1 0.113652
2 0.100522
3 0.098424
4 0.312597
4530 4
1 0.114123
2 0.103914
3 0.100392
4 0.31843
4540 4
1 0.115285
2 0.109037
3 0.103404
4 0.327726
4550 4
1 0.118735
2 0.112723
3 0.104827
4 0.336285
4560 4
1 0.123911
2 0.11358
3 0.105097
4 0.342589
4570 4
1 0.127545
2 0.112747
3 0.106432
4 0.346723
4580 4
1 0.12783
2 0.111887
3 0.108351
4 0.348067
4590 4
1 0.125989
2 0.111631
3 0.110227
4 0.347847
4600 4
1 0.123835
2 0.111092
3 0.112239
4 0.347166
4610 4
1 0.122453
2 0.110448
3 0.1129
4 0.345801
4620 4
1 0.121446
2 0.111375
3 0.11056
4 0.343381
4630 4
1 0.119909
2 0.113874
3 0.107662
4 0.341445
4640 4
1 0.117412
2 0.11567
3 0.106411
4 0.339493
4650 4
1 0.116524
2 0.116152
3 0.106135
4 0.338812
4660 4
1 0.11815
2 0.115624
3 0.105318
4 0.339092
4670 4
1 0.120639
2 0.114511
3 0.104083
4 0.339232
4680 4
1 0.122555
2 0.114819
3 0.104069
4 0.341442
4690 4
1 0.122297
2 0.115806
3 0.10526
4 0.343363
4700 4
1 0.120661
2 0.115616
3 0.105401
4 0.341678
4710 4
1 0.117903
2 0.114701
3 0.104195
4 0.3368
4720 4
1 0.114878
2 0.114137
3 0.102841
4 0.331856
4730 4
1 0.11234
2 0.113919
3 0.102783
4 0.329042
4740 4
1 0.110691
2 0.113846
3 0.104385
4 0.328923
4750 4
1 0.111373
2 0.112087
3 0.105934
4 0.329393
4760 4
1 0.113108
2 0.108251
3 0.104633
4 0.325991
4770 4
1 0.113056
2 0.10402
3 0.100991
4 0.318067
4780 4
1 0.111588
2 0.100452
3 0.0986242
4 0.310664
4790 4
1 0.110138
2 0.0970256
3 0.0995306
4 0.306694
4800 4
1 0.109953
2 0.0945343
3 0.102299
4 0.306786
4810 4
1 0.110968
2 0.0938548
3 0.105549
4 0.310372
4820 4
1 0.111614
2 0.0948431
3 0.106763
4 0.313221
4830 4
1 0.111816
2 0.0956603
3 0.105346
4 0.312822
4840 4
1 0.113517
2 0.0963239
3 0.103816
4 0.313657
4850 4
1 0.115998
2 0.0976574
3 0.104048
4 0.317703
4860 4
1 0.11748
2 0.100076
3 0.10511
4 0.322667
4870 4
1 0.119678
2 0.103039
3 0.105614
4 0.328331
4880 4
1 0.123029
2 0.104248
3 0.106243
4 0.333519
4890 4
1 0.125495
2 0.103817
3 0.107738
4 0.33705
4900 4
1 0.125713
2 0.103316
3 0.109199
4 0.338227
4910 4
1 0.124463
2 0.103651
3 0.110635
4 0.33875
4920 4
1 0.122947
2 0.104572
3 0.111069
4 0.338588
4930 4
1 0.121207
2 0.104845
3 0.110477
4 0.336529
4940 4
1 0.119336
2 0.104442
3 0.110463
4 0.334242
4950 4
1 0.117684
2 0.103935
3 0.111139
4 0.332759
4960 4
1 0.117074
2 0.104606
3 0.111749
4 0.333429
4970 4
1 0.118172
2 0.105773
3 0.111324
4 0.335269
4980 4
1 0.120332
2 0.105549
3 0.11005
4 0.335931
4990 4
1 0.122445
2 0.103601
3 0.109378
4 0.335423
5000 4
1 0.123567
2 0.100903
3 0.110107
4 0.334578
5010 4
1 0.123233
2 0.0990102
3 0.111413
4 0.333656
5020 4
1 0.122552
2 0.0994318
3 0.111609
4 0.333592
5030 4
1 0.122622
2 0.101278
3 0.110699
4 0.334599
5040 4
1 0.123928
2 0.102654
3 0.110906
4 0.337489
5050 4
1 0.125697
2 0.103994
3 0.113741
4 0.343432
5060 4
1 0.127252
2 0.106031
3 0.118093
4 0.351376
5070 4
1 0.128766
2 0.107201
3 0.121516
4 0.357483
5080 4
1 0.129782
2 0.10848
3 0.122478
4 0.36074
5090 4
1 0.129682
2 0.111098
3 0.12065
4 0.36143
5100 4
1 0.129075
2 0.112711
3 0.118159
4 0.359945
5110 4
1 0.128284
2 0.111516
3 0.116228
4 0.356028
5120 4
1 0.127715
2 0.108274
3 0.115719
4 0.351708
5130 4
1 0.127177
2 0.104531
3 0.115979
4 0.347688
5140 4
1 0.126535
2 0.102645
3 0.115635
4 0.344814
5150 4
1 0.125976
2 0.103857
3 0.114607
4 0.344439
5160 4
1 0.125111
2 0.107194
3 0.113757
4 0.346062
5170 4
1 0.123945
2 0.109567
3 0.114555
4 0.348067
5180 4
1 0.122972
2 0.109807
3 0.115228
4 0.348007
5190 4
1 0.12305
2 0.10844
3 0.114596
4 0.346087
5200 4
1 0.122235
2 0.106076
3 0.114383
4 0.342694
5210 4
1 0.119282
2 0.102558
3 0.114228
4 0.336069
5220 4
1 0.116026
2 0.0991113
3 0.113182
4 0.328319
5230 4
1 0.113327
2 0.0971253
3 0.112136
4 0.322588
5240 4
1 0.110906
2 0.0971698
3 0.111575
4 0.319651
5250 4
1 0.109428
2 0.0989849
3 0.110514
4 0.318927
5260 4
1 0.110251
2 0.101329
3 0.109526
4 0.321106
5270 4
1 0.112
2 0.102886
3 0.109917
4 0.324802
5280 4
1 0.113172
2 0.104564
3 0.111057
4 0.328793
5290 4
1 0.113599
2 0.106653
3 0.111934
4 0.332185
5300 4
1 0.114284
2 0.10839
3 0.112537
4 0.335211
5310 4
1 0.116473
2 0.109966
3 0.113174
4 0.339614
5320 4
1 0.12008
2 0.111411
3 0.114489
4 0.34598
5330 4
1 0.124495
2 0.1128
3 0.116504
4 0.353799
5340 4
1 0.128009
2 0.114847
3 0.11899
4 0.361846
5350 4
1 0.129029
2 0.116822
3 0.121056
4 0.366907
5360 4
1 0.12798
2 0.117167
3 0.120548
4 0.365696
5370 4
1 0.12673
2 0.114524
3 0.118364
4 0.359618
5380 4
1 0.125798
2 0.109937
3 0.117301
4 0.353037
5390 4
1 0.124526
2 0.106783
3 0.116497
4 0.347805
5400 4
1 0.123438
2 0.106198
3 0.115068
4 0.344703
5410 4
1 0.12315
2 0.107068
3 0.114347
4 0.344565
5420 4
1 0.123531
2 0.108535
3 0.113592
4 0.345658
5430 4
1 0.125037
2 0.110818
3 0.112435
4 0.348291
5440 4
1 0.126639
2 0.112206
3 0.112197
4 0.351042
5450 4
1 0.127775
2 0.111448
3 0.112969
4 0.352192
5460 4
1 0.128335
2 0.109878
3 0.113876
4 0.352089
5470 4
1 0.12738
2 0.107901
3 0.115229
4 0.350509
5480 4
1 0.124259
2 0.105631
3 0.116116
4 0.346007
5490 4
1 0.120299
2 0.104031
3 0.114089
4 0.338419
5500 4
1 0.117006
2 0.103683
3 0.10912
4 0.329808
5510 4
1 0.115312
2 0.10469
3 0.104845
4 0.324847
5520 4
1 0.114647
2 0.105981
3 0.102859
4 0.323487
5530 4
1 0.114034
2 0.107156
3 0.102882
4 0.324072
5540 4
1 0.114277
2 0.108114
3 0.104324
4 0.326715
5550 4
1 0.115627
2 0.108537
3 0.105782
4 0.329945
5560 4
1 0.115995
2 0.108642
3 0.107608
4 0.332245
5570 4
1 0.115508
2 0.11011
3 0.110368
4 0.335986
5580 4
1 0.115646
2 0.112266
3 0.112617
4 0.340529
5590 4
1 0.115295
2 0.11334
3 0.115099
4 0.343734
5600 4
1 0.113751
2 0.112328
3 0.117865
4 0.343944
5610 4
1 0.112941
2 0.110144
3 0.119396
4 0.34248
5620 4
1 0.113904
2 0.108905
3 0.118069
4 0.340878
5630 4
1 0.116409
2 0.109833
3 0.115446
4 0.341688
5640 4
1 0.119688
2 0.112445
3 0.115262
4 0.347396
5650 4
1 0.122289
2 0.115273
3 0.117732
4 0.355294
5660 4
1 0.123592
2 0.117954
3 0.120038
4 0.361584
5670 4
1 0.124371
2 0.120408
3 0.120652
4 0.36543
5680 4
1 0.124812
2 0.122641
3 0.119284
4 0.366737
5690 4
1 0.125131
2 0.124465
3 0.117268
4 0.366864
5700 4
1 0.126155
2 0.125386
3 0.116085
4 0.367626
5710 4
1 0.1263
2 0.12492
3 0.115526
4 0.366745
5720 4
1 0.125289
2 0.123091
3 0.115479
4 0.363859
5730 4
1 0.123452
2 0.120774
3 0.114276
4 0.358502
5740 4
1 0.121365
2 0.117936
3 0.111486
4 0.350786
5750 4
1 0.118864
2 0.115846
3 0.108005
4 0.342715
5760 4
1 0.118116
2 0.115299
3 0.105295
4 0.33871
5770 4
1 0.119764
2 0.115111
3 0.104656
4 0.33953
5780 4
1 0.121514
2 0.115793
3 0.105792
4 0.343099
5790 4
1 0.122433
2 0.117365
3 0.107353
4 0.34715
5800 4
1 0.124378
2 0.117689
3 0.108184
4 0.350252
5810 4
1 0.127079
2 0.116402
3 0.108587
4 0.352068
5820 4
1 0.128361
2 0.114641
3 0.109764
4 0.352767
5830 4
1 0.128249
2 0.11278
3 0.111784
4 0.352813
5840 4
1 0.127797
2 0.112685
3 0.113555
4 0.354037
5850 4
1 0.126973
2 0.114766
3 0.113959
4 0.355699
5860 4
1 0.125794
2 0.11669
3 0.112526
4 0.35501
5870 4
1 0.124549
2 0.11748
3 0.109934
4 0.351963
5880 4
1 0.123506
2 0.117015
3 0.108603
4 0.349123
5890 4
1 0.122952
2 0.11552
3 0.110098
4 0.34857
5900 4
1 0.122511
2 0.114452
3 0.112149
4 0.349112
5910 4
1 0.120811
2 0.114427
3 0.112324
4 0.347562
5920 4
1 0.119278
2 0.113991
3 0.111783
4 0.345053
5930 4
1 0.119456
2 0.1126
3 0.111663
4 0.343719
5940 4
1 0.119425
2 0.111978
3 0.112058
4 0.343461
5950 4
1 0.118804
2 0.11164
3 0.110924
4 0.341368
5960 4
1 0.118997
2 0.111236
3 0.106352
4 0.336585
5970 4
1 0.119274
2 0.111899
3 0.10087
4 0.332043
5980 4
1 0.11789
2 0.112137
3 0.097327
4 0.327354
5990 4
1 0.115273
2 0.110056
3 0.0969116
4 0.32224
6000 4
1 0.112517
2 0.10708
3 0.0989995
4 0.318597
6010 4
1 0.11025
2 0.105265
3 0.102326
4 0.317841
6020 4
1 0.109577
2 0.105319
3 0.104747
4 0.319642
6030 4
1 0.11166
2 0.106683
3 0.104931
4 0.323274
6040 4
1 0.115636
2 0.107216
3 0.105038
4 0.32789
6050 4
1 0.118353
2 0.106749
3 0.107181
4 0.332283
6060 4
1 0.118956
2 0.10728
3 0.110372
4 0.336608
6070 4
1 0.118644
2 0.108429
3 0.113719
4 0.340792
6080 4
1 0.118979
2 0.109753
3 0.115801
4 0.344533
6090 4
1 0.121037
2 0.110898
3 0.114957
4 0.346892
6100 4
1 0.124245
2 0.110922
3 0.112183
4 0.34735
6110 4
1 0.127117
2 0.111017
3 0.11074
4 0.348874
6120 4
1 0.127331
2 0.112318
3 0.112053
4 0.351702
6130 4
1 0.125485
2 0.113402
3 0.114845
4 0.353731
6140 4
1 0.123548
2 0.113789
3 0.115915
4 0.353252
6150 4
1 0.122024
2 0.113901
3 0.114282
4 0.350206
6160 4
1 0.121277
2 0.113005
3 0.112325
4 0.346607
6170 4
1 0.121276
2 0.111226
3 0.111617
4 0.344118
6180 4
1 0.121713
2 0.109169
3 0.11164
4 0.342522
6190 4
1 0.122611
2 0.107388
3 0.111033
4 0.341033
6200 4
1 0.123614
2 0.106583
3 0.107729
4 0.337925
6210 4
1 0.124365
2 0.107338
3 0.1028
4 0.334504
6220 4
1 0.125188
2 0.108746
3 0.100046
4 0.33398
6230 4
1 0.125237
2 0.109262
3 0.100396
4 0.334894
6240 4
1 0.124591
2 0.10821
3 0.102254
4 0.335055
6250 4
1 0.123811
2 0.106683
3 0.103928
4 0.334421
6260 4
1 0.123119
2 0.106139
3 0.104696
4 0.333953
6270 4
1 0.122224
2 0.107496
3 0.10416
4 0.33388
6280 4
1 0.121134
2 0.109644
3 0.102805
4 0.333583
6290 4
1 0.120277
2 0.110799
3 0.102529
4 0.333605
6300 4
1 0.120227
2 0.109196
3 0.104508
4 0.333931
6310 4
1 0.119785
2 0.107049
3 0.107137
4 0.333971
6320 4
1 0.118029
2 0.107935
3 0.108222
4 0.334186
6330 4
1 0.115256
2 0.110829
3 0.108537
4 0.334622
6340 4
1 0.113001
2 0.112286
3 0.109453
4 0.33474
6350 4
1 0.112285
2 0.11131
3 0.110063
4 0.333658
6360 4
1 0.113077
2 0.109059
3 0.109646
4 0.331782
6370 4
1 0.114698
2 0.108369
3 0.109014
4 0.332081
6380 4
1 0.116341
2 0.10871
3 0.109454
4 0.334505
6390 4
1 0.116884
2 0.109698
3 0.110824
4 0.337407
6400 4
1 0.1168
2 0.110993
3 0.111937
4 0.33973
6410 4
1 0.117633
2 0.110984
3 0.11118
4 0.339796
6420 4
1 0.119062
2 0.109521
3 0.108382
4 0.336964
6430 4
1 0.120518
2 0.107135
3 0.106223
4 0.333876
6440 4
1 0.121541
2 0.105221
3 0.106353
4 0.333114
6450 4
1 0.121177
2 0.104677
3 0.107801
4 0.333655
6460 4
1 0.120031
2 0.104885
3 0.10902
4 0.333936
6470 4
1 0.120407
2 0.105734
3 0.108961
4 0.335101
6480 4
1 0.121968
2 0.106546
3 0.107402
4 0.335916
6490 4
1 0.122382
2 0.106464
3 0.105828
4 0.334674
6500 4
1 0.120914
2 0.106145
3 0.106188
4 0.333248
6510 4
1 0.119018
2 0.105868
3 0.107962
4 0.332848
6520 4
1 0.117133
2 0.105624
3 0.108836
4 0.331593
6530 4
1 0.115678
2 0.106083
3 0.108136
4 0.329897
6540 4
1 0.115942
2 0.107267
3 0.106573
4 0.329782
6550 4
1 0.11742
2 0.108235
3 0.10456
4 0.330214
6560 4
1 0.118614
2 0.108308
3 0.102528
4 0.329449
6570 4
1 0.118251
2 0.107046
3 0.101314
4 0.326612
6580 4
1 0.116252
2 0.105568
3 0.100836
4 0.322656
6590 4
1 0.113838
2 0.104812
3 0.10084
4 0.31949
6600 4
1 0.112206
2 0.104656
3 0.101656
4 0.318518
6610 4
1 0.111535
2 0.10435
3 0.10313
4 0.319015
6620 4
1 0.112619
2 0.104023
3 0.103924
4 0.320566
6630 4
1 0.114049
2 0.103576
3 0.103319
4 0.320944
6640 4
1 0.114088
2 0.102796
3 0.101601
4 0.318485
6650 4
1 0.11256
2 0.102703
3 0.100502
4 0.315765
6660 4
1 0.111081
2 0.102888
3 0.100553
4 0.314523
6670 4
1 0.111183
2 0.102248
3 0.101644
4 0.315075
6680 4
1 0.113337
2 0.101517
3 0.10335
4 0.318204
6690 4
1 0.115552
2 0.10184
3 0.104578
4 0.321971
6700 4
1 0.116266
2 0.102963
3 0.105104
4 0.324332
6710 4
1 0.115236
2 0.104843
3 0.105338
4 0.325417
6720 4
1 0.113509
2 0.107464
3 0.104669
4 0.325643
6730 4
1 0.113273
2 0.110748
3 0.103609
4 0.32763
6740 4
1 0.115008
2 0.112833
3 0.102845
4 0.330686
6750 4
1 0.116754
2 0.112978
3 0.102808
4 0.33254
6760 4
1 0.117211
2 0.112828
3 0.10448
4 0.334518
6770 4
1 0.117852
2 0.113162
3 0.107467
4 0.338481
6780 4
1 0.119537
2 0.113563
3 0.110569
4 0.343669
6790 4
1 0.121154
2 0.114984
3 0.111646
4 0.347784
6800 4
1 0.122073
2 0.117118
3 0.110113
4 0.349304
6810 4
1 0.1225
2 0.116982
3 0.108206
4 0.347688
6820 4
1 0.122376
2 0.11446
3 0.107261
4 0.344097
6830 4
1 0.121756
2 0.112087
3 0.106001
4 0.339844
6840 4
1 0.121018
2 0.111516
3 0.103797
4 0.33633
6850 4
1 0.121452
2 0.111854
3 0.101712
4 0.335018
6860 4
1 0.122291
2 0.111657
3 0.102442
4 0.33639
6870 4
1 0.121401
2 0.110048
3 0.106972
4 0.338421
6880 4
1 0.119752
2 0.108402
3 0.11206
4 0.340213
6890 4
1 0.117529
2 0.108421
3 0.115282
4 0.341232
6900 4
1 0.114977
2 0.108678
3 0.116944
4 0.340599
6910 4
1 0.113521
2 0.108155
3 0.117374
4 0.339049
6920 4
1 0.113443
2 0.108455
3 0.116237
4 0.338134
6930 4
1 0.113462
2 0.110663
3 0.114902
4 0.339026
6940 4
1 0.113391
2 0.114
3 0.114264
4 0.341655
6950 4
1 0.114736
2 0.116689
3 0.114165
4 0.34559
6960 4
1 0.117005
2 0.117575
3 0.115479
4 0.350059
6970 4
1 0.119189
2 0.117488
3 0.118465
4 0.355142
6980 4
1 0.120783
2 0.117617
3 0.120138
4 0.358538
6990 4
1 0.122269
2 0.118774
3 0.120691
4 0.361735
7000 4
1 0.122523
2 0.120291
3 0.121292
4 0.364106
7010 4
1 0.12226
2 0.121667
3 0.121101
4 0.365028
7020 4
1 0.124238
2 0.122891
3 0.120484
4 0.367614
7030 4
1 0.128417
2 0.12409
3 0.12099
4 0.373497
7040 4
1 0.132817
2 0.126025
3 0.12314
4 0.381982
7050 4
1 0.136364
2 0.129195
3 0.125703
4 0.391262
7060 4
1 0.1377
2 0.131535
3 0.126678
4 0.395913
