LLZO_Ia3d_Al30_partial_00.vasp being generated
LLZO_Ia3d_Al30_partial_00.vasp has been generated
LLZO_Ia3d_Al30_partial_01.vasp being generated
LLZO_Ia3d_Al30_partial_01.vasp has been generated
LLZO_Ia3d_Al30_partial_02.vasp being generated
LLZO_Ia3d_Al30_partial_02.vasp has been generated
LLZO_Ia3d_Al30_partial_03.vasp being generated
LLZO_Ia3d_Al30_partial_03.vasp has been generated
LLZO_Ia3d_Al30_partial_04.vasp being generated
LLZO_Ia3d_Al30_partial_04.vasp has been generated
LLZO_Ia3d_Al30_partial_05.vasp being generated
LLZO_Ia3d_Al30_partial_05.vasp has been generated
LLZO_Ia3d_Al30_partial_06.vasp being generated
LLZO_Ia3d_Al30_partial_06.vasp has been generated
LLZO_Ia3d_Al30_partial_07.vasp being generated
LLZO_Ia3d_Al30_partial_07.vasp has been generated
LLZO_Ia3d_Al30_partial_08.vasp being generated
LLZO_Ia3d_Al30_partial_08.vasp has been generated
LLZO_Ia3d_Al30_partial_09.vasp being generated
LLZO_Ia3d_Al30_partial_09.vasp has been generated
LLZO_Ia3d_Al30_partial_10.vasp being generated
LLZO_Ia3d_Al30_partial_10.vasp has been generated
LLZO_Ia3d_Al30_partial_11.vasp being generated
LLZO_Ia3d_Al30_partial_11.vasp has been generated
LLZO_Ia3d_Al30_partial_12.vasp being generated
LLZO_Ia3d_Al30_partial_12.vasp has been generated
LLZO_Ia3d_Al30_partial_13.vasp being generated
LLZO_Ia3d_Al30_partial_13.vasp has been generated
LLZO_Ia3d_Al30_partial_14.vasp being generated
LLZO_Ia3d_Al30_partial_14.vasp has been generated
LLZO_Ia3d_Al30_partial_15.vasp being generated
LLZO_Ia3d_Al30_partial_15.vasp has been generated
LLZO_Ia3d_Al30_partial_16.vasp being generated
LLZO_Ia3d_Al30_partial_16.vasp has been generated
LLZO_Ia3d_Al30_partial_17.vasp being generated
LLZO_Ia3d_Al30_partial_17.vasp has been generated
LLZO_Ia3d_Al30_partial_18.vasp being generated
LLZO_Ia3d_Al30_partial_18.vasp has been generated
LLZO_Ia3d_Al30_partial_19.vasp being generated
LLZO_Ia3d_Al30_partial_19.vasp has been generated
LLZO_Ia3d_Al30_partial_20.vasp being generated
LLZO_Ia3d_Al30_partial_20.vasp has been generated
LLZO_Ia3d_Al30_partial_21.vasp being generated
LLZO_Ia3d_Al30_partial_21.vasp has been generated
LLZO_Ia3d_Al30_partial_22.vasp being generated
LLZO_Ia3d_Al30_partial_22.vasp has been generated
LLZO_Ia3d_Al30_partial_23.vasp being generated
LLZO_Ia3d_Al30_partial_23.vasp has been generated
LLZO_Ia3d_Al30_partial_24.vasp being generated
LLZO_Ia3d_Al30_partial_24.vasp has been generated
LLZO_Ia3d_Al30_partial_25.vasp being generated
LLZO_Ia3d_Al30_partial_25.vasp has been generated
LLZO_Ia3d_Al30_partial_26.vasp being generated
LLZO_Ia3d_Al30_partial_26.vasp has been generated
LLZO_Ia3d_Al30_partial_27.vasp being generated
LLZO_Ia3d_Al30_partial_27.vasp has been generated
LLZO_Ia3d_Al30_partial_28.vasp being generated
LLZO_Ia3d_Al30_partial_28.vasp has been generated
LLZO_Ia3d_Al30_partial_29.vasp being generated
LLZO_Ia3d_Al30_partial_29.vasp has been generated
LLZO_Ia3d_Al30_partial_30.vasp being generated
LLZO_Ia3d_Al30_partial_30.vasp has been generated
LLZO_Ia3d_Al30_partial_31.vasp being generated
LLZO_Ia3d_Al30_partial_31.vasp has been generated
LLZO_Ia3d_Al30_partial_32.vasp being generated
LLZO_Ia3d_Al30_partial_32.vasp has been generated
LLZO_Ia3d_Al30_partial_33.vasp being generated
LLZO_Ia3d_Al30_partial_33.vasp has been generated
LLZO_Ia3d_Al30_partial_34.vasp being generated
LLZO_Ia3d_Al30_partial_34.vasp has been generated
LLZO_Ia3d_Al30_partial_35.vasp being generated
LLZO_Ia3d_Al30_partial_35.vasp has been generated
LLZO_Ia3d_Al30_partial_36.vasp being generated
LLZO_Ia3d_Al30_partial_36.vasp has been generated
LLZO_Ia3d_Al30_partial_37.vasp being generated
LLZO_Ia3d_Al30_partial_37.vasp has been generated
LLZO_Ia3d_Al30_partial_38.vasp being generated
LLZO_Ia3d_Al30_partial_38.vasp has been generated
LLZO_Ia3d_Al30_partial_39.vasp being generated
LLZO_Ia3d_Al30_partial_39.vasp has been generated
LLZO_Ia3d_Al30_partial_40.vasp being generated
LLZO_Ia3d_Al30_partial_40.vasp has been generated
LLZO_Ia3d_Al30_partial_41.vasp being generated
LLZO_Ia3d_Al30_partial_41.vasp has been generated
LLZO_Ia3d_Al30_partial_42.vasp being generated
LLZO_Ia3d_Al30_partial_42.vasp has been generated
LLZO_Ia3d_Al30_partial_43.vasp being generated
LLZO_Ia3d_Al30_partial_43.vasp has been generated
LLZO_Ia3d_Al30_partial_44.vasp being generated
LLZO_Ia3d_Al30_partial_44.vasp has been generated
LLZO_Ia3d_Al30_partial_45.vasp being generated
LLZO_Ia3d_Al30_partial_45.vasp has been generated
LLZO_Ia3d_Al30_partial_46.vasp being generated
LLZO_Ia3d_Al30_partial_46.vasp has been generated
LLZO_Ia3d_Al30_partial_47.vasp being generated
LLZO_Ia3d_Al30_partial_47.vasp has been generated
LLZO_Ia3d_Al30_partial_48.vasp being generated
LLZO_Ia3d_Al30_partial_48.vasp has been generated
LLZO_Ia3d_Al30_partial_49.vasp being generated
LLZO_Ia3d_Al30_partial_49.vasp has been generated
LLZO_Ia3d_Al30_partial_50.vasp being generated
LLZO_Ia3d_Al30_partial_50.vasp has been generated
LLZO_Ia3d_Al30_partial_51.vasp being generated
LLZO_Ia3d_Al30_partial_51.vasp has been generated
LLZO_Ia3d_Al30_partial_52.vasp being generated
LLZO_Ia3d_Al30_partial_52.vasp has been generated
LLZO_Ia3d_Al30_partial_53.vasp being generated
LLZO_Ia3d_Al30_partial_53.vasp has been generated
LLZO_Ia3d_Al30_partial_54.vasp being generated
LLZO_Ia3d_Al30_partial_54.vasp has been generated
LLZO_Ia3d_Al30_partial_55.vasp being generated
[mpiexec@n3189] check_exit_codes (../../../../../src/pm/i_hydra/libhydra/demux/hydra_demux_poll.c:121): unable to run bstrap_proxy (pid 28795, exit code 256)
[mpiexec@n3189] poll_for_event (../../../../../src/pm/i_hydra/libhydra/demux/hydra_demux_poll.c:159): check exit codes error
[mpiexec@n3189] HYD_dmx_poll_wait_for_proxy_event (../../../../../src/pm/i_hydra/libhydra/demux/hydra_demux_poll.c:212): poll for event error
[mpiexec@n3189] HYD_bstrap_setup (../../../../../src/pm/i_hydra/libhydra/bstrap/src/intel/i_hydra_bstrap.c:772): error waiting for event
[mpiexec@n3189] main (../../../../../src/pm/i_hydra/mpiexec/mpiexec.c:1955): error setting up the boostrap proxies
mv: cannot stat 'CONTCAR': No such file or directory
LLZO_Ia3d_Al30_partial_55.vasp has been generated
LLZO_Ia3d_Al30_partial_56.vasp being generated
[mpiexec@n3189] check_exit_codes (../../../../../src/pm/i_hydra/libhydra/demux/hydra_demux_poll.c:121): unable to run bstrap_proxy (pid 29115, exit code 256)
[mpiexec@n3189] poll_for_event (../../../../../src/pm/i_hydra/libhydra/demux/hydra_demux_poll.c:159): check exit codes error
[mpiexec@n3189] HYD_dmx_poll_wait_for_proxy_event (../../../../../src/pm/i_hydra/libhydra/demux/hydra_demux_poll.c:212): poll for event error
[mpiexec@n3189] HYD_bstrap_setup (../../../../../src/pm/i_hydra/libhydra/bstrap/src/intel/i_hydra_bstrap.c:772): error waiting for event
[mpiexec@n3189] main (../../../../../src/pm/i_hydra/mpiexec/mpiexec.c:1955): error setting up the boostrap proxies
mv: cannot stat 'CONTCAR': No such file or directory
LLZO_Ia3d_Al30_partial_56.vasp has been generated
LLZO_Ia3d_Al30_partial_57.vasp being generated
LLZO_Ia3d_Al30_partial_57.vasp has been generated
LLZO_Ia3d_Al30_partial_58.vasp being generated
LLZO_Ia3d_Al30_partial_58.vasp has been generated
LLZO_Ia3d_Al30_partial_59.vasp being generated
LLZO_Ia3d_Al30_partial_59.vasp has been generated
LLZO_Ia3d_Al30_partial_60.vasp being generated
LLZO_Ia3d_Al30_partial_60.vasp has been generated
LLZO_Ia3d_Al30_partial_61.vasp being generated
LLZO_Ia3d_Al30_partial_61.vasp has been generated
LLZO_Ia3d_Al30_partial_62.vasp being generated
LLZO_Ia3d_Al30_partial_62.vasp has been generated
LLZO_Ia3d_Al30_partial_63.vasp being generated
LLZO_Ia3d_Al30_partial_63.vasp has been generated
LLZO_Ia3d_Al30_partial_64.vasp being generated
LLZO_Ia3d_Al30_partial_64.vasp has been generated
LLZO_Ia3d_Al30_partial_65.vasp being generated
LLZO_Ia3d_Al30_partial_65.vasp has been generated
LLZO_Ia3d_Al30_partial_66.vasp being generated
LLZO_Ia3d_Al30_partial_66.vasp has been generated
LLZO_Ia3d_Al30_partial_67.vasp being generated
LLZO_Ia3d_Al30_partial_67.vasp has been generated
LLZO_Ia3d_Al30_partial_68.vasp being generated
LLZO_Ia3d_Al30_partial_68.vasp has been generated
LLZO_Ia3d_Al30_partial_69.vasp being generated
LLZO_Ia3d_Al30_partial_69.vasp has been generated
LLZO_Ia3d_Al30_partial_70.vasp being generated
LLZO_Ia3d_Al30_partial_70.vasp has been generated
LLZO_Ia3d_Al30_partial_71.vasp being generated
LLZO_Ia3d_Al30_partial_71.vasp has been generated
LLZO_Ia3d_Al30_partial_72.vasp being generated
LLZO_Ia3d_Al30_partial_72.vasp has been generated
LLZO_Ia3d_Al30_partial_73.vasp being generated
LLZO_Ia3d_Al30_partial_73.vasp has been generated
LLZO_Ia3d_Al30_partial_74.vasp being generated
LLZO_Ia3d_Al30_partial_74.vasp has been generated
LLZO_Ia3d_Al30_partial_75.vasp being generated
LLZO_Ia3d_Al30_partial_75.vasp has been generated
LLZO_Ia3d_Al30_partial_76.vasp being generated
LLZO_Ia3d_Al30_partial_76.vasp has been generated
LLZO_Ia3d_Al30_partial_77.vasp being generated
LLZO_Ia3d_Al30_partial_77.vasp has been generated
LLZO_Ia3d_Al30_partial_78.vasp being generated
LLZO_Ia3d_Al30_partial_78.vasp has been generated
LLZO_Ia3d_Al30_partial_79.vasp being generated
LLZO_Ia3d_Al30_partial_79.vasp has been generated
LLZO_Ia3d_Al30_partial_80.vasp being generated
LLZO_Ia3d_Al30_partial_80.vasp has been generated
LLZO_Ia3d_Al30_partial_81.vasp being generated
LLZO_Ia3d_Al30_partial_81.vasp has been generated
LLZO_Ia3d_Al30_partial_82.vasp being generated
LLZO_Ia3d_Al30_partial_82.vasp has been generated
LLZO_Ia3d_Al30_partial_83.vasp being generated
LLZO_Ia3d_Al30_partial_83.vasp has been generated
LLZO_Ia3d_Al30_partial_84.vasp being generated
LLZO_Ia3d_Al30_partial_84.vasp has been generated
LLZO_Ia3d_Al30_partial_85.vasp being generated
LLZO_Ia3d_Al30_partial_85.vasp has been generated
LLZO_Ia3d_Al30_partial_86.vasp being generated
LLZO_Ia3d_Al30_partial_86.vasp has been generated
LLZO_Ia3d_Al30_partial_87.vasp being generated
LLZO_Ia3d_Al30_partial_87.vasp has been generated
LLZO_Ia3d_Al30_partial_88.vasp being generated
LLZO_Ia3d_Al30_partial_88.vasp has been generated
LLZO_Ia3d_Al30_partial_89.vasp being generated
LLZO_Ia3d_Al30_partial_89.vasp has been generated
LLZO_Ia3d_Al30_partial_90.vasp being generated
LLZO_Ia3d_Al30_partial_90.vasp has been generated
LLZO_Ia3d_Al30_partial_91.vasp being generated
LLZO_Ia3d_Al30_partial_91.vasp has been generated
LLZO_Ia3d_Al30_partial_92.vasp being generated
LLZO_Ia3d_Al30_partial_92.vasp has been generated
LLZO_Ia3d_Al30_partial_93.vasp being generated
LLZO_Ia3d_Al30_partial_93.vasp has been generated
LLZO_Ia3d_Al30_partial_94.vasp being generated
LLZO_Ia3d_Al30_partial_94.vasp has been generated
LLZO_Ia3d_Al30_partial_95.vasp being generated
LLZO_Ia3d_Al30_partial_95.vasp has been generated
LLZO_Ia3d_Al30_partial_96.vasp being generated
LLZO_Ia3d_Al30_partial_96.vasp has been generated
LLZO_Ia3d_Al30_partial_97.vasp being generated
LLZO_Ia3d_Al30_partial_97.vasp has been generated
LLZO_Ia3d_Al30_partial_98.vasp being generated
LLZO_Ia3d_Al30_partial_98.vasp has been generated
LLZO_Ia3d_Al30_partial_99.vasp being generated
LLZO_Ia3d_Al30_partial_99.vasp has been generated
