# Time-averaged data for fix msdwrite
# TimeStep Number-of-rows
# Row c_msd
10 4
1 0.00338991
2 0.00327895
3 0.00372861
4 0.0103975
20 4
1 0.031132
2 0.0304979
3 0.0341255
4 0.0957554
30 4
1 0.0777394
2 0.0745295
3 0.0822131
4 0.234482
40 4
1 0.119332
2 0.112012
3 0.119414
4 0.350758
50 4
1 0.149575
2 0.140967
3 0.143045
4 0.433587
60 4
1 0.167655
2 0.158293
3 0.157859
4 0.483807
70 4
1 0.176264
2 0.171262
3 0.168112
4 0.515637
80 4
1 0.175946
2 0.182868
3 0.176775
4 0.535589
90 4
1 0.172939
2 0.193593
3 0.187812
4 0.554343
100 4
1 0.175171
2 0.206672
3 0.200248
4 0.582092
110 4
1 0.18051
2 0.218474
3 0.215399
4 0.614383
120 4
1 0.187811
2 0.229787
3 0.22867
4 0.646268
130 4
1 0.196738
2 0.241003
3 0.235786
4 0.673527
140 4
1 0.207161
2 0.250124
3 0.23875
4 0.696034
150 4
1 0.217648
2 0.25708
3 0.240295
4 0.715023
160 4
1 0.229629
2 0.261557
3 0.243773
4 0.734959
170 4
1 0.239946
2 0.265359
3 0.248956
4 0.754261
180 4
1 0.244134
2 0.265946
3 0.253849
4 0.763929
190 4
1 0.242154
2 0.268125
3 0.256499
4 0.766778
200 4
1 0.23583
2 0.276669
3 0.2577
4 0.770199
210 4
1 0.230945
2 0.287991
3 0.260371
4 0.779307
220 4
1 0.231207
2 0.301588
3 0.2651
4 0.797895
230 4
1 0.23518
2 0.31289
3 0.273698
4 0.821768
240 4
1 0.240329
2 0.316715
3 0.281526
4 0.83857
250 4
1 0.247813
2 0.315871
3 0.284397
4 0.848081
260 4
1 0.253696
2 0.313282
3 0.284032
4 0.851009
270 4
1 0.254861
2 0.31032
3 0.28241
4 0.847591
280 4
1 0.253108
2 0.309455
3 0.282109
4 0.844673
290 4
1 0.253497
2 0.310536
3 0.28078
4 0.844813
300 4
1 0.255702
2 0.312442
3 0.275905
4 0.844049
310 4
1 0.256268
2 0.315556
3 0.274407
4 0.846232
320 4
1 0.255224
2 0.320492
3 0.278047
4 0.853763
330 4
1 0.256001
2 0.32939
3 0.285132
4 0.870523
340 4
1 0.259852
2 0.342561
3 0.292605
4 0.895019
350 4
1 0.264364
2 0.352072
3 0.297748
4 0.914184
360 4
1 0.269704
2 0.350689
3 0.300881
4 0.921274
370 4
1 0.276759
2 0.342596
3 0.304643
4 0.923999
380 4
1 0.283019
2 0.335926
3 0.311141
4 0.930086
390 4
1 0.286606
2 0.335202
3 0.318008
4 0.939816
400 4
1 0.288335
2 0.339407
3 0.325918
4 0.953661
410 4
1 0.290562
2 0.344819
3 0.335245
4 0.970627
420 4
1 0.293258
2 0.349413
3 0.343633
4 0.986304
430 4
1 0.294353
2 0.348819
3 0.348948
4 0.99212
440 4
1 0.293995
2 0.348548
3 0.350696
4 0.993238
450 4
1 0.290943
2 0.353594
3 0.345342
4 0.989879
460 4
1 0.28956
2 0.360649
3 0.33775
4 0.987959
470 4
1 0.292801
2 0.366766
3 0.336071
4 0.995638
480 4
1 0.299227
2 0.369298
3 0.336655
4 1.00518
490 4
1 0.306276
2 0.373784
3 0.338663
4 1.01872
500 4
1 0.313626
2 0.38048
3 0.344254
4 1.03836
510 4
1 0.325314
2 0.385226
3 0.348896
4 1.05944
520 4
1 0.339155
2 0.385151
3 0.353656
4 1.07796
530 4
1 0.34896
2 0.38066
3 0.358296
4 1.08792
540 4
1 0.348213
2 0.375546
3 0.360326
4 1.08408
550 4
1 0.341042
2 0.373062
3 0.362474
4 1.07658
560 4
1 0.336129
2 0.376633
3 0.363234
4 1.076
570 4
1 0.337169
2 0.384526
3 0.362316
4 1.08401
580 4
1 0.340956
2 0.39454
3 0.36311
4 1.09861
590 4
1 0.344793
2 0.398644
3 0.362562
4 1.106
600 4
1 0.346706
2 0.400387
3 0.363317
4 1.11041
610 4
1 0.348631
2 0.402687
3 0.366096
4 1.11741
620 4
1 0.352444
2 0.40888
3 0.371322
4 1.13265
630 4
1 0.357579
2 0.411349
3 0.377952
4 1.14688
640 4
1 0.360747
2 0.418031
3 0.384057
4 1.16284
650 4
1 0.360161
2 0.424451
3 0.385725
4 1.17034
660 4
1 0.360284
2 0.42742
3 0.385409
4 1.17311
670 4
1 0.364895
2 0.432191
3 0.385728
4 1.18281
680 4
1 0.371102
2 0.436989
3 0.385111
4 1.1932
690 4
1 0.374289
2 0.44088
3 0.388225
4 1.20339
700 4
1 0.374656
2 0.446072
3 0.39816
4 1.21889
710 4
1 0.373496
2 0.449363
3 0.40958
4 1.23244
720 4
1 0.372167
2 0.445773
3 0.415176
4 1.23312
730 4
1 0.372091
2 0.439643
3 0.416245
4 1.22798
740 4
1 0.368411
2 0.438043
3 0.41638
4 1.22283
750 4
1 0.360024
2 0.438251
3 0.415931
4 1.21421
760 4
1 0.352358
2 0.441224
3 0.412171
4 1.20575
770 4
1 0.349624
2 0.449473
3 0.404231
4 1.20333
780 4
1 0.352099
2 0.455353
3 0.397154
4 1.20461
790 4
1 0.358303
2 0.455889
3 0.394788
4 1.20898
800 4
1 0.364247
2 0.456571
3 0.398906
4 1.21972
810 4
1 0.366181
2 0.45507
3 0.403858
4 1.22511
820 4
1 0.365552
2 0.451688
3 0.405742
4 1.22298
830 4
1 0.366392
2 0.450222
3 0.404263
4 1.22088
840 4
1 0.372078
2 0.452747
3 0.402792
4 1.22762
850 4
1 0.379135
2 0.455806
3 0.401417
4 1.23636
860 4
1 0.378151
2 0.454687
3 0.401014
4 1.23385
870 4
1 0.372011
2 0.446814
3 0.402625
4 1.22145
880 4
1 0.365758
2 0.436771
3 0.407224
4 1.20975
890 4
1 0.363365
2 0.431335
3 0.412907
4 1.20761
900 4
1 0.36531
2 0.430896
3 0.418356
4 1.21456
910 4
1 0.370409
2 0.429402
3 0.423243
4 1.22305
920 4
1 0.375627
2 0.426617
3 0.428612
4 1.23086
930 4
1 0.379855
2 0.430784
3 0.430757
4 1.2414
940 4
1 0.381711
2 0.438975
3 0.427024
4 1.24771
950 4
1 0.382274
2 0.44602
3 0.420166
4 1.24846
960 4
1 0.382859
2 0.452802
3 0.414621
4 1.25028
970 4
1 0.382936
2 0.460433
3 0.413671
4 1.25704
980 4
1 0.382083
2 0.464538
3 0.415466
4 1.26209
990 4
1 0.381138
2 0.467379
3 0.419632
4 1.26815
1000 4
1 0.381096
2 0.465625
3 0.424245
4 1.27097
1010 4
1 0.380941
2 0.462705
3 0.430785
4 1.27443
1020 4
1 0.38088
2 0.463542
3 0.434592
4 1.27901
1030 4
1 0.383177
2 0.469414
3 0.432623
4 1.28521
1040 4
1 0.389772
2 0.476615
3 0.426972
4 1.29336
1050 4
1 0.395732
2 0.477814
3 0.41926
4 1.29281
1060 4
1 0.399789
2 0.479704
3 0.414104
4 1.2936
1070 4
1 0.40072
2 0.483594
3 0.411357
4 1.29567
1080 4
1 0.399248
2 0.484509
3 0.410426
4 1.29418
1090 4
1 0.398932
2 0.480155
3 0.410215
4 1.2893
1100 4
1 0.399958
2 0.472868
3 0.409949
4 1.28277
1110 4
1 0.402402
2 0.46977
3 0.409542
4 1.28171
1120 4
1 0.406594
2 0.474097
3 0.411698
4 1.29239
1130 4
1 0.413007
2 0.47912
3 0.417665
4 1.30979
1140 4
1 0.419113
2 0.477845
3 0.423661
4 1.32062
1150 4
1 0.422251
2 0.47499
3 0.428852
4 1.32609
1160 4
1 0.420982
2 0.475994
3 0.431666
4 1.32864
1170 4
1 0.418046
2 0.481639
3 0.428143
4 1.32783
1180 4
1 0.418882
2 0.488843
3 0.421947
4 1.32967
1190 4
1 0.423537
2 0.495004
3 0.422205
4 1.34075
1200 4
1 0.425651
2 0.498825
3 0.429252
4 1.35373
1210 4
1 0.425161
2 0.498994
3 0.438436
4 1.36259
1220 4
1 0.422695
2 0.49438
3 0.443128
4 1.3602
1230 4
1 0.420272
2 0.489159
3 0.446356
4 1.35579
1240 4
1 0.417414
2 0.490501
3 0.449413
4 1.35733
1250 4
1 0.41667
2 0.493297
3 0.450539
4 1.36051
1260 4
1 0.419932
2 0.49601
3 0.452859
4 1.3688
1270 4
1 0.423723
2 0.498691
3 0.453886
4 1.3763
1280 4
1 0.424226
2 0.49744
3 0.456145
4 1.37781
1290 4
1 0.423939
2 0.496009
3 0.460803
4 1.38075
1300 4
1 0.429066
2 0.498766
3 0.464643
4 1.39247
1310 4
1 0.438592
2 0.501916
3 0.468162
4 1.40867
1320 4
1 0.447461
2 0.507371
3 0.470321
4 1.42515
1330 4
1 0.452289
2 0.513608
3 0.467611
4 1.43351
1340 4
1 0.451917
2 0.514982
3 0.461903
4 1.4288
1350 4
1 0.445448
2 0.517803
3 0.457955
4 1.42121
1360 4
1 0.438856
2 0.518914
3 0.458974
4 1.41674
1370 4
1 0.436992
2 0.512099
3 0.46452
4 1.41361
1380 4
1 0.44031
2 0.505014
3 0.467794
4 1.41312
1390 4
1 0.445679
2 0.500126
3 0.466495
4 1.4123
1400 4
1 0.446009
2 0.49807
3 0.463586
4 1.40767
1410 4
1 0.442314
2 0.501014
3 0.460411
4 1.40374
1420 4
1 0.442127
2 0.506046
3 0.456182
4 1.40436
1430 4
1 0.444931
2 0.508314
3 0.452585
4 1.40583
1440 4
1 0.451095
2 0.507419
3 0.450581
4 1.40909
1450 4
1 0.455466
2 0.504126
3 0.449176
4 1.40877
1460 4
1 0.456987
2 0.500662
3 0.449082
4 1.40673
1470 4
1 0.455587
2 0.499966
3 0.451476
4 1.40703
1480 4
1 0.455722
2 0.506008
3 0.454946
4 1.41668
1490 4
1 0.459472
2 0.518597
3 0.456987
4 1.43506
1500 4
1 0.460741
2 0.533477
3 0.458927
4 1.45314
1510 4
1 0.461773
2 0.543478
3 0.460404
4 1.46565
1520 4
1 0.462492
2 0.545366
3 0.46325
4 1.47111
1530 4
1 0.462464
2 0.543207
3 0.469264
4 1.47493
1540 4
1 0.463367
2 0.542052
3 0.473549
4 1.47897
1550 4
1 0.465766
2 0.543284
3 0.472494
4 1.48154
1560 4
1 0.467614
2 0.545102
3 0.468555
4 1.48127
1570 4
1 0.466477
2 0.544768
3 0.464263
4 1.47551
1580 4
1 0.463081
2 0.545074
3 0.460691
4 1.46885
1590 4
1 0.459699
2 0.547319
3 0.45956
4 1.46658
1600 4
1 0.456895
2 0.547884
3 0.464552
4 1.46933
1610 4
1 0.454725
2 0.546142
3 0.469937
4 1.4708
1620 4
1 0.453776
2 0.54657
3 0.469599
4 1.46994
1630 4
1 0.453787
2 0.54589
3 0.467528
4 1.46721
1640 4
1 0.457029
2 0.539011
3 0.467694
4 1.46373
1650 4
1 0.462121
2 0.531917
3 0.470263
4 1.4643
1660 4
1 0.465614
2 0.529878
3 0.473511
4 1.469
1670 4
1 0.46864
2 0.532796
3 0.476131
4 1.47757
1680 4
1 0.47251
2 0.534562
3 0.477597
4 1.48467
1690 4
1 0.475404
2 0.531274
3 0.47921
4 1.48589
1700 4
1 0.477423
2 0.524222
3 0.480334
4 1.48198
1710 4
1 0.47925
2 0.521121
3 0.480437
4 1.48081
1720 4
1 0.48067
2 0.521781
3 0.481425
4 1.48388
1730 4
1 0.482525
2 0.522715
3 0.482054
4 1.48729
1740 4
1 0.484997
2 0.525379
3 0.481046
4 1.49142
1750 4
1 0.486969
2 0.533742
3 0.482293
4 1.503
1760 4
1 0.489076
2 0.546767
3 0.487807
4 1.52365
1770 4
1 0.488705
2 0.557412
3 0.497016
4 1.54313
1780 4
1 0.488384
2 0.558674
3 0.50527
4 1.55233
1790 4
1 0.490261
2 0.552021
3 0.507164
4 1.54944
1800 4
1 0.489759
2 0.544508
3 0.503597
4 1.53786
1810 4
1 0.485603
2 0.544194
3 0.498078
4 1.52788
1820 4
1 0.480346
2 0.549704
3 0.495249
4 1.5253
1830 4
1 0.47668
2 0.556364
3 0.497275
4 1.53032
1840 4
1 0.476311
2 0.564514
3 0.500577
4 1.5414
1850 4
1 0.478616
2 0.570176
3 0.500271
4 1.54906
1860 4
1 0.480244
2 0.571995
3 0.500215
4 1.55245
1870 4
1 0.479682
2 0.573281
3 0.505367
4 1.55833
1880 4
1 0.478522
2 0.577054
3 0.513426
4 1.569
1890 4
1 0.476487
2 0.583422
3 0.520321
4 1.58023
1900 4
1 0.472574
2 0.590129
3 0.52146
4 1.58416
1910 4
1 0.470361
2 0.593984
3 0.515221
4 1.57957
1920 4
1 0.472495
2 0.593814
3 0.510127
4 1.57644
1930 4
1 0.474073
2 0.591487
3 0.510859
4 1.57642
1940 4
1 0.472817
2 0.592342
3 0.513351
4 1.57851
1950 4
1 0.471691
2 0.593274
3 0.518498
4 1.58346
1960 4
1 0.472553
2 0.594227
3 0.520215
4 1.58699
1970 4
1 0.476165
2 0.597333
3 0.516188
4 1.58969
1980 4
1 0.480664
2 0.600984
3 0.509964
4 1.59161
1990 4
1 0.486541
2 0.603953
3 0.503261
4 1.59376
2000 4
1 0.49468
2 0.604057
3 0.499509
4 1.59825
2010 4
1 0.500194
2 0.603192
3 0.499985
4 1.60337
2020 4
1 0.499838
2 0.603237
3 0.501976
4 1.60505
2030 4
1 0.49751
2 0.603245
3 0.505448
4 1.6062
2040 4
1 0.49617
2 0.601754
3 0.507953
4 1.60588
2050 4
1 0.4971
2 0.6025
3 0.509326
4 1.60893
2060 4
1 0.498054
2 0.605962
3 0.515452
4 1.61947
2070 4
1 0.499361
2 0.614537
3 0.523712
4 1.63761
2080 4
1 0.50029
2 0.624228
3 0.532996
4 1.65751
2090 4
1 0.498941
2 0.630036
3 0.541712
4 1.67069
2100 4
1 0.496908
2 0.632933
3 0.546967
4 1.67681
2110 4
1 0.496446
2 0.63311
3 0.546756
4 1.67631
2120 4
1 0.499747
2 0.629269
3 0.540562
4 1.66958
2130 4
1 0.50167
2 0.622547
3 0.534529
4 1.65875
2140 4
1 0.49849
2 0.615951
3 0.531633
4 1.64607
2150 4
1 0.495975
2 0.615179
3 0.530838
4 1.64199
2160 4
1 0.497279
2 0.619884
3 0.526375
4 1.64354
2170 4
1 0.502497
2 0.626479
3 0.516972
4 1.64595
2180 4
1 0.505675
2 0.633077
3 0.509713
4 1.64846
2190 4
1 0.503048
2 0.63402
3 0.50912
4 1.64619
2200 4
1 0.498599
2 0.628325
3 0.514181
4 1.6411
2210 4
1 0.494884
2 0.621232
3 0.518672
4 1.63479
2220 4
1 0.492415
2 0.618797
3 0.518426
4 1.62964
2230 4
1 0.492549
2 0.618981
3 0.515614
4 1.62714
2240 4
1 0.493618
2 0.621596
3 0.515398
4 1.63061
2250 4
1 0.493182
2 0.625671
3 0.519762
4 1.63862
2260 4
1 0.495809
2 0.626688
3 0.527591
4 1.65009
2270 4
1 0.504638
2 0.627399
3 0.533143
4 1.66518
2280 4
1 0.512856
2 0.629272
3 0.532332
4 1.67446
2290 4
1 0.516121
2 0.630204
3 0.528368
4 1.67469
2300 4
1 0.517412
2 0.630155
3 0.526613
4 1.67418
2310 4
1 0.519229
2 0.629623
3 0.528598
4 1.67745
2320 4
1 0.520224
2 0.627864
3 0.535369
4 1.68346
2330 4
1 0.520484
2 0.62836
3 0.543731
4 1.69257
2340 4
1 0.522713
2 0.629353
3 0.546158
4 1.69822
2350 4
1 0.526731
2 0.629541
3 0.542578
4 1.69885
2360 4
1 0.529795
2 0.626948
3 0.538562
4 1.6953
2370 4
1 0.531311
2 0.621603
3 0.537672
4 1.69059
2380 4
1 0.529995
2 0.6168
3 0.539654
4 1.68645
2390 4
1 0.526184
2 0.617503
3 0.543253
4 1.68694
2400 4
1 0.522333
2 0.62412
3 0.550609
4 1.69706
2410 4
1 0.522362
2 0.631061
3 0.559639
4 1.71306
2420 4
1 0.526482
2 0.63402
3 0.5649
4 1.7254
2430 4
1 0.531935
2 0.633924
3 0.564612
4 1.73047
2440 4
1 0.535378
2 0.632962
3 0.559381
4 1.72772
2450 4
1 0.532616
2 0.630599
3 0.556436
4 1.71965
2460 4
1 0.523532
2 0.628371
3 0.563406
4 1.71531
2470 4
1 0.514901
2 0.631518
3 0.575828
4 1.72225
2480 4
1 0.510097
2 0.637777
3 0.583737
4 1.73161
2490 4
1 0.510562
2 0.644422
3 0.584094
4 1.73908
2500 4
1 0.51364
2 0.64489
3 0.580735
4 1.73926
2510 4
1 0.517179
2 0.639433
3 0.577794
4 1.73441
2520 4
1 0.520869
2 0.634047
3 0.577821
4 1.73274
2530 4
1 0.524367
2 0.631558
3 0.580598
4 1.73652
2540 4
1 0.527055
2 0.630826
3 0.582255
4 1.74014
2550 4
1 0.529248
2 0.631341
3 0.580752
4 1.74134
2560 4
1 0.533622
2 0.63347
3 0.578035
4 1.74513
2570 4
1 0.540633
2 0.634343
3 0.575745
4 1.75072
2580 4
1 0.546552
2 0.632214
3 0.574128
4 1.75289
2590 4
1 0.547349
2 0.63124
3 0.573432
4 1.75202
2600 4
1 0.543496
2 0.631397
3 0.573918
4 1.74881
2610 4
1 0.54021
2 0.63082
3 0.574884
4 1.74591
2620 4
1 0.540141
2 0.630652
3 0.572889
4 1.74368
2630 4
1 0.542794
2 0.63312
3 0.566933
4 1.74285
2640 4
1 0.545889
2 0.634642
3 0.559809
4 1.74034
2650 4
1 0.552444
2 0.633653
3 0.556292
4 1.74239
2660 4
1 0.561392
2 0.634704
3 0.558849
4 1.75494
2670 4
1 0.567208
2 0.636659
3 0.564189
4 1.76806
2680 4
1 0.570638
2 0.637464
3 0.567743
4 1.77584
2690 4
1 0.575334
2 0.639527
3 0.567552
4 1.78241
2700 4
1 0.579657
2 0.644485
3 0.568368
4 1.79251
2710 4
1 0.57906
2 0.646383
3 0.575154
4 1.8006
2720 4
1 0.573053
2 0.641343
3 0.584299
4 1.7987
2730 4
1 0.565884
2 0.634372
3 0.587676
4 1.78793
2740 4
1 0.561339
2 0.632109
3 0.587828
4 1.78128
2750 4
1 0.561006
2 0.635842
3 0.590021
4 1.78687
2760 4
1 0.564911
2 0.638116
3 0.593263
4 1.79629
2770 4
1 0.573817
2 0.632181
3 0.59589
4 1.80189
2780 4
1 0.584519
2 0.624545
3 0.597149
4 1.80621
2790 4
1 0.591599
2 0.623554
3 0.594776
4 1.80993
2800 4
1 0.59303
2 0.62617
3 0.591739
4 1.81094
2810 4
1 0.587827
2 0.629295
3 0.591372
4 1.80849
2820 4
1 0.580274
2 0.63331
3 0.590612
4 1.8042
2830 4
1 0.577609
2 0.634178
3 0.587858
4 1.79964
2840 4
1 0.579675
2 0.633776
3 0.585986
4 1.79944
2850 4
1 0.580592
2 0.632364
3 0.587043
4 1.8
2860 4
1 0.579848
2 0.628178
3 0.590198
4 1.79822
2870 4
1 0.578838
2 0.623168
3 0.592169
4 1.79418
2880 4
1 0.578676
2 0.622023
3 0.589728
4 1.79043
2890 4
1 0.58191
2 0.625799
3 0.585944
4 1.79365
2900 4
1 0.584205
2 0.631347
3 0.586582
4 1.80213
2910 4
1 0.581003
2 0.63608
3 0.590149
4 1.80723
2920 4
1 0.577536
2 0.640956
3 0.593251
4 1.81174
2930 4
1 0.576079
2 0.641962
3 0.594787
4 1.81283
2940 4
1 0.575615
2 0.639406
3 0.592989
4 1.80801
2950 4
1 0.573116
2 0.633659
3 0.590693
4 1.79747
2960 4
1 0.571436
2 0.62803
3 0.589814
4 1.78928
2970 4
1 0.567657
2 0.624026
3 0.589557
4 1.78124
2980 4
1 0.563135
2 0.622922
3 0.587594
4 1.77365
2990 4
1 0.559883
2 0.62644
3 0.584985
4 1.77131
3000 4
1 0.555454
2 0.628919
3 0.587398
4 1.77177
3010 4
1 0.548917
2 0.631017
3 0.597151
4 1.77709
3020 4
1 0.541717
2 0.635687
3 0.608461
4 1.78586
3030 4
1 0.537801
2 0.635982
3 0.613667
4 1.78745
3040 4
1 0.539014
2 0.632704
3 0.611482
4 1.7832
3050 4
1 0.541976
2 0.631558
3 0.605178
4 1.77871
3060 4
1 0.544376
2 0.629433
3 0.598093
4 1.7719
3070 4
1 0.548257
2 0.632121
3 0.594558
4 1.77494
3080 4
1 0.557367
2 0.63449
3 0.597044
4 1.7889
3090 4
1 0.567113
2 0.637869
3 0.60344
4 1.80842
3100 4
1 0.572269
2 0.641131
3 0.608155
4 1.82156
3110 4
1 0.572839
2 0.644322
3 0.61135
4 1.82851
3120 4
1 0.572465
2 0.644548
3 0.612973
4 1.82999
3130 4
1 0.572681
2 0.645154
3 0.614374
4 1.83221
3140 4
1 0.574651
2 0.644148
3 0.616782
4 1.83558
3150 4
1 0.577591
2 0.641537
3 0.618059
4 1.83719
3160 4
1 0.579362
2 0.641451
3 0.616234
4 1.83705
3170 4
1 0.580107
2 0.642569
3 0.61082
4 1.8335
3180 4
1 0.578489
2 0.641864
3 0.603912
4 1.82426
3190 4
1 0.573591
2 0.638901
3 0.595315
4 1.80781
3200 4
1 0.565446
2 0.636694
3 0.584884
4 1.78702
3210 4
1 0.558529
2 0.634806
3 0.578192
4 1.77153
3220 4
1 0.557013
2 0.635306
3 0.58055
4 1.77287
3230 4
1 0.555425
2 0.637735
3 0.588672
4 1.78183
3240 4
1 0.549594
2 0.640393
3 0.594116
4 1.7841
3250 4
1 0.544743
2 0.643087
3 0.59338
4 1.78121
3260 4
1 0.541022
2 0.641972
3 0.590793
4 1.77379
3270 4
1 0.537991
2 0.642594
3 0.591311
4 1.7719
3280 4
1 0.535466
2 0.643857
3 0.594092
4 1.77341
3290 4
1 0.533239
2 0.64624
3 0.594584
4 1.77406
3300 4
1 0.533728
2 0.648153
3 0.590777
4 1.77266
3310 4
1 0.536526
2 0.649575
3 0.584495
4 1.7706
3320 4
1 0.537067
2 0.650651
3 0.582436
4 1.77015
3330 4
1 0.537058
2 0.649843
3 0.584595
4 1.7715
3340 4
1 0.540407
2 0.650197
3 0.584853
4 1.77546
3350 4
1 0.545467
2 0.652623
3 0.581715
4 1.77981
3360 4
1 0.550186
2 0.655577
3 0.578959
4 1.78472
3370 4
1 0.552326
2 0.655888
3 0.580249
4 1.78846
3380 4
1 0.551605
2 0.654127
3 0.585264
4 1.791
3390 4
1 0.549572
2 0.654168
3 0.590936
4 1.79468
3400 4
1 0.548248
2 0.651181
3 0.595285
4 1.79471
3410 4
1 0.548823
2 0.64848
3 0.596187
4 1.79349
3420 4
1 0.550721
2 0.64412
3 0.596281
4 1.79112
3430 4
1 0.55205
2 0.638466
3 0.59741
4 1.78793
3440 4
1 0.553989
2 0.638576
3 0.600619
4 1.79318
3450 4
1 0.559054
2 0.643538
3 0.60248
4 1.80507
3460 4
1 0.565707
2 0.646321
3 0.602018
4 1.81405
3470 4
1 0.569774
2 0.643312
3 0.602418
4 1.8155
3480 4
1 0.571298
2 0.639752
3 0.602358
4 1.81341
3490 4
1 0.571847
2 0.638906
3 0.600469
4 1.81122
3500 4
1 0.572341
2 0.642385
3 0.598028
4 1.81275
3510 4
1 0.577518
2 0.644195
3 0.59443
4 1.81614
3520 4
1 0.585389
2 0.640316
3 0.59488
4 1.82058
3530 4
1 0.590928
2 0.63707
3 0.598324
4 1.82632
3540 4
1 0.592517
2 0.632964
3 0.604171
4 1.82965
3550 4
1 0.588738
2 0.632742
3 0.612089
4 1.83357
3560 4
1 0.580053
2 0.635818
3 0.616505
4 1.83238
3570 4
1 0.571924
2 0.638434
3 0.615807
4 1.82616
3580 4
1 0.567525
2 0.641293
3 0.614092
4 1.82291
3590 4
1 0.567632
2 0.645433
3 0.61338
4 1.82645
3600 4
1 0.56993
2 0.64789
3 0.611551
4 1.82937
3610 4
1 0.570034
2 0.644956
3 0.610364
4 1.82535
3620 4
1 0.568528
2 0.642365
3 0.610346
4 1.82124
3630 4
1 0.568233
2 0.642076
3 0.610347
4 1.82066
3640 4
1 0.567346
2 0.640922
3 0.611526
4 1.81979
3650 4
1 0.568126
2 0.641105
3 0.612744
4 1.82198
3660 4
1 0.571956
2 0.6421
3 0.613946
4 1.828
3670 4
1 0.576265
2 0.643704
3 0.614541
4 1.83451
3680 4
1 0.581132
2 0.647639
3 0.614156
4 1.84293
3690 4
1 0.582605
2 0.652174
3 0.61505
4 1.84983
3700 4
1 0.58191
2 0.654116
3 0.618754
4 1.85478
3710 4
1 0.582892
2 0.650793
3 0.624832
4 1.85852
3720 4
1 0.587652
2 0.645427
3 0.63145
4 1.86453
3730 4
1 0.593269
2 0.641056
3 0.635073
4 1.8694
3740 4
1 0.594856
2 0.637513
3 0.634451
4 1.86682
3750 4
1 0.591712
2 0.640613
3 0.631712
4 1.86404
3760 4
1 0.590434
2 0.650619
3 0.62902
4 1.87007
3770 4
1 0.595709
2 0.661011
3 0.627974
4 1.88469
3780 4
1 0.60398
2 0.668498
3 0.628488
4 1.90097
3790 4
1 0.608633
2 0.674902
3 0.630313
4 1.91385
3800 4
1 0.603788
2 0.673135
3 0.631848
4 1.90877
3810 4
1 0.592285
2 0.665227
3 0.630719
4 1.88823
3820 4
1 0.582702
2 0.662199
3 0.626452
4 1.87135
3830 4
1 0.581833
2 0.664263
3 0.619059
4 1.86516
3840 4
1 0.590164
2 0.664062
3 0.611752
4 1.86598
3850 4
1 0.600667
2 0.658565
3 0.606918
4 1.86615
3860 4
1 0.607452
2 0.651393
3 0.603543
4 1.86239
3870 4
1 0.609979
2 0.648677
3 0.601863
4 1.86052
3880 4
1 0.607473
2 0.645908
3 0.60132
4 1.8547
3890 4
1 0.601471
2 0.643468
3 0.601655
4 1.84659
3900 4
1 0.597414
2 0.647127
3 0.607375
4 1.85192
3910 4
1 0.597433
2 0.651651
3 0.612536
4 1.86162
3920 4
1 0.602768
2 0.655259
3 0.613501
4 1.87153
3930 4
1 0.608918
2 0.660027
3 0.613801
4 1.88275
3940 4
1 0.611605
2 0.662606
3 0.612498
4 1.88671
3950 4
1 0.610634
2 0.662256
3 0.611445
4 1.88433
3960 4
1 0.607551
2 0.660734
3 0.613049
4 1.88133
3970 4
1 0.606162
2 0.658582
3 0.613316
4 1.87806
3980 4
1 0.606731
2 0.656888
3 0.61384
4 1.87746
3990 4
1 0.608966
2 0.656103
3 0.615299
4 1.88037
4000 4
1 0.611386
2 0.654289
3 0.614179
4 1.87985
4010 4
1 0.608666
2 0.654514
3 0.6113
4 1.87448
4020 4
1 0.60087
2 0.655527
3 0.608319
4 1.86472
4030 4
1 0.589401
2 0.653403
3 0.608133
4 1.85094
4040 4
1 0.580474
2 0.651513
3 0.60953
4 1.84152
4050 4
1 0.580189
2 0.646848
3 0.608652
4 1.83569
4060 4
1 0.586649
2 0.640245
3 0.608881
4 1.83578
4070 4
1 0.595276
2 0.630127
3 0.605672
4 1.83107
4080 4
1 0.601788
2 0.624837
3 0.600081
4 1.82671
4090 4
1 0.603069
2 0.623019
3 0.593277
4 1.81937
4100 4
1 0.601999
2 0.62304
3 0.586841
4 1.81188
4110 4
1 0.597974
2 0.626415
3 0.584384
4 1.80877
4120 4
1 0.590053
2 0.630704
3 0.587619
4 1.80838
4130 4
1 0.583173
2 0.635604
3 0.590976
4 1.80975
4140 4
1 0.582586
2 0.642162
3 0.590205
4 1.81495
4150 4
1 0.588053
2 0.643456
3 0.587354
4 1.81886
4160 4
1 0.595343
2 0.643497
3 0.585405
4 1.82424
4170 4
1 0.600723
2 0.641738
3 0.586303
4 1.82876
4180 4
1 0.604047
2 0.639972
3 0.590062
4 1.83408
4190 4
1 0.603477
2 0.639714
3 0.594226
4 1.83742
4200 4
1 0.600867
2 0.638208
3 0.59898
4 1.83805
4210 4
1 0.599708
2 0.637803
3 0.60473
4 1.84224
4220 4
1 0.599475
2 0.634937
3 0.608194
4 1.84261
4230 4
1 0.598626
2 0.634561
3 0.606341
4 1.83953
4240 4
1 0.594578
2 0.637905
3 0.600794
4 1.83328
4250 4
1 0.589589
2 0.637966
3 0.59367
4 1.82123
4260 4
1 0.586259
2 0.639193
3 0.587368
4 1.81282
4270 4
1 0.583994
2 0.642965
3 0.585521
4 1.81248
4280 4
1 0.585375
2 0.647541
3 0.587212
4 1.82013
4290 4
1 0.587138
2 0.65399
3 0.590345
4 1.83147
4300 4
1 0.588318
2 0.65559
3 0.594507
4 1.83842
4310 4
1 0.59361
2 0.656047
3 0.596475
4 1.84613
4320 4
1 0.602163
2 0.647566
3 0.598361
4 1.84809
4330 4
1 0.613467
2 0.637694
3 0.601786
4 1.85295
4340 4
1 0.620088
2 0.634649
3 0.604444
4 1.85918
4350 4
1 0.61902
2 0.642613
3 0.605346
4 1.86698
4360 4
1 0.614755
2 0.652572
3 0.605288
4 1.87262
4370 4
1 0.60984
2 0.653428
3 0.601484
4 1.86475
4380 4
1 0.606295
2 0.646627
3 0.59673
4 1.84965
4390 4
1 0.60751
2 0.634147
3 0.594435
4 1.83609
4400 4
1 0.609844
2 0.623222
3 0.596618
4 1.82968
4410 4
1 0.610178
2 0.61915
3 0.599622
4 1.82895
4420 4
1 0.60814
2 0.621595
3 0.602971
4 1.83271
4430 4
1 0.605805
2 0.622447
3 0.601102
4 1.82935
4440 4
1 0.602349
2 0.621943
3 0.594237
4 1.81853
4450 4
1 0.598776
2 0.623674
3 0.589147
4 1.8116
4460 4
1 0.596784
2 0.626251
3 0.59028
4 1.81332
4470 4
1 0.596842
2 0.628465
3 0.593576
4 1.81888
4480 4
1 0.598893
2 0.631469
3 0.599103
4 1.82946
4490 4
1 0.6025
2 0.635528
3 0.604731
4 1.84276
4500 4
1 0.606512
2 0.64265
3 0.607015
4 1.85618
4510 4
1 0.60738
2 0.651316
3 0.60869
4 1.86739
4520 4
1 0.604785
2 0.654512
3 0.61252
4 1.87182
4530 4
1 0.604206
2 0.654078
3 0.614516
4 1.8728
4540 4
1 0.605989
2 0.651153
3 0.61346
4 1.8706
4550 4
1 0.609169
2 0.647169
3 0.611967
4 1.8683
4560 4
1 0.612707
2 0.645949
3 0.611667
4 1.87032
4570 4
1 0.615302
2 0.642436
3 0.610918
4 1.86866
4580 4
1 0.619764
2 0.641925
3 0.608413
4 1.8701
4590 4
1 0.623506
2 0.643451
3 0.604674
4 1.87163
4600 4
1 0.624386
2 0.650118
3 0.602168
4 1.87667
4610 4
1 0.622002
2 0.654709
3 0.599404
4 1.87611
4620 4
1 0.61854
2 0.66011
3 0.59826
4 1.87691
4630 4
1 0.61236
2 0.665548
3 0.596459
4 1.87437
4640 4
1 0.603006
2 0.668254
3 0.593932
4 1.86519
4650 4
1 0.593378
2 0.665754
3 0.594997
4 1.85413
4660 4
1 0.58785
2 0.66292
3 0.599483
4 1.85025
4670 4
1 0.58611
2 0.658414
3 0.604371
4 1.8489
4680 4
1 0.587727
2 0.64988
3 0.607504
4 1.84511
4690 4
1 0.593433
2 0.643118
3 0.608485
4 1.84504
4700 4
1 0.602704
2 0.644254
3 0.607497
4 1.85446
4710 4
1 0.609785
2 0.647157
3 0.607037
4 1.86398
4720 4
1 0.611445
2 0.65326
3 0.606699
4 1.8714
4730 4
1 0.609055
2 0.659882
3 0.606606
4 1.87554
4740 4
1 0.60505
2 0.667828
3 0.606351
4 1.87923
4750 4
1 0.598718
2 0.673198
3 0.608568
4 1.88048
4760 4
1 0.59435
2 0.676382
3 0.611756
4 1.88249
4770 4
1 0.594664
2 0.682876
3 0.615823
4 1.89336
4780 4
1 0.598345
2 0.692299
3 0.619925
4 1.91057
4790 4
1 0.604033
2 0.695074
3 0.620651
4 1.91976
4800 4
1 0.608913
2 0.690413
3 0.619384
4 1.91871
4810 4
1 0.612954
2 0.684754
3 0.619572
4 1.91728
4820 4
1 0.615649
2 0.676853
3 0.618661
4 1.91116
4830 4
1 0.615207
2 0.673086
3 0.618188
4 1.90648
4840 4
1 0.611717
2 0.676273
3 0.617077
4 1.90507
4850 4
1 0.605175
2 0.681274
3 0.613246
4 1.8997
4860 4
1 0.598176
2 0.684227
3 0.612903
4 1.89531
4870 4
1 0.595721
2 0.687817
3 0.616365
4 1.8999
4880 4
1 0.599936
2 0.694504
3 0.622659
4 1.9171
4890 4
1 0.606565
2 0.697927
3 0.629642
4 1.93413
4900 4
1 0.610819
2 0.695035
3 0.63361
4 1.93946
4910 4
1 0.613076
2 0.688741
3 0.633411
4 1.93523
4920 4
1 0.61288
2 0.684952
3 0.628497
4 1.92633
4930 4
1 0.611105
2 0.682043
3 0.624445
4 1.91759
4940 4
1 0.610428
2 0.685567
3 0.623347
4 1.91934
4950 4
1 0.612091
2 0.692031
3 0.627331
4 1.93145
4960 4
1 0.614554
2 0.700466
3 0.629593
4 1.94461
4970 4
1 0.615509
2 0.702558
3 0.629082
4 1.94715
4980 4
1 0.613473
2 0.700438
3 0.627871
4 1.94178
4990 4
1 0.609336
2 0.694079
3 0.625633
4 1.92905
5000 4
1 0.603771
2 0.687013
3 0.620118
4 1.9109
5010 4
1 0.598638
2 0.682774
3 0.613169
4 1.89458
5020 4
1 0.594516
2 0.679504
3 0.605822
4 1.87984
5030 4
1 0.592399
2 0.680763
3 0.599044
4 1.87221
5040 4
1 0.588301
2 0.679118
3 0.592989
4 1.86041
5050 4
1 0.582319
2 0.674033
3 0.593123
4 1.84948
5060 4
1 0.580063
2 0.668165
3 0.599077
4 1.8473
5070 4
1 0.583836
2 0.660222
3 0.607155
4 1.85121
5080 4
1 0.592214
2 0.65525
3 0.616911
4 1.86437
5090 4
1 0.598711
2 0.655844
3 0.623164
4 1.87772
5100 4
1 0.601533
2 0.656032
3 0.624495
4 1.88206
5110 4
1 0.602156
2 0.65712
3 0.625633
4 1.88491
5120 4
1 0.59991
2 0.656999
3 0.627214
4 1.88412
5130 4
1 0.597341
2 0.657528
3 0.627425
4 1.88229
5140 4
1 0.595791
2 0.663693
3 0.625588
4 1.88507
5150 4
1 0.593859
2 0.666673
3 0.621601
4 1.88213
5160 4
1 0.592791
2 0.670115
3 0.616453
4 1.87936
5170 4
1 0.592113
2 0.675738
3 0.612109
4 1.87996
5180 4
1 0.591735
2 0.675015
3 0.608267
4 1.87502
5190 4
1 0.59247
2 0.67158
3 0.605899
4 1.86995
5200 4
1 0.593595
2 0.667558
3 0.606833
4 1.86799
5210 4
1 0.594489
2 0.661696
3 0.611678
4 1.86786
5220 4
1 0.59131
2 0.660174
3 0.617639
4 1.86912
5230 4
1 0.587044
2 0.664837
3 0.619809
4 1.87169
5240 4
1 0.585775
2 0.672087
3 0.618384
4 1.87625
5250 4
1 0.58567
2 0.674918
3 0.617201
4 1.87779
5260 4
1 0.587973
2 0.670582
3 0.618392
4 1.87695
5270 4
1 0.595161
2 0.664487
3 0.619363
4 1.87901
5280 4
1 0.602136
2 0.664383
3 0.61864
4 1.88516
5290 4
1 0.604306
2 0.668691
3 0.619155
4 1.89215
5300 4
1 0.605043
2 0.671149
3 0.621395
4 1.89759
5310 4
1 0.607207
2 0.673226
3 0.622284
4 1.90272
5320 4
1 0.609556
2 0.672802
3 0.62058
4 1.90294
5330 4
1 0.612315
2 0.673016
3 0.620185
4 1.90552
5340 4
1 0.613319
2 0.666584
3 0.621399
4 1.9013
5350 4
1 0.614212
2 0.660556
3 0.623245
4 1.89801
5360 4
1 0.616034
2 0.658879
3 0.625988
4 1.9009
5370 4
1 0.618218
2 0.660813
3 0.629481
4 1.90851
5380 4
1 0.617993
2 0.666677
3 0.635017
4 1.91969
5390 4
1 0.618286
2 0.6706
3 0.638285
4 1.92717
5400 4
1 0.622059
2 0.6698
3 0.640891
4 1.93275
5410 4
1 0.628044
2 0.662178
3 0.641501
4 1.93172
5420 4
1 0.635359
2 0.651994
3 0.640365
4 1.92772
5430 4
1 0.642958
2 0.646886
3 0.638931
4 1.92877
5440 4
1 0.644396
2 0.648078
3 0.637939
4 1.93041
5450 4
1 0.638401
2 0.651193
3 0.636377
4 1.92597
5460 4
1 0.630357
2 0.653043
3 0.632851
4 1.91625
5470 4
1 0.622746
2 0.655385
3 0.631118
4 1.90925
5480 4
1 0.620029
2 0.657891
3 0.628122
4 1.90604
5490 4
1 0.622973
2 0.660884
3 0.624127
4 1.90798
5500 4
1 0.628284
2 0.661407
3 0.623553
4 1.91324
5510 4
1 0.636111
2 0.654159
3 0.621378
4 1.91165
5520 4
1 0.642272
2 0.645423
3 0.617396
4 1.90509
5530 4
1 0.6447
2 0.639551
3 0.613082
4 1.89733
5540 4
1 0.648135
2 0.637759
3 0.61073
4 1.89662
5550 4
1 0.650995
2 0.641303
3 0.611761
4 1.90406
5560 4
1 0.652007
2 0.645222
3 0.617178
4 1.91441
5570 4
1 0.651547
2 0.647998
3 0.625187
4 1.92473
5580 4
1 0.647235
2 0.652759
3 0.629681
4 1.92968
5590 4
1 0.64106
2 0.656331
3 0.629066
4 1.92646
5600 4
1 0.638247
2 0.656953
3 0.623988
4 1.91919
5610 4
1 0.638088
2 0.656663
3 0.616947
4 1.9117
5620 4
1 0.638697
2 0.655047
3 0.613124
4 1.90687
5630 4
1 0.642125
2 0.653269
3 0.613959
4 1.90935
5640 4
1 0.64595
2 0.659202
3 0.616356
4 1.92151
5650 4
1 0.645538
2 0.6694
3 0.619807
4 1.93475
5660 4
1 0.641595
2 0.67572
3 0.624457
4 1.94177
5670 4
1 0.635124
2 0.677729
3 0.629997
4 1.94285
5680 4
1 0.628738
2 0.674252
3 0.634899
4 1.93789
5690 4
1 0.624472
2 0.665613
3 0.635584
4 1.92567
5700 4
1 0.621654
2 0.661826
3 0.634479
4 1.91796
5710 4
1 0.616053
2 0.664356
3 0.634115
4 1.91452
5720 4
1 0.609037
2 0.668408
3 0.630794
4 1.90824
5730 4
1 0.602995
2 0.669398
3 0.623385
4 1.89578
5740 4
1 0.599434
2 0.667586
3 0.614966
4 1.88199
5750 4
1 0.599246
2 0.666663
3 0.608344
4 1.87425
5760 4
1 0.602596
2 0.665545
3 0.605539
4 1.87368
5770 4
1 0.608169
2 0.663856
3 0.605737
4 1.87776
5780 4
1 0.613373
2 0.663448
3 0.606685
4 1.88351
5790 4
1 0.616809
2 0.665833
3 0.607097
4 1.88974
5800 4
1 0.619457
2 0.669908
3 0.606088
4 1.89545
5810 4
1 0.621241
2 0.674428
3 0.604735
4 1.9004
5820 4
1 0.622053
2 0.675905
3 0.605142
4 1.9031
5830 4
1 0.624743
2 0.675633
3 0.610396
4 1.91077
5840 4
1 0.628528
2 0.67776
3 0.620116
4 1.9264
5850 4
1 0.629795
2 0.680828
3 0.627983
4 1.93861
5860 4
1 0.631046
2 0.685209
3 0.629528
4 1.94578
5870 4
1 0.633271
2 0.690892
3 0.626854
4 1.95102
5880 4
1 0.635199
2 0.690005
3 0.622977
4 1.94818
5890 4
1 0.635013
2 0.68346
3 0.620417
4 1.93889
5900 4
1 0.629319
2 0.676302
3 0.620886
4 1.92651
5910 4
1 0.620291
2 0.667751
3 0.623047
4 1.91109
5920 4
1 0.615038
2 0.661439
3 0.623601
4 1.90008
5930 4
1 0.615197
2 0.659355
3 0.623816
4 1.89837
5940 4
1 0.619568
2 0.658645
3 0.624856
4 1.90307
5950 4
1 0.624824
2 0.658353
3 0.626787
4 1.90996
5960 4
1 0.629645
2 0.659309
3 0.627322
4 1.91628
5970 4
1 0.634792
2 0.664299
3 0.627119
4 1.92621
5980 4
1 0.63761
2 0.670449
3 0.625483
4 1.93354
5990 4
1 0.632666
2 0.675084
3 0.624046
4 1.9318
6000 4
1 0.623374
2 0.670892
3 0.623661
4 1.91793
6010 4
1 0.617575
2 0.659954
3 0.62535
4 1.90288
6020 4
1 0.619111
2 0.649751
3 0.628511
4 1.89737
6030 4
1 0.624395
2 0.643343
3 0.628773
4 1.89651
6040 4
1 0.627434
2 0.641113
3 0.626492
4 1.89504
6050 4
1 0.628188
2 0.641856
3 0.62589
4 1.89594
6060 4
1 0.630217
2 0.645078
3 0.626538
4 1.90183
6070 4
1 0.632633
2 0.649058
3 0.627171
4 1.90886
6080 4
1 0.630209
2 0.655795
3 0.626877
4 1.91288
6090 4
1 0.624164
2 0.66073
3 0.626261
4 1.91116
6100 4
1 0.619046
2 0.663478
3 0.626878
4 1.9094
6110 4
1 0.618123
2 0.659093
3 0.627906
4 1.90512
6120 4
1 0.618549
2 0.649827
3 0.628192
4 1.89657
6130 4
1 0.619049
2 0.640647
3 0.627708
4 1.8874
6140 4
1 0.619905
2 0.634495
3 0.625622
4 1.88002
6150 4
1 0.621613
2 0.633512
3 0.621827
4 1.87695
6160 4
1 0.622764
2 0.639519
3 0.619502
4 1.88178
6170 4
1 0.62052
2 0.645526
3 0.617429
4 1.88347
6180 4
1 0.61414
2 0.6473
3 0.615628
4 1.87707
6190 4
1 0.607152
2 0.647243
3 0.616018
4 1.87041
6200 4
1 0.604803
2 0.646624
3 0.616041
4 1.86747
6210 4
1 0.609976
2 0.642199
3 0.613244
4 1.86542
6220 4
1 0.620101
2 0.641964
3 0.611113
4 1.87318
6230 4
1 0.627159
2 0.645124
3 0.609253
4 1.88154
6240 4
1 0.626816
2 0.643032
3 0.606
4 1.87585
6250 4
1 0.623487
2 0.642565
3 0.602502
4 1.86855
6260 4
1 0.623999
2 0.648181
3 0.600823
4 1.873
6270 4
1 0.628122
2 0.648929
3 0.602227
4 1.87928
6280 4
1 0.63145
2 0.646328
3 0.607217
4 1.88499
6290 4
1 0.63181
2 0.649522
3 0.613062
4 1.89439
6300 4
1 0.630368
2 0.650962
3 0.618796
4 1.90013
6310 4
1 0.631154
2 0.653417
3 0.624207
4 1.90878
6320 4
1 0.633388
2 0.655717
3 0.629081
4 1.91819
6330 4
1 0.63412
2 0.662044
3 0.633286
4 1.92945
6340 4
1 0.630371
2 0.669029
3 0.636
4 1.9354
6350 4
1 0.623651
2 0.665781
3 0.637135
4 1.92657
6360 4
1 0.61812
2 0.657728
3 0.635442
4 1.91129
6370 4
1 0.617545
2 0.653899
3 0.631656
4 1.9031
6380 4
1 0.621946
2 0.652779
3 0.627675
4 1.9024
6390 4
1 0.628156
2 0.650942
3 0.625653
4 1.90475
6400 4
1 0.6346
2 0.650443
3 0.625161
4 1.9102
6410 4
1 0.640112
2 0.653637
3 0.627965
4 1.92171
6420 4
1 0.644584
2 0.65913
3 0.636452
4 1.94017
6430 4
1 0.64966
2 0.668957
3 0.645719
4 1.96434
6440 4
1 0.652641
2 0.679286
3 0.649843
4 1.98177
6450 4
1 0.648403
2 0.681606
3 0.649594
4 1.9796
6460 4
1 0.639733
2 0.677898
3 0.647349
4 1.96498
6470 4
1 0.633001
2 0.676628
3 0.645385
4 1.95501
6480 4
1 0.631112
2 0.675546
3 0.645753
4 1.95241
6490 4
1 0.632705
2 0.673898
3 0.647735
4 1.95434
6500 4
1 0.634279
2 0.670947
3 0.647704
4 1.95293
6510 4
1 0.634011
2 0.669193
3 0.646224
4 1.94943
6520 4
1 0.632834
2 0.667933
3 0.647536
4 1.9483
6530 4
1 0.632253
2 0.666243
3 0.652432
4 1.95093
6540 4
1 0.632328
2 0.666978
3 0.656599
4 1.95591
6550 4
1 0.633035
2 0.673423
3 0.659659
4 1.96612
6560 4
1 0.636023
2 0.681872
3 0.661335
4 1.97923
6570 4
1 0.642386
2 0.684391
3 0.659866
4 1.98664
6580 4
1 0.647029
2 0.681367
3 0.659491
4 1.98789
6590 4
1 0.647461
2 0.680196
3 0.664945
4 1.9926
6600 4
1 0.646972
2 0.680267
3 0.671569
4 1.99881
6610 4
1 0.648012
2 0.673162
3 0.672516
4 1.99369
6620 4
1 0.650205
2 0.667643
3 0.672148
4 1.99
6630 4
1 0.653644
2 0.659993
3 0.671479
4 1.98512
6640 4
1 0.65847
2 0.65758
3 0.670106
4 1.98616
6650 4
1 0.665624
2 0.659494
3 0.665634
4 1.99075
6660 4
1 0.672555
2 0.661621
3 0.656593
4 1.99077
6670 4
1 0.675536
2 0.660732
3 0.64919
4 1.98546
6680 4
1 0.67504
2 0.658489
3 0.644501
4 1.97803
6690 4
1 0.672727
2 0.657806
3 0.643438
4 1.97397
6700 4
1 0.669077
2 0.657822
3 0.647306
4 1.97421
6710 4
1 0.66507
2 0.660964
3 0.652909
4 1.97894
6720 4
1 0.661643
2 0.662358
3 0.658931
4 1.98293
6730 4
1 0.657608
2 0.665506
3 0.663047
4 1.98616
6740 4
1 0.652366
2 0.667904
3 0.660924
4 1.98119
6750 4
1 0.646355
2 0.672708
3 0.656386
4 1.97545
6760 4
1 0.641277
2 0.682945
3 0.654295
4 1.97852
6770 4
1 0.638327
2 0.69068
3 0.652186
4 1.98119
6780 4
1 0.63905
2 0.693458
3 0.647503
4 1.98001
6790 4
1 0.643081
2 0.687406
3 0.639243
4 1.96973
6800 4
1 0.647181
2 0.679562
3 0.636137
4 1.96288
6810 4
1 0.647003
2 0.674866
3 0.640675
4 1.96254
6820 4
1 0.641755
2 0.673733
3 0.649863
4 1.96535
6830 4
1 0.636321
2 0.673948
3 0.657467
4 1.96774
6840 4
1 0.635539
2 0.675048
3 0.656611
4 1.9672
6850 4
1 0.638752
2 0.677845
3 0.650608
4 1.9672
6860 4
1 0.643261
2 0.674849
3 0.646845
4 1.96496
6870 4
1 0.646932
2 0.67271
3 0.648485
4 1.96813
6880 4
1 0.647717
2 0.670229
3 0.651528
4 1.96947
6890 4
1 0.646676
2 0.67039
3 0.655776
4 1.97284
6900 4
1 0.644243
2 0.665745
3 0.659213
4 1.9692
6910 4
1 0.638763
2 0.65856
3 0.661493
4 1.95882
6920 4
1 0.629324
2 0.652438
3 0.661821
4 1.94358
6930 4
1 0.617284
2 0.653317
3 0.662152
4 1.93275
6940 4
1 0.609216
2 0.659891
3 0.66445
4 1.93356
6950 4
1 0.610691
2 0.666272
3 0.666368
4 1.94333
6960 4
1 0.617985
2 0.671342
3 0.66513
4 1.95446
6970 4
1 0.625057
2 0.672864
3 0.662352
4 1.96027
6980 4
1 0.629037
2 0.673307
3 0.659571
4 1.96191
6990 4
1 0.628764
2 0.669607
3 0.661666
4 1.96004
7000 4
1 0.627235
2 0.668353
3 0.667351
4 1.96294
7010 4
1 0.626153
2 0.665638
3 0.673962
4 1.96575
7020 4
1 0.625648
2 0.665938
3 0.679225
4 1.97081
7030 4
1 0.625752
2 0.664237
3 0.681493
4 1.97148
7040 4
1 0.630203
2 0.664236
3 0.678014
4 1.97245
7050 4
1 0.639708
2 0.66348
3 0.673705
4 1.97689
7060 4
1 0.65076
2 0.663064
3 0.670848
4 1.98467
7070 4
1 0.658798
2 0.659111
3 0.671397
4 1.98931
7080 4
1 0.661097
2 0.664303
3 0.675511
4 2.00091
7090 4
1 0.655421
2 0.67463
3 0.683125
4 2.01318
7100 4
1 0.647769
2 0.686047
3 0.689009
4 2.02282
7110 4
1 0.646081
2 0.692082
3 0.692263
4 2.03043
7120 4
1 0.652075
2 0.691629
3 0.694717
4 2.03842
7130 4
1 0.658365
2 0.692648
3 0.697795
4 2.04881
7140 4
1 0.662568
2 0.698064
3 0.700505
4 2.06114
7150 4
1 0.665074
2 0.706637
3 0.701399
4 2.07311
7160 4
1 0.663696
2 0.71768
3 0.698172
4 2.07955
7170 4
1 0.661432
2 0.724221
3 0.690348
4 2.076
7180 4
1 0.659503
2 0.721526
3 0.681108
4 2.06214
7190 4
1 0.657575
2 0.714522
3 0.677508
4 2.04961
7200 4
1 0.659163
2 0.709696
3 0.682973
4 2.05183
7210 4
1 0.661728
2 0.707613
3 0.690782
4 2.06012
7220 4
1 0.66003
2 0.706431
3 0.692276
4 2.05874
7230 4
1 0.656255
2 0.708496
3 0.69008
4 2.05483
7240 4
1 0.653316
2 0.714634
3 0.690129
4 2.05808
7250 4
1 0.651851
2 0.72018
3 0.690994
4 2.06302
7260 4
1 0.649853
2 0.722181
3 0.690835
4 2.06287
7270 4
1 0.644519
2 0.722116
3 0.68918
4 2.05581
7280 4
1 0.640958
2 0.721893
3 0.688032
4 2.05088
7290 4
1 0.642124
2 0.717441
3 0.691784
4 2.05135
7300 4
1 0.645211
2 0.714265
3 0.703235
4 2.06271
7310 4
1 0.645834
2 0.711594
3 0.713391
4 2.07082
7320 4
1 0.644742
2 0.709925
3 0.716781
4 2.07145
7330 4
1 0.640359
2 0.709926
3 0.716511
4 2.0668
7340 4
1 0.636254
2 0.708027
3 0.71452
4 2.0588
7350 4
1 0.634421
2 0.705635
3 0.711188
4 2.05124
7360 4
1 0.632887
2 0.70904
3 0.710397
4 2.05232
7370 4
1 0.633252
2 0.716734
3 0.712054
4 2.06204
7380 4
1 0.635614
2 0.724552
3 0.70917
4 2.06934
7390 4
1 0.637062
2 0.733171
3 0.703399
4 2.07363
7400 4
1 0.636498
2 0.740052
3 0.699635
4 2.07619
7410 4
1 0.636264
2 0.738641
3 0.696801
4 2.07171
7420 4
1 0.638241
2 0.734079
3 0.696835
4 2.06915
7430 4
1 0.640292
2 0.73079
3 0.702478
4 2.07356
7440 4
1 0.642814
2 0.731339
3 0.711606
4 2.08576
7450 4
1 0.646073
2 0.731864
3 0.717085
4 2.09502
7460 4
1 0.649494
2 0.734838
3 0.718402
4 2.10273
7470 4
1 0.651975
2 0.737811
3 0.718822
4 2.10861
7480 4
1 0.650059
2 0.73801
3 0.718427
4 2.1065
7490 4
1 0.648044
2 0.736253
3 0.718122
4 2.10242
7500 4
1 0.65205
2 0.726281
3 0.715212
4 2.09354
7510 4
1 0.660801
2 0.717211
3 0.713702
4 2.09171
7520 4
1 0.666764
2 0.711073
3 0.715063
4 2.0929
7530 4
1 0.66555
2 0.708842
3 0.717333
4 2.09173
7540 4
1 0.661213
2 0.711711
3 0.719439
4 2.09236
7550 4
1 0.65692
2 0.715223
3 0.718075
4 2.09022
7560 4
1 0.656041
2 0.715327
3 0.714293
4 2.08566
7570 4
1 0.657174
2 0.71334
3 0.713054
4 2.08357
7580 4
1 0.660292
2 0.707212
3 0.715287
4 2.08279
7590 4
1 0.661156
2 0.70326
3 0.719468
4 2.08388
7600 4
1 0.662729
2 0.702104
3 0.722905
4 2.08774
7610 4
1 0.664464
2 0.700818
3 0.721955
4 2.08724
7620 4
1 0.666687
2 0.704503
3 0.717123
4 2.08831
7630 4
1 0.668266
2 0.708103
3 0.710306
4 2.08667
7640 4
1 0.666051
2 0.707361
3 0.704481
4 2.07789
7650 4
1 0.658648
2 0.706671
3 0.700734
4 2.06605
7660 4
1 0.651554
2 0.708605
3 0.699698
4 2.05986
7670 4
1 0.650386
2 0.713372
3 0.701959
4 2.06572
7680 4
1 0.653448
2 0.713874
3 0.704348
4 2.07167
7690 4
1 0.660024
2 0.711399
3 0.706286
4 2.07771
7700 4
1 0.66675
2 0.706015
3 0.703788
4 2.07655
7710 4
1 0.668141
2 0.702175
3 0.699595
4 2.06991
7720 4
1 0.662036
2 0.701121
3 0.699189
4 2.06235
7730 4
1 0.65759
2 0.699317
3 0.70072
4 2.05763
7740 4
1 0.658317
2 0.700695
3 0.704865
4 2.06388
7750 4
1 0.663938
2 0.702013
3 0.709347
4 2.0753
7760 4
1 0.668447
2 0.703989
3 0.709939
4 2.08237
7770 4
1 0.668827
2 0.707431
3 0.709348
4 2.08561
7780 4
1 0.664936
2 0.709222
3 0.708848
4 2.08301
7790 4
1 0.66331
2 0.71049
3 0.706999
4 2.0808
7800 4
1 0.668854
2 0.707802
3 0.700537
4 2.07719
7810 4
1 0.674716
2 0.707113
3 0.693154
4 2.07498
7820 4
1 0.678095
2 0.702166
3 0.690253
4 2.07051
7830 4
1 0.677199
2 0.699254
3 0.694926
4 2.07138
7840 4
1 0.674385
2 0.698051
3 0.703702
4 2.07614
7850 4
1 0.669061
2 0.701427
3 0.707582
4 2.07807
7860 4
1 0.662218
2 0.711217
3 0.706973
4 2.08041
7870 4
1 0.657677
2 0.718658
3 0.708528
4 2.08486
7880 4
1 0.656277
2 0.725572
3 0.715754
4 2.0976
7890 4
1 0.659558
2 0.729493
3 0.727973
4 2.11702
7900 4
1 0.664761
2 0.729179
3 0.736365
4 2.1303
7910 4
1 0.664203
2 0.73226
3 0.739952
4 2.13642
7920 4
1 0.65854
2 0.732976
3 0.738549
4 2.13006
7930 4
1 0.652849
2 0.73411
3 0.733451
4 2.12041
7940 4
1 0.648943
2 0.73685
3 0.728843
4 2.11464
7950 4
1 0.647027
2 0.736905
3 0.727021
4 2.11095
7960 4
1 0.646692
2 0.734821
3 0.727144
4 2.10866
7970 4
1 0.65033
2 0.731393
3 0.728242
4 2.10996
7980 4
1 0.653296
2 0.729085
3 0.727508
4 2.10989
7990 4
1 0.656391
2 0.725836
3 0.725021
4 2.10725
8000 4
1 0.659806
2 0.724833
3 0.72178
4 2.10642
8010 4
1 0.662248
2 0.72214
3 0.719186
4 2.10357
8020 4
1 0.661093
2 0.719181
3 0.717767
4 2.09804
8030 4
1 0.658418
2 0.713863
3 0.716347
4 2.08863
8040 4
1 0.655073
2 0.712295
3 0.715604
4 2.08297
8050 4
1 0.65339
2 0.715391
3 0.717727
4 2.08651
8060 4
1 0.655054
2 0.722119
3 0.7212
4 2.09837
8070 4
1 0.659169
2 0.72648
3 0.724445
4 2.11009
8080 4
1 0.661567
2 0.730568
3 0.725292
4 2.11743
8090 4
1 0.661345
2 0.7333
3 0.725515
4 2.12016
8100 4
1 0.657718
2 0.740021
3 0.724752
4 2.12249
8110 4
1 0.653257
2 0.74503
3 0.723786
4 2.12207
8120 4
1 0.648893
2 0.747406
3 0.721894
4 2.11819
8130 4
1 0.645268
2 0.742941
3 0.718234
4 2.10644
8140 4
1 0.641042
2 0.736176
3 0.713161
4 2.09038
8150 4
1 0.637533
2 0.728684
3 0.708992
4 2.07521
8160 4
1 0.634509
2 0.728838
3 0.706421
4 2.06977
8170 4
1 0.633204
2 0.729395
3 0.70821
4 2.07081
8180 4
1 0.633854
2 0.732298
3 0.712833
4 2.07899
8190 4
1 0.632603
2 0.733283
3 0.719983
4 2.08587
8200 4
1 0.631082
2 0.733265
3 0.725544
4 2.08989
8210 4
1 0.631842
2 0.734687
3 0.72523
4 2.09176
8220 4
1 0.638199
2 0.73715
3 0.718432
4 2.09378
8230 4
1 0.643959
2 0.738681
3 0.70754
4 2.09018
8240 4
1 0.643813
2 0.73754
3 0.700025
4 2.08138
8250 4
1 0.635687
2 0.73466
3 0.698771
4 2.06912
8260 4
1 0.627063
2 0.731828
3 0.701706
4 2.0606
8270 4
1 0.624755
2 0.731504
3 0.707649
4 2.06391
8280 4
1 0.625805
2 0.729404
3 0.712116
4 2.06733
8290 4
1 0.629952
2 0.730906
3 0.71266
4 2.07352
8300 4
1 0.632396
2 0.735277
3 0.713332
4 2.081
8310 4
1 0.629249
2 0.740626
3 0.714456
4 2.08433
8320 4
1 0.625685
2 0.742951
3 0.713364
4 2.082
8330 4
1 0.621201
2 0.742432
3 0.706761
4 2.07039
8340 4
1 0.61701
2 0.734602
3 0.699057
4 2.05067
8350 4
1 0.61383
2 0.728497
3 0.699099
4 2.04143
8360 4
1 0.608081
2 0.721727
3 0.707583
4 2.03739
8370 4
1 0.602212
2 0.722252
3 0.719221
4 2.04368
8380 4
1 0.597756
2 0.726744
3 0.726794
4 2.05129
8390 4
1 0.595992
2 0.729488
3 0.726381
4 2.05186
8400 4
1 0.597546
2 0.735351
3 0.72262
4 2.05552
8410 4
1 0.601509
2 0.746983
3 0.718903
4 2.06739
8420 4
1 0.606808
2 0.752473
3 0.714554
4 2.07384
8430 4
1 0.610211
2 0.747064
3 0.711849
4 2.06912
8440 4
1 0.610214
2 0.740258
3 0.712549
4 2.06302
8450 4
1 0.609576
2 0.734292
3 0.716198
4 2.06007
8460 4
1 0.609668
2 0.732244
3 0.719897
4 2.06181
8470 4
1 0.611334
2 0.735675
3 0.720319
4 2.06733
8480 4
1 0.615898
2 0.742394
3 0.719411
4 2.0777
8490 4
1 0.622782
2 0.74295
3 0.719017
4 2.08475
8500 4
1 0.629251
2 0.736688
3 0.719996
4 2.08594
8510 4
1 0.63087
2 0.729827
3 0.723073
4 2.08377
8520 4
1 0.62914
2 0.721175
3 0.722904
4 2.07322
8530 4
1 0.628791
2 0.719583
3 0.718965
4 2.06734
8540 4
1 0.628686
2 0.722953
3 0.714157
4 2.0658
8550 4
1 0.628135
2 0.729048
3 0.710157
4 2.06734
8560 4
1 0.632404
2 0.737809
3 0.708616
4 2.07883
8570 4
1 0.637624
2 0.744124
3 0.711863
4 2.09361
8580 4
1 0.64154
2 0.746922
3 0.71974
4 2.1082
8590 4
1 0.644045
2 0.743577
3 0.729539
4 2.11716
8600 4
1 0.644032
2 0.735386
3 0.736255
4 2.11567
8610 4
1 0.64471
2 0.730551
3 0.737078
4 2.11234
8620 4
1 0.644725
2 0.732098
3 0.736059
4 2.11288
8630 4
1 0.641843
2 0.73606
3 0.736532
4 2.11443
8640 4
1 0.638632
2 0.742517
3 0.737395
4 2.11854
8650 4
1 0.637579
2 0.7496
3 0.737223
4 2.1244
8660 4
1 0.638474
2 0.754264
3 0.738105
4 2.13084
8670 4
1 0.640685
2 0.756562
3 0.740503
4 2.13775
8680 4
1 0.643145
2 0.761228
3 0.742787
4 2.14716
8690 4
1 0.644915
2 0.764333
3 0.742991
4 2.15224
8700 4
1 0.645025
2 0.763143
3 0.741998
4 2.15017
8710 4
1 0.645079
2 0.757737
3 0.741636
4 2.14445
8720 4
1 0.644733
2 0.75306
3 0.742717
4 2.14051
8730 4
1 0.644441
2 0.75035
3 0.742753
4 2.13754
8740 4
1 0.644205
2 0.749918
3 0.742028
4 2.13615
8750 4
1 0.644427
2 0.750922
3 0.741174
4 2.13652
8760 4
1 0.644658
2 0.751699
3 0.740593
4 2.13695
8770 4
1 0.643743
2 0.754769
3 0.738533
4 2.13704
8780 4
1 0.640573
2 0.758859
3 0.73171
4 2.13114
8790 4
1 0.63272
2 0.760025
3 0.722679
4 2.11542
8800 4
1 0.620918
2 0.757669
3 0.714172
4 2.09276
8810 4
1 0.614372
2 0.756357
3 0.706576
4 2.0773
8820 4
1 0.618153
2 0.752933
3 0.701605
4 2.07269
8830 4
1 0.627986
2 0.749373
3 0.702176
4 2.07953
8840 4
1 0.639261
2 0.752879
3 0.706825
4 2.09896
8850 4
1 0.64737
2 0.755488
3 0.712291
4 2.11515
8860 4
1 0.651801
2 0.759328
3 0.718808
4 2.12994
8870 4
1 0.652254
2 0.761169
3 0.726731
4 2.14015
8880 4
1 0.654295
2 0.7571
3 0.735079
4 2.14647
8890 4
1 0.657879
2 0.751821
3 0.73856
4 2.14826
8900 4
1 0.661517
2 0.749384
3 0.735938
4 2.14684
8910 4
1 0.664942
2 0.760191
3 0.728143
4 2.15328
8920 4
1 0.666896
2 0.772221
3 0.720419
4 2.15954
8930 4
1 0.666737
2 0.779448
3 0.71664
4 2.16282
8940 4
1 0.666892
2 0.778708
3 0.719735
4 2.16534
8950 4
1 0.664648
2 0.77551
3 0.725912
4 2.16607
8960 4
1 0.660138
2 0.772555
3 0.73221
4 2.1649
8970 4
1 0.659149
2 0.769284
3 0.735632
4 2.16407
8980 4
1 0.658515
2 0.767553
3 0.739558
4 2.16563
8990 4
1 0.657633
2 0.766666
3 0.743539
4 2.16784
9000 4
1 0.656053
2 0.766902
3 0.747629
4 2.17058
9010 4
1 0.65352
2 0.768803
3 0.751963
4 2.17429
9020 4
1 0.651392
2 0.776804
3 0.751427
4 2.17962
9030 4
1 0.650478
2 0.7847
3 0.749285
4 2.18446
9040 4
1 0.651452
2 0.786725
3 0.747617
4 2.18579
9050 4
1 0.65046
2 0.785786
3 0.744539
4 2.18078
9060 4
1 0.648143
2 0.780341
3 0.742601
4 2.17109
9070 4
1 0.646226
2 0.773518
3 0.739907
4 2.15965
9080 4
1 0.645513
2 0.767751
3 0.735735
4 2.149
9090 4
1 0.647327
2 0.761874
3 0.730325
4 2.13953
9100 4
1 0.651522
2 0.758143
3 0.723348
4 2.13301
9110 4
1 0.654865
2 0.759254
3 0.714584
4 2.1287
9120 4
1 0.654977
2 0.758999
3 0.706446
4 2.12042
9130 4
1 0.650717
2 0.753849
3 0.701989
4 2.10656
9140 4
1 0.645012
2 0.75141
3 0.700468
4 2.09689
9150 4
1 0.640217
2 0.754487
3 0.701423
4 2.09613
9160 4
1 0.634272
2 0.759365
3 0.70292
4 2.09656
9170 4
1 0.632048
2 0.767714
3 0.705908
4 2.10567
9180 4
1 0.634439
2 0.775501
3 0.709279
4 2.11922
9190 4
1 0.638872
2 0.779945
3 0.710425
4 2.12924
9200 4
1 0.646714
2 0.784087
3 0.712161
4 2.14296
9210 4
1 0.656763
2 0.785851
3 0.715873
4 2.15849
9220 4
1 0.66413
2 0.784276
3 0.722174
4 2.17058
9230 4
1 0.66983
2 0.782569
3 0.729062
4 2.18146
9240 4
1 0.677359
2 0.782447
3 0.735748
4 2.19555
9250 4
1 0.68297
2 0.784938
3 0.740062
4 2.20797
9260 4
1 0.683764
2 0.78892
3 0.740603
4 2.21329
9270 4
1 0.68115
2 0.789956
3 0.738232
4 2.20934
9280 4
1 0.67596
2 0.790775
3 0.733083
4 2.19982
9290 4
1 0.669144
2 0.7904
3 0.725766
4 2.18531
9300 4
1 0.66338
2 0.786558
3 0.718541
4 2.16848
9310 4
1 0.662781
2 0.779733
3 0.713428
4 2.15594
9320 4
1 0.666683
2 0.772096
3 0.709934
4 2.14871
9330 4
1 0.667674
2 0.770277
3 0.707656
4 2.14561
9340 4
1 0.666113
2 0.775238
3 0.708446
4 2.1498
9350 4
1 0.665614
2 0.777679
3 0.711326
4 2.15462
9360 4
1 0.665464
2 0.774371
3 0.710391
4 2.15023
9370 4
1 0.668379
2 0.770436
3 0.706598
4 2.14541
9380 4
1 0.675451
2 0.767491
3 0.704638
4 2.14758
9390 4
1 0.682612
2 0.759421
3 0.708344
4 2.15038
9400 4
1 0.685809
2 0.751712
3 0.714663
4 2.15218
9410 4
1 0.686459
2 0.754461
3 0.71873
4 2.15965
9420 4
1 0.688138
2 0.762933
3 0.717987
4 2.16906
9430 4
1 0.692017
2 0.77279
3 0.715495
4 2.1803
9440 4
1 0.694977
2 0.782442
3 0.717484
4 2.1949
9450 4
1 0.69246
2 0.781508
3 0.720896
4 2.19486
9460 4
1 0.686273
2 0.773765
3 0.726717
4 2.18676
9470 4
1 0.680947
2 0.76538
3 0.734944
4 2.18127
9480 4
1 0.676884
2 0.758331
3 0.735248
4 2.17046
9490 4
1 0.674955
2 0.753706
3 0.727755
4 2.15642
9500 4
1 0.67621
2 0.752457
3 0.720662
4 2.14933
9510 4
1 0.679791
2 0.759712
3 0.716244
4 2.15575
9520 4
1 0.684036
2 0.766495
3 0.714886
4 2.16542
9530 4
1 0.686365
2 0.766073
3 0.717863
4 2.1703
9540 4
1 0.681103
2 0.762028
3 0.720748
4 2.16388
9550 4
1 0.670164
2 0.758668
3 0.723094
4 2.15193
9560 4
1 0.662232
2 0.759578
3 0.726644
4 2.14845
9570 4
1 0.657679
2 0.764912
3 0.728336
4 2.15093
9580 4
1 0.655574
2 0.772378
3 0.728118
4 2.15607
9590 4
1 0.652644
2 0.78272
3 0.725974
4 2.16134
9600 4
1 0.650921
2 0.787987
3 0.720762
4 2.15967
9610 4
1 0.650527
2 0.783702
3 0.71817
4 2.1524
9620 4
1 0.649442
2 0.777031
3 0.719991
4 2.14646
9630 4
1 0.648928
2 0.773852
3 0.725542
4 2.14832
9640 4
1 0.652882
2 0.77123
3 0.730788
4 2.1549
9650 4
1 0.662331
2 0.771262
3 0.730212
4 2.1638
9660 4
1 0.673434
2 0.77082
3 0.723465
4 2.16772
9670 4
1 0.67977
2 0.76894
3 0.715869
4 2.16458
9680 4
1 0.677505
2 0.767412
3 0.710104
4 2.15502
9690 4
1 0.669911
2 0.763315
3 0.707294
4 2.14052
9700 4
1 0.66316
2 0.755537
3 0.707471
4 2.12617
9710 4
1 0.659177
2 0.752795
3 0.709036
4 2.12101
9720 4
1 0.659486
2 0.753272
3 0.710591
4 2.12335
9730 4
1 0.662665
2 0.755814
3 0.710212
4 2.12869
9740 4
1 0.666348
2 0.76261
3 0.704204
4 2.13316
9750 4
1 0.667796
2 0.769808
3 0.695767
4 2.13337
9760 4
1 0.663165
2 0.773005
3 0.691031
4 2.1272
9770 4
1 0.656501
2 0.77355
3 0.69083
4 2.12088
9780 4
1 0.651901
2 0.776207
3 0.691967
4 2.12007
9790 4
1 0.651719
2 0.77986
3 0.695379
4 2.12696
9800 4
1 0.656049
2 0.781228
3 0.699997
4 2.13727
9810 4
1 0.662679
2 0.780017
3 0.702404
4 2.1451
9820 4
1 0.665482
2 0.775852
3 0.70462
4 2.14595
9830 4
1 0.663276
2 0.77133
3 0.705822
4 2.14043
9840 4
1 0.660708
2 0.769308
3 0.70382
4 2.13384
9850 4
1 0.658898
2 0.767959
3 0.701297
4 2.12815
9860 4
1 0.658331
2 0.767543
3 0.701992
4 2.12787
9870 4
1 0.659789
2 0.77001
3 0.707012
4 2.13681
9880 4
1 0.664123
2 0.77393
3 0.712237
4 2.15029
9890 4
1 0.669263
2 0.778197
3 0.713831
4 2.16129
9900 4
1 0.672203
2 0.780626
3 0.716006
4 2.16884
9910 4
1 0.674472
2 0.782237
3 0.722178
4 2.17889
9920 4
1 0.678997
2 0.788315
3 0.729218
4 2.19653
9930 4
1 0.686201
2 0.795083
3 0.735704
4 2.21699
9940 4
1 0.694341
2 0.797873
3 0.742271
4 2.23449
9950 4
1 0.704183
2 0.800505
3 0.747995
4 2.25268
9960 4
1 0.710627
2 0.7999
3 0.748641
4 2.25917
9970 4
1 0.710742
2 0.792191
3 0.74163
4 2.24456
9980 4
1 0.710905
2 0.783046
3 0.731714
4 2.22567
9990 4
1 0.711686
2 0.780871
3 0.724258
4 2.21682
10000 4
1 0.708787
2 0.785778
3 0.723363
4 2.21793
10010 4
1 0.704679
2 0.788254
3 0.728164
4 2.2211
10020 4
1 0.704403
2 0.786643
3 0.731164
4 2.22221
10030 4
1 0.706261
2 0.784828
3 0.729369
4 2.22046
10040 4
1 0.706411
2 0.782641
3 0.723946
4 2.213
10050 4
1 0.704825
2 0.778021
3 0.718925
4 2.20177
10060 4
1 0.701156
2 0.772882
3 0.715399
4 2.18944
10070 4
1 0.697818
2 0.769408
3 0.714148
4 2.18137
10080 4
1 0.698113
2 0.767194
3 0.712435
4 2.17774
10090 4
1 0.698406
2 0.76239
3 0.711325
4 2.17212
10100 4
1 0.695329
2 0.756749
3 0.713691
4 2.16577
10110 4
1 0.691606
2 0.756533
3 0.718589
4 2.16673
10120 4
1 0.69095
2 0.763498
3 0.72366
4 2.17811
10130 4
1 0.691279
2 0.773701
3 0.727299
4 2.19228
10140 4
1 0.691705
2 0.788009
3 0.72693
4 2.20664
10150 4
1 0.693752
2 0.799078
3 0.719399
4 2.21223
10160 4
1 0.69725
2 0.800208
3 0.708318
4 2.20578
10170 4
1 0.701445
2 0.797682
3 0.699748
4 2.19887
10180 4
1 0.702112
2 0.796647
3 0.699623
4 2.19838
10190 4
1 0.696944
2 0.799745
3 0.707855
4 2.20454
10200 4
1 0.688982
2 0.803138
3 0.717351
4 2.20947
10210 4
1 0.679906
2 0.805036
3 0.723846
4 2.20879
10220 4
1 0.672777
2 0.807447
3 0.727237
4 2.20746
10230 4
1 0.675788
2 0.80953
3 0.729899
4 2.21522
10240 4
1 0.684105
2 0.810465
3 0.733679
4 2.22825
10250 4
1 0.687175
2 0.809113
3 0.739914
4 2.2362
10260 4
1 0.686437
2 0.802464
3 0.744787
4 2.23369
10270 4
1 0.688284
2 0.795182
3 0.742996
4 2.22646
10280 4
1 0.692609
2 0.794512
3 0.736083
4 2.2232
10290 4
1 0.695749
2 0.794799
3 0.727725
4 2.21827
10300 4
1 0.692562
2 0.791312
3 0.724395
4 2.20827
10310 4
1 0.6827
2 0.788035
3 0.728334
4 2.19907
10320 4
1 0.669451
2 0.78551
3 0.733626
4 2.18859
10330 4
1 0.661069
2 0.783316
3 0.736299
4 2.18068
10340 4
1 0.661807
2 0.784143
3 0.738858
4 2.18481
10350 4
1 0.670445
2 0.784326
3 0.742733
4 2.1975
10360 4
1 0.681177
2 0.779658
3 0.745546
4 2.20638
10370 4
1 0.690203
2 0.77555
3 0.746486
4 2.21224
10380 4
1 0.69503
2 0.772522
3 0.745048
4 2.2126
10390 4
1 0.692723
2 0.765426
3 0.743153
4 2.2013
10400 4
1 0.682598
2 0.762929
3 0.745813
4 2.19134
10410 4
1 0.67027
2 0.766259
3 0.749684
4 2.18621
10420 4
1 0.662696
2 0.770582
3 0.749917
4 2.18319
10430 4
1 0.665218
2 0.776988
3 0.747117
4 2.18932
10440 4
1 0.675433
2 0.781185
3 0.741472
4 2.19809
10450 4
1 0.686127
2 0.781316
3 0.736362
4 2.2038
10460 4
1 0.693258
2 0.781365
3 0.7325
4 2.20712
10470 4
1 0.69609
2 0.779628
3 0.72697
4 2.20269
10480 4
1 0.693379
2 0.779957
3 0.722584
4 2.19592
10490 4
1 0.68835
2 0.783807
3 0.721352
4 2.19351
10500 4
1 0.685224
2 0.787375
3 0.723856
4 2.19646
10510 4
1 0.683941
2 0.789618
3 0.731155
4 2.20471
10520 4
1 0.683319
2 0.785956
3 0.736552
4 2.20583
10530 4
1 0.678786
2 0.783283
3 0.736859
4 2.19893
10540 4
1 0.671733
2 0.780691
3 0.731286
4 2.18371
10550 4
1 0.669426
2 0.778741
3 0.723693
4 2.17186
10560 4
1 0.676598
2 0.779241
3 0.717527
4 2.17337
10570 4
1 0.686247
2 0.779349
3 0.710606
4 2.1762
10580 4
1 0.692065
2 0.782319
3 0.70637
4 2.18075
10590 4
1 0.692167
2 0.785278
3 0.704417
4 2.18186
10600 4
1 0.688151
2 0.789441
3 0.705129
4 2.18272
10610 4
1 0.68412
2 0.794444
3 0.708012
4 2.18658
10620 4
1 0.679757
2 0.793695
3 0.711503
4 2.18496
10630 4
1 0.675428
2 0.79275
3 0.712028
4 2.18021
10640 4
1 0.670577
2 0.791983
3 0.712325
4 2.17489
10650 4
1 0.668184
2 0.788232
3 0.715103
4 2.17152
10660 4
1 0.669982
2 0.784073
3 0.716051
4 2.17011
10670 4
1 0.673534
2 0.779664
3 0.714197
4 2.1674
10680 4
1 0.677568
2 0.774253
3 0.715304
4 2.16712
10690 4
1 0.678109
2 0.769076
3 0.718992
4 2.16618
10700 4
1 0.671314
2 0.76624
3 0.723023
4 2.16058
10710 4
1 0.662166
2 0.770604
3 0.730413
4 2.16318
10720 4
1 0.655891
2 0.778663
3 0.738278
4 2.17283
10730 4
1 0.654226
2 0.784626
3 0.743346
4 2.1822
10740 4
1 0.657288
2 0.794107
3 0.74669
4 2.19808
10750 4
1 0.66242
2 0.802103
3 0.750295
4 2.21482
10760 4
1 0.667375
2 0.802594
3 0.757354
4 2.22732
10770 4
1 0.671003
2 0.800985
3 0.763608
4 2.2356
10780 4
1 0.673935
2 0.800929
3 0.76469
4 2.23955
10790 4
1 0.675705
2 0.803083
3 0.762147
4 2.24094
10800 4
1 0.675886
2 0.805703
3 0.758759
4 2.24035
10810 4
1 0.675259
2 0.805261
3 0.756956
4 2.23748
10820 4
1 0.674383
2 0.802648
3 0.75655
4 2.23358
10830 4
1 0.676006
2 0.799904
3 0.75656
4 2.23247
10840 4
1 0.678029
2 0.798902
3 0.755273
4 2.2322
10850 4
1 0.679261
2 0.801037
3 0.750997
4 2.23129
10860 4
1 0.682989
2 0.80434
3 0.746388
4 2.23372
10870 4
1 0.687147
2 0.810256
3 0.745164
4 2.24257
10880 4
1 0.689139
2 0.816537
3 0.745143
4 2.25082
10890 4
1 0.686976
2 0.819251
3 0.746861
4 2.25309
10900 4
1 0.680263
2 0.821079
3 0.752408
4 2.25375
10910 4
1 0.67355
2 0.820287
3 0.758471
4 2.25231
10920 4
1 0.671076
2 0.819757
3 0.761935
4 2.25277
10930 4
1 0.672973
2 0.81999
3 0.761451
4 2.25441
10940 4
1 0.678156
2 0.81984
3 0.757247
4 2.25524
10950 4
1 0.684053
2 0.822094
3 0.749844
4 2.25599
10960 4
1 0.68871
2 0.824094
3 0.743041
4 2.25584
10970 4
1 0.692463
2 0.821716
3 0.742971
4 2.25715
10980 4
1 0.694483
2 0.822187
3 0.749079
4 2.26575
10990 4
1 0.697141
2 0.827268
3 0.759117
4 2.28353
11000 4
1 0.701023
2 0.829217
3 0.766653
4 2.29689
11010 4
1 0.701635
2 0.830749
3 0.768086
4 2.30047
11020 4
1 0.697965
2 0.831765
3 0.764138
4 2.29387
11030 4
1 0.695057
2 0.826999
3 0.753978
4 2.27603
11040 4
1 0.693963
2 0.825832
3 0.743118
4 2.26291
11050 4
1 0.693889
2 0.82582
3 0.739929
4 2.25964
11060 4
1 0.691761
2 0.828086
3 0.744245
4 2.26409
11070 4
1 0.687799
2 0.82722
3 0.753451
4 2.26847
11080 4
1 0.686018
2 0.821912
3 0.761617
4 2.26955
11090 4
1 0.688573
2 0.80997
3 0.768385
4 2.26693
11100 4
1 0.690319
2 0.79633
3 0.774946
4 2.26159
11110 4
1 0.688102
2 0.789839
3 0.777211
4 2.25515
11120 4
1 0.685407
2 0.795218
3 0.773059
4 2.25368
11130 4
1 0.684263
2 0.805274
3 0.766749
4 2.25629
11140 4
1 0.682746
2 0.81045
3 0.759021
4 2.25222
11150 4
1 0.68111
2 0.814632
3 0.754229
4 2.24997
11160 4
1 0.678209
2 0.813598
3 0.752961
4 2.24477
11170 4
1 0.676027
2 0.816459
3 0.754505
4 2.24699
11180 4
1 0.675945
2 0.824598
3 0.755406
4 2.25595
11190 4
1 0.67704
2 0.831842
3 0.755852
4 2.26473
11200 4
1 0.68091
2 0.836601
3 0.758202
4 2.27571
11210 4
1 0.681001
2 0.83519
3 0.762598
4 2.27879
11220 4
1 0.680029
2 0.828378
3 0.761338
4 2.26975
11230 4
1 0.680617
2 0.819512
3 0.754727
4 2.25486
11240 4
1 0.683558
2 0.812987
3 0.74576
4 2.2423
11250 4
1 0.68516
2 0.809125
3 0.737596
4 2.23188
11260 4
1 0.68582
2 0.808104
3 0.734426
4 2.22835
11270 4
1 0.687297
2 0.804122
3 0.733518
4 2.22494
11280 4
1 0.690223
2 0.800139
3 0.733722
4 2.22408
11290 4
1 0.692101
2 0.802461
3 0.732352
4 2.22691
11300 4
1 0.691118
2 0.807656
3 0.728869
4 2.22764
11310 4
1 0.686345
2 0.814391
3 0.724808
4 2.22554
11320 4
1 0.679667
2 0.814867
3 0.723921
4 2.21846
11330 4
1 0.674746
2 0.811293
3 0.722992
4 2.20903
11340 4
1 0.670626
2 0.806721
3 0.722971
4 2.20032
11350 4
1 0.666407
2 0.800503
3 0.72035
4 2.18726
11360 4
1 0.66313
2 0.795095
3 0.718552
4 2.17678
11370 4
1 0.663486
2 0.788052
3 0.719826
4 2.17136
11380 4
1 0.66675
2 0.78416
3 0.719069
4 2.16998
11390 4
1 0.66963
2 0.780501
3 0.718767
4 2.1689
11400 4
1 0.669924
2 0.778363
3 0.716508
4 2.1648
11410 4
1 0.669027
2 0.771784
3 0.711415
4 2.15223
11420 4
1 0.667068
2 0.769406
3 0.707862
4 2.14434
11430 4
1 0.667748
2 0.768895
3 0.708511
4 2.14515
11440 4
1 0.671812
2 0.774409
3 0.71143
4 2.15765
11450 4
1 0.674373
2 0.783264
3 0.717083
4 2.17472
11460 4
1 0.674514
2 0.796159
3 0.724562
4 2.19524
11470 4
1 0.670977
2 0.80399
3 0.733154
4 2.20812
11480 4
1 0.66808
2 0.805448
3 0.740153
4 2.21368
11490 4
1 0.670126
2 0.799557
3 0.742952
4 2.21263
11500 4
1 0.675118
2 0.794437
3 0.739521
4 2.20908
11510 4
1 0.676972
2 0.792849
3 0.733066
4 2.20289
11520 4
1 0.673864
2 0.794933
3 0.730594
4 2.19939
11530 4
1 0.669657
2 0.796142
3 0.733071
4 2.19887
11540 4
1 0.67045
2 0.793143
3 0.738219
4 2.20181
11550 4
1 0.677411
2 0.78477
3 0.741818
4 2.204
11560 4
1 0.680819
2 0.775694
3 0.740908
4 2.19742
11570 4
1 0.67722
2 0.7746
3 0.733354
4 2.18517
11580 4
1 0.671655
2 0.777132
3 0.723598
4 2.17238
11590 4
1 0.67003
2 0.786475
3 0.718046
4 2.17455
11600 4
1 0.672215
2 0.795155
3 0.718863
4 2.18623
11610 4
1 0.673886
2 0.80617
3 0.719176
4 2.19923
11620 4
1 0.672784
2 0.80954
3 0.715913
4 2.19824
11630 4
1 0.671339
2 0.805729
3 0.713326
4 2.19039
11640 4
1 0.670242
2 0.793808
3 0.716255
4 2.18031
11650 4
1 0.671585
2 0.781773
3 0.723882
4 2.17724
11660 4
1 0.675249
2 0.776133
3 0.729904
4 2.18129
11670 4
1 0.681218
2 0.777357
3 0.731863
4 2.19044
11680 4
1 0.684279
2 0.781657
3 0.730333
4 2.19627
11690 4
1 0.683723
2 0.784022
3 0.728009
4 2.19575
11700 4
1 0.677806
2 0.786254
3 0.724716
4 2.18878
11710 4
1 0.674207
2 0.785364
3 0.721008
4 2.18058
11720 4
1 0.675135
2 0.782939
3 0.714034
4 2.17211
11730 4
1 0.678796
2 0.775543
3 0.70556
4 2.1599
11740 4
1 0.681727
2 0.769936
3 0.699799
4 2.15146
11750 4
1 0.681047
2 0.765813
3 0.70274
4 2.1496
11760 4
1 0.67585
2 0.760844
3 0.711798
4 2.14849
11770 4
1 0.670483
2 0.765387
3 0.721176
4 2.15705
11780 4
1 0.669011
2 0.771856
3 0.724429
4 2.1653
11790 4
1 0.672047
2 0.778565
3 0.721931
4 2.17254
11800 4
1 0.674882
2 0.781549
3 0.717638
4 2.17407
11810 4
1 0.677889
2 0.78114
3 0.715789
4 2.17482
11820 4
1 0.680255
2 0.778084
3 0.717027
4 2.17537
11830 4
1 0.68241
2 0.778423
3 0.720101
4 2.18093
11840 4
1 0.684556
2 0.781326
3 0.722997
4 2.18888
11850 4
1 0.686537
2 0.785667
3 0.726554
4 2.19876
11860 4
1 0.68952
2 0.784863
3 0.731013
4 2.2054
11870 4
1 0.693429
2 0.780842
3 0.734463
4 2.20873
11880 4
1 0.69583
2 0.776295
3 0.735788
4 2.20791
11890 4
1 0.695528
2 0.771778
3 0.735188
4 2.20249
11900 4
1 0.692998
2 0.767508
3 0.732335
4 2.19284
11910 4
1 0.686807
2 0.763327
3 0.730434
4 2.18057
11920 4
1 0.680254
2 0.760909
3 0.730104
4 2.17127
11930 4
1 0.677856
2 0.758983
3 0.728613
4 2.16545
11940 4
1 0.679404
2 0.757465
3 0.725258
4 2.16213
11950 4
1 0.682873
2 0.754877
3 0.720044
4 2.15779
11960 4
1 0.682251
2 0.754208
3 0.714154
4 2.15061
11970 4
1 0.676161
2 0.755231
3 0.711342
4 2.14273
11980 4
1 0.669783
2 0.761726
3 0.711546
4 2.14306
11990 4
1 0.667423
2 0.766037
3 0.713849
4 2.14731
12000 4
1 0.668601
2 0.766949
3 0.716726
4 2.15228
12010 4
1 0.670978
2 0.765896
3 0.717219
4 2.15409
12020 4
1 0.673152
2 0.766351
3 0.714622
4 2.15413
12030 4
1 0.677175
2 0.77387
3 0.712303
4 2.16335
12040 4
1 0.681448
2 0.778709
3 0.713469
4 2.17363
12050 4
1 0.684886
2 0.781093
3 0.716648
4 2.18263
12060 4
1 0.687054
2 0.776025
3 0.71951
4 2.18259
12070 4
1 0.685521
2 0.768407
3 0.718965
4 2.17289
12080 4
1 0.679799
2 0.761656
3 0.714512
4 2.15597
12090 4
1 0.674638
2 0.75514
3 0.70953
4 2.13931
12100 4
1 0.671868
2 0.751421
3 0.709788
4 2.13308
12110 4
1 0.671932
2 0.749764
3 0.714906
4 2.1366
12120 4
1 0.674095
2 0.754154
3 0.720338
4 2.14859
12130 4
1 0.678063
2 0.763582
3 0.721662
4 2.16331
12140 4
1 0.681988
2 0.773105
3 0.720105
4 2.1752
12150 4
1 0.683066
2 0.779994
3 0.720308
4 2.18337
12160 4
1 0.685158
2 0.782942
3 0.722101
4 2.1902
12170 4
1 0.685745
2 0.781483
3 0.726063
4 2.19329
12180 4
1 0.68581
2 0.776602
3 0.728417
4 2.19083
12190 4
1 0.686033
2 0.767812
3 0.730456
4 2.1843
12200 4
1 0.685187
2 0.759782
3 0.731927
4 2.1769
12210 4
1 0.683306
2 0.759758
3 0.731033
4 2.1741
12220 4
1 0.679257
2 0.765782
3 0.728671
4 2.17371
12230 4
1 0.679488
2 0.776494
3 0.726175
4 2.18216
12240 4
1 0.681544
2 0.786435
3 0.723791
4 2.19177
12250 4
1 0.681666
2 0.78572
3 0.723521
4 2.19091
12260 4
1 0.683382
2 0.777075
3 0.726289
4 2.18675
12270 4
1 0.686603
2 0.765878
3 0.732396
4 2.18488
12280 4
1 0.687825
2 0.756377
3 0.739254
4 2.18346
12290 4
1 0.686027
2 0.758657
3 0.739647
4 2.18433
12300 4
1 0.681358
2 0.766611
3 0.735469
4 2.18344
12310 4
1 0.678177
2 0.774537
3 0.732854
4 2.18557
12320 4
1 0.679601
2 0.782536
3 0.730835
4 2.19297
12330 4
1 0.683546
2 0.783756
3 0.730105
4 2.19741
12340 4
1 0.686829
2 0.780617
3 0.730835
4 2.19828
12350 4
1 0.686779
2 0.7802
3 0.732726
4 2.19971
12360 4
1 0.684823
2 0.780889
3 0.735409
4 2.20112
12370 4
1 0.684216
2 0.778704
3 0.737019
4 2.19994
12380 4
1 0.68571
2 0.773658
3 0.739251
4 2.19862
12390 4
1 0.692976
2 0.770029
3 0.741913
4 2.20492
12400 4
1 0.703779
2 0.767464
3 0.742647
4 2.21389
12410 4
1 0.712084
2 0.765751
3 0.743442
4 2.22128
12420 4
1 0.715081
2 0.764892
3 0.744058
4 2.22403
12430 4
1 0.712187
2 0.762615
3 0.74404
4 2.21884
12440 4
1 0.70828
2 0.761127
3 0.744422
4 2.21383
12450 4
1 0.704202
2 0.759277
3 0.744753
4 2.20823
12460 4
1 0.698554
2 0.761741
3 0.74611
4 2.2064
12470 4
1 0.694702
2 0.766266
3 0.7497
4 2.21067
12480 4
1 0.698258
2 0.771154
3 0.753092
4 2.2225
12490 4
1 0.708898
2 0.769569
3 0.752334
4 2.2308
12500 4
1 0.719682
2 0.771506
3 0.743496
4 2.23468
12510 4
1 0.722651
2 0.780741
3 0.729486
4 2.23288
12520 4
1 0.715816
2 0.796378
3 0.719212
4 2.23141
12530 4
1 0.703179
2 0.802236
3 0.721113
4 2.22653
12540 4
1 0.693378
2 0.801863
3 0.729724
4 2.22496
12550 4
1 0.690531
2 0.799583
3 0.736317
4 2.22643
12560 4
1 0.690885
2 0.801138
3 0.73635
4 2.22837
12570 4
1 0.690975
2 0.798695
3 0.734377
4 2.22405
12580 4
1 0.69162
2 0.795998
3 0.734372
4 2.22199
12590 4
1 0.695311
2 0.793417
3 0.736439
4 2.22517
12600 4
1 0.69681
2 0.795956
3 0.735158
4 2.22792
12610 4
1 0.692998
2 0.795705
3 0.730009
4 2.21871
12620 4
1 0.686852
2 0.792297
3 0.724167
4 2.20332
12630 4
1 0.681634
2 0.787626
3 0.719334
4 2.18859
12640 4
1 0.67809
2 0.787308
3 0.717637
4 2.18303
12650 4
1 0.677223
2 0.789059
3 0.71789
4 2.18417
12660 4
1 0.677461
2 0.790816
3 0.718384
4 2.18666
12670 4
1 0.675662
2 0.794306
3 0.718461
4 2.18843
12680 4
1 0.671746
2 0.795607
3 0.722466
4 2.18982
12690 4
1 0.668488
2 0.790166
3 0.726453
4 2.18511
12700 4
1 0.66728
2 0.785297
3 0.728156
4 2.18073
12710 4
1 0.667679
2 0.780795
3 0.726059
4 2.17453
12720 4
1 0.67021
2 0.778356
3 0.722511
4 2.17108
12730 4
1 0.673128
2 0.780476
3 0.716211
4 2.16982
12740 4
1 0.672989
2 0.786747
3 0.709346
4 2.16908
12750 4
1 0.671858
2 0.788688
3 0.705166
4 2.16571
12760 4
1 0.671043
2 0.788168
3 0.701202
4 2.16041
12770 4
1 0.669286
2 0.783929
3 0.702074
4 2.15529
12780 4
1 0.667176
2 0.777085
3 0.704115
4 2.14838
12790 4
1 0.665031
2 0.771387
3 0.705194
4 2.14161
12800 4
1 0.665868
2 0.766078
3 0.710049
4 2.14199
12810 4
1 0.670895
2 0.763443
3 0.716229
4 2.15057
12820 4
1 0.675458
2 0.766045
3 0.721042
4 2.16254
12830 4
1 0.677855
2 0.769257
3 0.722964
4 2.17008
12840 4
1 0.679744
2 0.770712
3 0.721001
4 2.17146
12850 4
1 0.683219
2 0.774841
3 0.718308
4 2.17637
12860 4
1 0.682826
2 0.778645
3 0.719003
4 2.18047
12870 4
1 0.677282
2 0.778328
3 0.720984
4 2.17659
12880 4
1 0.67037
2 0.777479
3 0.721802
4 2.16965
12890 4
1 0.664645
2 0.778164
3 0.725512
4 2.16832
12900 4
1 0.663541
2 0.777509
3 0.730043
4 2.17109
12910 4
1 0.666682
2 0.773687
3 0.729463
4 2.16983
12920 4
1 0.672095
2 0.769871
3 0.72372
4 2.16569
12930 4
1 0.677636
2 0.768473
3 0.716478
4 2.16259
12940 4
1 0.679807
2 0.76922
3 0.712769
4 2.1618
12950 4
1 0.680093
2 0.771819
3 0.712452
4 2.16436
12960 4
1 0.682176
2 0.77423
3 0.713096
4 2.1695
12970 4
1 0.681505
2 0.773282
3 0.714481
4 2.16927
12980 4
1 0.676607
2 0.773078
3 0.718927
4 2.16861
12990 4
1 0.673016
2 0.772415
3 0.7237
4 2.16913
13000 4
1 0.67313
2 0.768321
3 0.726624
4 2.16808
13010 4
1 0.67658
2 0.768573
3 0.725176
4 2.17033
13020 4
1 0.679108
2 0.771852
3 0.716173
4 2.16713
13030 4
1 0.673839
2 0.774281
3 0.706935
4 2.15506
13040 4
1 0.66307
2 0.77783
3 0.702537
4 2.14344
13050 4
1 0.653801
2 0.780802
3 0.701898
4 2.1365
13060 4
1 0.652384
2 0.78433
3 0.703861
4 2.14058
13070 4
1 0.657038
2 0.779202
3 0.707522
4 2.14376
13080 4
1 0.663794
2 0.770882
3 0.713228
4 2.1479
13090 4
1 0.671776
2 0.76924
3 0.716555
4 2.15757
13100 4
1 0.675523
2 0.76847
3 0.717333
4 2.16133
13110 4
1 0.672617
2 0.765434
3 0.717877
4 2.15593
13120 4
1 0.668253
2 0.760389
3 0.716012
4 2.14465
13130 4
1 0.6662
2 0.759574
3 0.712226
4 2.138
13140 4
1 0.665073
2 0.762449
3 0.707652
4 2.13517
13150 4
1 0.665326
2 0.768809
3 0.70413
4 2.13826
13160 4
1 0.66617
2 0.773909
3 0.703661
4 2.14374
13170 4
1 0.669386
2 0.778886
3 0.705893
4 2.15416
13180 4
1 0.673139
2 0.77957
3 0.709624
4 2.16233
13190 4
1 0.678941
2 0.779558
3 0.709438
4 2.16794
13200 4
1 0.682648
2 0.783386
3 0.705543
4 2.17158
13210 4
1 0.681329
2 0.787403
3 0.69895
4 2.16768
13220 4
1 0.681207
2 0.791559
3 0.695684
4 2.16845
13230 4
1 0.686622
2 0.792579
3 0.700352
4 2.17955
13240 4
1 0.698577
2 0.789226
3 0.705668
4 2.19347
13250 4
1 0.710934
2 0.782449
3 0.710353
4 2.20374
13260 4
1 0.717014
2 0.779596
3 0.714434
4 2.21104
13270 4
1 0.714002
2 0.77875
3 0.717557
4 2.21031
13280 4
1 0.70396
2 0.780946
3 0.723979
4 2.20889
13290 4
1 0.693201
2 0.788346
3 0.732033
4 2.21358
13300 4
1 0.684146
2 0.789414
3 0.736783
4 2.21034
13310 4
1 0.67543
2 0.783455
3 0.739137
4 2.19802
13320 4
1 0.669079
2 0.777896
3 0.738863
4 2.18584
13330 4
1 0.667227
2 0.775051
3 0.735587
4 2.17787
13340 4
1 0.670845
2 0.780686
3 0.731392
4 2.18292
13350 4
1 0.675118
2 0.787449
3 0.730077
4 2.19264
13360 4
1 0.67563
2 0.788963
3 0.730561
4 2.19515
13370 4
1 0.673962
2 0.786091
3 0.727513
4 2.18757
13380 4
1 0.674901
2 0.781704
3 0.723643
4 2.18025
13390 4
1 0.679749
2 0.780712
3 0.721116
4 2.18158
13400 4
1 0.68497
2 0.781568
3 0.721935
4 2.18847
13410 4
1 0.688625
2 0.784586
3 0.726513
4 2.19972
13420 4
1 0.690693
2 0.784627
3 0.72933
4 2.20465
13430 4
1 0.689777
2 0.780755
3 0.730325
4 2.20086
13440 4
1 0.689805
2 0.775306
3 0.728956
4 2.19407
13450 4
1 0.690203
2 0.770916
3 0.724698
4 2.18582
13460 4
1 0.688962
2 0.774456
3 0.718946
4 2.18236
13470 4
1 0.685978
2 0.782046
3 0.713365
4 2.18139
13480 4
1 0.682898
2 0.785732
3 0.710629
4 2.17926
13490 4
1 0.682388
2 0.781481
3 0.709599
4 2.17347
13500 4
1 0.685049
2 0.775677
3 0.707747
4 2.16847
13510 4
1 0.689706
2 0.773581
3 0.705099
4 2.16839
13520 4
1 0.692079
2 0.771196
3 0.703388
4 2.16666
13530 4
1 0.691654
2 0.767442
3 0.703242
4 2.16234
13540 4
1 0.689215
2 0.766758
3 0.705873
4 2.16185
13550 4
1 0.682998
2 0.769485
3 0.71046
4 2.16294
13560 4
1 0.674685
2 0.769882
3 0.715356
4 2.15992
13570 4
1 0.670606
2 0.771086
3 0.719981
4 2.16167
13580 4
1 0.670673
2 0.778939
3 0.724683
4 2.17429
13590 4
1 0.673059
2 0.788846
3 0.729381
4 2.19129
13600 4
1 0.67868
2 0.792899
3 0.727939
4 2.19952
13610 4
1 0.680707
2 0.793083
3 0.725794
4 2.19958
13620 4
1 0.681619
2 0.790875
3 0.725836
4 2.19833
13630 4
1 0.683334
2 0.789531
3 0.725439
4 2.1983
13640 4
1 0.6823
2 0.791267
3 0.723499
4 2.19707
13650 4
1 0.681261
2 0.794734
3 0.717115
4 2.19311
13660 4
1 0.679364
2 0.793391
3 0.709206
4 2.18196
13670 4
1 0.674984
2 0.78671
3 0.704364
4 2.16606
13680 4
1 0.673093
2 0.7801
3 0.706545
4 2.15974
13690 4
1 0.672113
2 0.776067
3 0.714319
4 2.1625
13700 4
1 0.670877
2 0.77683
3 0.721329
4 2.16904
13710 4
1 0.668669
2 0.784214
3 0.723261
4 2.17614
13720 4
1 0.66869
2 0.795137
3 0.719522
4 2.18335
13730 4
1 0.673511
2 0.805787
3 0.711679
4 2.19098
13740 4
1 0.679324
2 0.809497
3 0.708715
4 2.19754
13750 4
1 0.68099
2 0.802689
3 0.713806
4 2.19749
13760 4
1 0.68176
2 0.792623
3 0.728035
4 2.20242
13770 4
1 0.681198
2 0.782
3 0.739899
4 2.2031
13780 4
1 0.683044
2 0.776627
3 0.744736
4 2.20441
13790 4
1 0.686527
2 0.773967
3 0.744064
4 2.20456
13800 4
1 0.691179
2 0.772961
3 0.740696
4 2.20484
13810 4
1 0.691979
2 0.768966
3 0.741452
4 2.2024
13820 4
1 0.688947
2 0.762867
3 0.746288
4 2.1981
13830 4
1 0.685261
2 0.759145
3 0.747855
4 2.19226
13840 4
1 0.683415
2 0.762814
3 0.744905
4 2.19113
13850 4
1 0.682915
2 0.771573
3 0.742445
4 2.19693
13860 4
1 0.683802
2 0.777234
3 0.742144
4 2.20318
13870 4
1 0.687261
2 0.77943
3 0.742849
4 2.20954
13880 4
1 0.690959
2 0.777674
3 0.73998
4 2.20861
13890 4
1 0.691859
2 0.778302
3 0.736194
4 2.20635
13900 4
1 0.693337
2 0.782458
3 0.732947
4 2.20874
13910 4
1 0.69386
2 0.782543
3 0.727361
4 2.20376
13920 4
1 0.690186
2 0.775963
3 0.720061
4 2.18621
13930 4
1 0.688457
2 0.767848
3 0.715866
4 2.17217
13940 4
1 0.691939
2 0.763717
3 0.716006
4 2.17166
13950 4
1 0.695445
2 0.763104
3 0.715515
4 2.17406
13960 4
1 0.695453
2 0.765063
3 0.713769
4 2.17429
13970 4
1 0.694049
2 0.763935
3 0.714555
4 2.17254
13980 4
1 0.6937
2 0.760964
3 0.719655
4 2.17432
13990 4
1 0.694668
2 0.758367
3 0.727736
4 2.18077
14000 4
1 0.696289
2 0.753192
3 0.736539
4 2.18602
14010 4
1 0.697152
2 0.748245
3 0.740751
4 2.18615
14020 4
1 0.69458
2 0.74757
3 0.73739
4 2.17954
14030 4
1 0.690161
2 0.751877
3 0.727579
4 2.16962
14040 4
1 0.687452
2 0.759662
3 0.715612
4 2.16273
14050 4
1 0.686551
2 0.767745
3 0.70638
4 2.16068
14060 4
1 0.685529
2 0.775323
3 0.701416
4 2.16227
14070 4
1 0.682698
2 0.780683
3 0.70131
4 2.16469
14080 4
1 0.677351
2 0.778996
3 0.703721
4 2.16007
14090 4
1 0.674086
2 0.770422
3 0.704739
4 2.14925
14100 4
1 0.67611
2 0.764062
3 0.704478
4 2.14465
14110 4
1 0.679418
2 0.760029
3 0.705954
4 2.1454
14120 4
1 0.682447
2 0.754144
3 0.708163
4 2.14475
14130 4
1 0.684685
2 0.751954
3 0.708841
4 2.14548
14140 4
1 0.684441
2 0.75334
3 0.707818
4 2.1456
14150 4
1 0.683993
2 0.755958
3 0.706932
4 2.14688
14160 4
1 0.685952
2 0.755983
3 0.706751
4 2.14869
14170 4
1 0.690875
2 0.753239
3 0.706381
4 2.15049
14180 4
1 0.693552
2 0.747743
3 0.707775
4 2.14907
14190 4
1 0.691257
2 0.740524
3 0.709971
4 2.14175
14200 4
1 0.683665
2 0.737752
3 0.713014
4 2.13443
14210 4
1 0.676987
2 0.739495
3 0.713808
4 2.13029
