# Time-averaged data for fix mscdwrite
# TimeStep Number-of-rows
# Row c_mscd
10 4
1 0.000896623
2 0.000880098
3 0.000987535
4 0.00276426
20 4
1 0.0096291
2 0.00952889
3 0.0104805
4 0.0296385
30 4
1 0.0228109
2 0.0218907
3 0.0234351
4 0.0681367
40 4
1 0.0346741
2 0.0329746
3 0.0329874
4 0.100636
50 4
1 0.0437037
2 0.0423411
3 0.0400256
4 0.12607
60 4
1 0.0485857
2 0.0462734
3 0.0444749
4 0.139334
70 4
1 0.050873
2 0.049499
3 0.0477439
4 0.148116
80 4
1 0.0513196
2 0.0524894
3 0.0510645
4 0.154874
90 4
1 0.0518201
2 0.0542201
3 0.0551226
4 0.161163
100 4
1 0.0541392
2 0.0569763
3 0.0581427
4 0.169258
110 4
1 0.0549005
2 0.0592584
3 0.0613661
4 0.175525
120 4
1 0.0546975
2 0.0625448
3 0.0652161
4 0.182458
130 4
1 0.0567249
2 0.0665037
3 0.0690048
4 0.192233
140 4
1 0.0610278
2 0.0693155
3 0.0711339
4 0.201477
150 4
1 0.0651236
2 0.0699299
3 0.0720098
4 0.207063
160 4
1 0.0691279
2 0.0682684
3 0.0723804
4 0.209777
170 4
1 0.071335
2 0.0675995
3 0.0713255
4 0.21026
180 4
1 0.0713559
2 0.0670968
3 0.0707831
4 0.209236
190 4
1 0.0701786
2 0.0678121
3 0.0714351
4 0.209426
200 4
1 0.067997
2 0.0728792
3 0.0727411
4 0.213617
210 4
1 0.0667233
2 0.0802633
3 0.0747113
4 0.221698
220 4
1 0.0671711
2 0.0871315
3 0.076733
4 0.231036
230 4
1 0.0688931
2 0.0908945
3 0.0803949
4 0.240183
240 4
1 0.0697583
2 0.0904218
3 0.0834805
4 0.243661
250 4
1 0.0724711
2 0.0891836
3 0.0837789
4 0.245434
260 4
1 0.0764611
2 0.0886071
3 0.0817154
4 0.246784
270 4
1 0.0774815
2 0.0879134
3 0.0796424
4 0.245037
280 4
1 0.0752213
2 0.0869469
3 0.0796449
4 0.241813
290 4
1 0.0736067
2 0.0854525
3 0.0784105
4 0.23747
300 4
1 0.0741622
2 0.0835863
3 0.075046
4 0.232794
310 4
1 0.0744918
2 0.0833165
3 0.0743836
4 0.232192
320 4
1 0.0736266
2 0.0838257
3 0.0753234
4 0.232776
330 4
1 0.0732963
2 0.0838533
3 0.0756808
4 0.23283
340 4
1 0.0745551
2 0.0849891
3 0.0759542
4 0.235498
350 4
1 0.0763158
2 0.0868573
3 0.0762967
4 0.23947
360 4
1 0.0785082
2 0.0862385
3 0.0766401
4 0.241387
370 4
1 0.0806982
2 0.083653
3 0.077643
4 0.241994
380 4
1 0.0813556
2 0.0821907
3 0.0805485
4 0.244095
390 4
1 0.0809024
2 0.0827948
3 0.0845294
4 0.248227
400 4
1 0.0806312
2 0.0850454
3 0.0901283
4 0.255805
410 4
1 0.0811709
2 0.0874339
3 0.0959053
4 0.26451
420 4
1 0.0817347
2 0.0895767
3 0.0993635
4 0.270675
430 4
1 0.0826504
2 0.0910448
3 0.100006
4 0.273702
440 4
1 0.0839679
2 0.0913386
3 0.0995217
4 0.274828
450 4
1 0.0845336
2 0.0911641
3 0.0964423
4 0.27214
460 4
1 0.0857469
2 0.0915142
3 0.0923084
4 0.269569
470 4
1 0.0887233
2 0.0929509
3 0.0915266
4 0.273201
480 4
1 0.0924624
2 0.0931948
3 0.0919545
4 0.277612
490 4
1 0.0945901
2 0.0939346
3 0.0919803
4 0.280505
500 4
1 0.0957779
2 0.0968972
3 0.0933917
4 0.286067
510 4
1 0.100171
2 0.100053
3 0.0936256
4 0.293849
520 4
1 0.105696
2 0.100184
3 0.0933047
4 0.299185
530 4
1 0.108188
2 0.0978513
3 0.0944249
4 0.300464
540 4
1 0.105247
2 0.0956666
3 0.0960749
4 0.296988
550 4
1 0.101032
2 0.0944748
3 0.0975437
4 0.29305
560 4
1 0.0985322
2 0.0946235
3 0.0955784
4 0.288734
570 4
1 0.0980288
2 0.0962416
3 0.0912975
4 0.285568
580 4
1 0.0974331
2 0.0988949
3 0.0893283
4 0.285656
590 4
1 0.0971774
2 0.0979361
3 0.0890626
4 0.284176
600 4
1 0.0975866
2 0.0956056
3 0.0907087
4 0.283901
610 4
1 0.099068
2 0.0946069
3 0.0945034
4 0.288178
620 4
1 0.101644
2 0.0946204
3 0.0983471
4 0.294612
630 4
1 0.104637
2 0.0925526
3 0.100573
4 0.297763
640 4
1 0.105621
2 0.0933556
3 0.101889
4 0.300865
650 4
1 0.103817
2 0.0961842
3 0.101702
4 0.301703
660 4
1 0.102274
2 0.0986113
3 0.101393
4 0.302277
670 4
1 0.102496
2 0.100839
3 0.101683
4 0.305018
680 4
1 0.104593
2 0.101692
3 0.100647
4 0.306932
690 4
1 0.107598
2 0.101289
3 0.100662
4 0.309549
700 4
1 0.11061
2 0.10034
3 0.103588
4 0.314538
710 4
1 0.112311
2 0.0993908
3 0.107662
4 0.319364
720 4
1 0.111629
2 0.0976576
3 0.109696
4 0.318983
730 4
1 0.108646
2 0.0949439
3 0.110213
4 0.313804
740 4
1 0.103713
2 0.0941317
3 0.11109
4 0.308934
750 4
1 0.0985501
2 0.0953675
3 0.110469
4 0.304387
760 4
1 0.0964044
2 0.0988693
3 0.106764
4 0.302038
770 4
1 0.0968868
2 0.103598
3 0.101031
4 0.301516
780 4
1 0.0977521
2 0.106482
3 0.0966121
4 0.300847
790 4
1 0.0991803
2 0.10678
3 0.0947561
4 0.300717
800 4
1 0.100704
2 0.10588
3 0.0953399
4 0.301923
810 4
1 0.0993211
2 0.104234
3 0.0954534
4 0.299009
820 4
1 0.0974016
2 0.102113
3 0.0939437
4 0.293458
830 4
1 0.0977549
2 0.100448
3 0.0926567
4 0.29086
840 4
1 0.101356
2 0.0991698
3 0.0932103
4 0.293736
850 4
1 0.106229
2 0.0983728
3 0.0943331
4 0.298935
860 4
1 0.106424
2 0.0984039
3 0.0952055
4 0.300033
870 4
1 0.102256
2 0.096784
3 0.0958113
4 0.294852
880 4
1 0.0972734
2 0.0932389
3 0.0954409
4 0.285953
890 4
1 0.093428
2 0.0912602
3 0.0946839
4 0.279372
900 4
1 0.0920022
2 0.0907223
3 0.09501
4 0.277735
910 4
1 0.09295
2 0.0886704
3 0.0955574
4 0.277178
920 4
1 0.0947637
2 0.0861537
3 0.096176
4 0.277093
930 4
1 0.096679
2 0.0867292
3 0.0950583
4 0.278467
940 4
1 0.097168
2 0.0896045
3 0.092214
4 0.278987
950 4
1 0.096358
2 0.0918484
3 0.0891757
4 0.277382
960 4
1 0.0943247
2 0.0927722
3 0.0868949
4 0.273992
970 4
1 0.0917108
2 0.0931993
3 0.0870262
4 0.271936
980 4
1 0.0893731
2 0.0927581
3 0.088169
4 0.2703
990 4
1 0.0885401
2 0.0922857
3 0.0882148
4 0.269041
1000 4
1 0.0902051
2 0.0907187
3 0.0876821
4 0.268606
1010 4
1 0.0923675
2 0.0884309
3 0.0886791
4 0.269477
1020 4
1 0.0943029
2 0.0878359
3 0.0903099
4 0.272449
1030 4
1 0.0961174
2 0.0905062
3 0.0903692
4 0.276993
1040 4
1 0.0983785
2 0.0939836
3 0.088569
4 0.280931
1050 4
1 0.100866
2 0.0943622
3 0.0861756
4 0.281404
1060 4
1 0.103387
2 0.0942143
3 0.084678
4 0.282279
1070 4
1 0.104249
2 0.0952536
3 0.0835411
4 0.283044
1080 4
1 0.103326
2 0.0966224
3 0.0820558
4 0.282004
1090 4
1 0.102658
2 0.0969312
3 0.0805228
4 0.280112
1100 4
1 0.103137
2 0.0953939
3 0.0803796
4 0.27891
1110 4
1 0.104374
2 0.0934663
3 0.0813307
4 0.279171
1120 4
1 0.105696
2 0.0929319
3 0.0827718
4 0.2814
1130 4
1 0.107673
2 0.0930767
3 0.0846161
4 0.285365
1140 4
1 0.108896
2 0.0917923
3 0.0859792
4 0.286667
1150 4
1 0.108604
2 0.090357
3 0.0870747
4 0.286036
1160 4
1 0.10745
2 0.0911061
3 0.088169
4 0.286725
1170 4
1 0.107112
2 0.0952262
3 0.0879605
4 0.290298
1180 4
1 0.109166
2 0.0998221
3 0.0863823
4 0.29537
1190 4
1 0.112662
2 0.101088
3 0.0866439
4 0.300394
1200 4
1 0.113663
2 0.0984875
3 0.0893502
4 0.301501
1210 4
1 0.112605
2 0.094512
3 0.0925558
4 0.299672
1220 4
1 0.111294
2 0.0906326
3 0.0946103
4 0.296537
1230 4
1 0.109377
2 0.0885517
3 0.0956817
4 0.29361
1240 4
1 0.106453
2 0.0887285
3 0.0949214
4 0.290103
1250 4
1 0.103894
2 0.0894588
3 0.0943396
4 0.287693
1260 4
1 0.104328
2 0.0899087
3 0.0956996
4 0.289936
1270 4
1 0.106998
2 0.0907446
3 0.0973176
4 0.29506
1280 4
1 0.107994
2 0.0905847
3 0.100256
4 0.298834
1290 4
1 0.107231
2 0.089716
3 0.1041
4 0.301047
1300 4
1 0.107658
2 0.0908665
3 0.106463
4 0.304987
1310 4
1 0.10981
2 0.0926693
3 0.108709
4 0.311188
1320 4
1 0.112185
2 0.0940206
3 0.11014
4 0.316346
1330 4
1 0.113243
2 0.0952864
3 0.107683
4 0.316212
1340 4
1 0.111863
2 0.0952673
3 0.102614
4 0.309744
1350 4
1 0.108125
2 0.0948708
3 0.0986881
4 0.301684
1360 4
1 0.105573
2 0.0942158
3 0.0974114
4 0.2972
1370 4
1 0.105999
2 0.0930006
3 0.0978278
4 0.296828
1380 4
1 0.107973
2 0.0923017
3 0.0980576
4 0.298332
1390 4
1 0.109562
2 0.0916304
3 0.0985603
4 0.299752
1400 4
1 0.109723
2 0.0917664
3 0.0991863
4 0.300675
1410 4
1 0.107868
2 0.0935092
3 0.0996559
4 0.301033
1420 4
1 0.106866
2 0.0957107
3 0.0994634
4 0.30204
1430 4
1 0.108043
2 0.0958488
3 0.0988605
4 0.302753
1440 4
1 0.1114
2 0.0944014
3 0.0970226
4 0.302824
1450 4
1 0.113947
2 0.0936717
3 0.0939821
4 0.301601
1460 4
1 0.11322
2 0.0938062
3 0.0922981
4 0.299324
1470 4
1 0.109842
2 0.0943048
3 0.0933956
4 0.297542
1480 4
1 0.10723
2 0.0963687
3 0.0953985
4 0.298997
1490 4
1 0.107783
2 0.100441
3 0.0963106
4 0.304535
1500 4
1 0.110133
2 0.106068
3 0.0966201
4 0.312822
1510 4
1 0.11227
2 0.109442
3 0.0970285
4 0.31874
1520 4
1 0.112981
2 0.108289
3 0.0981444
4 0.319415
1530 4
1 0.111489
2 0.105511
3 0.0995965
4 0.316597
1540 4
1 0.109431
2 0.104261
3 0.100356
4 0.314048
1550 4
1 0.109102
2 0.103997
3 0.100097
4 0.313197
1560 4
1 0.109993
2 0.104352
3 0.0992851
4 0.313631
1570 4
1 0.10904
2 0.104289
3 0.0985273
4 0.311857
1580 4
1 0.107032
2 0.102843
3 0.0990083
4 0.308883
1590 4
1 0.107142
2 0.100602
3 0.0996474
4 0.307392
1600 4
1 0.108554
2 0.0990893
3 0.100807
4 0.30845
1610 4
1 0.109269
2 0.0984543
3 0.102074
4 0.309798
1620 4
1 0.109181
2 0.0997343
3 0.101892
4 0.310808
1630 4
1 0.108628
2 0.101561
3 0.100793
4 0.310982
1640 4
1 0.10878
2 0.099882
3 0.10034
4 0.309002
1650 4
1 0.10985
2 0.0965321
3 0.101122
4 0.307504
1660 4
1 0.110942
2 0.0945744
3 0.101528
4 0.307044
1670 4
1 0.112566
2 0.0948601
3 0.101688
4 0.309115
1680 4
1 0.113848
2 0.0958074
3 0.10203
4 0.311685
1690 4
1 0.113702
2 0.0961109
3 0.103216
4 0.313029
1700 4
1 0.113665
2 0.0959956
3 0.10396
4 0.31362
1710 4
1 0.113914
2 0.096668
3 0.103288
4 0.313871
1720 4
1 0.114278
2 0.0973111
3 0.101909
4 0.313497
1730 4
1 0.11469
2 0.0965987
3 0.100148
4 0.311437
1740 4
1 0.114681
2 0.0954451
3 0.0980472
4 0.308173
1750 4
1 0.114374
2 0.0955397
3 0.0969922
4 0.306905
1760 4
1 0.114342
2 0.097045
3 0.0982667
4 0.309653
1770 4
1 0.113679
2 0.098743
3 0.101969
4 0.314391
1780 4
1 0.114192
2 0.0981613
3 0.105239
4 0.317592
1790 4
1 0.116379
2 0.0956835
3 0.10482
4 0.316882
1800 4
1 0.116776
2 0.0936924
3 0.101891
4 0.31236
1810 4
1 0.11423
2 0.093565
3 0.0994939
4 0.307289
1820 4
1 0.111206
2 0.0940907
3 0.0991589
4 0.304456
1830 4
1 0.108633
2 0.0950785
3 0.101589
4 0.3053
1840 4
1 0.106042
2 0.0971473
3 0.104943
4 0.308132
1850 4
1 0.104088
2 0.098791
3 0.105491
4 0.308371
1860 4
1 0.102835
2 0.100337
3 0.10458
4 0.307751
1870 4
1 0.102334
2 0.103381
3 0.105674
4 0.311389
1880 4
1 0.102505
2 0.10814
3 0.108423
4 0.319068
1890 4
1 0.102091
2 0.112861
3 0.111824
4 0.326775
1900 4
1 0.100655
2 0.117005
3 0.114151
4 0.331811
1910 4
1 0.099997
2 0.11971
3 0.113622
4 0.333329
1920 4
1 0.100777
2 0.119268
3 0.112234
4 0.332279
1930 4
1 0.101591
2 0.117337
3 0.110924
4 0.329852
1940 4
1 0.101898
2 0.11724
3 0.109396
4 0.328534
1950 4
1 0.10247
2 0.118708
3 0.109487
4 0.330665
1960 4
1 0.103936
2 0.120292
3 0.110156
4 0.334383
1970 4
1 0.105791
2 0.121602
3 0.109811
4 0.337204
1980 4
1 0.107345
2 0.122675
3 0.10876
4 0.33878
1990 4
1 0.108729
2 0.122954
3 0.107543
4 0.339226
2000 4
1 0.11003
2 0.120205
3 0.10675
4 0.336985
2010 4
1 0.111098
2 0.115833
3 0.106699
4 0.33363
2020 4
1 0.110583
2 0.111779
3 0.106126
4 0.328487
2030 4
1 0.108932
2 0.109351
3 0.105482
4 0.323766
2040 4
1 0.108011
2 0.108363
3 0.104006
4 0.32038
2050 4
1 0.108117
2 0.108272
3 0.102205
4 0.318594
2060 4
1 0.108065
2 0.10879
3 0.10194
4 0.318796
2070 4
1 0.107545
2 0.110008
3 0.101567
4 0.31912
2080 4
1 0.106597
2 0.111823
3 0.100194
4 0.318615
2090 4
1 0.10515
2 0.11299
3 0.0990858
4 0.317226
2100 4
1 0.103539
2 0.113214
3 0.0989765
4 0.31573
2110 4
1 0.103323
2 0.113709
3 0.0995082
4 0.316541
2120 4
1 0.105259
2 0.113428
3 0.0992876
4 0.317975
2130 4
1 0.106881
2 0.112834
3 0.0986081
4 0.318324
2140 4
1 0.107053
2 0.113354
3 0.0991432
4 0.31955
2150 4
1 0.107329
2 0.114165
3 0.100521
4 0.322016
2160 4
1 0.109303
2 0.115116
3 0.099519
4 0.323938
2170 4
1 0.112258
2 0.116391
3 0.0957524
4 0.324402
2180 4
1 0.113186
2 0.117029
3 0.0921254
4 0.322341
2190 4
1 0.110715
2 0.115979
3 0.0910886
4 0.317782
2200 4
1 0.107184
2 0.11317
3 0.0918803
4 0.312235
2210 4
1 0.104019
2 0.110413
3 0.092349
4 0.306781
2220 4
1 0.101629
2 0.109587
3 0.09208
4 0.303296
2230 4
1 0.100608
2 0.111168
3 0.0916563
4 0.303433
2240 4
1 0.0999238
2 0.114844
3 0.0925471
4 0.307315
2250 4
1 0.0992347
2 0.118607
3 0.0949119
4 0.312754
2260 4
1 0.100637
2 0.12084
3 0.0968347
4 0.318312
2270 4
1 0.104094
2 0.121786
3 0.0966248
4 0.322505
2280 4
1 0.107484
2 0.121397
3 0.0947497
4 0.323631
2290 4
1 0.108527
2 0.120799
3 0.0933757
4 0.322701
2300 4
1 0.108244
2 0.120618
3 0.0935541
4 0.322416
2310 4
1 0.10864
2 0.119765
3 0.0948713
4 0.323277
2320 4
1 0.108792
2 0.117486
3 0.0978612
4 0.324139
2330 4
1 0.109747
2 0.116492
3 0.101058
4 0.327298
2340 4
1 0.112528
2 0.11654
3 0.101443
4 0.330511
2350 4
1 0.115737
2 0.116656
3 0.100339
4 0.332732
2360 4
1 0.118164
2 0.115642
3 0.101022
4 0.334829
2370 4
1 0.120394
2 0.113421
3 0.102945
4 0.33676
2380 4
1 0.122194
2 0.11072
3 0.104157
4 0.33707
2390 4
1 0.121446
2 0.108394
3 0.105341
4 0.335181
2400 4
1 0.117961
2 0.107997
3 0.107793
4 0.333752
2410 4
1 0.114212
2 0.109852
3 0.109505
4 0.333569
2420 4
1 0.112819
2 0.112151
3 0.110273
4 0.335243
2430 4
1 0.113566
2 0.113065
3 0.110301
4 0.336932
2440 4
1 0.113861
2 0.112674
3 0.107473
4 0.334009
2450 4
1 0.111889
2 0.111625
3 0.103956
4 0.327471
2460 4
1 0.107206
2 0.10938
3 0.104266
4 0.320852
2470 4
1 0.102582
2 0.107046
3 0.107593
4 0.317221
2480 4
1 0.100134
2 0.105166
3 0.109572
4 0.314872
2490 4
1 0.100748
2 0.104718
3 0.10865
4 0.314117
2500 4
1 0.102501
2 0.104354
3 0.106783
4 0.313638
2510 4
1 0.103936
2 0.10326
3 0.106379
4 0.313576
2520 4
1 0.104889
2 0.102428
3 0.108063
4 0.31538
2530 4
1 0.105739
2 0.101603
3 0.110937
4 0.31828
2540 4
1 0.107096
2 0.100292
3 0.111988
4 0.319376
2550 4
1 0.108422
2 0.0988362
3 0.110167
4 0.317425
2560 4
1 0.109368
2 0.0981087
3 0.10747
4 0.314947
2570 4
1 0.109722
2 0.0981073
3 0.105896
4 0.313725
2580 4
1 0.110286
2 0.0977945
3 0.106016
4 0.314097
2590 4
1 0.110936
2 0.0970181
3 0.106639
4 0.314593
2600 4
1 0.111119
2 0.0961868
3 0.10705
4 0.314356
2610 4
1 0.112077
2 0.0961036
3 0.107265
4 0.315446
2620 4
1 0.113211
2 0.0979674
3 0.106321
4 0.317499
2630 4
1 0.113518
2 0.101783
3 0.104625
4 0.319926
2640 4
1 0.112882
2 0.104327
3 0.103145
4 0.320354
2650 4
1 0.11296
2 0.10523
3 0.102185
4 0.320376
2660 4
1 0.11479
2 0.105773
3 0.102489
4 0.323052
2670 4
1 0.117602
2 0.105852
3 0.103631
4 0.327085
2680 4
1 0.120719
2 0.104776
3 0.104492
4 0.329987
2690 4
1 0.123828
2 0.103744
3 0.104647
4 0.332219
2700 4
1 0.126275
2 0.103694
3 0.104827
4 0.334796
2710 4
1 0.124899
2 0.101623
3 0.106285
4 0.332806
2720 4
1 0.119611
2 0.0964912
3 0.108055
4 0.324158
2730 4
1 0.114634
2 0.0911997
3 0.107237
4 0.313071
2740 4
1 0.111707
2 0.0884861
3 0.105387
4 0.30558
2750 4
1 0.111046
2 0.0891555
3 0.104696
4 0.304897
2760 4
1 0.11338
2 0.0913047
3 0.104427
4 0.309111
2770 4
1 0.118123
2 0.0919023
3 0.103936
4 0.313962
2780 4
1 0.122552
2 0.0915797
3 0.103655
4 0.317787
2790 4
1 0.124933
2 0.0925363
3 0.102728
4 0.320197
2800 4
1 0.126499
2 0.0942727
3 0.101782
4 0.322554
2810 4
1 0.1264
2 0.0939791
3 0.101556
4 0.321935
2820 4
1 0.124648
2 0.0922693
3 0.100708
4 0.317625
2830 4
1 0.123885
2 0.0903361
3 0.0984586
4 0.31268
2840 4
1 0.124174
2 0.089682
3 0.0963744
4 0.31023
2850 4
1 0.123032
2 0.0900594
3 0.0965595
4 0.309651
2860 4
1 0.120609
2 0.0908051
3 0.0988364
4 0.31025
2870 4
1 0.118739
2 0.0921036
3 0.0997166
4 0.31056
2880 4
1 0.118222
2 0.0934573
3 0.0981535
4 0.309833
2890 4
1 0.119757
2 0.09372
3 0.0972585
4 0.310736
2900 4
1 0.121895
2 0.0938591
3 0.0979164
4 0.31367
2910 4
1 0.121969
2 0.0939883
3 0.0984638
4 0.314421
2920 4
1 0.120161
2 0.0941504
3 0.0984579
4 0.312769
2930 4
1 0.117674
2 0.0940155
3 0.0977264
4 0.309416
2940 4
1 0.115082
2 0.0936904
3 0.0970846
4 0.305857
2950 4
1 0.112365
2 0.0933977
3 0.0972913
4 0.303054
2960 4
1 0.11052
2 0.0933488
3 0.0980966
4 0.301965
2970 4
1 0.109206
2 0.0939079
3 0.0985106
4 0.301624
2980 4
1 0.108108
2 0.0941292
3 0.0985755
4 0.300813
2990 4
1 0.107104
2 0.0935786
3 0.0979276
4 0.29861
3000 4
1 0.105476
2 0.0925713
3 0.0976911
4 0.295739
3010 4
1 0.103124
2 0.0921845
3 0.0991824
4 0.294491
3020 4
1 0.101053
2 0.0931204
3 0.100929
4 0.295102
3030 4
1 0.100042
2 0.0941574
3 0.100748
4 0.294947
3040 4
1 0.100067
2 0.094879
3 0.0992707
4 0.294217
3050 4
1 0.100325
2 0.0959705
3 0.097824
4 0.294119
3060 4
1 0.0996839
2 0.0966655
3 0.0960891
4 0.292438
3070 4
1 0.0993576
2 0.0964721
3 0.0944951
4 0.290325
3080 4
1 0.101132
2 0.0953669
3 0.0940168
4 0.290516
3090 4
1 0.104036
2 0.0944306
3 0.0941402
4 0.292607
3100 4
1 0.106574
2 0.0951293
3 0.0943132
4 0.296017
3110 4
1 0.107964
2 0.0966134
3 0.0954043
4 0.299982
3120 4
1 0.108158
2 0.0982029
3 0.096445
4 0.302806
3130 4
1 0.107589
2 0.10017
3 0.0971421
4 0.3049
3140 4
1 0.10719
2 0.101232
3 0.0986047
4 0.307027
3150 4
1 0.106857
2 0.100753
3 0.0999872
4 0.307597
3160 4
1 0.106837
2 0.10036
3 0.100343
4 0.30754
3170 4
1 0.107634
2 0.099956
3 0.0998321
4 0.307422
3180 4
1 0.108
2 0.0976201
3 0.100003
4 0.305623
3190 4
1 0.106505
2 0.0945407
3 0.0997886
4 0.300834
3200 4
1 0.102872
2 0.0931791
3 0.0974197
4 0.293471
3210 4
1 0.098848
2 0.0926891
3 0.0953101
4 0.286847
3220 4
1 0.0964233
2 0.0921253
3 0.0963279
4 0.284876
3230 4
1 0.0949074
2 0.0927877
3 0.0987551
4 0.28645
3240 4
1 0.0933859
2 0.0938602
3 0.100023
4 0.287269
3250 4
1 0.094154
2 0.0945361
3 0.0996307
4 0.288321
3260 4
1 0.0965612
2 0.0955488
3 0.0995227
4 0.291633
3270 4
1 0.098573
2 0.0979543
3 0.10114
4 0.297668
3280 4
1 0.0998644
2 0.100958
3 0.102745
4 0.303567
3290 4
1 0.0997855
2 0.103978
3 0.102493
4 0.306257
3300 4
1 0.100088
2 0.106697
3 0.100945
4 0.30773
3310 4
1 0.102644
2 0.108754
3 0.0990738
4 0.310472
3320 4
1 0.104005
2 0.108911
3 0.0985709
4 0.311487
3330 4
1 0.103118
2 0.107116
3 0.100641
4 0.310875
3340 4
1 0.101745
2 0.106423
3 0.102037
4 0.310205
3350 4
1 0.101049
2 0.108004
3 0.100523
4 0.309576
3360 4
1 0.101589
2 0.109288
3 0.0976041
4 0.308481
3370 4
1 0.103139
2 0.105894
3 0.0958827
4 0.304916
3380 4
1 0.104714
2 0.100928
3 0.0959556
4 0.301597
3390 4
1 0.104734
2 0.0995282
3 0.0974982
4 0.301761
3400 4
1 0.103677
2 0.101141
3 0.0996729
4 0.30449
3410 4
1 0.102982
2 0.103624
3 0.101481
4 0.308086
3420 4
1 0.102245
2 0.103576
3 0.102396
4 0.308217
3430 4
1 0.100739
2 0.100779
3 0.102574
4 0.304092
3440 4
1 0.0999838
2 0.0994968
3 0.102549
4 0.302029
3450 4
1 0.101455
2 0.100343
3 0.1014
4 0.303198
3460 4
1 0.104219
2 0.100081
3 0.0998448
4 0.304145
3470 4
1 0.106255
2 0.0984753
3 0.0999389
4 0.304669
3480 4
1 0.10741
2 0.0978305
3 0.100413
4 0.305653
3490 4
1 0.108065
2 0.0975594
3 0.100103
4 0.305727
3500 4
1 0.107976
2 0.0995707
3 0.100658
4 0.308204
3510 4
1 0.109165
2 0.100921
3 0.101305
4 0.31139
3520 4
1 0.110325
2 0.100242
3 0.104409
4 0.314976
3530 4
1 0.110604
2 0.0998025
3 0.1082
4 0.318606
3540 4
1 0.110295
2 0.0977588
3 0.109715
4 0.317769
3550 4
1 0.108781
2 0.0973765
3 0.110204
4 0.316361
3560 4
1 0.106285
2 0.099181
3 0.108397
4 0.313863
3570 4
1 0.104128
2 0.0988109
3 0.104975
4 0.307913
3580 4
1 0.103451
2 0.0973123
3 0.103154
4 0.303917
3590 4
1 0.104383
2 0.0976996
3 0.102744
4 0.304826
3600 4
1 0.10573
2 0.0974328
3 0.102624
4 0.305787
3610 4
1 0.105445
2 0.0938877
3 0.103491
4 0.302823
3620 4
1 0.103893
2 0.0920035
3 0.104916
4 0.300812
3630 4
1 0.102873
2 0.0929901
3 0.105332
4 0.301196
3640 4
1 0.101455
2 0.0935555
3 0.104674
4 0.299684
3650 4
1 0.101189
2 0.0944667
3 0.103687
4 0.299343
3660 4
1 0.102998
2 0.0958267
3 0.103252
4 0.302076
3670 4
1 0.103517
2 0.0968204
3 0.102937
4 0.303274
3680 4
1 0.103012
2 0.0980096
3 0.102646
4 0.303668
3690 4
1 0.103014
2 0.0998313
3 0.103515
4 0.30636
3700 4
1 0.104394
2 0.0999084
3 0.105637
4 0.30994
3710 4
1 0.106762
2 0.0971724
3 0.107598
4 0.311532
3720 4
1 0.108929
2 0.0957408
3 0.10875
4 0.31342
3730 4
1 0.109267
2 0.0968355
3 0.108028
4 0.314131
3740 4
1 0.106472
2 0.095399
3 0.106011
4 0.307883
3750 4
1 0.102238
2 0.0942435
3 0.104007
4 0.300489
3760 4
1 0.100219
2 0.095362
3 0.102965
4 0.298547
3770 4
1 0.101233
2 0.0960956
3 0.102605
4 0.299933
3780 4
1 0.103456
2 0.0965285
3 0.101502
4 0.301486
3790 4
1 0.10581
2 0.0981232
3 0.100122
4 0.304055
3800 4
1 0.10605
2 0.0973969
3 0.0990342
4 0.302481
3810 4
1 0.103857
2 0.0936037
3 0.0983163
4 0.295777
3820 4
1 0.101395
2 0.0919641
3 0.0987008
4 0.29206
3830 4
1 0.100432
2 0.0918785
3 0.0984991
4 0.29081
3840 4
1 0.101659
2 0.0922695
3 0.0984431
4 0.292371
3850 4
1 0.104488
2 0.0925913
3 0.10019
4 0.297269
3860 4
1 0.107633
2 0.0925866
3 0.102087
4 0.302306
3870 4
1 0.110523
2 0.0941716
3 0.102571
4 0.307266
3880 4
1 0.111239
2 0.0941268
3 0.101542
4 0.306908
3890 4
1 0.110638
2 0.0923553
3 0.101116
4 0.30411
3900 4
1 0.111338
2 0.0924216
3 0.10233
4 0.30609
3910 4
1 0.112589
2 0.0924189
3 0.10193
4 0.306938
3920 4
1 0.114157
2 0.0912582
3 0.0989984
4 0.304414
3930 4
1 0.115507
2 0.0917246
3 0.0968042
4 0.304035
3940 4
1 0.115173
2 0.0929676
3 0.0961096
4 0.30425
3950 4
1 0.11263
2 0.0928691
3 0.0964181
4 0.301917
3960 4
1 0.110323
2 0.0929677
3 0.0981591
4 0.301449
3970 4
1 0.109736
2 0.092527
3 0.0991097
4 0.301373
3980 4
1 0.110794
2 0.0908898
3 0.0984675
4 0.300151
3990 4
1 0.112664
2 0.0900092
3 0.0991486
4 0.301822
4000 4
1 0.112416
2 0.0875476
3 0.0991436
4 0.299107
4010 4
1 0.109987
2 0.0868532
3 0.0981376
4 0.294977
4020 4
1 0.106698
2 0.0867527
3 0.096879
4 0.29033
4030 4
1 0.102999
2 0.0838232
3 0.0955403
4 0.282363
4040 4
1 0.100082
2 0.082749
3 0.0950942
4 0.277925
4050 4
1 0.0980844
2 0.0808639
3 0.0930439
4 0.271992
4060 4
1 0.097734
2 0.0781341
3 0.09117
4 0.267038
4070 4
1 0.0987737
2 0.0737682
3 0.0883159
4 0.260858
4080 4
1 0.0998982
2 0.0717849
3 0.0857835
4 0.257467
4090 4
1 0.100662
2 0.0717328
3 0.084274
4 0.256669
4100 4
1 0.101068
2 0.0735986
3 0.0843637
4 0.25903
4110 4
1 0.100182
2 0.0760433
3 0.0857316
4 0.261957
4120 4
1 0.0974758
2 0.079256
3 0.0894739
4 0.266206
4130 4
1 0.0943088
2 0.0804052
3 0.0922119
4 0.266926
4140 4
1 0.0937818
2 0.0816463
3 0.0921134
4 0.267542
4150 4
1 0.0951596
2 0.0823628
3 0.0912473
4 0.26877
4160 4
1 0.0976173
2 0.0823931
3 0.0905956
4 0.270606
4170 4
1 0.099654
2 0.0824424
3 0.0902536
4 0.27235
4180 4
1 0.100012
2 0.0824608
3 0.0906489
4 0.273121
4190 4
1 0.0993016
2 0.0833783
3 0.0909891
4 0.273669
4200 4
1 0.0973111
2 0.0829461
3 0.0917512
4 0.272008
4210 4
1 0.096071
2 0.0814028
3 0.0930203
4 0.270494
4220 4
1 0.0953138
2 0.0793442
3 0.0933805
4 0.268038
4230 4
1 0.0941405
2 0.0780395
3 0.091599
4 0.263779
4240 4
1 0.0930454
2 0.0775023
3 0.0883926
4 0.25894
4250 4
1 0.0922195
2 0.0764675
3 0.085349
4 0.254036
4260 4
1 0.0926517
2 0.0749109
3 0.0842951
4 0.251858
4270 4
1 0.0931559
2 0.0741116
3 0.0861976
4 0.253465
4280 4
1 0.0933283
2 0.0750599
3 0.0894596
4 0.257848
4290 4
1 0.0924946
2 0.0778046
3 0.0918803
4 0.26218
4300 4
1 0.0907251
2 0.0788382
3 0.0931794
4 0.262743
4310 4
1 0.0896828
2 0.080466
3 0.0934876
4 0.263636
4320 4
1 0.0898199
2 0.0783701
3 0.0933875
4 0.261577
4330 4
1 0.0922664
2 0.0773945
3 0.0930495
4 0.26271
4340 4
1 0.0937954
2 0.0777045
3 0.0926026
4 0.264103
4350 4
1 0.092915
2 0.079498
3 0.091945
4 0.264358
4360 4
1 0.0914707
2 0.0810433
3 0.0909787
4 0.263493
4370 4
1 0.0903107
2 0.0804391
3 0.0889855
4 0.259735
4380 4
1 0.088997
2 0.0782954
3 0.0876777
4 0.25497
4390 4
1 0.0884936
2 0.0748568
3 0.0866565
4 0.250007
4400 4
1 0.0884002
2 0.072737
3 0.0867476
4 0.247885
4410 4
1 0.0882799
2 0.0717201
3 0.0862283
4 0.246228
4420 4
1 0.0879021
2 0.0729033
3 0.0851473
4 0.245953
4430 4
1 0.0888859
2 0.0735509
3 0.0827081
4 0.245145
4440 4
1 0.0905337
2 0.0729066
3 0.0805981
4 0.244038
4450 4
1 0.0918763
2 0.0720172
3 0.0798044
4 0.243698
4460 4
1 0.0917354
2 0.0711564
3 0.0806842
4 0.243576
4470 4
1 0.0895142
2 0.0710205
3 0.0818305
4 0.242365
4480 4
1 0.0873366
2 0.0710437
3 0.083267
4 0.241647
4490 4
1 0.0871159
2 0.0706926
3 0.0835448
4 0.241353
4500 4
1 0.088225
2 0.0714509
3 0.0834241
4 0.2431
4510 4
1 0.0896138
2 0.0736992
3 0.0840168
4 0.24733
4520 4
1 0.0911163
2 0.0750293
3 0.0848063
4 0.250952
4530 4
1 0.092627
2 0.0745579
3 0.0859199
4 0.253105
4540 4
1 0.0936039
2 0.0733218
3 0.0873755
4 0.254301
4550 4
1 0.0942022
2 0.0727075
3 0.088014
4 0.254924
4560 4
1 0.0939736
2 0.0723777
3 0.0868814
4 0.253233
4570 4
1 0.0924485
2 0.0710299
3 0.0849965
4 0.248475
4580 4
1 0.0908388
2 0.0693472
3 0.0827388
4 0.242925
4590 4
1 0.0902238
2 0.0685495
3 0.0812123
4 0.239986
4600 4
1 0.0905842
2 0.069081
3 0.0806104
4 0.240276
4610 4
1 0.0917743
2 0.0692789
3 0.0802566
4 0.24131
4620 4
1 0.093081
2 0.0694218
3 0.0803949
4 0.242898
4630 4
1 0.0924601
2 0.0710035
3 0.0808002
4 0.244264
4640 4
1 0.090027
2 0.0720937
3 0.08017
4 0.242291
4650 4
1 0.0880582
2 0.071714
3 0.0792538
4 0.239026
4660 4
1 0.0878043
2 0.0732645
3 0.0792119
4 0.240281
4670 4
1 0.0882903
2 0.075485
3 0.0802821
4 0.244057
4680 4
1 0.0889016
2 0.0749627
3 0.0824122
4 0.246276
4690 4
1 0.0899008
2 0.0741888
3 0.084155
4 0.248245
4700 4
1 0.0914991
2 0.075067
3 0.0845534
4 0.25112
4710 4
1 0.0923835
2 0.0748158
3 0.0851303
4 0.25233
4720 4
1 0.0911923
2 0.0751874
3 0.0858138
4 0.252194
4730 4
1 0.0897214
2 0.0781871
3 0.085544
4 0.253453
4740 4
1 0.0891442
2 0.0815978
3 0.0845087
4 0.255251
4750 4
1 0.0882348
2 0.0835914
3 0.0840675
4 0.255894
4760 4
1 0.0882877
2 0.085124
3 0.0843044
4 0.257716
4770 4
1 0.0901474
2 0.0864154
3 0.0857615
4 0.262324
4780 4
1 0.0926029
2 0.0889831
3 0.0872946
4 0.268881
4790 4
1 0.0948641
2 0.0911478
3 0.0867827
4 0.272795
4800 4
1 0.0957576
2 0.0903314
3 0.0854546
4 0.271544
4810 4
1 0.0959916
2 0.0887982
3 0.084974
4 0.269764
4820 4
1 0.0968004
2 0.0856745
3 0.0843471
4 0.266822
4830 4
1 0.0966348
2 0.0822426
3 0.0853688
4 0.264246
4840 4
1 0.0945858
2 0.081199
3 0.0871806
4 0.262965
4850 4
1 0.0914567
2 0.0815873
3 0.0868434
4 0.259887
4860 4
1 0.0878536
2 0.082061
3 0.0853468
4 0.255261
4870 4
1 0.0859286
2 0.0841738
3 0.0838654
4 0.253968
4880 4
1 0.0874748
2 0.0872291
3 0.0817298
4 0.256434
4890 4
1 0.0910139
2 0.0877446
3 0.0793388
4 0.258097
4900 4
1 0.0932882
2 0.085334
3 0.0793351
4 0.257957
4910 4
1 0.0938654
2 0.0832564
3 0.0811193
4 0.258241
4920 4
1 0.0925345
2 0.0821672
3 0.0818361
4 0.256538
4930 4
1 0.090608
2 0.0819508
3 0.08159
4 0.254149
4940 4
1 0.0890057
2 0.0825709
3 0.0819547
4 0.253531
4950 4
1 0.0888808
2 0.0836701
3 0.0829291
4 0.25548
4960 4
1 0.0901685
2 0.084715
3 0.0823197
4 0.257203
4970 4
1 0.091998
2 0.0843155
3 0.0807297
4 0.257043
4980 4
1 0.0924854
2 0.0823949
3 0.0806987
4 0.255579
4990 4
1 0.0912019
2 0.0793592
3 0.0810475
4 0.251609
5000 4
1 0.0886269
2 0.0765642
3 0.0793528
4 0.244544
5010 4
1 0.085826
2 0.0743939
3 0.0769478
4 0.237168
5020 4
1 0.0837258
2 0.0730624
3 0.0751001
4 0.231888
5030 4
1 0.0829318
2 0.0730782
3 0.0735651
4 0.229575
5040 4
1 0.0824803
2 0.0733493
3 0.0717105
4 0.22754
5050 4
1 0.0812887
2 0.0727802
3 0.0711891
4 0.225258
5060 4
1 0.0807606
2 0.0718346
3 0.0711601
4 0.223755
5070 4
1 0.0817012
2 0.0710143
3 0.0710692
4 0.223785
5080 4
1 0.0828495
2 0.070433
3 0.0723653
4 0.225648
5090 4
1 0.0831709
2 0.0704606
3 0.0735339
4 0.227165
5100 4
1 0.0831648
2 0.0707906
3 0.0736635
4 0.227619
5110 4
1 0.0832423
2 0.071006
3 0.0743572
4 0.228605
5120 4
1 0.0823878
2 0.0710919
3 0.0754431
4 0.228923
5130 4
1 0.0810238
2 0.0723765
3 0.0762329
4 0.229633
5140 4
1 0.0799414
2 0.0746528
3 0.077129
4 0.231723
5150 4
1 0.0782926
2 0.0748515
3 0.076617
4 0.229761
5160 4
1 0.0772551
2 0.0752187
3 0.074805
4 0.227279
5170 4
1 0.0768278
2 0.0759202
3 0.0746735
4 0.227422
5180 4
1 0.0761819
2 0.0742748
3 0.0755056
4 0.225962
5190 4
1 0.0759862
2 0.0726884
3 0.0761453
4 0.22482
5200 4
1 0.0750176
2 0.0723769
3 0.0758732
4 0.223268
5210 4
1 0.0741853
2 0.0731915
3 0.0753092
4 0.222686
5220 4
1 0.0741156
2 0.0751705
3 0.0756593
4 0.224945
5230 4
1 0.0746078
2 0.0768263
3 0.0757631
4 0.227197
5240 4
1 0.0748917
2 0.0780244
3 0.0755957
4 0.228512
5250 4
1 0.0744992
2 0.0774312
3 0.0765437
4 0.228474
5260 4
1 0.0741289
2 0.0747165
3 0.0789156
4 0.227761
5270 4
1 0.0748333
2 0.0715185
3 0.0806103
4 0.226962
5280 4
1 0.0756008
2 0.0698968
3 0.0807098
4 0.226207
5290 4
1 0.0750239
2 0.0698383
3 0.0809355
4 0.225798
5300 4
1 0.0747632
2 0.0708688
3 0.0811863
4 0.226818
5310 4
1 0.0754584
2 0.0734148
3 0.0811717
4 0.230045
5320 4
1 0.0757912
2 0.0742019
3 0.0808997
4 0.230893
5330 4
1 0.0765823
2 0.0758277
3 0.0814573
4 0.233867
5340 4
1 0.0765934
2 0.0749519
3 0.0826437
4 0.234189
5350 4
1 0.0771824
2 0.0734354
3 0.0846829
4 0.235301
5360 4
1 0.0790899
2 0.0712408
3 0.0857268
4 0.236057
5370 4
1 0.0812018
2 0.069926
3 0.0837529
4 0.234881
5380 4
1 0.0812537
2 0.0714569
3 0.0813759
4 0.234087
5390 4
1 0.0809214
2 0.0720556
3 0.0795836
4 0.232561
5400 4
1 0.0816499
2 0.0703023
3 0.0797177
4 0.23167
5410 4
1 0.0825943
2 0.0670508
3 0.0809643
4 0.230609
5420 4
1 0.0829618
2 0.0647567
3 0.0821374
4 0.229856
5430 4
1 0.083739
2 0.0644133
3 0.0818747
4 0.230027
5440 4
1 0.0832936
2 0.064947
3 0.0802636
4 0.228504
5450 4
1 0.0816192
2 0.065489
3 0.0785504
4 0.225659
5460 4
1 0.0800848
2 0.0654716
3 0.0756914
4 0.221248
5470 4
1 0.0778909
2 0.0655356
3 0.0735641
4 0.216991
5480 4
1 0.0756627
2 0.0654108
3 0.0723717
4 0.213445
5490 4
1 0.0749524
2 0.0651013
3 0.071915
4 0.211969
5500 4
1 0.0761038
2 0.06487
3 0.0734233
4 0.214397
5510 4
1 0.0784448
2 0.0636707
3 0.0746526
4 0.216768
5520 4
1 0.0805291
2 0.0619285
3 0.0749984
4 0.217456
5530 4
1 0.0818092
2 0.0609541
3 0.0740966
4 0.21686
5540 4
1 0.0835648
2 0.0614973
3 0.0732862
4 0.218348
5550 4
1 0.0848017
2 0.062898
3 0.073546
4 0.221246
5560 4
1 0.0854169
2 0.0642361
3 0.0744784
4 0.224131
5570 4
1 0.0867434
2 0.0651268
3 0.0758569
4 0.227727
5580 4
1 0.0879953
2 0.065016
3 0.0772256
4 0.230237
5590 4
1 0.0879806
2 0.0651261
3 0.078145
4 0.231252
5600 4
1 0.0870348
2 0.065697
3 0.0775224
4 0.230254
5610 4
1 0.0863331
2 0.0649532
3 0.0755002
4 0.226787
5620 4
1 0.0861126
2 0.0638106
3 0.073918
4 0.223841
5630 4
1 0.0867084
2 0.0637273
3 0.0739265
4 0.224362
5640 4
1 0.0875889
2 0.0662735
3 0.074159
4 0.228021
5650 4
1 0.0872193
2 0.0695645
3 0.0737594
4 0.230543
5660 4
1 0.0860627
2 0.0717488
3 0.0734533
4 0.231265
5670 4
1 0.0842603
2 0.0727101
3 0.0741589
4 0.231129
5680 4
1 0.0827099
2 0.0718225
3 0.075052
4 0.229584
5690 4
1 0.0820675
2 0.0692696
3 0.0754907
4 0.226828
5700 4
1 0.0809927
2 0.0675725
3 0.0759434
4 0.224509
5710 4
1 0.0779775
2 0.067243
3 0.0759192
4 0.22114
5720 4
1 0.0741534
2 0.0679151
3 0.0751515
4 0.21722
5730 4
1 0.0709727
2 0.0682203
3 0.0737507
4 0.212944
5740 4
1 0.0701705
2 0.0684525
3 0.0717022
4 0.210325
5750 4
1 0.0711142
2 0.0692731
3 0.0698559
4 0.210243
5760 4
1 0.0721733
2 0.0699832
3 0.0691929
4 0.211349
5770 4
1 0.0730253
2 0.0705707
3 0.0695867
4 0.213183
5780 4
1 0.0739266
2 0.0711131
3 0.0705239
4 0.215564
5790 4
1 0.0757006
2 0.0720755
3 0.0718767
4 0.219653
5800 4
1 0.078413
2 0.0733093
3 0.0726223
4 0.224345
5810 4
1 0.0798268
2 0.074679
3 0.0731392
4 0.227645
5820 4
1 0.0797376
2 0.0750823
3 0.0735724
4 0.228392
5830 4
1 0.0799811
2 0.074526
3 0.074344
4 0.228851
5840 4
1 0.080948
2 0.0748698
3 0.0756804
4 0.231498
5850 4
1 0.0811374
2 0.0754443
3 0.0764626
4 0.233044
5860 4
1 0.0808399
2 0.0768278
3 0.0761803
4 0.233848
5870 4
1 0.080506
2 0.0779066
3 0.0763419
4 0.234755
5880 4
1 0.0801072
2 0.0776144
3 0.0770104
4 0.234732
5890 4
1 0.0793591
2 0.0768466
3 0.0775827
4 0.233788
5900 4
1 0.0776426
2 0.075592
3 0.0790018
4 0.232236
5910 4
1 0.0748335
2 0.0738269
3 0.0815611
4 0.230221
5920 4
1 0.0724597
2 0.0720671
3 0.083817
4 0.228344
5930 4
1 0.0727723
2 0.0697126
3 0.0842978
4 0.226783
5940 4
1 0.0759535
2 0.068002
3 0.0826612
4 0.226617
5950 4
1 0.0791521
2 0.0671068
3 0.0801869
4 0.226446
5960 4
1 0.0811864
2 0.0668632
3 0.0779922
4 0.226042
5970 4
1 0.081773
2 0.0675058
3 0.0779274
4 0.227206
5980 4
1 0.080752
2 0.0685925
3 0.0784811
4 0.227826
5990 4
1 0.077312
2 0.0699905
3 0.0789227
4 0.226225
6000 4
1 0.0738059
2 0.0690074
3 0.0792107
4 0.222024
6010 4
1 0.0729176
2 0.0655367
3 0.0794873
4 0.217942
6020 4
1 0.0746734
2 0.0630475
3 0.080161
4 0.217882
6030 4
1 0.0775583
2 0.0619988
3 0.0795431
4 0.2191
6040 4
1 0.0796403
2 0.0621674
3 0.0776477
4 0.219455
6050 4
1 0.080724
2 0.0630969
3 0.0761713
4 0.219992
6060 4
1 0.0818501
2 0.0643894
3 0.0743976
4 0.220637
6070 4
1 0.0831615
2 0.0650961
3 0.0723614
4 0.220619
6080 4
1 0.0835508
2 0.0659005
3 0.0710679
4 0.220519
6090 4
1 0.0826094
2 0.0653125
3 0.0708522
4 0.218774
6100 4
1 0.0810484
2 0.0653299
3 0.0719908
4 0.218369
6110 4
1 0.0807241
2 0.0647733
3 0.0733175
4 0.218815
6120 4
1 0.0811883
2 0.063044
3 0.0737817
4 0.218014
6130 4
1 0.0818479
2 0.060826
3 0.073804
4 0.216478
6140 4
1 0.082514
2 0.0603191
3 0.0739125
4 0.216746
6150 4
1 0.083907
2 0.0613221
3 0.0735916
4 0.218821
6160 4
1 0.0853321
2 0.0630052
3 0.073272
4 0.221609
6170 4
1 0.0850582
2 0.0629248
3 0.0727155
4 0.220698
6180 4
1 0.083628
2 0.06324
3 0.0722743
4 0.219142
6190 4
1 0.0823035
2 0.0648623
3 0.0722114
4 0.219377
6200 4
1 0.0823577
2 0.0664714
3 0.072292
4 0.221121
6210 4
1 0.0844803
2 0.0658432
3 0.0718115
4 0.222135
6220 4
1 0.0881331
2 0.065751
3 0.0716674
4 0.225552
6230 4
1 0.0906441
2 0.0665105
3 0.071941
4 0.229096
6240 4
1 0.0902343
2 0.0654774
3 0.0722816
4 0.227993
6250 4
1 0.0888228
2 0.0652762
3 0.0725691
4 0.226668
6260 4
1 0.0882957
2 0.0670196
3 0.0729453
4 0.228261
6270 4
1 0.0884838
2 0.0680562
3 0.0736185
4 0.230159
6280 4
1 0.0888227
2 0.0695532
3 0.0748938
4 0.23327
6290 4
1 0.0885498
2 0.0725672
3 0.0764482
4 0.237565
6300 4
1 0.0872848
2 0.0730847
3 0.078102
4 0.238472
6310 4
1 0.0864539
2 0.0730584
3 0.0801147
4 0.239627
6320 4
1 0.0864711
2 0.0720039
3 0.0820118
4 0.240487
6330 4
1 0.0867104
2 0.0728448
3 0.0827544
4 0.24231
6340 4
1 0.0859624
2 0.0754723
3 0.0822558
4 0.24369
6350 4
1 0.0850889
2 0.0749589
3 0.0814031
4 0.241451
6360 4
1 0.0853416
2 0.0725863
3 0.0805207
4 0.238449
6370 4
1 0.0861973
2 0.071235
3 0.0797887
4 0.237221
6380 4
1 0.0866875
2 0.0717333
3 0.0796498
4 0.238071
6390 4
1 0.0864015
2 0.0722572
3 0.0803191
4 0.238978
6400 4
1 0.0871013
2 0.0720063
3 0.0809854
4 0.240093
6410 4
1 0.0893688
2 0.0722573
3 0.0826716
4 0.244298
6420 4
1 0.0916707
2 0.07344
3 0.0864477
4 0.251558
6430 4
1 0.092316
2 0.0764234
3 0.0898451
4 0.258584
6440 4
1 0.0912419
2 0.0790775
3 0.0901425
4 0.260462
6450 4
1 0.08893
2 0.0801815
3 0.088131
4 0.257242
6460 4
1 0.0871175
2 0.0804084
3 0.0853677
4 0.252894
6470 4
1 0.0865119
2 0.0804369
3 0.0832182
4 0.250167
6480 4
1 0.0863233
2 0.0781051
3 0.0832948
4 0.247723
6490 4
1 0.0868959
2 0.0758793
3 0.0851714
4 0.247947
6500 4
1 0.0875424
2 0.073695
3 0.0857632
4 0.247001
6510 4
1 0.0864024
2 0.0725675
3 0.0858124
4 0.244782
6520 4
1 0.083946
2 0.0723304
3 0.0871825
4 0.243459
6530 4
1 0.0821493
2 0.0730693
3 0.0894563
4 0.244675
6540 4
1 0.0816566
2 0.0744305
3 0.0902069
4 0.246294
6550 4
1 0.0815367
2 0.0768777
3 0.0893974
4 0.247812
6560 4
1 0.0814003
2 0.0794475
3 0.0878139
4 0.248662
6570 4
1 0.0821926
2 0.0798525
3 0.0859088
4 0.247954
6580 4
1 0.0830017
2 0.0785137
3 0.0857797
4 0.247295
6590 4
1 0.0835744
2 0.0779012
3 0.0885684
4 0.250044
6600 4
1 0.085273
2 0.0777016
3 0.0911163
4 0.254091
6610 4
1 0.0877826
2 0.0759426
3 0.0912858
4 0.255011
6620 4
1 0.0888665
2 0.0758976
3 0.0908028
4 0.255567
6630 4
1 0.0900307
2 0.0748684
3 0.0905548
4 0.255454
6640 4
1 0.0927991
2 0.0753878
3 0.0909377
4 0.259125
6650 4
1 0.0961053
2 0.0765596
3 0.0904716
4 0.263137
6660 4
1 0.0986358
2 0.0778963
3 0.0890117
4 0.265544
6670 4
1 0.0991166
2 0.0766621
3 0.0875631
4 0.263342
6680 4
1 0.0979632
2 0.0750242
3 0.0864212
4 0.259409
6690 4
1 0.0962871
2 0.074669
3 0.0851185
4 0.256075
6700 4
1 0.0944915
2 0.0743234
3 0.0845831
4 0.253398
6710 4
1 0.0927407
2 0.074714
3 0.085107
4 0.252562
6720 4
1 0.0912174
2 0.0728964
3 0.0854388
4 0.249553
6730 4
1 0.0896797
2 0.0730413
3 0.085887
4 0.248608
6740 4
1 0.0884304
2 0.0747322
3 0.0856954
4 0.248858
6750 4
1 0.087606
2 0.0771283
3 0.0859174
4 0.250652
6760 4
1 0.0877441
2 0.0811995
3 0.0876148
4 0.256558
6770 4
1 0.0876815
2 0.0847267
3 0.0893959
4 0.261804
6780 4
1 0.0864558
2 0.0848813
3 0.0881666
4 0.259504
6790 4
1 0.0853237
2 0.0817596
3 0.0843165
4 0.2514
6800 4
1 0.0846651
2 0.0780482
3 0.0810736
4 0.243787
6810 4
1 0.0831152
2 0.0767807
3 0.0798539
4 0.23975
6820 4
1 0.0808529
2 0.0772899
3 0.08
4 0.238143
6830 4
1 0.0788939
2 0.0768241
3 0.0810793
4 0.236797
6840 4
1 0.0782361
2 0.0771816
3 0.0817379
4 0.237156
6850 4
1 0.0790512
2 0.078509
3 0.081622
4 0.239182
6860 4
1 0.0802819
2 0.0786202
3 0.0816255
4 0.240528
6870 4
1 0.0814572
2 0.0778903
3 0.0813518
4 0.240699
6880 4
1 0.0828951
2 0.0773684
3 0.0807398
4 0.241003
6890 4
1 0.0838246
2 0.076973
3 0.0811665
4 0.241964
6900 4
1 0.0835119
2 0.0758116
3 0.0819232
4 0.241247
6910 4
1 0.0814476
2 0.0749155
3 0.081116
4 0.237479
6920 4
1 0.0782602
2 0.0746193
3 0.0792453
4 0.232125
6930 4
1 0.0743038
2 0.0745802
3 0.0778083
4 0.226692
6940 4
1 0.0710682
2 0.075111
3 0.0783908
4 0.22457
6950 4
1 0.070954
2 0.0749666
3 0.080414
4 0.226335
6960 4
1 0.0737595
2 0.0751998
3 0.0816378
4 0.230597
6970 4
1 0.07722
2 0.0767391
3 0.0818075
4 0.235767
6980 4
1 0.0794111
2 0.0793759
3 0.0816144
4 0.240401
6990 4
1 0.0790972
2 0.0807474
3 0.0822585
4 0.242103
7000 4
1 0.0776064
2 0.0807477
3 0.0837951
4 0.242149
7010 4
1 0.0769997
2 0.0800171
3 0.0849865
4 0.242003
7020 4
1 0.0768126
2 0.0795943
3 0.0857946
4 0.242201
7030 4
1 0.0770651
2 0.0775354
3 0.0862735
4 0.240874
7040 4
1 0.0788659
2 0.0753505
3 0.0859434
4 0.24016
7050 4
1 0.0827346
2 0.0748328
3 0.0860123
4 0.24358
7060 4
1 0.08745
2 0.0751629
3 0.0862137
4 0.248827
7070 4
1 0.0902325
2 0.0744386
3 0.0855447
4 0.250216
7080 4
1 0.0898225
2 0.0753322
3 0.0848162
4 0.249971
7090 4
1 0.0864811
2 0.0782695
3 0.08598
4 0.250731
7100 4
1 0.0831019
2 0.0811116
3 0.0887196
4 0.252933
7110 4
1 0.0828151
2 0.0832876
3 0.0916663
4 0.257769
7120 4
1 0.0854155
2 0.0837917
3 0.0936965
4 0.262904
7130 4
1 0.0880266
2 0.0830999
3 0.0944585
4 0.265585
7140 4
1 0.0906723
2 0.0833797
3 0.0946752
4 0.268727
7150 4
1 0.0932319
2 0.0858379
3 0.094711
4 0.273781
7160 4
1 0.0941101
2 0.0887349
3 0.0943361
4 0.277181
7170 4
1 0.0939631
2 0.0899976
3 0.0939154
4 0.277876
7180 4
1 0.0933813
2 0.0903628
3 0.0932911
4 0.277035
7190 4
1 0.0919547
2 0.0908622
3 0.0929881
4 0.275805
7200 4
1 0.0907079
2 0.0908765
3 0.0932518
4 0.274836
7210 4
1 0.0897841
2 0.0895821
3 0.0936892
4 0.273055
7220 4
1 0.0887083
2 0.0876183
3 0.0935927
4 0.269919
7230 4
1 0.0880103
2 0.0866885
3 0.094033
4 0.268732
7240 4
1 0.0870585
2 0.0873415
3 0.0943954
4 0.268795
7250 4
1 0.0858
2 0.0886915
3 0.0935736
4 0.268065
7260 4
1 0.0847785
2 0.0893504
3 0.0929459
4 0.267075
7270 4
1 0.08427
2 0.0894512
3 0.0928183
4 0.26654
7280 4
1 0.0851377
2 0.0895671
3 0.0926343
4 0.267339
7290 4
1 0.0865005
2 0.0896966
3 0.0938664
4 0.270064
7300 4
1 0.0851137
2 0.0905273
3 0.0975352
4 0.273176
7310 4
1 0.0821105
2 0.091471
3 0.101381
4 0.274962
7320 4
1 0.0813275
2 0.0916448
3 0.102791
4 0.275763
7330 4
1 0.0822607
2 0.0917504
3 0.103075
4 0.277086
7340 4
1 0.0827514
2 0.0910741
3 0.103994
4 0.277819
7350 4
1 0.0814797
2 0.091111
3 0.105538
4 0.278129
7360 4
1 0.0791559
2 0.0945338
3 0.107645
4 0.281334
7370 4
1 0.0783357
2 0.0996488
3 0.109583
4 0.287567
7380 4
1 0.0804147
2 0.104217
3 0.109086
4 0.293718
7390 4
1 0.0836734
2 0.108036
3 0.10802
4 0.29973
7400 4
1 0.0855578
2 0.109756
3 0.107769
4 0.303082
7410 4
1 0.0861301
2 0.108369
3 0.107494
4 0.301992
7420 4
1 0.0863166
2 0.105271
3 0.10695
4 0.298537
7430 4
1 0.0860646
2 0.103091
3 0.107304
4 0.29646
7440 4
1 0.085345
2 0.102932
3 0.108565
4 0.296842
7450 4
1 0.0847735
2 0.102792
3 0.109209
4 0.296774
7460 4
1 0.0856342
2 0.102458
3 0.109837
4 0.297929
7470 4
1 0.0877255
2 0.100869
3 0.110007
4 0.298602
7480 4
1 0.0888009
2 0.0994812
3 0.109312
4 0.297594
7490 4
1 0.0883577
2 0.0992641
3 0.109361
4 0.296983
7500 4
1 0.0881368
2 0.0983151
3 0.109714
4 0.296166
7510 4
1 0.0887224
2 0.0982462
3 0.109957
4 0.296925
7520 4
1 0.0888859
2 0.0985316
3 0.109895
4 0.297312
7530 4
1 0.088524
2 0.0981769
3 0.110117
4 0.296818
7540 4
1 0.087553
2 0.0981838
3 0.110918
4 0.296655
7550 4
1 0.0872318
2 0.0982383
3 0.111503
4 0.296973
7560 4
1 0.0875278
2 0.0980143
3 0.111781
4 0.297323
7570 4
1 0.0880972
2 0.0979969
3 0.112897
4 0.298991
7580 4
1 0.088967
2 0.0969784
3 0.114463
4 0.300409
7590 4
1 0.0885946
2 0.0956908
3 0.115912
4 0.300198
7600 4
1 0.0872701
2 0.0937545
3 0.116873
4 0.297897
7610 4
1 0.0868636
2 0.0908408
3 0.116023
4 0.293727
7620 4
1 0.0875252
2 0.0892307
3 0.113015
4 0.28977
7630 4
1 0.0882045
2 0.0890411
3 0.110245
4 0.287491
7640 4
1 0.0879848
2 0.0882669
3 0.108038
4 0.284289
7650 4
1 0.0861532
2 0.0888105
3 0.105989
4 0.280953
7660 4
1 0.0844061
2 0.090006
3 0.10414
4 0.278552
7670 4
1 0.0841033
2 0.092783
3 0.103143
4 0.280029
7680 4
1 0.0849761
2 0.0932698
3 0.102442
4 0.280687
7690 4
1 0.0860104
2 0.091504
3 0.102078
4 0.279592
7700 4
1 0.0870141
2 0.0889472
3 0.100937
4 0.276898
7710 4
1 0.0868172
2 0.0878688
3 0.099755
4 0.274441
7720 4
1 0.0847372
2 0.0896871
3 0.099998
4 0.274422
7730 4
1 0.0830924
2 0.0915023
3 0.0995833
4 0.274178
7740 4
1 0.0831804
2 0.0936911
3 0.099733
4 0.276604
7750 4
1 0.0853473
2 0.0956618
3 0.100067
4 0.281076
7760 4
1 0.0878724
2 0.0985526
3 0.0996751
4 0.2861
7770 4
1 0.0890111
2 0.100877
3 0.099322
4 0.289211
7780 4
1 0.0887695
2 0.100109
3 0.0983554
4 0.287234
7790 4
1 0.0891457
2 0.0978803
3 0.0963791
4 0.283405
7800 4
1 0.09105
2 0.0943338
3 0.0946671
4 0.280051
7810 4
1 0.0926562
2 0.0917731
3 0.0952379
4 0.279667
7820 4
1 0.0938022
2 0.088041
3 0.0978474
4 0.279691
7830 4
1 0.0945785
2 0.0870262
3 0.101026
4 0.282631
7840 4
1 0.09493
2 0.0888216
3 0.102345
4 0.286096
7850 4
1 0.09385
2 0.0930963
3 0.101727
4 0.288674
7860 4
1 0.0924831
2 0.0976882
3 0.100914
4 0.291085
7870 4
1 0.0914429
2 0.0996789
3 0.10072
4 0.291842
7880 4
1 0.0899351
2 0.10159
3 0.101242
4 0.292768
7890 4
1 0.088634
2 0.102948
3 0.102612
4 0.294194
7900 4
1 0.0878565
2 0.103651
3 0.103569
4 0.295077
7910 4
1 0.0867142
2 0.105597
3 0.104048
4 0.296359
7920 4
1 0.0851333
2 0.105757
3 0.103
4 0.293889
7930 4
1 0.0837002
2 0.104477
3 0.101207
4 0.289384
7940 4
1 0.0824457
2 0.103192
3 0.0998183
4 0.285456
7950 4
1 0.0817043
2 0.10271
3 0.100372
4 0.284787
7960 4
1 0.0827307
2 0.102323
3 0.102868
4 0.287922
7970 4
1 0.0852665
2 0.101273
3 0.10524
4 0.291779
7980 4
1 0.0867527
2 0.100262
3 0.105482
4 0.292497
7990 4
1 0.0867449
2 0.0993481
3 0.104256
4 0.290349
8000 4
1 0.0867905
2 0.0990891
3 0.102156
4 0.288035
8010 4
1 0.0871805
2 0.098465
3 0.0997882
4 0.285434
8020 4
1 0.0867985
2 0.0969539
3 0.0980378
4 0.28179
8030 4
1 0.0852117
2 0.0945993
3 0.0967015
4 0.276512
8040 4
1 0.0829425
2 0.0923434
3 0.0963751
4 0.271661
8050 4
1 0.0812385
2 0.0902491
3 0.0977397
4 0.269227
8060 4
1 0.0803673
2 0.0889456
3 0.0994199
4 0.268733
8070 4
1 0.0798606
2 0.088547
3 0.100335
4 0.268742
8080 4
1 0.0797211
2 0.0897831
3 0.100038
4 0.269542
8090 4
1 0.0798963
2 0.0925037
3 0.0998721
4 0.272272
8100 4
1 0.0799966
2 0.0959209
3 0.0992343
4 0.275152
8110 4
1 0.0798532
2 0.0986694
3 0.0979945
4 0.276517
8120 4
1 0.0798458
2 0.0995069
3 0.096733
4 0.276086
8130 4
1 0.0798877
2 0.0986512
3 0.0950873
4 0.273626
8140 4
1 0.0789124
2 0.0968005
3 0.0930547
4 0.268768
8150 4
1 0.0780914
2 0.0953665
3 0.0902772
4 0.263735
8160 4
1 0.0776648
2 0.09541
3 0.0873021
4 0.260377
8170 4
1 0.0773709
2 0.0949752
3 0.0864597
4 0.258806
8180 4
1 0.0773367
2 0.0942184
3 0.0883238
4 0.259879
8190 4
1 0.0775461
2 0.0938755
3 0.0915243
4 0.262946
8200 4
1 0.0780281
2 0.0935578
3 0.0939226
4 0.265508
8210 4
1 0.0786316
2 0.0946079
3 0.0939058
4 0.267145
8220 4
1 0.0799749
2 0.095371
3 0.0915966
4 0.266943
8230 4
1 0.0818867
2 0.096424
3 0.0882468
4 0.266557
8240 4
1 0.0829247
2 0.0958719
3 0.0861222
4 0.264919
8250 4
1 0.0829861
2 0.0944947
3 0.0860358
4 0.263517
8260 4
1 0.0837689
2 0.0912669
3 0.0870026
4 0.262038
8270 4
1 0.0852956
2 0.087093
3 0.0876383
4 0.260027
8280 4
1 0.0859509
2 0.0829493
3 0.0867572
4 0.255657
8290 4
1 0.0855387
2 0.0825035
3 0.0848818
4 0.252924
8300 4
1 0.0838837
2 0.0840239
3 0.0843779
4 0.252286
8310 4
1 0.0823982
2 0.0860635
3 0.0854285
4 0.25389
8320 4
1 0.081872
2 0.0867024
3 0.0861852
4 0.25476
8330 4
1 0.0820038
2 0.0875036
3 0.0852832
4 0.254791
8340 4
1 0.0822145
2 0.0876079
3 0.0838268
4 0.253649
8350 4
1 0.082085
2 0.0888682
3 0.0846293
4 0.255582
8360 4
1 0.0812989
2 0.0904989
3 0.0885134
4 0.260311
8370 4
1 0.0803273
2 0.0944146
3 0.0931507
4 0.267893
8380 4
1 0.0796293
2 0.0980972
3 0.0957199
4 0.273446
8390 4
1 0.0791172
2 0.0992647
3 0.095514
4 0.273896
8400 4
1 0.0785713
2 0.100621
3 0.0947621
4 0.273955
8410 4
1 0.0783
2 0.102737
3 0.0944589
4 0.275496
8420 4
1 0.0778334
2 0.103025
3 0.0940032
4 0.274861
8430 4
1 0.0765957
2 0.100496
3 0.0937256
4 0.270818
8440 4
1 0.075301
2 0.0979303
3 0.0938813
4 0.267112
8450 4
1 0.0749203
2 0.0961585
3 0.0941806
4 0.265259
8460 4
1 0.075185
2 0.0956313
3 0.0939614
4 0.264778
8470 4
1 0.0761248
2 0.0953311
3 0.0926801
4 0.264136
8480 4
1 0.0779739
2 0.0961371
3 0.0910609
4 0.265172
8490 4
1 0.0798294
2 0.0963044
3 0.0899532
4 0.266087
8500 4
1 0.0811443
2 0.0949378
3 0.0906086
4 0.266691
8510 4
1 0.0811215
2 0.0931906
3 0.0931283
4 0.26744
8520 4
1 0.0813157
2 0.0909776
3 0.0949521
4 0.267245
8530 4
1 0.0826465
2 0.089433
3 0.0949047
4 0.266984
8540 4
1 0.0837102
2 0.0891643
3 0.0940648
4 0.266939
8550 4
1 0.083905
2 0.0898999
3 0.0923012
4 0.266106
8560 4
1 0.084711
2 0.0909296
3 0.0912398
4 0.26688
8570 4
1 0.0858279
2 0.091899
3 0.0926498
4 0.270377
8580 4
1 0.0859868
2 0.0928349
3 0.095983
4 0.274805
8590 4
1 0.084294
2 0.0936866
3 0.101302
4 0.279283
8600 4
1 0.0821179
2 0.0953452
3 0.107458
4 0.284921
8610 4
1 0.0826682
2 0.0970744
3 0.111196
4 0.290939
8620 4
1 0.0844169
2 0.097401
3 0.111512
4 0.29333
8630 4
1 0.0850682
2 0.098147
3 0.110634
4 0.29385
8640 4
1 0.0853953
2 0.1012
3 0.110132
4 0.296728
8650 4
1 0.0861762
2 0.104033
3 0.109902
4 0.300111
8660 4
1 0.0864939
2 0.105446
3 0.110362
4 0.302302
8670 4
1 0.0855217
2 0.105894
3 0.111185
4 0.302601
8680 4
1 0.0835425
2 0.10571
3 0.111454
4 0.300707
8690 4
1 0.0812847
2 0.104043
3 0.110652
4 0.295981
8700 4
1 0.0796805
2 0.102213
3 0.109415
4 0.291309
8710 4
1 0.0798644
2 0.10073
3 0.108189
4 0.288783
8720 4
1 0.0818932
2 0.0993963
3 0.106907
4 0.288197
8730 4
1 0.0839272
2 0.0975127
3 0.105524
4 0.286964
8740 4
1 0.0839308
2 0.0954169
3 0.10484
4 0.284187
8750 4
1 0.0823767
2 0.0947973
3 0.104393
4 0.281567
8760 4
1 0.0807262
2 0.0961196
3 0.103772
4 0.280618
8770 4
1 0.0794185
2 0.0986975
3 0.102125
4 0.280241
8780 4
1 0.0783491
2 0.100431
3 0.0991257
4 0.277905
8790 4
1 0.0764108
2 0.101018
3 0.096515
4 0.273944
8800 4
1 0.0735895
2 0.102022
3 0.095172
4 0.270783
8810 4
1 0.0720166
2 0.103344
3 0.0932003
4 0.268561
8820 4
1 0.0718858
2 0.102901
3 0.091245
4 0.266032
8830 4
1 0.0719751
2 0.102432
3 0.0908322
4 0.26524
8840 4
1 0.0728658
2 0.103512
3 0.0910134
4 0.267392
8850 4
1 0.0746789
2 0.104077
3 0.0908115
4 0.269567
8860 4
1 0.0763938
2 0.103681
3 0.0922596
4 0.272334
8870 4
1 0.0774355
2 0.103202
3 0.095557
4 0.276194
8880 4
1 0.0784471
2 0.103244
3 0.0994486
4 0.28114
8890 4
1 0.0791525
2 0.103516
3 0.101669
4 0.284337
8900 4
1 0.0794777
2 0.104867
3 0.101185
4 0.28553
8910 4
1 0.0800054
2 0.107715
3 0.0985673
4 0.286288
8920 4
1 0.0804646
2 0.110793
3 0.0956365
4 0.286894
8930 4
1 0.0806788
2 0.112029
3 0.0936111
4 0.286319
8940 4
1 0.0808183
2 0.111084
3 0.0940915
4 0.285993
8950 4
1 0.0802985
2 0.109803
3 0.0968107
4 0.286912
8960 4
1 0.0793515
2 0.109104
3 0.100013
4 0.288468
8970 4
1 0.0785475
2 0.108329
3 0.102354
4 0.289231
8980 4
1 0.0781905
2 0.106995
3 0.102995
4 0.288181
8990 4
1 0.0779473
2 0.105301
3 0.101189
4 0.284437
9000 4
1 0.0776279
2 0.103429
3 0.0992778
4 0.280334
9010 4
1 0.0767806
2 0.101948
3 0.0987675
4 0.277496
9020 4
1 0.0752332
2 0.102331
3 0.0988862
4 0.27645
9030 4
1 0.074296
2 0.103628
3 0.0998921
4 0.277817
9040 4
1 0.0748599
2 0.104282
3 0.100893
4 0.280035
9050 4
1 0.075636
2 0.103956
3 0.0995751
4 0.279167
9060 4
1 0.075414
2 0.102193
3 0.097263
4 0.27487
9070 4
1 0.0745956
2 0.0987694
3 0.0965962
4 0.269961
9080 4
1 0.0737606
2 0.0941281
3 0.0970951
4 0.264984
9090 4
1 0.0733642
2 0.0904048
3 0.0975655
4 0.261334
9100 4
1 0.0734173
2 0.0890549
3 0.0979689
4 0.260441
9110 4
1 0.0733522
2 0.090219
3 0.0975539
4 0.261125
9120 4
1 0.0731745
2 0.0925005
3 0.0956504
4 0.261325
9130 4
1 0.0726251
2 0.0946091
3 0.0929245
4 0.260159
9140 4
1 0.0722525
2 0.0955426
3 0.0901493
4 0.257944
9150 4
1 0.0723735
2 0.0962041
3 0.088894
4 0.257472
9160 4
1 0.0713002
2 0.0978172
3 0.0894606
4 0.258578
9170 4
1 0.0698159
2 0.0998827
3 0.0908612
4 0.26056
9180 4
1 0.070213
2 0.100975
3 0.0926579
4 0.263846
9190 4
1 0.0722984
2 0.10074
3 0.0942906
4 0.267329
9200 4
1 0.0745608
2 0.100194
3 0.0955258
4 0.27028
9210 4
1 0.0765016
2 0.100283
3 0.0957718
4 0.272557
9220 4
1 0.0777251
2 0.100823
3 0.0969751
4 0.275523
9230 4
1 0.0789376
2 0.101778
3 0.098071
4 0.278786
9240 4
1 0.0822054
2 0.103377
3 0.0978415
4 0.283424
9250 4
1 0.086616
2 0.104594
3 0.0962749
4 0.287485
9260 4
1 0.0893574
2 0.105055
3 0.0953856
4 0.289798
9270 4
1 0.0889779
2 0.103596
3 0.0957978
4 0.288372
9280 4
1 0.0875491
2 0.101258
3 0.097174
4 0.285981
9290 4
1 0.0861748
2 0.0989242
3 0.0974334
4 0.282532
9300 4
1 0.0844307
2 0.0969852
3 0.0953059
4 0.276722
9310 4
1 0.0823703
2 0.0961995
3 0.0920829
4 0.270653
9320 4
1 0.0803394
2 0.0964234
3 0.0892916
4 0.266054
9330 4
1 0.0782349
2 0.0985616
3 0.0881204
4 0.264917
9340 4
1 0.0768688
2 0.100902
3 0.0882696
4 0.26604
9350 4
1 0.076966
2 0.101385
3 0.089343
4 0.267694
9360 4
1 0.0772941
2 0.100135
3 0.0899337
4 0.267363
9370 4
1 0.0784648
2 0.0998441
3 0.0889976
4 0.267307
9380 4
1 0.0811884
2 0.101987
3 0.0867886
4 0.269964
9390 4
1 0.0845226
2 0.103202
3 0.0854932
4 0.273218
9400 4
1 0.0859017
2 0.102356
3 0.0860506
4 0.274308
9410 4
1 0.0866555
2 0.101399
3 0.0875091
4 0.275564
9420 4
1 0.0884068
2 0.101078
3 0.0878601
4 0.277345
9430 4
1 0.0902726
2 0.102412
3 0.0875279
4 0.280212
9440 4
1 0.0917653
2 0.105309
3 0.0883916
4 0.285465
9450 4
1 0.0930364
2 0.107145
3 0.0899195
4 0.290101
9460 4
1 0.0937426
2 0.106898
3 0.0910276
4 0.291668
9470 4
1 0.0945287
2 0.105802
3 0.0917768
4 0.292107
9480 4
1 0.0946256
2 0.105181
3 0.0916095
4 0.291416
9490 4
1 0.0938645
2 0.105052
3 0.0916395
4 0.290556
9500 4
1 0.0928236
2 0.105759
3 0.0919552
4 0.290538
9510 4
1 0.0922082
2 0.107971
3 0.0919359
4 0.292115
9520 4
1 0.0922601
2 0.108326
3 0.0920441
4 0.29263
9530 4
1 0.0928257
2 0.106345
3 0.0929779
4 0.292148
9540 4
1 0.0920316
2 0.104632
3 0.0931865
4 0.28985
9550 4
1 0.0895538
2 0.103081
3 0.0932157
4 0.285851
9560 4
1 0.0882606
2 0.103146
3 0.0935477
4 0.284955
9570 4
1 0.0877703
2 0.104937
3 0.0929483
4 0.285656
9580 4
1 0.0876895
2 0.107718
3 0.0920079
4 0.287416
9590 4
1 0.0875914
2 0.110787
3 0.0911211
4 0.2895
9600 4
1 0.0879024
2 0.112158
3 0.0895013
4 0.289562
9610 4
1 0.0882323
2 0.111238
3 0.0891233
4 0.288593
9620 4
1 0.087321
2 0.109848
3 0.0904301
4 0.287599
9630 4
1 0.085192
2 0.108663
3 0.0918728
4 0.285728
9640 4
1 0.0833485
2 0.107189
3 0.0918052
4 0.282343
9650 4
1 0.0827423
2 0.106736
3 0.0898572
4 0.279336
9660 4
1 0.0841479
2 0.106861
3 0.088329
4 0.279338
9670 4
1 0.0855899
2 0.106904
3 0.0885006
4 0.280995
9680 4
1 0.0847261
2 0.106818
3 0.0887283
4 0.280273
9690 4
1 0.0829915
2 0.106201
3 0.0894074
4 0.2786
9700 4
1 0.082496
2 0.10424
3 0.0903485
4 0.277084
9710 4
1 0.0833075
2 0.101997
3 0.0920611
4 0.277366
9720 4
1 0.0845419
2 0.0999987
3 0.0940193
4 0.27856
9730 4
1 0.0853314
2 0.0998425
3 0.093704
4 0.278878
9740 4
1 0.0852907
2 0.101818
3 0.0919734
4 0.279083
9750 4
1 0.0837999
2 0.104495
3 0.0909905
4 0.279285
9760 4
1 0.0808519
2 0.106261
3 0.0908741
4 0.277987
9770 4
1 0.078792
2 0.107052
3 0.0915393
4 0.277383
9780 4
1 0.077985
2 0.107928
3 0.0917519
4 0.277665
9790 4
1 0.0780981
2 0.110437
3 0.091124
4 0.279659
9800 4
1 0.0787853
2 0.112882
3 0.0903641
4 0.282032
9810 4
1 0.0797719
2 0.1129
3 0.0896816
4 0.282353
9820 4
1 0.0808957
2 0.111319
3 0.0905494
4 0.282764
9830 4
1 0.0810433
2 0.109319
3 0.0916143
4 0.281977
9840 4
1 0.0804809
2 0.108168
3 0.0912938
4 0.279943
9850 4
1 0.0800181
2 0.108524
3 0.0901699
4 0.278712
9860 4
1 0.0797141
2 0.110316
3 0.0885093
4 0.278539
9870 4
1 0.080177
2 0.113293
3 0.0882489
4 0.281719
9880 4
1 0.0826649
2 0.11691
3 0.0894655
4 0.28904
9890 4
1 0.0873518
2 0.120066
3 0.0907204
4 0.298138
9900 4
1 0.0924268
2 0.120793
3 0.0914451
4 0.304665
9910 4
1 0.0959109
2 0.120895
3 0.0921256
4 0.308931
9920 4
1 0.0980602
2 0.122957
3 0.0933637
4 0.314381
9930 4
1 0.0993881
2 0.125038
3 0.0948888
4 0.319315
9940 4
1 0.10073
2 0.124542
3 0.0965634
4 0.321835
9950 4
1 0.103217
2 0.123231
3 0.0975971
4 0.324044
9960 4
1 0.104992
2 0.121856
3 0.0972804
4 0.324128
9970 4
1 0.105629
2 0.119707
3 0.0955609
4 0.320896
9980 4
1 0.106599
2 0.117702
3 0.093961
4 0.318261
9990 4
1 0.107256
2 0.118063
3 0.0935921
4 0.318911
10000 4
1 0.106236
2 0.119855
3 0.094633
4 0.320724
10010 4
1 0.104813
2 0.119995
3 0.0971524
4 0.32196
10020 4
1 0.104962
2 0.118577
3 0.0988239
4 0.322363
10030 4
1 0.10595
2 0.117189
3 0.0988344
4 0.321973
10040 4
1 0.106995
2 0.116164
3 0.0979148
4 0.321074
10050 4
1 0.107089
2 0.114752
3 0.0959124
4 0.317754
10060 4
1 0.105672
2 0.114216
3 0.0933477
4 0.313235
10070 4
1 0.104019
2 0.114542
3 0.0916443
4 0.310205
10080 4
1 0.103505
2 0.114999
3 0.0909143
4 0.309418
10090 4
1 0.102962
2 0.114339
3 0.0895622
4 0.306864
10100 4
1 0.101507
2 0.11335
3 0.0890686
4 0.303926
10110 4
1 0.100173
2 0.112813
3 0.0901016
4 0.303088
10120 4
1 0.100449
2 0.112899
3 0.0916963
4 0.305045
10130 4
1 0.101623
2 0.113502
3 0.0931036
4 0.308229
10140 4
1 0.10312
2 0.115374
3 0.0938305
4 0.312324
10150 4
1 0.104174
2 0.116859
3 0.0938961
4 0.314929
10160 4
1 0.104475
2 0.117464
3 0.0928928
4 0.314832
10170 4
1 0.104641
2 0.118387
3 0.0925492
4 0.315577
10180 4
1 0.104915
2 0.120624
3 0.0940909
4 0.31963
10190 4
1 0.104625
2 0.123353
3 0.097356
4 0.325334
10200 4
1 0.103494
2 0.124837
3 0.100301
4 0.328632
10210 4
1 0.102614
2 0.125912
3 0.100734
4 0.32926
10220 4
1 0.101983
2 0.127667
3 0.0986665
4 0.328316
10230 4
1 0.102618
2 0.128564
3 0.096213
4 0.327395
10240 4
1 0.104185
2 0.127015
3 0.0944288
4 0.325629
10250 4
1 0.105016
2 0.123025
3 0.0944851
4 0.322526
10260 4
1 0.105328
2 0.118189
3 0.0940668
4 0.317585
10270 4
1 0.105393
2 0.114854
3 0.0921859
4 0.312434
10280 4
1 0.104428
2 0.114704
3 0.0911115
4 0.310244
10290 4
1 0.102038
2 0.115375
3 0.0913305
4 0.308744
10300 4
1 0.0980163
2 0.115432
3 0.0919783
4 0.305426
10310 4
1 0.0934024
2 0.115118
3 0.0926253
4 0.301146
10320 4
1 0.0898333
2 0.11446
3 0.0936035
4 0.297896
10330 4
1 0.0882506
2 0.114027
3 0.0952737
4 0.297552
10340 4
1 0.0875448
2 0.114195
3 0.0964642
4 0.298205
10350 4
1 0.0870941
2 0.114523
3 0.0976302
4 0.299247
10360 4
1 0.0868944
2 0.113315
3 0.0995778
4 0.299787
10370 4
1 0.0872791
2 0.110733
3 0.101326
4 0.299339
10380 4
1 0.0878949
2 0.107982
3 0.100539
4 0.296416
10390 4
1 0.0883673
2 0.105888
3 0.0983898
4 0.292646
10400 4
1 0.0880504
2 0.105601
3 0.0976216
4 0.291273
10410 4
1 0.0869988
2 0.106094
3 0.0982729
4 0.291366
10420 4
1 0.0873283
2 0.106768
3 0.0992278
4 0.293324
10430 4
1 0.0893599
2 0.107283
3 0.100227
4 0.29687
10440 4
1 0.0923283
2 0.10671
3 0.100511
4 0.299549
10450 4
1 0.0949291
2 0.105475
3 0.0995207
4 0.299925
10460 4
1 0.0955241
2 0.104727
3 0.0968287
4 0.29708
10470 4
1 0.0950699
2 0.103815
3 0.0924478
4 0.291333
10480 4
1 0.0944622
2 0.102798
3 0.0892509
4 0.286511
10490 4
1 0.0937572
2 0.102088
3 0.0878014
4 0.283647
10500 4
1 0.0927851
2 0.101822
3 0.0875062
4 0.282113
10510 4
1 0.0908474
2 0.101184
3 0.088797
4 0.280828
10520 4
1 0.0893259
2 0.0977098
3 0.0899538
4 0.276989
10530 4
1 0.0884091
2 0.0946988
3 0.0908253
4 0.273933
10540 4
1 0.0877243
2 0.0941507
3 0.0910109
4 0.272886
10550 4
1 0.087705
2 0.0958395
3 0.09098
4 0.274524
10560 4
1 0.0884634
2 0.09814
3 0.0912882
4 0.277892
10570 4
1 0.0891303
2 0.100167
3 0.0908523
4 0.28015
10580 4
1 0.0896947
2 0.103045
3 0.0907825
4 0.283523
10590 4
1 0.0903075
2 0.105117
3 0.0908932
4 0.286317
10600 4
1 0.0897229
2 0.10617
3 0.0907203
4 0.286613
10610 4
1 0.0889052
2 0.106167
3 0.0898235
4 0.284895
10620 4
1 0.0886595
2 0.10488
3 0.0894203
4 0.28296
10630 4
1 0.0877677
2 0.10372
3 0.0892931
4 0.28078
10640 4
1 0.0855544
2 0.102607
3 0.0902093
4 0.27837
10650 4
1 0.0836014
2 0.10133
3 0.0927196
4 0.277651
10660 4
1 0.0833646
2 0.10119
3 0.0948615
4 0.279416
10670 4
1 0.0845166
2 0.101114
3 0.0955437
4 0.281174
10680 4
1 0.0861345
2 0.10007
3 0.0959777
4 0.282182
10690 4
1 0.0866681
2 0.0993565
3 0.0958441
4 0.281869
10700 4
1 0.085079
2 0.0994989
3 0.095163
4 0.279741
10710 4
1 0.0821861
2 0.101102
3 0.0957145
4 0.279003
10720 4
1 0.0800554
2 0.103105
3 0.0971388
4 0.280299
10730 4
1 0.0797833
2 0.104255
3 0.0980696
4 0.282108
10740 4
1 0.0802791
2 0.106567
3 0.098297
4 0.285143
10750 4
1 0.0806724
2 0.108535
3 0.0977601
4 0.286967
10760 4
1 0.0817613
2 0.107481
3 0.0986586
4 0.287901
10770 4
1 0.0838449
2 0.10543
3 0.100645
4 0.28992
10780 4
1 0.0869039
2 0.104437
3 0.10149
4 0.292831
10790 4
1 0.0896454
2 0.104807
3 0.101273
4 0.295726
10800 4
1 0.0906284
2 0.106183
3 0.101095
4 0.297907
10810 4
1 0.0907755
2 0.107102
3 0.102323
4 0.300201
10820 4
1 0.0909843
2 0.106451
3 0.104819
4 0.302254
10830 4
1 0.0909282
2 0.105112
3 0.106688
4 0.302728
10840 4
1 0.0912036
2 0.104015
3 0.1065
4 0.301719
10850 4
1 0.091383
2 0.103884
3 0.105249
4 0.300516
10860 4
1 0.0910702
2 0.104565
3 0.104472
4 0.300108
10870 4
1 0.0926195
2 0.106145
3 0.104935
4 0.3037
10880 4
1 0.094796
2 0.108427
3 0.105681
4 0.308904
10890 4
1 0.0944254
2 0.110696
3 0.106498
4 0.31162
10900 4
1 0.0911245
2 0.112203
3 0.107564
4 0.310892
10910 4
1 0.0878838
2 0.111815
3 0.10797
4 0.307669
10920 4
1 0.0866899
2 0.110306
3 0.107127
4 0.304123
10930 4
1 0.0875004
2 0.109479
3 0.106288
4 0.303268
10940 4
1 0.0896784
2 0.110648
3 0.105488
4 0.305815
10950 4
1 0.0921967
2 0.112731
3 0.104582
4 0.30951
10960 4
1 0.0946784
2 0.113321
3 0.105136
4 0.313135
10970 4
1 0.0971429
2 0.112511
3 0.108427
4 0.318082
10980 4
1 0.0981516
2 0.112134
3 0.112064
4 0.32235
10990 4
1 0.0977652
2 0.111996
3 0.114761
4 0.324522
11000 4
1 0.096509
2 0.112241
3 0.115564
4 0.324314
11010 4
1 0.0944274
2 0.112932
3 0.11454
4 0.321899
11020 4
1 0.0919004
2 0.111996
3 0.112959
4 0.316856
11030 4
1 0.0896512
2 0.109437
3 0.110415
4 0.309504
11040 4
1 0.0877358
2 0.107559
3 0.107562
4 0.302856
11050 4
1 0.0864231
2 0.106932
3 0.106478
4 0.299834
11060 4
1 0.0858202
2 0.10622
3 0.106822
4 0.298863
11070 4
1 0.0861007
2 0.104697
3 0.107325
4 0.298123
11080 4
1 0.088224
2 0.101837
3 0.107071
4 0.297132
11090 4
1 0.0927617
2 0.0988422
3 0.107455
4 0.299059
11100 4
1 0.0960682
2 0.0974563
3 0.108877
4 0.302402
11110 4
1 0.095956
2 0.0994651
3 0.108989
4 0.30441
11120 4
1 0.0948666
2 0.103039
3 0.107613
4 0.305519
11130 4
1 0.0939559
2 0.104755
3 0.106617
4 0.305328
11140 4
1 0.0933099
2 0.104753
3 0.105547
4 0.303609
11150 4
1 0.0928825
2 0.105553
3 0.104981
4 0.303417
11160 4
1 0.0918747
2 0.107569
3 0.106435
4 0.305879
11170 4
1 0.0904349
2 0.111323
3 0.108551
4 0.310308
11180 4
1 0.0901066
2 0.115472
3 0.109242
4 0.31482
11190 4
1 0.0902516
2 0.117333
3 0.108648
4 0.316233
11200 4
1 0.0905571
2 0.116388
3 0.108276
4 0.315221
11210 4
1 0.0892603
2 0.112754
3 0.109365
4 0.311379
11220 4
1 0.0871193
2 0.108548
3 0.110503
4 0.30617
11230 4
1 0.0859666
2 0.105646
3 0.11068
4 0.302293
11240 4
1 0.0864132
2 0.103498
3 0.10895
4 0.298861
11250 4
1 0.087557
2 0.101835
3 0.105504
4 0.294896
11260 4
1 0.0888403
2 0.100596
3 0.101282
4 0.290718
11270 4
1 0.0899333
2 0.098637
3 0.098112
4 0.286682
11280 4
1 0.091238
2 0.0972228
3 0.0971622
4 0.285623
11290 4
1 0.0919825
2 0.0974564
3 0.0965702
4 0.286009
11300 4
1 0.0912634
2 0.0989949
3 0.0944223
4 0.284681
11310 4
1 0.0885007
2 0.100447
3 0.0915607
4 0.280508
11320 4
1 0.0845798
2 0.100934
3 0.0894327
4 0.274946
11330 4
1 0.0811486
2 0.100016
3 0.0877254
4 0.26889
11340 4
1 0.0792923
2 0.0982632
3 0.0873132
4 0.264869
11350 4
1 0.0779493
2 0.0966075
3 0.086618
4 0.261175
11360 4
1 0.0763125
2 0.0962885
3 0.0869707
4 0.259572
11370 4
1 0.0760816
2 0.0959404
3 0.0889345
4 0.260956
11380 4
1 0.0781718
2 0.0938803
3 0.0906409
4 0.262693
11390 4
1 0.0811177
2 0.0910743
3 0.0918657
4 0.264058
11400 4
1 0.0831162
2 0.089483
3 0.0914458
4 0.264045
11410 4
1 0.0840471
2 0.0892752
3 0.0887602
4 0.262082
11420 4
1 0.0843703
2 0.0899826
3 0.0870599
4 0.261413
11430 4
1 0.0845426
2 0.09025
3 0.0881636
4 0.262956
11440 4
1 0.0847004
2 0.0896147
3 0.0915313
4 0.265847
11450 4
1 0.0844761
2 0.0895826
3 0.0940957
4 0.268154
11460 4
1 0.0840112
2 0.0914387
3 0.0939175
4 0.269367
11470 4
1 0.0820979
2 0.0929984
3 0.0924026
4 0.267499
11480 4
1 0.0798686
2 0.0929233
3 0.09162
4 0.264412
11490 4
1 0.0791771
2 0.0912667
3 0.0916473
4 0.262091
11500 4
1 0.0801126
2 0.0894498
3 0.0918953
4 0.261458
11510 4
1 0.0816056
2 0.0883484
3 0.092322
4 0.262276
11520 4
1 0.0831702
2 0.088803
3 0.0933436
4 0.265317
11530 4
1 0.0843435
2 0.0894846
3 0.094464
4 0.268292
11540 4
1 0.0849185
2 0.0892884
3 0.0956113
4 0.269818
11550 4
1 0.0854906
2 0.0881657
3 0.0960807
4 0.269737
11560 4
1 0.0847227
2 0.0880383
3 0.0952626
4 0.268024
11570 4
1 0.0826089
2 0.0893059
3 0.0938069
4 0.265722
11580 4
1 0.0809508
2 0.091214
3 0.0925233
4 0.264688
11590 4
1 0.0804164
2 0.0936101
3 0.092506
4 0.266533
11600 4
1 0.0806719
2 0.0948898
3 0.0939466
4 0.269508
11610 4
1 0.0810583
2 0.0960621
3 0.0950723
4 0.272193
11620 4
1 0.0812261
2 0.0976434
3 0.0945851
4 0.273455
11630 4
1 0.0811343
2 0.0979464
3 0.0934855
4 0.272566
11640 4
1 0.0805929
2 0.0958646
3 0.0924419
4 0.268899
11650 4
1 0.0809321
2 0.0922097
3 0.091203
4 0.264345
11660 4
1 0.082448
2 0.0900662
3 0.0895957
4 0.26211
11670 4
1 0.0849843
2 0.0891339
3 0.0884282
4 0.262546
11680 4
1 0.0875072
2 0.0891377
3 0.0879408
4 0.264586
11690 4
1 0.0900093
2 0.0884354
3 0.0880247
4 0.266469
11700 4
1 0.0909322
2 0.0884751
3 0.0883844
4 0.267792
11710 4
1 0.090261
2 0.0889338
3 0.0881551
4 0.26735
11720 4
1 0.0882866
2 0.0897639
3 0.0875268
4 0.265577
11730 4
1 0.0866741
2 0.0909358
3 0.0868242
4 0.264434
11740 4
1 0.0858974
2 0.0920115
3 0.086641
4 0.26455
11750 4
1 0.0850298
2 0.0926035
3 0.0872722
4 0.264905
11760 4
1 0.082945
2 0.0921804
3 0.0888063
4 0.263932
11770 4
1 0.0807789
2 0.0913743
3 0.091449
4 0.263602
11780 4
1 0.0806812
2 0.0901995
3 0.0931234
4 0.264004
11790 4
1 0.0825551
2 0.0892597
3 0.0921725
4 0.263987
11800 4
1 0.0852782
2 0.0896562
3 0.0893864
4 0.264321
11810 4
1 0.0881
2 0.0907875
3 0.0876849
4 0.266572
11820 4
1 0.090053
2 0.0914606
3 0.0891065
4 0.27062
11830 4
1 0.0912815
2 0.0914585
3 0.0921346
4 0.274875
11840 4
1 0.0920981
2 0.0909313
3 0.0941738
4 0.277203
11850 4
1 0.0924154
2 0.0907363
3 0.0951231
4 0.278275
11860 4
1 0.093292
2 0.0902179
3 0.0960578
4 0.279568
11870 4
1 0.0944727
2 0.0894304
3 0.0971441
4 0.281047
11880 4
1 0.0952195
2 0.0889722
3 0.0978548
4 0.282046
11890 4
1 0.0952882
2 0.0885948
3 0.0977317
4 0.281615
11900 4
1 0.0944842
2 0.0882964
3 0.0973718
4 0.280152
11910 4
1 0.0922681
2 0.0874718
3 0.0970405
4 0.27678
11920 4
1 0.0901977
2 0.0871861
3 0.0970628
4 0.274447
11930 4
1 0.0896229
2 0.0868491
3 0.097609
4 0.274081
11940 4
1 0.0900122
2 0.0868012
3 0.0981449
4 0.274958
11950 4
1 0.0907413
2 0.0874023
3 0.09709
4 0.275234
11960 4
1 0.0915987
2 0.0888292
3 0.0942355
4 0.274663
11970 4
1 0.0924369
2 0.0900258
3 0.0923032
4 0.274766
11980 4
1 0.0930072
2 0.0909539
3 0.0914344
4 0.275395
11990 4
1 0.0928696
2 0.0902478
3 0.0915034
4 0.274621
12000 4
1 0.0922285
2 0.0892669
3 0.0914611
4 0.272957
12010 4
1 0.091126
2 0.0881517
3 0.0913926
4 0.27067
12020 4
1 0.0900405
2 0.0868885
3 0.090693
4 0.267622
12030 4
1 0.0901584
2 0.0875695
3 0.0889907
4 0.266719
12040 4
1 0.0912023
2 0.0878489
3 0.0871343
4 0.266186
12050 4
1 0.0922791
2 0.0879979
3 0.085498
4 0.265775
12060 4
1 0.0930104
2 0.0860256
3 0.084734
4 0.26377
12070 4
1 0.0930535
2 0.083255
3 0.0846217
4 0.26093
12080 4
1 0.0921186
2 0.0817485
3 0.0847195
4 0.258587
12090 4
1 0.0911148
2 0.0814641
3 0.0843532
4 0.256932
12100 4
1 0.0899988
2 0.0815332
3 0.0843946
4 0.255927
12110 4
1 0.0888968
2 0.0816179
3 0.0851736
4 0.255688
12120 4
1 0.0882893
2 0.0828874
3 0.0863893
4 0.257566
12130 4
1 0.0891473
2 0.0841417
3 0.0875742
4 0.260863
12140 4
1 0.0902741
2 0.0844065
3 0.0881731
4 0.262854
12150 4
1 0.0904061
2 0.0843903
3 0.088774
4 0.26357
12160 4
1 0.0906948
2 0.0853708
3 0.0898516
4 0.265917
12170 4
1 0.0910513
2 0.0869573
3 0.0922645
4 0.270273
12180 4
1 0.09188
2 0.087443
3 0.094665
4 0.273988
12190 4
1 0.0926232
2 0.0868378
3 0.0961233
4 0.275584
12200 4
1 0.0927964
2 0.0873577
3 0.0962438
4 0.276398
12210 4
1 0.0928701
2 0.0906416
3 0.0948563
4 0.278368
12220 4
1 0.0931527
2 0.0936032
3 0.0933618
4 0.280118
12230 4
1 0.0948455
2 0.0952482
3 0.0926365
4 0.28273
12240 4
1 0.0953765
2 0.0957402
3 0.0925639
4 0.283681
12250 4
1 0.0926873
2 0.0938699
3 0.0936644
4 0.280222
12260 4
1 0.0908344
2 0.0908558
3 0.0956954
4 0.277386
12270 4
1 0.091502
2 0.0873962
3 0.0974411
4 0.276339
12280 4
1 0.0923745
2 0.0846249
3 0.0982472
4 0.275247
12290 4
1 0.0920528
2 0.0856065
3 0.0971187
4 0.274778
12300 4
1 0.091633
2 0.0895744
3 0.0952781
4 0.276485
12310 4
1 0.0927387
2 0.0939528
3 0.0945863
4 0.281278
12320 4
1 0.0947437
2 0.0966518
3 0.0944896
4 0.285885
12330 4
1 0.0968672
2 0.0962156
3 0.0957763
4 0.288859
12340 4
1 0.0977575
2 0.0939445
3 0.0975804
4 0.289282
12350 4
1 0.0963862
2 0.0932962
3 0.0984507
4 0.288133
12360 4
1 0.094091
2 0.0941101
3 0.0978023
4 0.286003
12370 4
1 0.0931055
2 0.0949629
3 0.0961549
4 0.284223
12380 4
1 0.0935298
2 0.0946381
3 0.0959782
4 0.284146
12390 4
1 0.0954649
2 0.0935588
3 0.0981662
4 0.28719
12400 4
1 0.0989496
2 0.0925236
3 0.101077
4 0.29255
12410 4
1 0.102357
2 0.0923545
3 0.104139
4 0.29885
12420 4
1 0.104082
2 0.0927779
3 0.106478
4 0.303337
12430 4
1 0.104628
2 0.0934272
3 0.108079
4 0.306134
12440 4
1 0.105346
2 0.094593
3 0.109456
4 0.309395
12450 4
1 0.105935
2 0.0954353
3 0.109364
4 0.310734
12460 4
1 0.105063
2 0.0949534
3 0.108134
4 0.308151
12470 4
1 0.102568
2 0.0940317
3 0.106033
4 0.302633
12480 4
1 0.0996568
2 0.0940394
3 0.104316
4 0.298012
12490 4
1 0.0982249
2 0.0950767
3 0.103197
4 0.296498
12500 4
1 0.0985966
2 0.0966927
3 0.101787
4 0.297076
12510 4
1 0.0995152
2 0.0987497
3 0.0985088
4 0.296774
12520 4
1 0.0985343
2 0.100917
3 0.0943811
4 0.293832
12530 4
1 0.0947867
2 0.101425
3 0.091701
4 0.287912
12540 4
1 0.0903736
2 0.099816
3 0.0901266
4 0.280316
12550 4
1 0.0873031
2 0.0969481
3 0.0890375
4 0.273289
12560 4
1 0.0854666
2 0.0935527
3 0.0881365
4 0.267156
12570 4
1 0.0841348
2 0.0905693
3 0.0874493
4 0.262153
12580 4
1 0.0829624
2 0.0894541
3 0.0875209
4 0.259937
12590 4
1 0.0830444
2 0.0909634
3 0.0884212
4 0.262429
12600 4
1 0.0838001
2 0.0931987
3 0.0891474
4 0.266146
12610 4
1 0.0846013
2 0.0945837
3 0.0899965
4 0.269181
12620 4
1 0.085767
2 0.0937404
3 0.0909427
4 0.27045
12630 4
1 0.0873485
2 0.0919339
3 0.0918319
4 0.271114
12640 4
1 0.0887343
2 0.0912284
3 0.0930503
4 0.273013
12650 4
1 0.0897717
2 0.0919941
3 0.0940703
4 0.275836
12660 4
1 0.0896849
2 0.0938786
3 0.0936052
4 0.277169
12670 4
1 0.08849
2 0.0961561
3 0.0916436
4 0.27629
12680 4
1 0.0871674
2 0.0965584
3 0.090235
4 0.273961
12690 4
1 0.0870927
2 0.0943277
3 0.0896918
4 0.271112
12700 4
1 0.0878119
2 0.0914898
3 0.0888273
4 0.268129
12710 4
1 0.087839
2 0.0898322
3 0.08746
4 0.265131
12720 4
1 0.0871176
2 0.0892877
3 0.0857734
4 0.262179
12730 4
1 0.0859133
2 0.0895042
3 0.0844538
4 0.259871
12740 4
1 0.0839618
2 0.0895736
3 0.0833364
4 0.256872
12750 4
1 0.0820192
2 0.088002
3 0.0811764
4 0.251198
12760 4
1 0.0819311
2 0.0848968
3 0.0784528
4 0.245281
12770 4
1 0.0829483
2 0.08103
3 0.0765122
4 0.24049
12780 4
1 0.0833643
2 0.0785842
3 0.0750319
4 0.23698
12790 4
1 0.0821042
2 0.0777763
3 0.0736173
4 0.233498
12800 4
1 0.0808604
2 0.0778312
3 0.0746176
4 0.233309
12810 4
1 0.0814579
2 0.0777354
3 0.0770788
4 0.236272
12820 4
1 0.0824306
2 0.0773789
3 0.0794819
4 0.239291
12830 4
1 0.0828513
2 0.0782476
3 0.0804216
4 0.241521
12840 4
1 0.0842325
2 0.0792407
3 0.0799706
4 0.243444
12850 4
1 0.086631
2 0.0802478
3 0.0794894
4 0.246368
12860 4
1 0.0877292
2 0.0817976
3 0.0795118
4 0.249039
12870 4
1 0.0869306
2 0.0838722
3 0.0799944
4 0.250797
12880 4
1 0.0852037
2 0.0850647
3 0.0806626
4 0.250931
12890 4
1 0.0827717
2 0.0847787
3 0.0811695
4 0.24872
12900 4
1 0.0806411
2 0.0839767
3 0.0815383
4 0.246156
12910 4
1 0.0793993
2 0.0835713
3 0.080646
4 0.243617
12920 4
1 0.0795707
2 0.0852464
3 0.0785014
4 0.243319
12930 4
1 0.0805344
2 0.0882824
3 0.0760076
4 0.244824
12940 4
1 0.0813283
2 0.0901653
3 0.0751983
4 0.246692
12950 4
1 0.0816009
2 0.0900759
3 0.0754629
4 0.24714
12960 4
1 0.0824747
2 0.0886973
3 0.0765796
4 0.247752
12970 4
1 0.0830451
2 0.0853684
3 0.0772236
4 0.245637
12980 4
1 0.0834953
2 0.0822184
3 0.0775234
4 0.243237
12990 4
1 0.0836638
2 0.0808862
3 0.0777242
4 0.242274
13000 4
1 0.0827501
2 0.0818756
3 0.0781629
4 0.242789
13010 4
1 0.0823427
2 0.085757
3 0.078761
4 0.246861
13020 4
1 0.0825125
2 0.0897695
3 0.078544
4 0.250826
13030 4
1 0.0811272
2 0.0917598
3 0.0782199
4 0.251107
13040 4
1 0.0783826
2 0.0919793
3 0.0783122
4 0.248674
13050 4
1 0.0757534
2 0.0912068
3 0.0781126
4 0.245073
13060 4
1 0.0741544
2 0.0915353
3 0.077678
4 0.243368
13070 4
1 0.0741269
2 0.0910399
3 0.0784736
4 0.24364
13080 4
1 0.0755224
2 0.0901244
3 0.0807693
4 0.246416
13090 4
1 0.0774376
2 0.0900244
3 0.0824055
4 0.249867
13100 4
1 0.078802
2 0.0898742
3 0.0824556
4 0.251132
13110 4
1 0.0784517
2 0.090563
3 0.0812083
4 0.250223
13120 4
1 0.0773043
2 0.0919074
3 0.0789965
4 0.248208
13130 4
1 0.0765734
2 0.0926711
3 0.0767759
4 0.24602
13140 4
1 0.0762788
2 0.0923475
3 0.0751611
4 0.243787
13150 4
1 0.0760543
2 0.0905997
3 0.0740903
4 0.240744
13160 4
1 0.0752206
2 0.0889599
3 0.0737035
4 0.237884
13170 4
1 0.0743431
2 0.0879555
3 0.0739437
4 0.236242
13180 4
1 0.0741505
2 0.0873493
3 0.0741232
4 0.235623
13190 4
1 0.0756157
2 0.0878046
3 0.072973
4 0.236393
13200 4
1 0.0775694
2 0.0877677
3 0.0706543
4 0.235992
13210 4
1 0.0782714
2 0.0866412
3 0.0692893
4 0.234202
13220 4
1 0.078883
2 0.085069
3 0.0702699
4 0.234222
13230 4
1 0.0797229
2 0.0843355
3 0.073278
4 0.237336
13240 4
1 0.0817684
2 0.0849347
3 0.0747944
4 0.241497
13250 4
1 0.0850804
2 0.0864782
3 0.0745848
4 0.246143
13260 4
1 0.0870864
2 0.0889354
3 0.075012
4 0.251034
13270 4
1 0.0861852
2 0.0900404
3 0.0765998
4 0.252825
13280 4
1 0.0837419
2 0.0901394
3 0.079982
4 0.253863
13290 4
1 0.0818299
2 0.0900429
3 0.0836158
4 0.255489
13300 4
1 0.0811786
2 0.088935
3 0.0862854
4 0.256399
13310 4
1 0.0803642
2 0.0877078
3 0.0883361
4 0.256408
13320 4
1 0.0782966
2 0.0878454
3 0.0898902
4 0.256032
13330 4
1 0.0760232
2 0.088531
3 0.0904175
4 0.254972
13340 4
1 0.0759702
2 0.0912347
3 0.0896598
4 0.256865
13350 4
1 0.0770341
2 0.0936905
3 0.0891545
4 0.259879
13360 4
1 0.0768374
2 0.0941674
3 0.0900937
4 0.261098
13370 4
1 0.0761197
2 0.0930174
3 0.0906425
4 0.25978
13380 4
1 0.0760321
2 0.0919648
3 0.0896942
4 0.257691
13390 4
1 0.0763518
2 0.092343
3 0.0878517
4 0.256546
13400 4
1 0.0761515
2 0.0921442
3 0.0865878
4 0.254883
13410 4
1 0.0753034
2 0.0911118
3 0.0863446
4 0.25276
13420 4
1 0.0751162
2 0.0884686
3 0.0854711
4 0.249056
13430 4
1 0.0750147
2 0.0850618
3 0.0841864
4 0.244263
13440 4
1 0.0760039
2 0.0821943
3 0.0824168
4 0.240615
13450 4
1 0.0774382
2 0.0799372
3 0.0801426
4 0.237518
13460 4
1 0.0776641
2 0.0786287
3 0.078748
4 0.235041
13470 4
1 0.0766546
2 0.078713
3 0.0783174
4 0.233685
13480 4
1 0.075422
2 0.0798813
3 0.0787505
4 0.234054
13490 4
1 0.0750749
2 0.0810222
3 0.0796533
4 0.23575
13500 4
1 0.0755167
2 0.0823109
3 0.0808093
4 0.238637
13510 4
1 0.0765093
2 0.0828115
3 0.0821266
4 0.241447
13520 4
1 0.0780379
2 0.0821393
3 0.0826901
4 0.242867
13530 4
1 0.080855
2 0.0822051
3 0.0819641
4 0.245024
13540 4
1 0.083495
2 0.084018
3 0.081148
4 0.248661
13550 4
1 0.0839724
2 0.0872656
3 0.0812899
4 0.252528
13560 4
1 0.0820166
2 0.0889324
3 0.0823032
4 0.253252
13570 4
1 0.079044
2 0.0902063
3 0.0835545
4 0.252805
13580 4
1 0.0759315
2 0.0902355
3 0.0834063
4 0.249573
13590 4
1 0.0738429
2 0.0897507
3 0.0831163
4 0.24671
13600 4
1 0.0725983
2 0.0893586
3 0.0822414
4 0.244198
13610 4
1 0.0717391
2 0.0891884
3 0.0815581
4 0.242486
13620 4
1 0.0726798
2 0.0899928
3 0.0811614
4 0.243834
13630 4
1 0.0751611
2 0.0910689
3 0.0806685
4 0.246898
13640 4
1 0.0767469
2 0.0921208
3 0.0807699
4 0.249638
13650 4
1 0.077699
2 0.0930472
3 0.0807457
4 0.251492
13660 4
1 0.0779055
2 0.0933071
3 0.0799582
4 0.251171
13670 4
1 0.0773363
2 0.093628
3 0.0794663
4 0.250431
13680 4
1 0.0773128
2 0.0943711
3 0.0804225
4 0.252106
13690 4
1 0.0776385
2 0.0942486
3 0.082607
4 0.254494
13700 4
1 0.0784396
2 0.0933079
3 0.0841677
4 0.255915
13710 4
1 0.0794283
2 0.0930858
3 0.0836239
4 0.256138
13720 4
1 0.0804393
2 0.0943777
3 0.0817641
4 0.256581
13730 4
1 0.0815423
2 0.0961872
3 0.0807453
4 0.258475
13740 4
1 0.0817507
2 0.0966618
3 0.0807896
4 0.259202
13750 4
1 0.0805412
2 0.0949697
3 0.0819739
4 0.257485
13760 4
1 0.0800368
2 0.0935215
3 0.0841002
4 0.257659
13770 4
1 0.0812268
2 0.0925351
3 0.08562
4 0.259382
13780 4
1 0.0831415
2 0.0916202
3 0.0859154
4 0.260677
13790 4
1 0.0835859
2 0.0906991
3 0.0850951
4 0.25938
13800 4
1 0.0833105
2 0.0900296
3 0.0842775
4 0.257618
13810 4
1 0.0823976
2 0.0890663
3 0.084228
4 0.255692
13820 4
1 0.0809592
2 0.0880176
3 0.0840222
4 0.252999
13830 4
1 0.0804159
2 0.087088
3 0.08273
4 0.250234
13840 4
1 0.0813713
2 0.0874012
3 0.0814302
4 0.250203
13850 4
1 0.0829006
2 0.0893443
3 0.0816977
4 0.253943
13860 4
1 0.0843608
2 0.0920967
3 0.0831645
4 0.259622
13870 4
1 0.0850893
2 0.0941714
3 0.0855877
4 0.264848
13880 4
1 0.0850823
2 0.093899
3 0.0871093
4 0.266091
13890 4
1 0.0846611
2 0.0933416
3 0.0871657
4 0.265168
13900 4
1 0.084227
2 0.0931981
3 0.0865516
4 0.263977
13910 4
1 0.0829303
2 0.0916249
3 0.0860654
4 0.260621
13920 4
1 0.0809448
2 0.0883899
3 0.0855521
4 0.254887
13930 4
1 0.0801818
2 0.0855039
3 0.0848043
4 0.25049
13940 4
1 0.0806782
2 0.0847492
3 0.0844294
4 0.249857
13950 4
1 0.0816213
2 0.0855239
3 0.0840033
4 0.251149
13960 4
1 0.0829944
2 0.086889
3 0.0836851
4 0.253569
13970 4
1 0.0851693
2 0.0884897
3 0.0845207
4 0.25818
13980 4
1 0.0876333
2 0.0902386
3 0.0867872
4 0.264659
13990 4
1 0.0893277
2 0.0907814
3 0.0891824
4 0.269291
14000 4
1 0.0900982
2 0.0896071
3 0.090752
4 0.270457
14010 4
1 0.0904802
2 0.088345
3 0.0912514
4 0.270077
14020 4
1 0.0899249
2 0.0884245
3 0.0908523
4 0.269202
14030 4
1 0.0887528
2 0.0896023
3 0.0897288
4 0.268084
14040 4
1 0.0878304
2 0.0913565
3 0.0878126
4 0.266999
14050 4
1 0.0870308
2 0.0925077
3 0.0855781
4 0.265117
14060 4
1 0.0848322
2 0.0928199
3 0.0831032
4 0.260755
14070 4
1 0.0817017
2 0.0929268
3 0.0803729
4 0.255001
14080 4
1 0.0784959
2 0.0922806
3 0.0773361
4 0.248113
14090 4
1 0.076298
2 0.0908648
3 0.0754579
4 0.242621
14100 4
1 0.0753305
2 0.0898375
3 0.0747504
4 0.239918
14110 4
1 0.0753497
2 0.0893578
3 0.0755158
4 0.240223
14120 4
1 0.0773941
2 0.0889387
3 0.07706
4 0.243393
14130 4
1 0.0806142
2 0.0889368
3 0.077243
4 0.246794
14140 4
1 0.0827854
2 0.0905903
3 0.0767466
4 0.250122
14150 4
1 0.0828221
2 0.0930375
3 0.0767032
4 0.252563
14160 4
1 0.0820839
2 0.0939111
3 0.0768448
4 0.25284
14170 4
1 0.0825698
2 0.0929204
3 0.0765698
4 0.25206
14180 4
1 0.0831962
2 0.0909405
3 0.0757179
4 0.249855
14190 4
1 0.0820322
2 0.0884903
3 0.0756748
4 0.246197
14200 4
1 0.0793607
2 0.0859685
3 0.0774293
4 0.242758
14210 4
1 0.076855
2 0.0849227
3 0.0788711
4 0.240649
